[2024-12-01T08:32:30.855+0000] {processor.py:161} INFO - Started process (PID=79) to work on /home/airflow/.local/lib/python3.12/site-packages/airflow/example_dags/example_branch_python_dop_operator_3.py
[2024-12-01T08:32:30.890+0000] {processor.py:830} INFO - Processing file /home/airflow/.local/lib/python3.12/site-packages/airflow/example_dags/example_branch_python_dop_operator_3.py for tasks to queue
[2024-12-01T08:32:30.894+0000] {logging_mixin.py:188} INFO - [2024-12-01T08:32:30.894+0000] {dagbag.py:545} INFO - Filling up the DagBag from /home/airflow/.local/lib/python3.12/site-packages/airflow/example_dags/example_branch_python_dop_operator_3.py
[2024-12-01T08:32:30.941+0000] {processor.py:840} INFO - DAG(s) 'example_branch_dop_operator_v3' retrieved from /home/airflow/.local/lib/python3.12/site-packages/airflow/example_dags/example_branch_python_dop_operator_3.py
[2024-12-01T08:32:31.361+0000] {logging_mixin.py:188} INFO - [2024-12-01T08:32:31.361+0000] {dag.py:3096} INFO - Sync 1 DAGs
[2024-12-01T08:32:31.420+0000] {logging_mixin.py:188} INFO - [2024-12-01T08:32:31.420+0000] {dag.py:3954} INFO - Setting next_dagrun for example_branch_dop_operator_v3 to 2024-12-01 08:31:00+00:00, run_after=2024-12-01 08:32:00+00:00
[2024-12-01T08:32:31.520+0000] {processor.py:183} INFO - Processing /home/airflow/.local/lib/python3.12/site-packages/airflow/example_dags/example_branch_python_dop_operator_3.py took 0.876 seconds
[2024-12-01T08:34:18.227+0000] {processor.py:161} INFO - Started process (PID=154) to work on /home/airflow/.local/lib/python3.12/site-packages/airflow/example_dags/example_branch_python_dop_operator_3.py
[2024-12-01T08:34:18.243+0000] {processor.py:830} INFO - Processing file /home/airflow/.local/lib/python3.12/site-packages/airflow/example_dags/example_branch_python_dop_operator_3.py for tasks to queue
[2024-12-01T08:34:18.311+0000] {logging_mixin.py:188} INFO - [2024-12-01T08:34:18.310+0000] {dagbag.py:545} INFO - Filling up the DagBag from /home/airflow/.local/lib/python3.12/site-packages/airflow/example_dags/example_branch_python_dop_operator_3.py
[2024-12-01T08:34:18.666+0000] {processor.py:840} INFO - DAG(s) 'example_branch_dop_operator_v3' retrieved from /home/airflow/.local/lib/python3.12/site-packages/airflow/example_dags/example_branch_python_dop_operator_3.py
[2024-12-01T08:34:19.274+0000] {logging_mixin.py:188} INFO - [2024-12-01T08:34:19.272+0000] {dag.py:3096} INFO - Sync 1 DAGs
[2024-12-01T08:34:19.441+0000] {logging_mixin.py:188} INFO - [2024-12-01T08:34:19.441+0000] {dag.py:3954} INFO - Setting next_dagrun for example_branch_dop_operator_v3 to 2024-12-01 08:33:00+00:00, run_after=2024-12-01 08:34:00+00:00
[2024-12-01T08:34:19.618+0000] {processor.py:183} INFO - Processing /home/airflow/.local/lib/python3.12/site-packages/airflow/example_dags/example_branch_python_dop_operator_3.py took 1.638 seconds
[2024-12-01T08:35:16.455+0000] {processor.py:161} INFO - Started process (PID=213) to work on /home/airflow/.local/lib/python3.12/site-packages/airflow/example_dags/example_branch_python_dop_operator_3.py
[2024-12-01T08:35:16.467+0000] {processor.py:830} INFO - Processing file /home/airflow/.local/lib/python3.12/site-packages/airflow/example_dags/example_branch_python_dop_operator_3.py for tasks to queue
[2024-12-01T08:35:16.564+0000] {logging_mixin.py:188} INFO - [2024-12-01T08:35:16.520+0000] {dagbag.py:545} INFO - Filling up the DagBag from /home/airflow/.local/lib/python3.12/site-packages/airflow/example_dags/example_branch_python_dop_operator_3.py
[2024-12-01T08:35:16.733+0000] {processor.py:840} INFO - DAG(s) 'example_branch_dop_operator_v3' retrieved from /home/airflow/.local/lib/python3.12/site-packages/airflow/example_dags/example_branch_python_dop_operator_3.py
[2024-12-01T08:35:17.563+0000] {logging_mixin.py:188} INFO - [2024-12-01T08:35:17.552+0000] {dag.py:3096} INFO - Sync 1 DAGs
[2024-12-01T08:35:17.884+0000] {logging_mixin.py:188} INFO - [2024-12-01T08:35:17.883+0000] {dag.py:3954} INFO - Setting next_dagrun for example_branch_dop_operator_v3 to 2024-12-01 08:34:00+00:00, run_after=2024-12-01 08:35:00+00:00
[2024-12-01T08:35:18.064+0000] {processor.py:183} INFO - Processing /home/airflow/.local/lib/python3.12/site-packages/airflow/example_dags/example_branch_python_dop_operator_3.py took 1.702 seconds
