[2024-12-01T08:32:34.579+0000] {processor.py:161} INFO - Started process (PID=85) to work on /home/airflow/.local/lib/python3.12/site-packages/airflow/example_dags/example_sla_dag.py
[2024-12-01T08:32:34.616+0000] {processor.py:830} INFO - Processing file /home/airflow/.local/lib/python3.12/site-packages/airflow/example_dags/example_sla_dag.py for tasks to queue
[2024-12-01T08:32:34.619+0000] {logging_mixin.py:188} INFO - [2024-12-01T08:32:34.619+0000] {dagbag.py:545} INFO - Filling up the DagBag from /home/airflow/.local/lib/python3.12/site-packages/airflow/example_dags/example_sla_dag.py
[2024-12-01T08:32:34.661+0000] {processor.py:840} INFO - DAG(s) 'example_sla_dag' retrieved from /home/airflow/.local/lib/python3.12/site-packages/airflow/example_dags/example_sla_dag.py
[2024-12-01T08:32:34.951+0000] {logging_mixin.py:188} INFO - [2024-12-01T08:32:34.950+0000] {dag.py:3096} INFO - Sync 1 DAGs
[2024-12-01T08:32:34.978+0000] {logging_mixin.py:188} INFO - [2024-12-01T08:32:34.977+0000] {dag.py:3954} INFO - Setting next_dagrun for example_sla_dag to 2024-12-01 08:30:00+00:00, run_after=2024-12-01 08:32:00+00:00
[2024-12-01T08:32:35.023+0000] {processor.py:183} INFO - Processing /home/airflow/.local/lib/python3.12/site-packages/airflow/example_dags/example_sla_dag.py took 0.704 seconds
[2024-12-01T08:34:22.181+0000] {processor.py:161} INFO - Started process (PID=160) to work on /home/airflow/.local/lib/python3.12/site-packages/airflow/example_dags/example_sla_dag.py
[2024-12-01T08:34:22.184+0000] {processor.py:830} INFO - Processing file /home/airflow/.local/lib/python3.12/site-packages/airflow/example_dags/example_sla_dag.py for tasks to queue
[2024-12-01T08:34:22.189+0000] {logging_mixin.py:188} INFO - [2024-12-01T08:34:22.188+0000] {dagbag.py:545} INFO - Filling up the DagBag from /home/airflow/.local/lib/python3.12/site-packages/airflow/example_dags/example_sla_dag.py
[2024-12-01T08:34:22.239+0000] {processor.py:840} INFO - DAG(s) 'example_sla_dag' retrieved from /home/airflow/.local/lib/python3.12/site-packages/airflow/example_dags/example_sla_dag.py
[2024-12-01T08:34:22.524+0000] {logging_mixin.py:188} INFO - [2024-12-01T08:34:22.524+0000] {dag.py:3096} INFO - Sync 1 DAGs
[2024-12-01T08:34:22.758+0000] {logging_mixin.py:188} INFO - [2024-12-01T08:34:22.758+0000] {dag.py:3954} INFO - Setting next_dagrun for example_sla_dag to 2024-12-01 08:32:00+00:00, run_after=2024-12-01 08:34:00+00:00
[2024-12-01T08:34:22.912+0000] {processor.py:183} INFO - Processing /home/airflow/.local/lib/python3.12/site-packages/airflow/example_dags/example_sla_dag.py took 0.766 seconds
[2024-12-01T08:35:23.708+0000] {processor.py:161} INFO - Started process (PID=225) to work on /home/airflow/.local/lib/python3.12/site-packages/airflow/example_dags/example_sla_dag.py
[2024-12-01T08:35:23.713+0000] {processor.py:830} INFO - Processing file /home/airflow/.local/lib/python3.12/site-packages/airflow/example_dags/example_sla_dag.py for tasks to queue
[2024-12-01T08:35:23.717+0000] {logging_mixin.py:188} INFO - [2024-12-01T08:35:23.717+0000] {dagbag.py:545} INFO - Filling up the DagBag from /home/airflow/.local/lib/python3.12/site-packages/airflow/example_dags/example_sla_dag.py
[2024-12-01T08:35:23.747+0000] {processor.py:840} INFO - DAG(s) 'example_sla_dag' retrieved from /home/airflow/.local/lib/python3.12/site-packages/airflow/example_dags/example_sla_dag.py
[2024-12-01T08:35:23.852+0000] {logging_mixin.py:188} INFO - [2024-12-01T08:35:23.852+0000] {dag.py:3096} INFO - Sync 1 DAGs
[2024-12-01T08:35:23.991+0000] {logging_mixin.py:188} INFO - [2024-12-01T08:35:23.990+0000] {dag.py:3954} INFO - Setting next_dagrun for example_sla_dag to 2024-12-01 08:32:00+00:00, run_after=2024-12-01 08:34:00+00:00
[2024-12-01T08:35:24.072+0000] {processor.py:183} INFO - Processing /home/airflow/.local/lib/python3.12/site-packages/airflow/example_dags/example_sla_dag.py took 0.372 seconds
