[2024-12-01T08:32:31.742+0000] {processor.py:161} INFO - Started process (PID=80) to work on /home/airflow/.local/lib/python3.12/site-packages/airflow/example_dags/example_external_task_marker_dag.py
[2024-12-01T08:32:31.751+0000] {processor.py:830} INFO - Processing file /home/airflow/.local/lib/python3.12/site-packages/airflow/example_dags/example_external_task_marker_dag.py for tasks to queue
[2024-12-01T08:32:31.770+0000] {logging_mixin.py:188} INFO - [2024-12-01T08:32:31.765+0000] {dagbag.py:545} INFO - Filling up the DagBag from /home/airflow/.local/lib/python3.12/site-packages/airflow/example_dags/example_external_task_marker_dag.py
[2024-12-01T08:32:31.850+0000] {processor.py:840} INFO - DAG(s) 'example_external_task_marker_child', 'example_external_task_marker_parent' retrieved from /home/airflow/.local/lib/python3.12/site-packages/airflow/example_dags/example_external_task_marker_dag.py
[2024-12-01T08:32:32.175+0000] {logging_mixin.py:188} INFO - [2024-12-01T08:32:32.175+0000] {dag.py:3096} INFO - Sync 2 DAGs
[2024-12-01T08:32:32.207+0000] {logging_mixin.py:188} INFO - [2024-12-01T08:32:32.206+0000] {dag.py:3954} INFO - Setting next_dagrun for example_external_task_marker_child to None, run_after=None
[2024-12-01T08:32:32.215+0000] {logging_mixin.py:188} INFO - [2024-12-01T08:32:32.215+0000] {dag.py:3954} INFO - Setting next_dagrun for example_external_task_marker_parent to None, run_after=None
[2024-12-01T08:32:32.271+0000] {processor.py:183} INFO - Processing /home/airflow/.local/lib/python3.12/site-packages/airflow/example_dags/example_external_task_marker_dag.py took 0.605 seconds
[2024-12-01T08:34:19.785+0000] {processor.py:161} INFO - Started process (PID=155) to work on /home/airflow/.local/lib/python3.12/site-packages/airflow/example_dags/example_external_task_marker_dag.py
[2024-12-01T08:34:19.813+0000] {processor.py:830} INFO - Processing file /home/airflow/.local/lib/python3.12/site-packages/airflow/example_dags/example_external_task_marker_dag.py for tasks to queue
[2024-12-01T08:34:19.865+0000] {logging_mixin.py:188} INFO - [2024-12-01T08:34:19.864+0000] {dagbag.py:545} INFO - Filling up the DagBag from /home/airflow/.local/lib/python3.12/site-packages/airflow/example_dags/example_external_task_marker_dag.py
[2024-12-01T08:34:19.968+0000] {processor.py:840} INFO - DAG(s) 'example_external_task_marker_child', 'example_external_task_marker_parent' retrieved from /home/airflow/.local/lib/python3.12/site-packages/airflow/example_dags/example_external_task_marker_dag.py
[2024-12-01T08:34:20.230+0000] {logging_mixin.py:188} INFO - [2024-12-01T08:34:20.229+0000] {dag.py:3096} INFO - Sync 2 DAGs
[2024-12-01T08:34:20.352+0000] {logging_mixin.py:188} INFO - [2024-12-01T08:34:20.352+0000] {dag.py:3954} INFO - Setting next_dagrun for example_external_task_marker_child to None, run_after=None
[2024-12-01T08:34:20.364+0000] {logging_mixin.py:188} INFO - [2024-12-01T08:34:20.364+0000] {dag.py:3954} INFO - Setting next_dagrun for example_external_task_marker_parent to None, run_after=None
[2024-12-01T08:34:20.471+0000] {processor.py:183} INFO - Processing /home/airflow/.local/lib/python3.12/site-packages/airflow/example_dags/example_external_task_marker_dag.py took 0.807 seconds
[2024-12-01T08:35:17.774+0000] {processor.py:161} INFO - Started process (PID=220) to work on /home/airflow/.local/lib/python3.12/site-packages/airflow/example_dags/example_external_task_marker_dag.py
[2024-12-01T08:35:17.786+0000] {processor.py:830} INFO - Processing file /home/airflow/.local/lib/python3.12/site-packages/airflow/example_dags/example_external_task_marker_dag.py for tasks to queue
[2024-12-01T08:35:17.808+0000] {logging_mixin.py:188} INFO - [2024-12-01T08:35:17.802+0000] {dagbag.py:545} INFO - Filling up the DagBag from /home/airflow/.local/lib/python3.12/site-packages/airflow/example_dags/example_external_task_marker_dag.py
[2024-12-01T08:35:17.895+0000] {processor.py:840} INFO - DAG(s) 'example_external_task_marker_parent', 'example_external_task_marker_child' retrieved from /home/airflow/.local/lib/python3.12/site-packages/airflow/example_dags/example_external_task_marker_dag.py
[2024-12-01T08:35:18.458+0000] {logging_mixin.py:188} INFO - [2024-12-01T08:35:18.448+0000] {dag.py:3096} INFO - Sync 2 DAGs
[2024-12-01T08:35:18.768+0000] {logging_mixin.py:188} INFO - [2024-12-01T08:35:18.756+0000] {dag.py:3954} INFO - Setting next_dagrun for example_external_task_marker_child to None, run_after=None
[2024-12-01T08:35:18.821+0000] {logging_mixin.py:188} INFO - [2024-12-01T08:35:18.819+0000] {dag.py:3954} INFO - Setting next_dagrun for example_external_task_marker_parent to None, run_after=None
[2024-12-01T08:35:19.540+0000] {processor.py:183} INFO - Processing /home/airflow/.local/lib/python3.12/site-packages/airflow/example_dags/example_external_task_marker_dag.py took 1.827 seconds
