[2024-12-01T08:32:57.566+0000] {processor.py:161} INFO - Started process (PID=108) to work on /home/airflow/.local/lib/python3.12/site-packages/airflow/example_dags/example_datasets.py
[2024-12-01T08:32:57.597+0000] {processor.py:830} INFO - Processing file /home/airflow/.local/lib/python3.12/site-packages/airflow/example_dags/example_datasets.py for tasks to queue
[2024-12-01T08:32:57.663+0000] {logging_mixin.py:188} INFO - [2024-12-01T08:32:57.641+0000] {dagbag.py:545} INFO - Filling up the DagBag from /home/airflow/.local/lib/python3.12/site-packages/airflow/example_dags/example_datasets.py
[2024-12-01T08:32:57.977+0000] {processor.py:840} INFO - DAG(s) 'dataset_produces_2', 'consume_1_and_2_with_dataset_expressions', 'consume_1_or_2_with_dataset_expressions', 'dataset_produces_1', 'dataset_consumes_1_never_scheduled', 'dataset_consumes_1_and_2', 'consume_1_or_both_2_and_3_with_dataset_expressions', 'dataset_consumes_1', 'dataset_consumes_unknown_never_scheduled', 'conditional_dataset_and_time_based_timetable' retrieved from /home/airflow/.local/lib/python3.12/site-packages/airflow/example_dags/example_datasets.py
[2024-12-01T08:33:00.608+0000] {logging_mixin.py:188} INFO - [2024-12-01T08:33:00.603+0000] {dag.py:3096} INFO - Sync 10 DAGs
[2024-12-01T08:33:01.066+0000] {logging_mixin.py:188} INFO - [2024-12-01T08:33:01.056+0000] {dag.py:3954} INFO - Setting next_dagrun for conditional_dataset_and_time_based_timetable to 2024-11-27 01:00:00+00:00, run_after=2024-11-27 01:00:00+00:00
[2024-12-01T08:33:01.121+0000] {logging_mixin.py:188} INFO - [2024-12-01T08:33:01.119+0000] {dag.py:3954} INFO - Setting next_dagrun for consume_1_and_2_with_dataset_expressions to None, run_after=None
[2024-12-01T08:33:01.128+0000] {logging_mixin.py:188} INFO - [2024-12-01T08:33:01.126+0000] {dag.py:3954} INFO - Setting next_dagrun for consume_1_or_2_with_dataset_expressions to None, run_after=None
[2024-12-01T08:33:01.139+0000] {logging_mixin.py:188} INFO - [2024-12-01T08:33:01.138+0000] {dag.py:3954} INFO - Setting next_dagrun for consume_1_or_both_2_and_3_with_dataset_expressions to None, run_after=None
[2024-12-01T08:33:01.145+0000] {logging_mixin.py:188} INFO - [2024-12-01T08:33:01.144+0000] {dag.py:3954} INFO - Setting next_dagrun for dataset_consumes_1 to None, run_after=None
[2024-12-01T08:33:01.155+0000] {logging_mixin.py:188} INFO - [2024-12-01T08:33:01.155+0000] {dag.py:3954} INFO - Setting next_dagrun for dataset_consumes_1_and_2 to None, run_after=None
[2024-12-01T08:33:01.159+0000] {logging_mixin.py:188} INFO - [2024-12-01T08:33:01.159+0000] {dag.py:3954} INFO - Setting next_dagrun for dataset_consumes_1_never_scheduled to None, run_after=None
[2024-12-01T08:33:01.165+0000] {logging_mixin.py:188} INFO - [2024-12-01T08:33:01.164+0000] {dag.py:3954} INFO - Setting next_dagrun for dataset_consumes_unknown_never_scheduled to None, run_after=None
[2024-12-01T08:33:01.186+0000] {logging_mixin.py:188} INFO - [2024-12-01T08:33:01.185+0000] {dag.py:3954} INFO - Setting next_dagrun for dataset_produces_1 to 2024-11-30 00:00:00+00:00, run_after=2024-12-01 00:00:00+00:00
[2024-12-01T08:33:01.193+0000] {logging_mixin.py:188} INFO - [2024-12-01T08:33:01.192+0000] {dag.py:3954} INFO - Setting next_dagrun for dataset_produces_2 to None, run_after=None
[2024-12-01T08:33:01.644+0000] {processor.py:183} INFO - Processing /home/airflow/.local/lib/python3.12/site-packages/airflow/example_dags/example_datasets.py took 4.235 seconds
[2024-12-01T08:34:34.844+0000] {processor.py:161} INFO - Started process (PID=182) to work on /home/airflow/.local/lib/python3.12/site-packages/airflow/example_dags/example_datasets.py
[2024-12-01T08:34:34.858+0000] {processor.py:830} INFO - Processing file /home/airflow/.local/lib/python3.12/site-packages/airflow/example_dags/example_datasets.py for tasks to queue
[2024-12-01T08:34:34.863+0000] {logging_mixin.py:188} INFO - [2024-12-01T08:34:34.862+0000] {dagbag.py:545} INFO - Filling up the DagBag from /home/airflow/.local/lib/python3.12/site-packages/airflow/example_dags/example_datasets.py
[2024-12-01T08:34:34.999+0000] {processor.py:840} INFO - DAG(s) 'dataset_produces_2', 'consume_1_or_both_2_and_3_with_dataset_expressions', 'consume_1_and_2_with_dataset_expressions', 'dataset_consumes_1_and_2', 'consume_1_or_2_with_dataset_expressions', 'dataset_produces_1', 'dataset_consumes_unknown_never_scheduled', 'dataset_consumes_1_never_scheduled', 'conditional_dataset_and_time_based_timetable', 'dataset_consumes_1' retrieved from /home/airflow/.local/lib/python3.12/site-packages/airflow/example_dags/example_datasets.py
[2024-12-01T08:34:35.125+0000] {logging_mixin.py:188} INFO - [2024-12-01T08:34:35.124+0000] {dag.py:3096} INFO - Sync 10 DAGs
[2024-12-01T08:34:35.214+0000] {logging_mixin.py:188} INFO - [2024-12-01T08:34:35.214+0000] {dag.py:3954} INFO - Setting next_dagrun for conditional_dataset_and_time_based_timetable to 2024-11-27 01:00:00+00:00, run_after=2024-11-27 01:00:00+00:00
[2024-12-01T08:34:35.221+0000] {logging_mixin.py:188} INFO - [2024-12-01T08:34:35.220+0000] {dag.py:3954} INFO - Setting next_dagrun for consume_1_and_2_with_dataset_expressions to None, run_after=None
[2024-12-01T08:34:35.222+0000] {logging_mixin.py:188} INFO - [2024-12-01T08:34:35.221+0000] {dag.py:3954} INFO - Setting next_dagrun for consume_1_or_2_with_dataset_expressions to None, run_after=None
[2024-12-01T08:34:35.223+0000] {logging_mixin.py:188} INFO - [2024-12-01T08:34:35.223+0000] {dag.py:3954} INFO - Setting next_dagrun for consume_1_or_both_2_and_3_with_dataset_expressions to None, run_after=None
[2024-12-01T08:34:35.224+0000] {logging_mixin.py:188} INFO - [2024-12-01T08:34:35.224+0000] {dag.py:3954} INFO - Setting next_dagrun for dataset_consumes_1 to None, run_after=None
[2024-12-01T08:34:35.227+0000] {logging_mixin.py:188} INFO - [2024-12-01T08:34:35.227+0000] {dag.py:3954} INFO - Setting next_dagrun for dataset_consumes_1_and_2 to None, run_after=None
[2024-12-01T08:34:35.229+0000] {logging_mixin.py:188} INFO - [2024-12-01T08:34:35.228+0000] {dag.py:3954} INFO - Setting next_dagrun for dataset_consumes_1_never_scheduled to None, run_after=None
[2024-12-01T08:34:35.231+0000] {logging_mixin.py:188} INFO - [2024-12-01T08:34:35.231+0000] {dag.py:3954} INFO - Setting next_dagrun for dataset_consumes_unknown_never_scheduled to None, run_after=None
[2024-12-01T08:34:35.233+0000] {logging_mixin.py:188} INFO - [2024-12-01T08:34:35.233+0000] {dag.py:3954} INFO - Setting next_dagrun for dataset_produces_1 to 2024-11-30 00:00:00+00:00, run_after=2024-12-01 00:00:00+00:00
[2024-12-01T08:34:35.235+0000] {logging_mixin.py:188} INFO - [2024-12-01T08:34:35.235+0000] {dag.py:3954} INFO - Setting next_dagrun for dataset_produces_2 to None, run_after=None
[2024-12-01T08:34:35.397+0000] {processor.py:183} INFO - Processing /home/airflow/.local/lib/python3.12/site-packages/airflow/example_dags/example_datasets.py took 0.593 seconds
