[2024-12-01T08:32:35.171+0000] {processor.py:161} INFO - Started process (PID=92) to work on /home/airflow/.local/lib/python3.12/site-packages/airflow/example_dags/example_latest_only_with_trigger.py
[2024-12-01T08:32:35.191+0000] {processor.py:830} INFO - Processing file /home/airflow/.local/lib/python3.12/site-packages/airflow/example_dags/example_latest_only_with_trigger.py for tasks to queue
[2024-12-01T08:32:35.193+0000] {logging_mixin.py:188} INFO - [2024-12-01T08:32:35.193+0000] {dagbag.py:545} INFO - Filling up the DagBag from /home/airflow/.local/lib/python3.12/site-packages/airflow/example_dags/example_latest_only_with_trigger.py
[2024-12-01T08:32:35.199+0000] {processor.py:840} INFO - DAG(s) 'latest_only_with_trigger' retrieved from /home/airflow/.local/lib/python3.12/site-packages/airflow/example_dags/example_latest_only_with_trigger.py
[2024-12-01T08:32:36.149+0000] {logging_mixin.py:188} INFO - [2024-12-01T08:32:36.148+0000] {dag.py:3096} INFO - Sync 1 DAGs
[2024-12-01T08:32:36.302+0000] {logging_mixin.py:188} INFO - [2024-12-01T08:32:36.301+0000] {dag.py:3954} INFO - Setting next_dagrun for latest_only_with_trigger to 2024-12-01 04:00:00+00:00, run_after=2024-12-01 08:00:00+00:00
[2024-12-01T08:32:36.962+0000] {processor.py:183} INFO - Processing /home/airflow/.local/lib/python3.12/site-packages/airflow/example_dags/example_latest_only_with_trigger.py took 1.916 seconds
[2024-12-01T08:34:22.229+0000] {processor.py:161} INFO - Started process (PID=161) to work on /home/airflow/.local/lib/python3.12/site-packages/airflow/example_dags/example_latest_only_with_trigger.py
[2024-12-01T08:34:22.248+0000] {processor.py:830} INFO - Processing file /home/airflow/.local/lib/python3.12/site-packages/airflow/example_dags/example_latest_only_with_trigger.py for tasks to queue
[2024-12-01T08:34:22.278+0000] {logging_mixin.py:188} INFO - [2024-12-01T08:34:22.276+0000] {dagbag.py:545} INFO - Filling up the DagBag from /home/airflow/.local/lib/python3.12/site-packages/airflow/example_dags/example_latest_only_with_trigger.py
[2024-12-01T08:34:22.305+0000] {processor.py:840} INFO - DAG(s) 'latest_only_with_trigger' retrieved from /home/airflow/.local/lib/python3.12/site-packages/airflow/example_dags/example_latest_only_with_trigger.py
[2024-12-01T08:34:22.635+0000] {logging_mixin.py:188} INFO - [2024-12-01T08:34:22.634+0000] {dag.py:3096} INFO - Sync 1 DAGs
[2024-12-01T08:34:22.786+0000] {logging_mixin.py:188} INFO - [2024-12-01T08:34:22.785+0000] {dag.py:3954} INFO - Setting next_dagrun for latest_only_with_trigger to 2024-12-01 04:00:00+00:00, run_after=2024-12-01 08:00:00+00:00
[2024-12-01T08:34:22.928+0000] {processor.py:183} INFO - Processing /home/airflow/.local/lib/python3.12/site-packages/airflow/example_dags/example_latest_only_with_trigger.py took 0.753 seconds
[2024-12-01T08:35:24.140+0000] {processor.py:161} INFO - Started process (PID=226) to work on /home/airflow/.local/lib/python3.12/site-packages/airflow/example_dags/example_latest_only_with_trigger.py
[2024-12-01T08:35:24.164+0000] {processor.py:830} INFO - Processing file /home/airflow/.local/lib/python3.12/site-packages/airflow/example_dags/example_latest_only_with_trigger.py for tasks to queue
[2024-12-01T08:35:24.170+0000] {logging_mixin.py:188} INFO - [2024-12-01T08:35:24.169+0000] {dagbag.py:545} INFO - Filling up the DagBag from /home/airflow/.local/lib/python3.12/site-packages/airflow/example_dags/example_latest_only_with_trigger.py
[2024-12-01T08:35:24.185+0000] {processor.py:840} INFO - DAG(s) 'latest_only_with_trigger' retrieved from /home/airflow/.local/lib/python3.12/site-packages/airflow/example_dags/example_latest_only_with_trigger.py
[2024-12-01T08:35:24.275+0000] {logging_mixin.py:188} INFO - [2024-12-01T08:35:24.273+0000] {dag.py:3096} INFO - Sync 1 DAGs
[2024-12-01T08:35:24.345+0000] {logging_mixin.py:188} INFO - [2024-12-01T08:35:24.345+0000] {dag.py:3954} INFO - Setting next_dagrun for latest_only_with_trigger to 2024-12-01 04:00:00+00:00, run_after=2024-12-01 08:00:00+00:00
[2024-12-01T08:35:24.398+0000] {processor.py:183} INFO - Processing /home/airflow/.local/lib/python3.12/site-packages/airflow/example_dags/example_latest_only_with_trigger.py took 0.278 seconds
