[2024-12-01T08:32:40.223+0000] {processor.py:161} INFO - Started process (PID=98) to work on /home/airflow/.local/lib/python3.12/site-packages/airflow/example_dags/example_python_decorator.py
[2024-12-01T08:32:40.231+0000] {processor.py:830} INFO - Processing file /home/airflow/.local/lib/python3.12/site-packages/airflow/example_dags/example_python_decorator.py for tasks to queue
[2024-12-01T08:32:40.261+0000] {logging_mixin.py:188} INFO - [2024-12-01T08:32:40.254+0000] {dagbag.py:545} INFO - Filling up the DagBag from /home/airflow/.local/lib/python3.12/site-packages/airflow/example_dags/example_python_decorator.py
[2024-12-01T08:32:40.472+0000] {processor.py:840} INFO - DAG(s) 'example_python_decorator' retrieved from /home/airflow/.local/lib/python3.12/site-packages/airflow/example_dags/example_python_decorator.py
[2024-12-01T08:32:41.152+0000] {logging_mixin.py:188} INFO - [2024-12-01T08:32:41.151+0000] {dag.py:3096} INFO - Sync 1 DAGs
[2024-12-01T08:32:41.220+0000] {logging_mixin.py:188} INFO - [2024-12-01T08:32:41.220+0000] {dag.py:3954} INFO - Setting next_dagrun for example_python_decorator to None, run_after=None
[2024-12-01T08:32:41.355+0000] {processor.py:183} INFO - Processing /home/airflow/.local/lib/python3.12/site-packages/airflow/example_dags/example_python_decorator.py took 1.242 seconds
[2024-12-01T08:34:24.963+0000] {processor.py:161} INFO - Started process (PID=167) to work on /home/airflow/.local/lib/python3.12/site-packages/airflow/example_dags/example_python_decorator.py
[2024-12-01T08:34:24.998+0000] {processor.py:830} INFO - Processing file /home/airflow/.local/lib/python3.12/site-packages/airflow/example_dags/example_python_decorator.py for tasks to queue
[2024-12-01T08:34:25.130+0000] {logging_mixin.py:188} INFO - [2024-12-01T08:34:25.113+0000] {dagbag.py:545} INFO - Filling up the DagBag from /home/airflow/.local/lib/python3.12/site-packages/airflow/example_dags/example_python_decorator.py
[2024-12-01T08:34:25.789+0000] {processor.py:840} INFO - DAG(s) 'example_python_decorator' retrieved from /home/airflow/.local/lib/python3.12/site-packages/airflow/example_dags/example_python_decorator.py
[2024-12-01T08:34:26.122+0000] {logging_mixin.py:188} INFO - [2024-12-01T08:34:26.120+0000] {dag.py:3096} INFO - Sync 1 DAGs
[2024-12-01T08:34:26.259+0000] {logging_mixin.py:188} INFO - [2024-12-01T08:34:26.259+0000] {dag.py:3954} INFO - Setting next_dagrun for example_python_decorator to None, run_after=None
[2024-12-01T08:34:26.333+0000] {processor.py:183} INFO - Processing /home/airflow/.local/lib/python3.12/site-packages/airflow/example_dags/example_python_decorator.py took 1.405 seconds
[2024-12-01T08:35:27.692+0000] {processor.py:161} INFO - Started process (PID=232) to work on /home/airflow/.local/lib/python3.12/site-packages/airflow/example_dags/example_python_decorator.py
[2024-12-01T08:35:27.744+0000] {processor.py:830} INFO - Processing file /home/airflow/.local/lib/python3.12/site-packages/airflow/example_dags/example_python_decorator.py for tasks to queue
[2024-12-01T08:35:27.813+0000] {logging_mixin.py:188} INFO - [2024-12-01T08:35:27.802+0000] {dagbag.py:545} INFO - Filling up the DagBag from /home/airflow/.local/lib/python3.12/site-packages/airflow/example_dags/example_python_decorator.py
[2024-12-01T08:35:28.076+0000] {processor.py:840} INFO - DAG(s) 'example_python_decorator' retrieved from /home/airflow/.local/lib/python3.12/site-packages/airflow/example_dags/example_python_decorator.py
[2024-12-01T08:35:29.677+0000] {logging_mixin.py:188} INFO - [2024-12-01T08:35:29.656+0000] {dag.py:3096} INFO - Sync 1 DAGs
[2024-12-01T08:35:29.982+0000] {logging_mixin.py:188} INFO - [2024-12-01T08:35:29.982+0000] {dag.py:3954} INFO - Setting next_dagrun for example_python_decorator to None, run_after=None
[2024-12-01T08:35:30.087+0000] {processor.py:183} INFO - Processing /home/airflow/.local/lib/python3.12/site-packages/airflow/example_dags/example_python_decorator.py took 2.579 seconds
