[2024-12-01T08:32:46.002+0000] {processor.py:161} INFO - Started process (PID=101) to work on /home/airflow/.local/lib/python3.12/site-packages/airflow/example_dags/example_branch_datetime_operator.py
[2024-12-01T08:32:46.029+0000] {processor.py:830} INFO - Processing file /home/airflow/.local/lib/python3.12/site-packages/airflow/example_dags/example_branch_datetime_operator.py for tasks to queue
[2024-12-01T08:32:46.047+0000] {logging_mixin.py:188} INFO - [2024-12-01T08:32:46.046+0000] {dagbag.py:545} INFO - Filling up the DagBag from /home/airflow/.local/lib/python3.12/site-packages/airflow/example_dags/example_branch_datetime_operator.py
[2024-12-01T08:32:46.188+0000] {processor.py:840} INFO - DAG(s) 'example_branch_datetime_operator', 'example_branch_datetime_operator_3', 'example_branch_datetime_operator_2' retrieved from /home/airflow/.local/lib/python3.12/site-packages/airflow/example_dags/example_branch_datetime_operator.py
[2024-12-01T08:32:47.952+0000] {logging_mixin.py:188} INFO - [2024-12-01T08:32:47.927+0000] {dag.py:3096} INFO - Sync 3 DAGs
[2024-12-01T08:32:48.540+0000] {logging_mixin.py:188} INFO - [2024-12-01T08:32:48.539+0000] {dag.py:3954} INFO - Setting next_dagrun for example_branch_datetime_operator to 2024-11-30 00:00:00+00:00, run_after=2024-12-01 00:00:00+00:00
[2024-12-01T08:32:48.578+0000] {logging_mixin.py:188} INFO - [2024-12-01T08:32:48.573+0000] {dag.py:3954} INFO - Setting next_dagrun for example_branch_datetime_operator_2 to 2024-11-30 00:00:00+00:00, run_after=2024-12-01 00:00:00+00:00
[2024-12-01T08:32:48.634+0000] {logging_mixin.py:188} INFO - [2024-12-01T08:32:48.633+0000] {dag.py:3954} INFO - Setting next_dagrun for example_branch_datetime_operator_3 to 2024-11-30 00:00:00+00:00, run_after=2024-12-01 00:00:00+00:00
[2024-12-01T08:32:49.984+0000] {processor.py:183} INFO - Processing /home/airflow/.local/lib/python3.12/site-packages/airflow/example_dags/example_branch_datetime_operator.py took 3.987 seconds
[2024-12-01T08:34:26.611+0000] {processor.py:161} INFO - Started process (PID=170) to work on /home/airflow/.local/lib/python3.12/site-packages/airflow/example_dags/example_branch_datetime_operator.py
[2024-12-01T08:34:26.621+0000] {processor.py:830} INFO - Processing file /home/airflow/.local/lib/python3.12/site-packages/airflow/example_dags/example_branch_datetime_operator.py for tasks to queue
[2024-12-01T08:34:26.673+0000] {logging_mixin.py:188} INFO - [2024-12-01T08:34:26.665+0000] {dagbag.py:545} INFO - Filling up the DagBag from /home/airflow/.local/lib/python3.12/site-packages/airflow/example_dags/example_branch_datetime_operator.py
[2024-12-01T08:34:26.787+0000] {processor.py:840} INFO - DAG(s) 'example_branch_datetime_operator_3', 'example_branch_datetime_operator', 'example_branch_datetime_operator_2' retrieved from /home/airflow/.local/lib/python3.12/site-packages/airflow/example_dags/example_branch_datetime_operator.py
[2024-12-01T08:34:27.066+0000] {logging_mixin.py:188} INFO - [2024-12-01T08:34:27.063+0000] {dag.py:3096} INFO - Sync 3 DAGs
[2024-12-01T08:34:27.449+0000] {logging_mixin.py:188} INFO - [2024-12-01T08:34:27.447+0000] {dag.py:3954} INFO - Setting next_dagrun for example_branch_datetime_operator to 2024-11-30 00:00:00+00:00, run_after=2024-12-01 00:00:00+00:00
[2024-12-01T08:34:27.886+0000] {logging_mixin.py:188} INFO - [2024-12-01T08:34:27.885+0000] {dag.py:3954} INFO - Setting next_dagrun for example_branch_datetime_operator_2 to 2024-11-30 00:00:00+00:00, run_after=2024-12-01 00:00:00+00:00
[2024-12-01T08:34:28.120+0000] {logging_mixin.py:188} INFO - [2024-12-01T08:34:28.120+0000] {dag.py:3954} INFO - Setting next_dagrun for example_branch_datetime_operator_3 to 2024-11-30 00:00:00+00:00, run_after=2024-12-01 00:00:00+00:00
[2024-12-01T08:34:29.235+0000] {processor.py:183} INFO - Processing /home/airflow/.local/lib/python3.12/site-packages/airflow/example_dags/example_branch_datetime_operator.py took 2.650 seconds
[2024-12-01T08:35:34.419+0000] {processor.py:161} INFO - Started process (PID=235) to work on /home/airflow/.local/lib/python3.12/site-packages/airflow/example_dags/example_branch_datetime_operator.py
[2024-12-01T08:35:34.441+0000] {processor.py:830} INFO - Processing file /home/airflow/.local/lib/python3.12/site-packages/airflow/example_dags/example_branch_datetime_operator.py for tasks to queue
[2024-12-01T08:35:34.508+0000] {logging_mixin.py:188} INFO - [2024-12-01T08:35:34.500+0000] {dagbag.py:545} INFO - Filling up the DagBag from /home/airflow/.local/lib/python3.12/site-packages/airflow/example_dags/example_branch_datetime_operator.py
[2024-12-01T08:35:34.683+0000] {processor.py:840} INFO - DAG(s) 'example_branch_datetime_operator', 'example_branch_datetime_operator_2', 'example_branch_datetime_operator_3' retrieved from /home/airflow/.local/lib/python3.12/site-packages/airflow/example_dags/example_branch_datetime_operator.py
[2024-12-01T08:35:34.952+0000] {logging_mixin.py:188} INFO - [2024-12-01T08:35:34.950+0000] {dag.py:3096} INFO - Sync 3 DAGs
[2024-12-01T08:35:35.186+0000] {logging_mixin.py:188} INFO - [2024-12-01T08:35:35.182+0000] {dag.py:3954} INFO - Setting next_dagrun for example_branch_datetime_operator to 2024-11-30 00:00:00+00:00, run_after=2024-12-01 00:00:00+00:00
[2024-12-01T08:35:35.253+0000] {logging_mixin.py:188} INFO - [2024-12-01T08:35:35.253+0000] {dag.py:3954} INFO - Setting next_dagrun for example_branch_datetime_operator_2 to 2024-11-30 00:00:00+00:00, run_after=2024-12-01 00:00:00+00:00
[2024-12-01T08:35:35.273+0000] {logging_mixin.py:188} INFO - [2024-12-01T08:35:35.273+0000] {dag.py:3954} INFO - Setting next_dagrun for example_branch_datetime_operator_3 to 2024-11-30 00:00:00+00:00, run_after=2024-12-01 00:00:00+00:00
[2024-12-01T08:35:35.427+0000] {processor.py:183} INFO - Processing /home/airflow/.local/lib/python3.12/site-packages/airflow/example_dags/example_branch_datetime_operator.py took 1.157 seconds
