[2024-12-01T08:32:24.078+0000] {processor.py:161} INFO - Started process (PID=68) to work on /home/airflow/.local/lib/python3.12/site-packages/airflow/example_dags/example_task_group.py
[2024-12-01T08:32:24.150+0000] {processor.py:830} INFO - Processing file /home/airflow/.local/lib/python3.12/site-packages/airflow/example_dags/example_task_group.py for tasks to queue
[2024-12-01T08:32:24.186+0000] {logging_mixin.py:188} INFO - [2024-12-01T08:32:24.185+0000] {dagbag.py:545} INFO - Filling up the DagBag from /home/airflow/.local/lib/python3.12/site-packages/airflow/example_dags/example_task_group.py
[2024-12-01T08:32:24.212+0000] {processor.py:840} INFO - DAG(s) 'example_task_group' retrieved from /home/airflow/.local/lib/python3.12/site-packages/airflow/example_dags/example_task_group.py
[2024-12-01T08:32:25.182+0000] {logging_mixin.py:188} INFO - [2024-12-01T08:32:25.182+0000] {dag.py:3096} INFO - Sync 1 DAGs
[2024-12-01T08:32:25.317+0000] {logging_mixin.py:188} INFO - [2024-12-01T08:32:25.316+0000] {dag.py:3954} INFO - Setting next_dagrun for example_task_group to 2024-11-30 00:00:00+00:00, run_after=2024-12-01 00:00:00+00:00
[2024-12-01T08:32:25.402+0000] {processor.py:183} INFO - Processing /home/airflow/.local/lib/python3.12/site-packages/airflow/example_dags/example_task_group.py took 1.446 seconds
[2024-12-01T08:33:24.391+0000] {processor.py:161} INFO - Started process (PID=132) to work on /home/airflow/.local/lib/python3.12/site-packages/airflow/example_dags/example_task_group.py
[2024-12-01T08:33:24.395+0000] {processor.py:830} INFO - Processing file /home/airflow/.local/lib/python3.12/site-packages/airflow/example_dags/example_task_group.py for tasks to queue
[2024-12-01T08:33:24.404+0000] {logging_mixin.py:188} INFO - [2024-12-01T08:33:24.400+0000] {dagbag.py:545} INFO - Filling up the DagBag from /home/airflow/.local/lib/python3.12/site-packages/airflow/example_dags/example_task_group.py
[2024-12-01T08:33:24.471+0000] {processor.py:840} INFO - DAG(s) 'example_task_group' retrieved from /home/airflow/.local/lib/python3.12/site-packages/airflow/example_dags/example_task_group.py
[2024-12-01T08:33:24.647+0000] {logging_mixin.py:188} INFO - [2024-12-01T08:33:24.646+0000] {dag.py:3096} INFO - Sync 1 DAGs
[2024-12-01T08:33:24.899+0000] {logging_mixin.py:188} INFO - [2024-12-01T08:33:24.898+0000] {dag.py:3954} INFO - Setting next_dagrun for example_task_group to 2024-11-30 00:00:00+00:00, run_after=2024-12-01 00:00:00+00:00
[2024-12-01T08:33:25.107+0000] {processor.py:183} INFO - Processing /home/airflow/.local/lib/python3.12/site-packages/airflow/example_dags/example_task_group.py took 0.725 seconds
[2024-12-01T08:34:31.324+0000] {processor.py:161} INFO - Started process (PID=173) to work on /home/airflow/.local/lib/python3.12/site-packages/airflow/example_dags/example_task_group.py
[2024-12-01T08:34:31.342+0000] {processor.py:830} INFO - Processing file /home/airflow/.local/lib/python3.12/site-packages/airflow/example_dags/example_task_group.py for tasks to queue
[2024-12-01T08:34:31.447+0000] {logging_mixin.py:188} INFO - [2024-12-01T08:34:31.435+0000] {dagbag.py:545} INFO - Filling up the DagBag from /home/airflow/.local/lib/python3.12/site-packages/airflow/example_dags/example_task_group.py
[2024-12-01T08:34:31.546+0000] {processor.py:840} INFO - DAG(s) 'example_task_group' retrieved from /home/airflow/.local/lib/python3.12/site-packages/airflow/example_dags/example_task_group.py
[2024-12-01T08:34:31.761+0000] {logging_mixin.py:188} INFO - [2024-12-01T08:34:31.761+0000] {dag.py:3096} INFO - Sync 1 DAGs
[2024-12-01T08:34:31.931+0000] {logging_mixin.py:188} INFO - [2024-12-01T08:34:31.931+0000] {dag.py:3954} INFO - Setting next_dagrun for example_task_group to 2024-11-30 00:00:00+00:00, run_after=2024-12-01 00:00:00+00:00
[2024-12-01T08:34:31.990+0000] {processor.py:183} INFO - Processing /home/airflow/.local/lib/python3.12/site-packages/airflow/example_dags/example_task_group.py took 0.746 seconds
[2024-12-01T08:35:35.961+0000] {processor.py:161} INFO - Started process (PID=238) to work on /home/airflow/.local/lib/python3.12/site-packages/airflow/example_dags/example_task_group.py
[2024-12-01T08:35:35.970+0000] {processor.py:830} INFO - Processing file /home/airflow/.local/lib/python3.12/site-packages/airflow/example_dags/example_task_group.py for tasks to queue
[2024-12-01T08:35:36.023+0000] {logging_mixin.py:188} INFO - [2024-12-01T08:35:36.007+0000] {dagbag.py:545} INFO - Filling up the DagBag from /home/airflow/.local/lib/python3.12/site-packages/airflow/example_dags/example_task_group.py
[2024-12-01T08:35:36.097+0000] {processor.py:840} INFO - DAG(s) 'example_task_group' retrieved from /home/airflow/.local/lib/python3.12/site-packages/airflow/example_dags/example_task_group.py
[2024-12-01T08:35:36.319+0000] {logging_mixin.py:188} INFO - [2024-12-01T08:35:36.318+0000] {dag.py:3096} INFO - Sync 1 DAGs
[2024-12-01T08:35:36.464+0000] {logging_mixin.py:188} INFO - [2024-12-01T08:35:36.464+0000] {dag.py:3954} INFO - Setting next_dagrun for example_task_group to 2024-11-30 00:00:00+00:00, run_after=2024-12-01 00:00:00+00:00
[2024-12-01T08:35:36.566+0000] {processor.py:183} INFO - Processing /home/airflow/.local/lib/python3.12/site-packages/airflow/example_dags/example_task_group.py took 0.642 seconds
