[2024-12-01T08:32:41.464+0000] {processor.py:161} INFO - Started process (PID=99) to work on /home/airflow/.local/lib/python3.12/site-packages/airflow/example_dags/example_trigger_target_dag.py
[2024-12-01T08:32:41.476+0000] {processor.py:830} INFO - Processing file /home/airflow/.local/lib/python3.12/site-packages/airflow/example_dags/example_trigger_target_dag.py for tasks to queue
[2024-12-01T08:32:41.536+0000] {logging_mixin.py:188} INFO - [2024-12-01T08:32:41.531+0000] {dagbag.py:545} INFO - Filling up the DagBag from /home/airflow/.local/lib/python3.12/site-packages/airflow/example_dags/example_trigger_target_dag.py
[2024-12-01T08:32:41.676+0000] {processor.py:840} INFO - DAG(s) 'example_trigger_target_dag' retrieved from /home/airflow/.local/lib/python3.12/site-packages/airflow/example_dags/example_trigger_target_dag.py
[2024-12-01T08:32:43.776+0000] {logging_mixin.py:188} INFO - [2024-12-01T08:32:43.773+0000] {dag.py:3096} INFO - Sync 1 DAGs
[2024-12-01T08:32:43.998+0000] {logging_mixin.py:188} INFO - [2024-12-01T08:32:43.997+0000] {dag.py:3954} INFO - Setting next_dagrun for example_trigger_target_dag to None, run_after=None
[2024-12-01T08:32:44.247+0000] {processor.py:183} INFO - Processing /home/airflow/.local/lib/python3.12/site-packages/airflow/example_dags/example_trigger_target_dag.py took 3.011 seconds
[2024-12-01T08:34:26.182+0000] {processor.py:161} INFO - Started process (PID=168) to work on /home/airflow/.local/lib/python3.12/site-packages/airflow/example_dags/example_trigger_target_dag.py
[2024-12-01T08:34:26.220+0000] {processor.py:830} INFO - Processing file /home/airflow/.local/lib/python3.12/site-packages/airflow/example_dags/example_trigger_target_dag.py for tasks to queue
[2024-12-01T08:34:26.267+0000] {logging_mixin.py:188} INFO - [2024-12-01T08:34:26.252+0000] {dagbag.py:545} INFO - Filling up the DagBag from /home/airflow/.local/lib/python3.12/site-packages/airflow/example_dags/example_trigger_target_dag.py
[2024-12-01T08:34:26.398+0000] {processor.py:840} INFO - DAG(s) 'example_trigger_target_dag' retrieved from /home/airflow/.local/lib/python3.12/site-packages/airflow/example_dags/example_trigger_target_dag.py
[2024-12-01T08:34:26.466+0000] {logging_mixin.py:188} INFO - [2024-12-01T08:34:26.466+0000] {dag.py:3096} INFO - Sync 1 DAGs
[2024-12-01T08:34:26.478+0000] {logging_mixin.py:188} INFO - [2024-12-01T08:34:26.477+0000] {dag.py:3954} INFO - Setting next_dagrun for example_trigger_target_dag to None, run_after=None
[2024-12-01T08:34:26.512+0000] {processor.py:183} INFO - Processing /home/airflow/.local/lib/python3.12/site-packages/airflow/example_dags/example_trigger_target_dag.py took 0.414 seconds
[2024-12-01T08:35:30.559+0000] {processor.py:161} INFO - Started process (PID=233) to work on /home/airflow/.local/lib/python3.12/site-packages/airflow/example_dags/example_trigger_target_dag.py
[2024-12-01T08:35:30.642+0000] {processor.py:830} INFO - Processing file /home/airflow/.local/lib/python3.12/site-packages/airflow/example_dags/example_trigger_target_dag.py for tasks to queue
[2024-12-01T08:35:30.787+0000] {logging_mixin.py:188} INFO - [2024-12-01T08:35:30.759+0000] {dagbag.py:545} INFO - Filling up the DagBag from /home/airflow/.local/lib/python3.12/site-packages/airflow/example_dags/example_trigger_target_dag.py
[2024-12-01T08:35:31.649+0000] {processor.py:840} INFO - DAG(s) 'example_trigger_target_dag' retrieved from /home/airflow/.local/lib/python3.12/site-packages/airflow/example_dags/example_trigger_target_dag.py
[2024-12-01T08:35:33.349+0000] {logging_mixin.py:188} INFO - [2024-12-01T08:35:33.334+0000] {dag.py:3096} INFO - Sync 1 DAGs
[2024-12-01T08:35:33.473+0000] {logging_mixin.py:188} INFO - [2024-12-01T08:35:33.472+0000] {dag.py:3954} INFO - Setting next_dagrun for example_trigger_target_dag to None, run_after=None
[2024-12-01T08:35:33.615+0000] {processor.py:183} INFO - Processing /home/airflow/.local/lib/python3.12/site-packages/airflow/example_dags/example_trigger_target_dag.py took 3.591 seconds
