[2024-12-01T08:32:51.127+0000] {processor.py:161} INFO - Started process (PID=103) to work on /home/airflow/.local/lib/python3.12/site-packages/airflow/example_dags/example_complex.py
[2024-12-01T08:32:51.145+0000] {processor.py:830} INFO - Processing file /home/airflow/.local/lib/python3.12/site-packages/airflow/example_dags/example_complex.py for tasks to queue
[2024-12-01T08:32:51.157+0000] {logging_mixin.py:188} INFO - [2024-12-01T08:32:51.156+0000] {dagbag.py:545} INFO - Filling up the DagBag from /home/airflow/.local/lib/python3.12/site-packages/airflow/example_dags/example_complex.py
[2024-12-01T08:32:51.213+0000] {processor.py:840} INFO - DAG(s) 'example_complex' retrieved from /home/airflow/.local/lib/python3.12/site-packages/airflow/example_dags/example_complex.py
[2024-12-01T08:32:53.648+0000] {logging_mixin.py:188} INFO - [2024-12-01T08:32:53.632+0000] {dag.py:3096} INFO - Sync 1 DAGs
[2024-12-01T08:32:53.811+0000] {logging_mixin.py:188} INFO - [2024-12-01T08:32:53.809+0000] {dag.py:3954} INFO - Setting next_dagrun for example_complex to None, run_after=None
[2024-12-01T08:32:54.307+0000] {processor.py:183} INFO - Processing /home/airflow/.local/lib/python3.12/site-packages/airflow/example_dags/example_complex.py took 3.288 seconds
[2024-12-01T08:34:33.244+0000] {processor.py:161} INFO - Started process (PID=177) to work on /home/airflow/.local/lib/python3.12/site-packages/airflow/example_dags/example_complex.py
[2024-12-01T08:34:33.256+0000] {processor.py:830} INFO - Processing file /home/airflow/.local/lib/python3.12/site-packages/airflow/example_dags/example_complex.py for tasks to queue
[2024-12-01T08:34:33.260+0000] {logging_mixin.py:188} INFO - [2024-12-01T08:34:33.259+0000] {dagbag.py:545} INFO - Filling up the DagBag from /home/airflow/.local/lib/python3.12/site-packages/airflow/example_dags/example_complex.py
[2024-12-01T08:34:33.311+0000] {processor.py:840} INFO - DAG(s) 'example_complex' retrieved from /home/airflow/.local/lib/python3.12/site-packages/airflow/example_dags/example_complex.py
[2024-12-01T08:34:33.411+0000] {logging_mixin.py:188} INFO - [2024-12-01T08:34:33.411+0000] {dag.py:3096} INFO - Sync 1 DAGs
[2024-12-01T08:34:33.448+0000] {logging_mixin.py:188} INFO - [2024-12-01T08:34:33.447+0000] {dag.py:3954} INFO - Setting next_dagrun for example_complex to None, run_after=None
[2024-12-01T08:34:33.517+0000] {processor.py:183} INFO - Processing /home/airflow/.local/lib/python3.12/site-packages/airflow/example_dags/example_complex.py took 0.321 seconds
[2024-12-01T08:35:46.362+0000] {processor.py:161} INFO - Started process (PID=245) to work on /home/airflow/.local/lib/python3.12/site-packages/airflow/example_dags/example_complex.py
[2024-12-01T08:35:46.453+0000] {processor.py:830} INFO - Processing file /home/airflow/.local/lib/python3.12/site-packages/airflow/example_dags/example_complex.py for tasks to queue
[2024-12-01T08:35:46.691+0000] {logging_mixin.py:188} INFO - [2024-12-01T08:35:46.655+0000] {dagbag.py:545} INFO - Filling up the DagBag from /home/airflow/.local/lib/python3.12/site-packages/airflow/example_dags/example_complex.py
[2024-12-01T08:35:47.295+0000] {processor.py:840} INFO - DAG(s) 'example_complex' retrieved from /home/airflow/.local/lib/python3.12/site-packages/airflow/example_dags/example_complex.py
[2024-12-01T08:35:50.940+0000] {logging_mixin.py:188} INFO - [2024-12-01T08:35:50.916+0000] {dag.py:3096} INFO - Sync 1 DAGs
[2024-12-01T08:35:51.349+0000] {logging_mixin.py:188} INFO - [2024-12-01T08:35:51.348+0000] {dag.py:3954} INFO - Setting next_dagrun for example_complex to None, run_after=None
[2024-12-01T08:35:52.214+0000] {processor.py:183} INFO - Processing /home/airflow/.local/lib/python3.12/site-packages/airflow/example_dags/example_complex.py took 6.136 seconds
