[2024-12-01T08:32:28.954+0000] {processor.py:161} INFO - Started process (PID=76) to work on /home/airflow/.local/lib/python3.12/site-packages/airflow/example_dags/example_bash_decorator.py
[2024-12-01T08:32:28.956+0000] {processor.py:830} INFO - Processing file /home/airflow/.local/lib/python3.12/site-packages/airflow/example_dags/example_bash_decorator.py for tasks to queue
[2024-12-01T08:32:28.958+0000] {logging_mixin.py:188} INFO - [2024-12-01T08:32:28.957+0000] {dagbag.py:545} INFO - Filling up the DagBag from /home/airflow/.local/lib/python3.12/site-packages/airflow/example_dags/example_bash_decorator.py
[2024-12-01T08:32:29.048+0000] {processor.py:840} INFO - DAG(s) 'example_bash_decorator' retrieved from /home/airflow/.local/lib/python3.12/site-packages/airflow/example_dags/example_bash_decorator.py
[2024-12-01T08:32:29.344+0000] {logging_mixin.py:188} INFO - [2024-12-01T08:32:29.343+0000] {dag.py:3096} INFO - Sync 1 DAGs
[2024-12-01T08:32:29.393+0000] {logging_mixin.py:188} INFO - [2024-12-01T08:32:29.392+0000] {dag.py:3954} INFO - Setting next_dagrun for example_bash_decorator to None, run_after=None
[2024-12-01T08:32:29.514+0000] {processor.py:183} INFO - Processing /home/airflow/.local/lib/python3.12/site-packages/airflow/example_dags/example_bash_decorator.py took 0.573 seconds
[2024-12-01T08:34:13.178+0000] {processor.py:161} INFO - Started process (PID=146) to work on /home/airflow/.local/lib/python3.12/site-packages/airflow/example_dags/example_bash_decorator.py
[2024-12-01T08:34:13.557+0000] {processor.py:830} INFO - Processing file /home/airflow/.local/lib/python3.12/site-packages/airflow/example_dags/example_bash_decorator.py for tasks to queue
[2024-12-01T08:34:13.634+0000] {logging_mixin.py:188} INFO - [2024-12-01T08:34:13.627+0000] {dagbag.py:545} INFO - Filling up the DagBag from /home/airflow/.local/lib/python3.12/site-packages/airflow/example_dags/example_bash_decorator.py
[2024-12-01T08:34:14.059+0000] {processor.py:840} INFO - DAG(s) 'example_bash_decorator' retrieved from /home/airflow/.local/lib/python3.12/site-packages/airflow/example_dags/example_bash_decorator.py
[2024-12-01T08:34:14.797+0000] {logging_mixin.py:188} INFO - [2024-12-01T08:34:14.788+0000] {dag.py:3096} INFO - Sync 1 DAGs
[2024-12-01T08:34:15.420+0000] {logging_mixin.py:188} INFO - [2024-12-01T08:34:15.407+0000] {dag.py:3954} INFO - Setting next_dagrun for example_bash_decorator to None, run_after=None
[2024-12-01T08:34:16.059+0000] {processor.py:183} INFO - Processing /home/airflow/.local/lib/python3.12/site-packages/airflow/example_dags/example_bash_decorator.py took 2.958 seconds
[2024-12-01T08:35:05.503+0000] {processor.py:161} INFO - Started process (PID=210) to work on /home/airflow/.local/lib/python3.12/site-packages/airflow/example_dags/example_bash_decorator.py
[2024-12-01T08:35:05.581+0000] {processor.py:830} INFO - Processing file /home/airflow/.local/lib/python3.12/site-packages/airflow/example_dags/example_bash_decorator.py for tasks to queue
[2024-12-01T08:35:05.862+0000] {logging_mixin.py:188} INFO - [2024-12-01T08:35:05.783+0000] {dagbag.py:545} INFO - Filling up the DagBag from /home/airflow/.local/lib/python3.12/site-packages/airflow/example_dags/example_bash_decorator.py
[2024-12-01T08:35:08.301+0000] {processor.py:840} INFO - DAG(s) 'example_bash_decorator' retrieved from /home/airflow/.local/lib/python3.12/site-packages/airflow/example_dags/example_bash_decorator.py
[2024-12-01T08:35:09.785+0000] {logging_mixin.py:188} INFO - [2024-12-01T08:35:09.757+0000] {dag.py:3096} INFO - Sync 1 DAGs
[2024-12-01T08:35:10.108+0000] {logging_mixin.py:188} INFO - [2024-12-01T08:35:10.106+0000] {dag.py:3954} INFO - Setting next_dagrun for example_bash_decorator to None, run_after=None
[2024-12-01T08:35:10.486+0000] {processor.py:183} INFO - Processing /home/airflow/.local/lib/python3.12/site-packages/airflow/example_dags/example_bash_decorator.py took 5.199 seconds
