[2024-12-01T08:32:31.997+0000] {processor.py:161} INFO - Started process (PID=81) to work on /home/airflow/.local/lib/python3.12/site-packages/airflow/example_dags/example_python_operator.py
[2024-12-01T08:32:32.015+0000] {processor.py:830} INFO - Processing file /home/airflow/.local/lib/python3.12/site-packages/airflow/example_dags/example_python_operator.py for tasks to queue
[2024-12-01T08:32:32.044+0000] {logging_mixin.py:188} INFO - [2024-12-01T08:32:32.039+0000] {dagbag.py:545} INFO - Filling up the DagBag from /home/airflow/.local/lib/python3.12/site-packages/airflow/example_dags/example_python_operator.py
[2024-12-01T08:32:32.182+0000] {processor.py:840} INFO - DAG(s) 'example_python_operator' retrieved from /home/airflow/.local/lib/python3.12/site-packages/airflow/example_dags/example_python_operator.py
[2024-12-01T08:32:32.605+0000] {logging_mixin.py:188} INFO - [2024-12-01T08:32:32.604+0000] {dag.py:3096} INFO - Sync 1 DAGs
[2024-12-01T08:32:32.616+0000] {logging_mixin.py:188} INFO - [2024-12-01T08:32:32.616+0000] {dag.py:3954} INFO - Setting next_dagrun for example_python_operator to None, run_after=None
[2024-12-01T08:32:32.649+0000] {processor.py:183} INFO - Processing /home/airflow/.local/lib/python3.12/site-packages/airflow/example_dags/example_python_operator.py took 0.696 seconds
[2024-12-01T08:34:19.949+0000] {processor.py:161} INFO - Started process (PID=156) to work on /home/airflow/.local/lib/python3.12/site-packages/airflow/example_dags/example_python_operator.py
[2024-12-01T08:34:19.952+0000] {processor.py:830} INFO - Processing file /home/airflow/.local/lib/python3.12/site-packages/airflow/example_dags/example_python_operator.py for tasks to queue
[2024-12-01T08:34:19.963+0000] {logging_mixin.py:188} INFO - [2024-12-01T08:34:19.963+0000] {dagbag.py:545} INFO - Filling up the DagBag from /home/airflow/.local/lib/python3.12/site-packages/airflow/example_dags/example_python_operator.py
[2024-12-01T08:34:20.141+0000] {processor.py:840} INFO - DAG(s) 'example_python_operator' retrieved from /home/airflow/.local/lib/python3.12/site-packages/airflow/example_dags/example_python_operator.py
[2024-12-01T08:34:20.376+0000] {logging_mixin.py:188} INFO - [2024-12-01T08:34:20.375+0000] {dag.py:3096} INFO - Sync 1 DAGs
[2024-12-01T08:34:20.452+0000] {logging_mixin.py:188} INFO - [2024-12-01T08:34:20.451+0000] {dag.py:3954} INFO - Setting next_dagrun for example_python_operator to None, run_after=None
[2024-12-01T08:34:20.502+0000] {processor.py:183} INFO - Processing /home/airflow/.local/lib/python3.12/site-packages/airflow/example_dags/example_python_operator.py took 0.595 seconds
[2024-12-01T08:35:19.166+0000] {processor.py:161} INFO - Started process (PID=221) to work on /home/airflow/.local/lib/python3.12/site-packages/airflow/example_dags/example_python_operator.py
[2024-12-01T08:35:19.260+0000] {processor.py:830} INFO - Processing file /home/airflow/.local/lib/python3.12/site-packages/airflow/example_dags/example_python_operator.py for tasks to queue
[2024-12-01T08:35:19.334+0000] {logging_mixin.py:188} INFO - [2024-12-01T08:35:19.319+0000] {dagbag.py:545} INFO - Filling up the DagBag from /home/airflow/.local/lib/python3.12/site-packages/airflow/example_dags/example_python_operator.py
[2024-12-01T08:35:19.833+0000] {processor.py:840} INFO - DAG(s) 'example_python_operator' retrieved from /home/airflow/.local/lib/python3.12/site-packages/airflow/example_dags/example_python_operator.py
[2024-12-01T08:35:20.459+0000] {logging_mixin.py:188} INFO - [2024-12-01T08:35:20.434+0000] {dag.py:3096} INFO - Sync 1 DAGs
[2024-12-01T08:35:21.557+0000] {logging_mixin.py:188} INFO - [2024-12-01T08:35:21.528+0000] {dag.py:3954} INFO - Setting next_dagrun for example_python_operator to None, run_after=None
[2024-12-01T08:35:22.064+0000] {processor.py:183} INFO - Processing /home/airflow/.local/lib/python3.12/site-packages/airflow/example_dags/example_python_operator.py took 3.006 seconds
