[2024-12-01T08:32:27.438+0000] {processor.py:161} INFO - Started process (PID=74) to work on /home/airflow/.local/lib/python3.12/site-packages/airflow/example_dags/example_xcomargs.py
[2024-12-01T08:32:27.439+0000] {processor.py:830} INFO - Processing file /home/airflow/.local/lib/python3.12/site-packages/airflow/example_dags/example_xcomargs.py for tasks to queue
[2024-12-01T08:32:27.442+0000] {logging_mixin.py:188} INFO - [2024-12-01T08:32:27.441+0000] {dagbag.py:545} INFO - Filling up the DagBag from /home/airflow/.local/lib/python3.12/site-packages/airflow/example_dags/example_xcomargs.py
[2024-12-01T08:32:27.473+0000] {processor.py:840} INFO - DAG(s) 'example_xcom_args_with_operators', 'example_xcom_args' retrieved from /home/airflow/.local/lib/python3.12/site-packages/airflow/example_dags/example_xcomargs.py
[2024-12-01T08:32:27.642+0000] {logging_mixin.py:188} INFO - [2024-12-01T08:32:27.637+0000] {dag.py:3096} INFO - Sync 2 DAGs
[2024-12-01T08:32:27.670+0000] {logging_mixin.py:188} INFO - [2024-12-01T08:32:27.669+0000] {dag.py:3954} INFO - Setting next_dagrun for example_xcom_args to None, run_after=None
[2024-12-01T08:32:27.673+0000] {logging_mixin.py:188} INFO - [2024-12-01T08:32:27.673+0000] {dag.py:3954} INFO - Setting next_dagrun for example_xcom_args_with_operators to None, run_after=None
[2024-12-01T08:32:27.699+0000] {processor.py:183} INFO - Processing /home/airflow/.local/lib/python3.12/site-packages/airflow/example_dags/example_xcomargs.py took 0.270 seconds
[2024-12-01T08:34:10.362+0000] {processor.py:161} INFO - Started process (PID=144) to work on /home/airflow/.local/lib/python3.12/site-packages/airflow/example_dags/example_xcomargs.py
[2024-12-01T08:34:10.377+0000] {processor.py:830} INFO - Processing file /home/airflow/.local/lib/python3.12/site-packages/airflow/example_dags/example_xcomargs.py for tasks to queue
[2024-12-01T08:34:10.401+0000] {logging_mixin.py:188} INFO - [2024-12-01T08:34:10.400+0000] {dagbag.py:545} INFO - Filling up the DagBag from /home/airflow/.local/lib/python3.12/site-packages/airflow/example_dags/example_xcomargs.py
[2024-12-01T08:34:10.480+0000] {processor.py:840} INFO - DAG(s) 'example_xcom_args', 'example_xcom_args_with_operators' retrieved from /home/airflow/.local/lib/python3.12/site-packages/airflow/example_dags/example_xcomargs.py
[2024-12-01T08:34:10.727+0000] {logging_mixin.py:188} INFO - [2024-12-01T08:34:10.724+0000] {dag.py:3096} INFO - Sync 2 DAGs
[2024-12-01T08:34:11.008+0000] {logging_mixin.py:188} INFO - [2024-12-01T08:34:11.006+0000] {dag.py:3954} INFO - Setting next_dagrun for example_xcom_args to None, run_after=None
[2024-12-01T08:34:11.045+0000] {logging_mixin.py:188} INFO - [2024-12-01T08:34:11.044+0000] {dag.py:3954} INFO - Setting next_dagrun for example_xcom_args_with_operators to None, run_after=None
[2024-12-01T08:34:11.246+0000] {processor.py:183} INFO - Processing /home/airflow/.local/lib/python3.12/site-packages/airflow/example_dags/example_xcomargs.py took 0.934 seconds
[2024-12-01T08:35:01.622+0000] {processor.py:161} INFO - Started process (PID=207) to work on /home/airflow/.local/lib/python3.12/site-packages/airflow/example_dags/example_xcomargs.py
[2024-12-01T08:35:01.635+0000] {processor.py:830} INFO - Processing file /home/airflow/.local/lib/python3.12/site-packages/airflow/example_dags/example_xcomargs.py for tasks to queue
[2024-12-01T08:35:01.764+0000] {logging_mixin.py:188} INFO - [2024-12-01T08:35:01.728+0000] {dagbag.py:545} INFO - Filling up the DagBag from /home/airflow/.local/lib/python3.12/site-packages/airflow/example_dags/example_xcomargs.py
[2024-12-01T08:35:02.579+0000] {processor.py:840} INFO - DAG(s) 'example_xcom_args_with_operators', 'example_xcom_args' retrieved from /home/airflow/.local/lib/python3.12/site-packages/airflow/example_dags/example_xcomargs.py
[2024-12-01T08:35:03.639+0000] {logging_mixin.py:188} INFO - [2024-12-01T08:35:03.633+0000] {dag.py:3096} INFO - Sync 2 DAGs
[2024-12-01T08:35:03.761+0000] {logging_mixin.py:188} INFO - [2024-12-01T08:35:03.758+0000] {dag.py:3954} INFO - Setting next_dagrun for example_xcom_args to None, run_after=None
[2024-12-01T08:35:03.794+0000] {logging_mixin.py:188} INFO - [2024-12-01T08:35:03.793+0000] {dag.py:3954} INFO - Setting next_dagrun for example_xcom_args_with_operators to None, run_after=None
[2024-12-01T08:35:03.945+0000] {processor.py:183} INFO - Processing /home/airflow/.local/lib/python3.12/site-packages/airflow/example_dags/example_xcomargs.py took 2.390 seconds
[2024-12-01T08:35:40.155+0000] {processor.py:161} INFO - Started process (PID=244) to work on /home/airflow/.local/lib/python3.12/site-packages/airflow/example_dags/example_xcomargs.py
[2024-12-01T08:35:40.218+0000] {processor.py:830} INFO - Processing file /home/airflow/.local/lib/python3.12/site-packages/airflow/example_dags/example_xcomargs.py for tasks to queue
[2024-12-01T08:35:40.308+0000] {logging_mixin.py:188} INFO - [2024-12-01T08:35:40.302+0000] {dagbag.py:545} INFO - Filling up the DagBag from /home/airflow/.local/lib/python3.12/site-packages/airflow/example_dags/example_xcomargs.py
[2024-12-01T08:35:40.932+0000] {processor.py:840} INFO - DAG(s) 'example_xcom_args', 'example_xcom_args_with_operators' retrieved from /home/airflow/.local/lib/python3.12/site-packages/airflow/example_dags/example_xcomargs.py
[2024-12-01T08:35:42.652+0000] {logging_mixin.py:188} INFO - [2024-12-01T08:35:42.651+0000] {dag.py:3096} INFO - Sync 2 DAGs
[2024-12-01T08:35:44.543+0000] {logging_mixin.py:188} INFO - [2024-12-01T08:35:44.488+0000] {dag.py:3954} INFO - Setting next_dagrun for example_xcom_args to None, run_after=None
[2024-12-01T08:35:44.607+0000] {logging_mixin.py:188} INFO - [2024-12-01T08:35:44.607+0000] {dag.py:3954} INFO - Setting next_dagrun for example_xcom_args_with_operators to None, run_after=None
[2024-12-01T08:35:44.993+0000] {processor.py:183} INFO - Processing /home/airflow/.local/lib/python3.12/site-packages/airflow/example_dags/example_xcomargs.py took 5.082 seconds
