[2024-12-01T08:32:40.113+0000] {processor.py:161} INFO - Started process (PID=97) to work on /home/airflow/.local/lib/python3.12/site-packages/airflow/example_dags/example_params_trigger_ui.py
[2024-12-01T08:32:40.152+0000] {processor.py:830} INFO - Processing file /home/airflow/.local/lib/python3.12/site-packages/airflow/example_dags/example_params_trigger_ui.py for tasks to queue
[2024-12-01T08:32:40.163+0000] {logging_mixin.py:188} INFO - [2024-12-01T08:32:40.160+0000] {dagbag.py:545} INFO - Filling up the DagBag from /home/airflow/.local/lib/python3.12/site-packages/airflow/example_dags/example_params_trigger_ui.py
[2024-12-01T08:32:40.284+0000] {processor.py:840} INFO - DAG(s) 'example_params_trigger_ui' retrieved from /home/airflow/.local/lib/python3.12/site-packages/airflow/example_dags/example_params_trigger_ui.py
[2024-12-01T08:32:40.896+0000] {logging_mixin.py:188} INFO - [2024-12-01T08:32:40.890+0000] {dag.py:3096} INFO - Sync 1 DAGs
[2024-12-01T08:32:40.951+0000] {logging_mixin.py:188} INFO - [2024-12-01T08:32:40.949+0000] {dag.py:3954} INFO - Setting next_dagrun for example_params_trigger_ui to None, run_after=None
[2024-12-01T08:32:41.078+0000] {processor.py:183} INFO - Processing /home/airflow/.local/lib/python3.12/site-packages/airflow/example_dags/example_params_trigger_ui.py took 1.009 seconds
[2024-12-01T08:34:24.773+0000] {processor.py:161} INFO - Started process (PID=166) to work on /home/airflow/.local/lib/python3.12/site-packages/airflow/example_dags/example_params_trigger_ui.py
[2024-12-01T08:34:24.786+0000] {processor.py:830} INFO - Processing file /home/airflow/.local/lib/python3.12/site-packages/airflow/example_dags/example_params_trigger_ui.py for tasks to queue
[2024-12-01T08:34:24.811+0000] {logging_mixin.py:188} INFO - [2024-12-01T08:34:24.810+0000] {dagbag.py:545} INFO - Filling up the DagBag from /home/airflow/.local/lib/python3.12/site-packages/airflow/example_dags/example_params_trigger_ui.py
[2024-12-01T08:34:24.966+0000] {processor.py:840} INFO - DAG(s) 'example_params_trigger_ui' retrieved from /home/airflow/.local/lib/python3.12/site-packages/airflow/example_dags/example_params_trigger_ui.py
[2024-12-01T08:34:25.158+0000] {logging_mixin.py:188} INFO - [2024-12-01T08:34:25.157+0000] {dag.py:3096} INFO - Sync 1 DAGs
[2024-12-01T08:34:25.210+0000] {logging_mixin.py:188} INFO - [2024-12-01T08:34:25.209+0000] {dag.py:3954} INFO - Setting next_dagrun for example_params_trigger_ui to None, run_after=None
[2024-12-01T08:34:25.269+0000] {processor.py:183} INFO - Processing /home/airflow/.local/lib/python3.12/site-packages/airflow/example_dags/example_params_trigger_ui.py took 0.524 seconds
[2024-12-01T08:35:27.097+0000] {processor.py:161} INFO - Started process (PID=231) to work on /home/airflow/.local/lib/python3.12/site-packages/airflow/example_dags/example_params_trigger_ui.py
[2024-12-01T08:35:27.106+0000] {processor.py:830} INFO - Processing file /home/airflow/.local/lib/python3.12/site-packages/airflow/example_dags/example_params_trigger_ui.py for tasks to queue
[2024-12-01T08:35:27.113+0000] {logging_mixin.py:188} INFO - [2024-12-01T08:35:27.112+0000] {dagbag.py:545} INFO - Filling up the DagBag from /home/airflow/.local/lib/python3.12/site-packages/airflow/example_dags/example_params_trigger_ui.py
[2024-12-01T08:35:27.310+0000] {processor.py:840} INFO - DAG(s) 'example_params_trigger_ui' retrieved from /home/airflow/.local/lib/python3.12/site-packages/airflow/example_dags/example_params_trigger_ui.py
[2024-12-01T08:35:27.740+0000] {logging_mixin.py:188} INFO - [2024-12-01T08:35:27.738+0000] {dag.py:3096} INFO - Sync 1 DAGs
[2024-12-01T08:35:27.964+0000] {logging_mixin.py:188} INFO - [2024-12-01T08:35:27.963+0000] {dag.py:3954} INFO - Setting next_dagrun for example_params_trigger_ui to None, run_after=None
[2024-12-01T08:35:28.175+0000] {processor.py:183} INFO - Processing /home/airflow/.local/lib/python3.12/site-packages/airflow/example_dags/example_params_trigger_ui.py took 1.130 seconds
