[2024-12-01T08:32:41.644+0000] {processor.py:161} INFO - Started process (PID=100) to work on /home/airflow/.local/lib/python3.12/site-packages/airflow/example_dags/example_xcom.py
[2024-12-01T08:32:41.667+0000] {processor.py:830} INFO - Processing file /home/airflow/.local/lib/python3.12/site-packages/airflow/example_dags/example_xcom.py for tasks to queue
[2024-12-01T08:32:41.675+0000] {logging_mixin.py:188} INFO - [2024-12-01T08:32:41.674+0000] {dagbag.py:545} INFO - Filling up the DagBag from /home/airflow/.local/lib/python3.12/site-packages/airflow/example_dags/example_xcom.py
[2024-12-01T08:32:41.788+0000] {processor.py:840} INFO - DAG(s) 'example_xcom' retrieved from /home/airflow/.local/lib/python3.12/site-packages/airflow/example_dags/example_xcom.py
[2024-12-01T08:32:43.796+0000] {logging_mixin.py:188} INFO - [2024-12-01T08:32:43.785+0000] {dag.py:3096} INFO - Sync 1 DAGs
[2024-12-01T08:32:44.109+0000] {logging_mixin.py:188} INFO - [2024-12-01T08:32:44.108+0000] {dag.py:3954} INFO - Setting next_dagrun for example_xcom to 2021-01-01 00:00:00+00:00, run_after=2021-01-01 00:00:00+00:00
[2024-12-01T08:32:44.275+0000] {processor.py:183} INFO - Processing /home/airflow/.local/lib/python3.12/site-packages/airflow/example_dags/example_xcom.py took 2.726 seconds
[2024-12-01T08:34:26.575+0000] {processor.py:161} INFO - Started process (PID=169) to work on /home/airflow/.local/lib/python3.12/site-packages/airflow/example_dags/example_xcom.py
[2024-12-01T08:34:26.580+0000] {processor.py:830} INFO - Processing file /home/airflow/.local/lib/python3.12/site-packages/airflow/example_dags/example_xcom.py for tasks to queue
[2024-12-01T08:34:26.582+0000] {logging_mixin.py:188} INFO - [2024-12-01T08:34:26.582+0000] {dagbag.py:545} INFO - Filling up the DagBag from /home/airflow/.local/lib/python3.12/site-packages/airflow/example_dags/example_xcom.py
[2024-12-01T08:34:26.611+0000] {processor.py:840} INFO - DAG(s) 'example_xcom' retrieved from /home/airflow/.local/lib/python3.12/site-packages/airflow/example_dags/example_xcom.py
[2024-12-01T08:34:26.794+0000] {logging_mixin.py:188} INFO - [2024-12-01T08:34:26.793+0000] {dag.py:3096} INFO - Sync 1 DAGs
[2024-12-01T08:34:26.928+0000] {logging_mixin.py:188} INFO - [2024-12-01T08:34:26.926+0000] {dag.py:3954} INFO - Setting next_dagrun for example_xcom to 2021-01-01 00:00:00+00:00, run_after=2021-01-01 00:00:00+00:00
[2024-12-01T08:34:27.096+0000] {processor.py:183} INFO - Processing /home/airflow/.local/lib/python3.12/site-packages/airflow/example_dags/example_xcom.py took 0.561 seconds
[2024-12-01T08:35:31.523+0000] {processor.py:161} INFO - Started process (PID=234) to work on /home/airflow/.local/lib/python3.12/site-packages/airflow/example_dags/example_xcom.py
[2024-12-01T08:35:31.563+0000] {processor.py:830} INFO - Processing file /home/airflow/.local/lib/python3.12/site-packages/airflow/example_dags/example_xcom.py for tasks to queue
[2024-12-01T08:35:31.747+0000] {logging_mixin.py:188} INFO - [2024-12-01T08:35:31.745+0000] {dagbag.py:545} INFO - Filling up the DagBag from /home/airflow/.local/lib/python3.12/site-packages/airflow/example_dags/example_xcom.py
[2024-12-01T08:35:31.919+0000] {processor.py:840} INFO - DAG(s) 'example_xcom' retrieved from /home/airflow/.local/lib/python3.12/site-packages/airflow/example_dags/example_xcom.py
[2024-12-01T08:35:33.349+0000] {logging_mixin.py:188} INFO - [2024-12-01T08:35:33.343+0000] {dag.py:3096} INFO - Sync 1 DAGs
[2024-12-01T08:35:33.550+0000] {logging_mixin.py:188} INFO - [2024-12-01T08:35:33.548+0000] {dag.py:3954} INFO - Setting next_dagrun for example_xcom to 2021-01-01 00:00:00+00:00, run_after=2021-01-01 00:00:00+00:00
[2024-12-01T08:35:33.799+0000] {processor.py:183} INFO - Processing /home/airflow/.local/lib/python3.12/site-packages/airflow/example_dags/example_xcom.py took 2.564 seconds
