[2024-12-01T08:32:25.990+0000] {processor.py:161} INFO - Started process (PID=71) to work on /home/airflow/.local/lib/python3.12/site-packages/airflow/example_dags/tutorial.py
[2024-12-01T08:32:26.004+0000] {processor.py:830} INFO - Processing file /home/airflow/.local/lib/python3.12/site-packages/airflow/example_dags/tutorial.py for tasks to queue
[2024-12-01T08:32:26.037+0000] {logging_mixin.py:188} INFO - [2024-12-01T08:32:26.035+0000] {dagbag.py:545} INFO - Filling up the DagBag from /home/airflow/.local/lib/python3.12/site-packages/airflow/example_dags/tutorial.py
[2024-12-01T08:32:26.157+0000] {processor.py:840} INFO - DAG(s) 'tutorial' retrieved from /home/airflow/.local/lib/python3.12/site-packages/airflow/example_dags/tutorial.py
[2024-12-01T08:32:27.010+0000] {logging_mixin.py:188} INFO - [2024-12-01T08:32:27.004+0000] {dag.py:3096} INFO - Sync 1 DAGs
[2024-12-01T08:32:27.106+0000] {logging_mixin.py:188} INFO - [2024-12-01T08:32:27.105+0000] {dag.py:3954} INFO - Setting next_dagrun for tutorial to 2024-11-30 00:00:00+00:00, run_after=2024-12-01 00:00:00+00:00
[2024-12-01T08:32:27.257+0000] {processor.py:183} INFO - Processing /home/airflow/.local/lib/python3.12/site-packages/airflow/example_dags/tutorial.py took 1.373 seconds
[2024-12-01T08:33:31.958+0000] {processor.py:161} INFO - Started process (PID=135) to work on /home/airflow/.local/lib/python3.12/site-packages/airflow/example_dags/tutorial.py
[2024-12-01T08:33:31.993+0000] {processor.py:830} INFO - Processing file /home/airflow/.local/lib/python3.12/site-packages/airflow/example_dags/tutorial.py for tasks to queue
[2024-12-01T08:33:32.066+0000] {logging_mixin.py:188} INFO - [2024-12-01T08:33:32.047+0000] {dagbag.py:545} INFO - Filling up the DagBag from /home/airflow/.local/lib/python3.12/site-packages/airflow/example_dags/tutorial.py
[2024-12-01T08:33:32.291+0000] {processor.py:840} INFO - DAG(s) 'tutorial' retrieved from /home/airflow/.local/lib/python3.12/site-packages/airflow/example_dags/tutorial.py
[2024-12-01T08:33:33.014+0000] {logging_mixin.py:188} INFO - [2024-12-01T08:33:33.007+0000] {dag.py:3096} INFO - Sync 1 DAGs
[2024-12-01T08:33:33.870+0000] {logging_mixin.py:188} INFO - [2024-12-01T08:33:33.863+0000] {dag.py:3954} INFO - Setting next_dagrun for tutorial to 2024-11-30 00:00:00+00:00, run_after=2024-12-01 00:00:00+00:00
[2024-12-01T08:33:34.374+0000] {processor.py:183} INFO - Processing /home/airflow/.local/lib/python3.12/site-packages/airflow/example_dags/tutorial.py took 2.604 seconds
[2024-12-01T08:34:32.934+0000] {processor.py:161} INFO - Started process (PID=176) to work on /home/airflow/.local/lib/python3.12/site-packages/airflow/example_dags/tutorial.py
[2024-12-01T08:34:32.940+0000] {processor.py:830} INFO - Processing file /home/airflow/.local/lib/python3.12/site-packages/airflow/example_dags/tutorial.py for tasks to queue
[2024-12-01T08:34:32.947+0000] {logging_mixin.py:188} INFO - [2024-12-01T08:34:32.946+0000] {dagbag.py:545} INFO - Filling up the DagBag from /home/airflow/.local/lib/python3.12/site-packages/airflow/example_dags/tutorial.py
[2024-12-01T08:34:33.012+0000] {processor.py:840} INFO - DAG(s) 'tutorial' retrieved from /home/airflow/.local/lib/python3.12/site-packages/airflow/example_dags/tutorial.py
[2024-12-01T08:34:33.157+0000] {logging_mixin.py:188} INFO - [2024-12-01T08:34:33.156+0000] {dag.py:3096} INFO - Sync 1 DAGs
[2024-12-01T08:34:33.228+0000] {logging_mixin.py:188} INFO - [2024-12-01T08:34:33.227+0000] {dag.py:3954} INFO - Setting next_dagrun for tutorial to 2024-11-30 00:00:00+00:00, run_after=2024-12-01 00:00:00+00:00
[2024-12-01T08:34:33.298+0000] {processor.py:183} INFO - Processing /home/airflow/.local/lib/python3.12/site-packages/airflow/example_dags/tutorial.py took 0.388 seconds
[2024-12-01T08:35:38.080+0000] {processor.py:161} INFO - Started process (PID=241) to work on /home/airflow/.local/lib/python3.12/site-packages/airflow/example_dags/tutorial.py
[2024-12-01T08:35:38.090+0000] {processor.py:830} INFO - Processing file /home/airflow/.local/lib/python3.12/site-packages/airflow/example_dags/tutorial.py for tasks to queue
[2024-12-01T08:35:38.094+0000] {logging_mixin.py:188} INFO - [2024-12-01T08:35:38.094+0000] {dagbag.py:545} INFO - Filling up the DagBag from /home/airflow/.local/lib/python3.12/site-packages/airflow/example_dags/tutorial.py
[2024-12-01T08:35:38.117+0000] {processor.py:840} INFO - DAG(s) 'tutorial' retrieved from /home/airflow/.local/lib/python3.12/site-packages/airflow/example_dags/tutorial.py
[2024-12-01T08:35:38.182+0000] {logging_mixin.py:188} INFO - [2024-12-01T08:35:38.182+0000] {dag.py:3096} INFO - Sync 1 DAGs
[2024-12-01T08:35:38.397+0000] {logging_mixin.py:188} INFO - [2024-12-01T08:35:38.394+0000] {dag.py:3954} INFO - Setting next_dagrun for tutorial to 2024-11-30 00:00:00+00:00, run_after=2024-12-01 00:00:00+00:00
[2024-12-01T08:35:38.613+0000] {processor.py:183} INFO - Processing /home/airflow/.local/lib/python3.12/site-packages/airflow/example_dags/tutorial.py took 0.657 seconds
