[2024-12-01T08:32:32.687+0000] {processor.py:161} INFO - Started process (PID=83) to work on /home/airflow/.local/lib/python3.12/site-packages/airflow/example_dags/tutorial_dag.py
[2024-12-01T08:32:32.709+0000] {processor.py:830} INFO - Processing file /home/airflow/.local/lib/python3.12/site-packages/airflow/example_dags/tutorial_dag.py for tasks to queue
[2024-12-01T08:32:32.711+0000] {logging_mixin.py:188} INFO - [2024-12-01T08:32:32.711+0000] {dagbag.py:545} INFO - Filling up the DagBag from /home/airflow/.local/lib/python3.12/site-packages/airflow/example_dags/tutorial_dag.py
[2024-12-01T08:32:32.720+0000] {processor.py:840} INFO - DAG(s) 'tutorial_dag' retrieved from /home/airflow/.local/lib/python3.12/site-packages/airflow/example_dags/tutorial_dag.py
[2024-12-01T08:32:33.491+0000] {logging_mixin.py:188} INFO - [2024-12-01T08:32:33.489+0000] {dag.py:3096} INFO - Sync 1 DAGs
[2024-12-01T08:32:33.524+0000] {logging_mixin.py:188} INFO - [2024-12-01T08:32:33.524+0000] {dag.py:3954} INFO - Setting next_dagrun for tutorial_dag to None, run_after=None
[2024-12-01T08:32:33.910+0000] {processor.py:183} INFO - Processing /home/airflow/.local/lib/python3.12/site-packages/airflow/example_dags/tutorial_dag.py took 1.308 seconds
[2024-12-01T08:34:21.102+0000] {processor.py:161} INFO - Started process (PID=158) to work on /home/airflow/.local/lib/python3.12/site-packages/airflow/example_dags/tutorial_dag.py
[2024-12-01T08:34:21.128+0000] {processor.py:830} INFO - Processing file /home/airflow/.local/lib/python3.12/site-packages/airflow/example_dags/tutorial_dag.py for tasks to queue
[2024-12-01T08:34:21.156+0000] {logging_mixin.py:188} INFO - [2024-12-01T08:34:21.155+0000] {dagbag.py:545} INFO - Filling up the DagBag from /home/airflow/.local/lib/python3.12/site-packages/airflow/example_dags/tutorial_dag.py
[2024-12-01T08:34:21.188+0000] {processor.py:840} INFO - DAG(s) 'tutorial_dag' retrieved from /home/airflow/.local/lib/python3.12/site-packages/airflow/example_dags/tutorial_dag.py
[2024-12-01T08:34:21.318+0000] {logging_mixin.py:188} INFO - [2024-12-01T08:34:21.317+0000] {dag.py:3096} INFO - Sync 1 DAGs
[2024-12-01T08:34:21.461+0000] {logging_mixin.py:188} INFO - [2024-12-01T08:34:21.461+0000] {dag.py:3954} INFO - Setting next_dagrun for tutorial_dag to None, run_after=None
[2024-12-01T08:34:21.569+0000] {processor.py:183} INFO - Processing /home/airflow/.local/lib/python3.12/site-packages/airflow/example_dags/tutorial_dag.py took 0.486 seconds
[2024-12-01T08:35:23.043+0000] {processor.py:161} INFO - Started process (PID=223) to work on /home/airflow/.local/lib/python3.12/site-packages/airflow/example_dags/tutorial_dag.py
[2024-12-01T08:35:23.051+0000] {processor.py:830} INFO - Processing file /home/airflow/.local/lib/python3.12/site-packages/airflow/example_dags/tutorial_dag.py for tasks to queue
[2024-12-01T08:35:23.106+0000] {logging_mixin.py:188} INFO - [2024-12-01T08:35:23.094+0000] {dagbag.py:545} INFO - Filling up the DagBag from /home/airflow/.local/lib/python3.12/site-packages/airflow/example_dags/tutorial_dag.py
[2024-12-01T08:35:23.245+0000] {processor.py:840} INFO - DAG(s) 'tutorial_dag' retrieved from /home/airflow/.local/lib/python3.12/site-packages/airflow/example_dags/tutorial_dag.py
[2024-12-01T08:35:23.466+0000] {logging_mixin.py:188} INFO - [2024-12-01T08:35:23.440+0000] {dag.py:3096} INFO - Sync 1 DAGs
[2024-12-01T08:35:23.569+0000] {logging_mixin.py:188} INFO - [2024-12-01T08:35:23.568+0000] {dag.py:3954} INFO - Setting next_dagrun for tutorial_dag to None, run_after=None
[2024-12-01T08:35:23.617+0000] {processor.py:183} INFO - Processing /home/airflow/.local/lib/python3.12/site-packages/airflow/example_dags/tutorial_dag.py took 0.863 seconds
