[2024-12-04T07:29:02.199+0000] {processor.py:161} INFO - Started process (PID=64) to work on /home/airflow/.local/lib/python3.12/site-packages/airflow/example_dags/example_external_task_marker_dag.py
[2024-12-04T07:29:02.206+0000] {processor.py:830} INFO - Processing file /home/airflow/.local/lib/python3.12/site-packages/airflow/example_dags/example_external_task_marker_dag.py for tasks to queue
[2024-12-04T07:29:02.211+0000] {logging_mixin.py:188} INFO - [2024-12-04T07:29:02.210+0000] {dagbag.py:545} INFO - Filling up the DagBag from /home/airflow/.local/lib/python3.12/site-packages/airflow/example_dags/example_external_task_marker_dag.py
[2024-12-04T07:29:02.224+0000] {processor.py:840} INFO - DAG(s) 'example_external_task_marker_child', 'example_external_task_marker_parent' retrieved from /home/airflow/.local/lib/python3.12/site-packages/airflow/example_dags/example_external_task_marker_dag.py
[2024-12-04T07:29:02.263+0000] {logging_mixin.py:188} INFO - [2024-12-04T07:29:02.262+0000] {dag.py:3096} INFO - Sync 2 DAGs
[2024-12-04T07:29:02.301+0000] {logging_mixin.py:188} INFO - [2024-12-04T07:29:02.299+0000] {dag.py:3954} INFO - Setting next_dagrun for example_external_task_marker_child to None, run_after=None
[2024-12-04T07:29:02.313+0000] {logging_mixin.py:188} INFO - [2024-12-04T07:29:02.313+0000] {dag.py:3954} INFO - Setting next_dagrun for example_external_task_marker_parent to None, run_after=None
[2024-12-04T07:29:02.378+0000] {processor.py:183} INFO - Processing /home/airflow/.local/lib/python3.12/site-packages/airflow/example_dags/example_external_task_marker_dag.py took 0.206 seconds
[2024-12-04T07:29:33.281+0000] {processor.py:161} INFO - Started process (PID=122) to work on /home/airflow/.local/lib/python3.12/site-packages/airflow/example_dags/example_external_task_marker_dag.py
[2024-12-04T07:29:33.282+0000] {processor.py:830} INFO - Processing file /home/airflow/.local/lib/python3.12/site-packages/airflow/example_dags/example_external_task_marker_dag.py for tasks to queue
[2024-12-04T07:29:33.283+0000] {logging_mixin.py:188} INFO - [2024-12-04T07:29:33.283+0000] {dagbag.py:545} INFO - Filling up the DagBag from /home/airflow/.local/lib/python3.12/site-packages/airflow/example_dags/example_external_task_marker_dag.py
[2024-12-04T07:29:33.287+0000] {processor.py:840} INFO - DAG(s) 'example_external_task_marker_child', 'example_external_task_marker_parent' retrieved from /home/airflow/.local/lib/python3.12/site-packages/airflow/example_dags/example_external_task_marker_dag.py
[2024-12-04T07:29:33.369+0000] {logging_mixin.py:188} INFO - [2024-12-04T07:29:33.369+0000] {dag.py:3096} INFO - Sync 2 DAGs
[2024-12-04T07:29:33.376+0000] {logging_mixin.py:188} INFO - [2024-12-04T07:29:33.375+0000] {dag.py:3954} INFO - Setting next_dagrun for example_external_task_marker_child to None, run_after=None
[2024-12-04T07:29:33.381+0000] {logging_mixin.py:188} INFO - [2024-12-04T07:29:33.381+0000] {dag.py:3954} INFO - Setting next_dagrun for example_external_task_marker_parent to None, run_after=None
[2024-12-04T07:29:33.403+0000] {processor.py:183} INFO - Processing /home/airflow/.local/lib/python3.12/site-packages/airflow/example_dags/example_external_task_marker_dag.py took 0.125 seconds
[2024-12-04T07:30:04.363+0000] {processor.py:161} INFO - Started process (PID=180) to work on /home/airflow/.local/lib/python3.12/site-packages/airflow/example_dags/example_external_task_marker_dag.py
[2024-12-04T07:30:04.364+0000] {processor.py:830} INFO - Processing file /home/airflow/.local/lib/python3.12/site-packages/airflow/example_dags/example_external_task_marker_dag.py for tasks to queue
[2024-12-04T07:30:04.365+0000] {logging_mixin.py:188} INFO - [2024-12-04T07:30:04.365+0000] {dagbag.py:545} INFO - Filling up the DagBag from /home/airflow/.local/lib/python3.12/site-packages/airflow/example_dags/example_external_task_marker_dag.py
[2024-12-04T07:30:04.369+0000] {processor.py:840} INFO - DAG(s) 'example_external_task_marker_child', 'example_external_task_marker_parent' retrieved from /home/airflow/.local/lib/python3.12/site-packages/airflow/example_dags/example_external_task_marker_dag.py
[2024-12-04T07:30:04.383+0000] {logging_mixin.py:188} INFO - [2024-12-04T07:30:04.382+0000] {dag.py:3096} INFO - Sync 2 DAGs
[2024-12-04T07:30:04.390+0000] {logging_mixin.py:188} INFO - [2024-12-04T07:30:04.390+0000] {dag.py:3954} INFO - Setting next_dagrun for example_external_task_marker_child to None, run_after=None
[2024-12-04T07:30:04.392+0000] {logging_mixin.py:188} INFO - [2024-12-04T07:30:04.392+0000] {dag.py:3954} INFO - Setting next_dagrun for example_external_task_marker_parent to None, run_after=None
[2024-12-04T07:30:04.404+0000] {processor.py:183} INFO - Processing /home/airflow/.local/lib/python3.12/site-packages/airflow/example_dags/example_external_task_marker_dag.py took 0.044 seconds
[2024-12-04T07:30:35.540+0000] {processor.py:161} INFO - Started process (PID=238) to work on /home/airflow/.local/lib/python3.12/site-packages/airflow/example_dags/example_external_task_marker_dag.py
[2024-12-04T07:30:35.541+0000] {processor.py:830} INFO - Processing file /home/airflow/.local/lib/python3.12/site-packages/airflow/example_dags/example_external_task_marker_dag.py for tasks to queue
[2024-12-04T07:30:35.542+0000] {logging_mixin.py:188} INFO - [2024-12-04T07:30:35.542+0000] {dagbag.py:545} INFO - Filling up the DagBag from /home/airflow/.local/lib/python3.12/site-packages/airflow/example_dags/example_external_task_marker_dag.py
[2024-12-04T07:30:35.548+0000] {processor.py:840} INFO - DAG(s) 'example_external_task_marker_child', 'example_external_task_marker_parent' retrieved from /home/airflow/.local/lib/python3.12/site-packages/airflow/example_dags/example_external_task_marker_dag.py
[2024-12-04T07:30:35.570+0000] {logging_mixin.py:188} INFO - [2024-12-04T07:30:35.570+0000] {dag.py:3096} INFO - Sync 2 DAGs
[2024-12-04T07:30:35.580+0000] {logging_mixin.py:188} INFO - [2024-12-04T07:30:35.580+0000] {dag.py:3954} INFO - Setting next_dagrun for example_external_task_marker_child to None, run_after=None
[2024-12-04T07:30:35.585+0000] {logging_mixin.py:188} INFO - [2024-12-04T07:30:35.585+0000] {dag.py:3954} INFO - Setting next_dagrun for example_external_task_marker_parent to None, run_after=None
[2024-12-04T07:30:35.596+0000] {processor.py:183} INFO - Processing /home/airflow/.local/lib/python3.12/site-packages/airflow/example_dags/example_external_task_marker_dag.py took 0.060 seconds
[2024-12-04T07:31:05.748+0000] {processor.py:161} INFO - Started process (PID=296) to work on /home/airflow/.local/lib/python3.12/site-packages/airflow/example_dags/example_external_task_marker_dag.py
[2024-12-04T07:31:05.749+0000] {processor.py:830} INFO - Processing file /home/airflow/.local/lib/python3.12/site-packages/airflow/example_dags/example_external_task_marker_dag.py for tasks to queue
[2024-12-04T07:31:05.750+0000] {logging_mixin.py:188} INFO - [2024-12-04T07:31:05.750+0000] {dagbag.py:545} INFO - Filling up the DagBag from /home/airflow/.local/lib/python3.12/site-packages/airflow/example_dags/example_external_task_marker_dag.py
[2024-12-04T07:31:05.753+0000] {processor.py:840} INFO - DAG(s) 'example_external_task_marker_parent', 'example_external_task_marker_child' retrieved from /home/airflow/.local/lib/python3.12/site-packages/airflow/example_dags/example_external_task_marker_dag.py
[2024-12-04T07:31:05.771+0000] {logging_mixin.py:188} INFO - [2024-12-04T07:31:05.771+0000] {dag.py:3096} INFO - Sync 2 DAGs
[2024-12-04T07:31:05.783+0000] {logging_mixin.py:188} INFO - [2024-12-04T07:31:05.782+0000] {dag.py:3954} INFO - Setting next_dagrun for example_external_task_marker_child to None, run_after=None
[2024-12-04T07:31:05.787+0000] {logging_mixin.py:188} INFO - [2024-12-04T07:31:05.787+0000] {dag.py:3954} INFO - Setting next_dagrun for example_external_task_marker_parent to None, run_after=None
[2024-12-04T07:31:05.804+0000] {processor.py:183} INFO - Processing /home/airflow/.local/lib/python3.12/site-packages/airflow/example_dags/example_external_task_marker_dag.py took 0.059 seconds
[2024-12-04T07:31:36.584+0000] {processor.py:161} INFO - Started process (PID=354) to work on /home/airflow/.local/lib/python3.12/site-packages/airflow/example_dags/example_external_task_marker_dag.py
[2024-12-04T07:31:36.584+0000] {processor.py:830} INFO - Processing file /home/airflow/.local/lib/python3.12/site-packages/airflow/example_dags/example_external_task_marker_dag.py for tasks to queue
[2024-12-04T07:31:36.585+0000] {logging_mixin.py:188} INFO - [2024-12-04T07:31:36.585+0000] {dagbag.py:545} INFO - Filling up the DagBag from /home/airflow/.local/lib/python3.12/site-packages/airflow/example_dags/example_external_task_marker_dag.py
[2024-12-04T07:31:36.588+0000] {processor.py:840} INFO - DAG(s) 'example_external_task_marker_parent', 'example_external_task_marker_child' retrieved from /home/airflow/.local/lib/python3.12/site-packages/airflow/example_dags/example_external_task_marker_dag.py
[2024-12-04T07:31:36.605+0000] {logging_mixin.py:188} INFO - [2024-12-04T07:31:36.604+0000] {dag.py:3096} INFO - Sync 2 DAGs
[2024-12-04T07:31:36.611+0000] {logging_mixin.py:188} INFO - [2024-12-04T07:31:36.611+0000] {dag.py:3954} INFO - Setting next_dagrun for example_external_task_marker_child to None, run_after=None
[2024-12-04T07:31:36.613+0000] {logging_mixin.py:188} INFO - [2024-12-04T07:31:36.613+0000] {dag.py:3954} INFO - Setting next_dagrun for example_external_task_marker_parent to None, run_after=None
[2024-12-04T07:31:36.623+0000] {processor.py:183} INFO - Processing /home/airflow/.local/lib/python3.12/site-packages/airflow/example_dags/example_external_task_marker_dag.py took 0.044 seconds
[2024-12-04T07:32:07.184+0000] {processor.py:161} INFO - Started process (PID=412) to work on /home/airflow/.local/lib/python3.12/site-packages/airflow/example_dags/example_external_task_marker_dag.py
[2024-12-04T07:32:07.185+0000] {processor.py:830} INFO - Processing file /home/airflow/.local/lib/python3.12/site-packages/airflow/example_dags/example_external_task_marker_dag.py for tasks to queue
[2024-12-04T07:32:07.186+0000] {logging_mixin.py:188} INFO - [2024-12-04T07:32:07.185+0000] {dagbag.py:545} INFO - Filling up the DagBag from /home/airflow/.local/lib/python3.12/site-packages/airflow/example_dags/example_external_task_marker_dag.py
[2024-12-04T07:32:07.189+0000] {processor.py:840} INFO - DAG(s) 'example_external_task_marker_child', 'example_external_task_marker_parent' retrieved from /home/airflow/.local/lib/python3.12/site-packages/airflow/example_dags/example_external_task_marker_dag.py
[2024-12-04T07:32:07.213+0000] {logging_mixin.py:188} INFO - [2024-12-04T07:32:07.212+0000] {dag.py:3096} INFO - Sync 2 DAGs
[2024-12-04T07:32:07.219+0000] {logging_mixin.py:188} INFO - [2024-12-04T07:32:07.219+0000] {dag.py:3954} INFO - Setting next_dagrun for example_external_task_marker_child to None, run_after=None
[2024-12-04T07:32:07.222+0000] {logging_mixin.py:188} INFO - [2024-12-04T07:32:07.222+0000] {dag.py:3954} INFO - Setting next_dagrun for example_external_task_marker_parent to None, run_after=None
[2024-12-04T07:32:07.235+0000] {processor.py:183} INFO - Processing /home/airflow/.local/lib/python3.12/site-packages/airflow/example_dags/example_external_task_marker_dag.py took 0.055 seconds
[2024-12-04T07:32:38.190+0000] {processor.py:161} INFO - Started process (PID=470) to work on /home/airflow/.local/lib/python3.12/site-packages/airflow/example_dags/example_external_task_marker_dag.py
[2024-12-04T07:32:38.192+0000] {processor.py:830} INFO - Processing file /home/airflow/.local/lib/python3.12/site-packages/airflow/example_dags/example_external_task_marker_dag.py for tasks to queue
[2024-12-04T07:32:38.194+0000] {logging_mixin.py:188} INFO - [2024-12-04T07:32:38.193+0000] {dagbag.py:545} INFO - Filling up the DagBag from /home/airflow/.local/lib/python3.12/site-packages/airflow/example_dags/example_external_task_marker_dag.py
[2024-12-04T07:32:38.198+0000] {processor.py:840} INFO - DAG(s) 'example_external_task_marker_child', 'example_external_task_marker_parent' retrieved from /home/airflow/.local/lib/python3.12/site-packages/airflow/example_dags/example_external_task_marker_dag.py
[2024-12-04T07:32:38.217+0000] {logging_mixin.py:188} INFO - [2024-12-04T07:32:38.217+0000] {dag.py:3096} INFO - Sync 2 DAGs
[2024-12-04T07:32:38.226+0000] {logging_mixin.py:188} INFO - [2024-12-04T07:32:38.225+0000] {dag.py:3954} INFO - Setting next_dagrun for example_external_task_marker_child to None, run_after=None
[2024-12-04T07:32:38.228+0000] {logging_mixin.py:188} INFO - [2024-12-04T07:32:38.228+0000] {dag.py:3954} INFO - Setting next_dagrun for example_external_task_marker_parent to None, run_after=None
[2024-12-04T07:32:38.237+0000] {processor.py:183} INFO - Processing /home/airflow/.local/lib/python3.12/site-packages/airflow/example_dags/example_external_task_marker_dag.py took 0.050 seconds
