[2024-12-04T07:29:02.993+0000] {processor.py:161} INFO - Started process (PID=69) to work on /home/airflow/.local/lib/python3.12/site-packages/airflow/example_dags/example_sla_dag.py
[2024-12-04T07:29:02.995+0000] {processor.py:830} INFO - Processing file /home/airflow/.local/lib/python3.12/site-packages/airflow/example_dags/example_sla_dag.py for tasks to queue
[2024-12-04T07:29:02.999+0000] {logging_mixin.py:188} INFO - [2024-12-04T07:29:02.998+0000] {dagbag.py:545} INFO - Filling up the DagBag from /home/airflow/.local/lib/python3.12/site-packages/airflow/example_dags/example_sla_dag.py
[2024-12-04T07:29:03.033+0000] {processor.py:840} INFO - DAG(s) 'example_sla_dag' retrieved from /home/airflow/.local/lib/python3.12/site-packages/airflow/example_dags/example_sla_dag.py
[2024-12-04T07:29:03.086+0000] {logging_mixin.py:188} INFO - [2024-12-04T07:29:03.075+0000] {dag.py:3096} INFO - Sync 1 DAGs
[2024-12-04T07:29:03.174+0000] {logging_mixin.py:188} INFO - [2024-12-04T07:29:03.174+0000] {dag.py:3954} INFO - Setting next_dagrun for example_sla_dag to 2024-12-04 07:26:00+00:00, run_after=2024-12-04 07:28:00+00:00
[2024-12-04T07:29:03.242+0000] {processor.py:183} INFO - Processing /home/airflow/.local/lib/python3.12/site-packages/airflow/example_dags/example_sla_dag.py took 0.265 seconds
[2024-12-04T07:29:33.580+0000] {processor.py:161} INFO - Started process (PID=127) to work on /home/airflow/.local/lib/python3.12/site-packages/airflow/example_dags/example_sla_dag.py
[2024-12-04T07:29:33.583+0000] {processor.py:830} INFO - Processing file /home/airflow/.local/lib/python3.12/site-packages/airflow/example_dags/example_sla_dag.py for tasks to queue
[2024-12-04T07:29:33.584+0000] {logging_mixin.py:188} INFO - [2024-12-04T07:29:33.584+0000] {dagbag.py:545} INFO - Filling up the DagBag from /home/airflow/.local/lib/python3.12/site-packages/airflow/example_dags/example_sla_dag.py
[2024-12-04T07:29:33.590+0000] {processor.py:840} INFO - DAG(s) 'example_sla_dag' retrieved from /home/airflow/.local/lib/python3.12/site-packages/airflow/example_dags/example_sla_dag.py
[2024-12-04T07:29:33.646+0000] {logging_mixin.py:188} INFO - [2024-12-04T07:29:33.645+0000] {dag.py:3096} INFO - Sync 1 DAGs
[2024-12-04T07:29:33.656+0000] {logging_mixin.py:188} INFO - [2024-12-04T07:29:33.656+0000] {dag.py:3954} INFO - Setting next_dagrun for example_sla_dag to 2024-12-04 07:26:00+00:00, run_after=2024-12-04 07:28:00+00:00
[2024-12-04T07:29:33.670+0000] {processor.py:183} INFO - Processing /home/airflow/.local/lib/python3.12/site-packages/airflow/example_dags/example_sla_dag.py took 0.092 seconds
[2024-12-04T07:30:04.502+0000] {processor.py:161} INFO - Started process (PID=185) to work on /home/airflow/.local/lib/python3.12/site-packages/airflow/example_dags/example_sla_dag.py
[2024-12-04T07:30:04.504+0000] {processor.py:830} INFO - Processing file /home/airflow/.local/lib/python3.12/site-packages/airflow/example_dags/example_sla_dag.py for tasks to queue
[2024-12-04T07:30:04.508+0000] {logging_mixin.py:188} INFO - [2024-12-04T07:30:04.508+0000] {dagbag.py:545} INFO - Filling up the DagBag from /home/airflow/.local/lib/python3.12/site-packages/airflow/example_dags/example_sla_dag.py
[2024-12-04T07:30:04.513+0000] {processor.py:840} INFO - DAG(s) 'example_sla_dag' retrieved from /home/airflow/.local/lib/python3.12/site-packages/airflow/example_dags/example_sla_dag.py
[2024-12-04T07:30:04.528+0000] {logging_mixin.py:188} INFO - [2024-12-04T07:30:04.528+0000] {dag.py:3096} INFO - Sync 1 DAGs
[2024-12-04T07:30:04.541+0000] {logging_mixin.py:188} INFO - [2024-12-04T07:30:04.541+0000] {dag.py:3954} INFO - Setting next_dagrun for example_sla_dag to 2024-12-04 07:28:00+00:00, run_after=2024-12-04 07:30:00+00:00
[2024-12-04T07:30:04.552+0000] {processor.py:183} INFO - Processing /home/airflow/.local/lib/python3.12/site-packages/airflow/example_dags/example_sla_dag.py took 0.053 seconds
[2024-12-04T07:30:35.725+0000] {processor.py:161} INFO - Started process (PID=243) to work on /home/airflow/.local/lib/python3.12/site-packages/airflow/example_dags/example_sla_dag.py
[2024-12-04T07:30:35.726+0000] {processor.py:830} INFO - Processing file /home/airflow/.local/lib/python3.12/site-packages/airflow/example_dags/example_sla_dag.py for tasks to queue
[2024-12-04T07:30:35.727+0000] {logging_mixin.py:188} INFO - [2024-12-04T07:30:35.727+0000] {dagbag.py:545} INFO - Filling up the DagBag from /home/airflow/.local/lib/python3.12/site-packages/airflow/example_dags/example_sla_dag.py
[2024-12-04T07:30:35.732+0000] {processor.py:840} INFO - DAG(s) 'example_sla_dag' retrieved from /home/airflow/.local/lib/python3.12/site-packages/airflow/example_dags/example_sla_dag.py
[2024-12-04T07:30:35.749+0000] {logging_mixin.py:188} INFO - [2024-12-04T07:30:35.748+0000] {dag.py:3096} INFO - Sync 1 DAGs
[2024-12-04T07:30:35.763+0000] {logging_mixin.py:188} INFO - [2024-12-04T07:30:35.763+0000] {dag.py:3954} INFO - Setting next_dagrun for example_sla_dag to 2024-12-04 07:28:00+00:00, run_after=2024-12-04 07:30:00+00:00
[2024-12-04T07:30:35.775+0000] {processor.py:183} INFO - Processing /home/airflow/.local/lib/python3.12/site-packages/airflow/example_dags/example_sla_dag.py took 0.054 seconds
[2024-12-04T07:31:05.891+0000] {processor.py:161} INFO - Started process (PID=301) to work on /home/airflow/.local/lib/python3.12/site-packages/airflow/example_dags/example_sla_dag.py
[2024-12-04T07:31:05.894+0000] {processor.py:830} INFO - Processing file /home/airflow/.local/lib/python3.12/site-packages/airflow/example_dags/example_sla_dag.py for tasks to queue
[2024-12-04T07:31:05.895+0000] {logging_mixin.py:188} INFO - [2024-12-04T07:31:05.895+0000] {dagbag.py:545} INFO - Filling up the DagBag from /home/airflow/.local/lib/python3.12/site-packages/airflow/example_dags/example_sla_dag.py
[2024-12-04T07:31:05.900+0000] {processor.py:840} INFO - DAG(s) 'example_sla_dag' retrieved from /home/airflow/.local/lib/python3.12/site-packages/airflow/example_dags/example_sla_dag.py
[2024-12-04T07:31:05.913+0000] {logging_mixin.py:188} INFO - [2024-12-04T07:31:05.913+0000] {dag.py:3096} INFO - Sync 1 DAGs
[2024-12-04T07:31:05.925+0000] {logging_mixin.py:188} INFO - [2024-12-04T07:31:05.925+0000] {dag.py:3954} INFO - Setting next_dagrun for example_sla_dag to 2024-12-04 07:28:00+00:00, run_after=2024-12-04 07:30:00+00:00
[2024-12-04T07:31:05.934+0000] {processor.py:183} INFO - Processing /home/airflow/.local/lib/python3.12/site-packages/airflow/example_dags/example_sla_dag.py took 0.046 seconds
[2024-12-04T07:31:36.764+0000] {processor.py:161} INFO - Started process (PID=359) to work on /home/airflow/.local/lib/python3.12/site-packages/airflow/example_dags/example_sla_dag.py
[2024-12-04T07:31:36.767+0000] {processor.py:830} INFO - Processing file /home/airflow/.local/lib/python3.12/site-packages/airflow/example_dags/example_sla_dag.py for tasks to queue
[2024-12-04T07:31:36.768+0000] {logging_mixin.py:188} INFO - [2024-12-04T07:31:36.768+0000] {dagbag.py:545} INFO - Filling up the DagBag from /home/airflow/.local/lib/python3.12/site-packages/airflow/example_dags/example_sla_dag.py
[2024-12-04T07:31:36.773+0000] {processor.py:840} INFO - DAG(s) 'example_sla_dag' retrieved from /home/airflow/.local/lib/python3.12/site-packages/airflow/example_dags/example_sla_dag.py
[2024-12-04T07:31:36.792+0000] {logging_mixin.py:188} INFO - [2024-12-04T07:31:36.792+0000] {dag.py:3096} INFO - Sync 1 DAGs
[2024-12-04T07:31:36.811+0000] {logging_mixin.py:188} INFO - [2024-12-04T07:31:36.811+0000] {dag.py:3954} INFO - Setting next_dagrun for example_sla_dag to 2024-12-04 07:28:00+00:00, run_after=2024-12-04 07:30:00+00:00
[2024-12-04T07:31:36.829+0000] {processor.py:183} INFO - Processing /home/airflow/.local/lib/python3.12/site-packages/airflow/example_dags/example_sla_dag.py took 0.069 seconds
[2024-12-04T07:32:07.342+0000] {processor.py:161} INFO - Started process (PID=417) to work on /home/airflow/.local/lib/python3.12/site-packages/airflow/example_dags/example_sla_dag.py
[2024-12-04T07:32:07.344+0000] {processor.py:830} INFO - Processing file /home/airflow/.local/lib/python3.12/site-packages/airflow/example_dags/example_sla_dag.py for tasks to queue
[2024-12-04T07:32:07.345+0000] {logging_mixin.py:188} INFO - [2024-12-04T07:32:07.345+0000] {dagbag.py:545} INFO - Filling up the DagBag from /home/airflow/.local/lib/python3.12/site-packages/airflow/example_dags/example_sla_dag.py
[2024-12-04T07:32:07.351+0000] {processor.py:840} INFO - DAG(s) 'example_sla_dag' retrieved from /home/airflow/.local/lib/python3.12/site-packages/airflow/example_dags/example_sla_dag.py
[2024-12-04T07:32:07.365+0000] {logging_mixin.py:188} INFO - [2024-12-04T07:32:07.365+0000] {dag.py:3096} INFO - Sync 1 DAGs
[2024-12-04T07:32:07.381+0000] {logging_mixin.py:188} INFO - [2024-12-04T07:32:07.381+0000] {dag.py:3954} INFO - Setting next_dagrun for example_sla_dag to 2024-12-04 07:30:00+00:00, run_after=2024-12-04 07:32:00+00:00
[2024-12-04T07:32:07.392+0000] {processor.py:183} INFO - Processing /home/airflow/.local/lib/python3.12/site-packages/airflow/example_dags/example_sla_dag.py took 0.053 seconds
[2024-12-04T07:32:38.319+0000] {processor.py:161} INFO - Started process (PID=475) to work on /home/airflow/.local/lib/python3.12/site-packages/airflow/example_dags/example_sla_dag.py
[2024-12-04T07:32:38.320+0000] {processor.py:830} INFO - Processing file /home/airflow/.local/lib/python3.12/site-packages/airflow/example_dags/example_sla_dag.py for tasks to queue
[2024-12-04T07:32:38.321+0000] {logging_mixin.py:188} INFO - [2024-12-04T07:32:38.321+0000] {dagbag.py:545} INFO - Filling up the DagBag from /home/airflow/.local/lib/python3.12/site-packages/airflow/example_dags/example_sla_dag.py
[2024-12-04T07:32:38.325+0000] {processor.py:840} INFO - DAG(s) 'example_sla_dag' retrieved from /home/airflow/.local/lib/python3.12/site-packages/airflow/example_dags/example_sla_dag.py
[2024-12-04T07:32:38.339+0000] {logging_mixin.py:188} INFO - [2024-12-04T07:32:38.339+0000] {dag.py:3096} INFO - Sync 1 DAGs
[2024-12-04T07:32:38.350+0000] {logging_mixin.py:188} INFO - [2024-12-04T07:32:38.350+0000] {dag.py:3954} INFO - Setting next_dagrun for example_sla_dag to 2024-12-04 07:30:00+00:00, run_after=2024-12-04 07:32:00+00:00
[2024-12-04T07:32:38.360+0000] {processor.py:183} INFO - Processing /home/airflow/.local/lib/python3.12/site-packages/airflow/example_dags/example_sla_dag.py took 0.044 seconds
