[2024-12-04T07:29:05.130+0000] {processor.py:161} INFO - Started process (PID=80) to work on /home/airflow/.local/lib/python3.12/site-packages/airflow/example_dags/example_subdag_operator.py
[2024-12-04T07:29:05.132+0000] {processor.py:830} INFO - Processing file /home/airflow/.local/lib/python3.12/site-packages/airflow/example_dags/example_subdag_operator.py for tasks to queue
[2024-12-04T07:29:05.140+0000] {logging_mixin.py:188} INFO - [2024-12-04T07:29:05.139+0000] {dagbag.py:545} INFO - Filling up the DagBag from /home/airflow/.local/lib/python3.12/site-packages/airflow/example_dags/example_subdag_operator.py
[2024-12-04T07:29:05.217+0000] {processor.py:840} INFO - DAG(s) 'example_subdag_operator.section-1', 'example_subdag_operator.section-2', 'example_subdag_operator' retrieved from /home/airflow/.local/lib/python3.12/site-packages/airflow/example_dags/example_subdag_operator.py
[2024-12-04T07:29:05.226+0000] {logging_mixin.py:188} INFO - [2024-12-04T07:29:05.224+0000] {dag.py:3096} INFO - Sync 3 DAGs
[2024-12-04T07:29:05.279+0000] {logging_mixin.py:188} INFO - [2024-12-04T07:29:05.279+0000] {dag.py:3954} INFO - Setting next_dagrun for example_subdag_operator to 2022-01-01 00:00:00+00:00, run_after=2022-01-01 00:00:00+00:00
[2024-12-04T07:29:05.292+0000] {logging_mixin.py:188} INFO - [2024-12-04T07:29:05.291+0000] {dag.py:3954} INFO - Setting next_dagrun for example_subdag_operator.section-1 to None, run_after=None
[2024-12-04T07:29:05.298+0000] {logging_mixin.py:188} INFO - [2024-12-04T07:29:05.297+0000] {dag.py:3954} INFO - Setting next_dagrun for example_subdag_operator.section-2 to None, run_after=None
[2024-12-04T07:29:05.313+0000] {logging_mixin.py:188} INFO - [2024-12-04T07:29:05.313+0000] {dag.py:3096} INFO - Sync 2 DAGs
[2024-12-04T07:29:05.321+0000] {logging_mixin.py:188} INFO - [2024-12-04T07:29:05.321+0000] {dag.py:3954} INFO - Setting next_dagrun for example_subdag_operator.section-1 to None, run_after=None
[2024-12-04T07:29:05.322+0000] {logging_mixin.py:188} INFO - [2024-12-04T07:29:05.322+0000] {dag.py:3954} INFO - Setting next_dagrun for example_subdag_operator.section-2 to None, run_after=None
[2024-12-04T07:29:05.361+0000] {processor.py:183} INFO - Processing /home/airflow/.local/lib/python3.12/site-packages/airflow/example_dags/example_subdag_operator.py took 0.245 seconds
[2024-12-04T07:29:35.502+0000] {processor.py:161} INFO - Started process (PID=138) to work on /home/airflow/.local/lib/python3.12/site-packages/airflow/example_dags/example_subdag_operator.py
[2024-12-04T07:29:35.506+0000] {processor.py:830} INFO - Processing file /home/airflow/.local/lib/python3.12/site-packages/airflow/example_dags/example_subdag_operator.py for tasks to queue
[2024-12-04T07:29:35.511+0000] {logging_mixin.py:188} INFO - [2024-12-04T07:29:35.511+0000] {dagbag.py:545} INFO - Filling up the DagBag from /home/airflow/.local/lib/python3.12/site-packages/airflow/example_dags/example_subdag_operator.py
[2024-12-04T07:29:35.559+0000] {processor.py:840} INFO - DAG(s) 'example_subdag_operator.section-1', 'example_subdag_operator.section-2', 'example_subdag_operator' retrieved from /home/airflow/.local/lib/python3.12/site-packages/airflow/example_dags/example_subdag_operator.py
[2024-12-04T07:29:35.620+0000] {logging_mixin.py:188} INFO - [2024-12-04T07:29:35.620+0000] {dag.py:3096} INFO - Sync 3 DAGs
[2024-12-04T07:29:35.631+0000] {logging_mixin.py:188} INFO - [2024-12-04T07:29:35.631+0000] {dag.py:3954} INFO - Setting next_dagrun for example_subdag_operator to 2022-01-01 00:00:00+00:00, run_after=2022-01-01 00:00:00+00:00
[2024-12-04T07:29:35.633+0000] {logging_mixin.py:188} INFO - [2024-12-04T07:29:35.633+0000] {dag.py:3954} INFO - Setting next_dagrun for example_subdag_operator.section-1 to None, run_after=None
[2024-12-04T07:29:35.634+0000] {logging_mixin.py:188} INFO - [2024-12-04T07:29:35.634+0000] {dag.py:3954} INFO - Setting next_dagrun for example_subdag_operator.section-2 to None, run_after=None
[2024-12-04T07:29:35.639+0000] {logging_mixin.py:188} INFO - [2024-12-04T07:29:35.638+0000] {dag.py:3096} INFO - Sync 2 DAGs
[2024-12-04T07:29:35.642+0000] {logging_mixin.py:188} INFO - [2024-12-04T07:29:35.642+0000] {dag.py:3954} INFO - Setting next_dagrun for example_subdag_operator.section-1 to None, run_after=None
[2024-12-04T07:29:35.642+0000] {logging_mixin.py:188} INFO - [2024-12-04T07:29:35.642+0000] {dag.py:3954} INFO - Setting next_dagrun for example_subdag_operator.section-2 to None, run_after=None
[2024-12-04T07:29:35.649+0000] {processor.py:183} INFO - Processing /home/airflow/.local/lib/python3.12/site-packages/airflow/example_dags/example_subdag_operator.py took 0.150 seconds
[2024-12-04T07:30:06.047+0000] {processor.py:161} INFO - Started process (PID=196) to work on /home/airflow/.local/lib/python3.12/site-packages/airflow/example_dags/example_subdag_operator.py
[2024-12-04T07:30:06.051+0000] {processor.py:830} INFO - Processing file /home/airflow/.local/lib/python3.12/site-packages/airflow/example_dags/example_subdag_operator.py for tasks to queue
[2024-12-04T07:30:06.056+0000] {logging_mixin.py:188} INFO - [2024-12-04T07:30:06.055+0000] {dagbag.py:545} INFO - Filling up the DagBag from /home/airflow/.local/lib/python3.12/site-packages/airflow/example_dags/example_subdag_operator.py
[2024-12-04T07:30:06.085+0000] {processor.py:840} INFO - DAG(s) 'example_subdag_operator.section-1', 'example_subdag_operator.section-2', 'example_subdag_operator' retrieved from /home/airflow/.local/lib/python3.12/site-packages/airflow/example_dags/example_subdag_operator.py
[2024-12-04T07:30:06.096+0000] {logging_mixin.py:188} INFO - [2024-12-04T07:30:06.095+0000] {dag.py:3096} INFO - Sync 3 DAGs
[2024-12-04T07:30:06.126+0000] {logging_mixin.py:188} INFO - [2024-12-04T07:30:06.126+0000] {dag.py:3954} INFO - Setting next_dagrun for example_subdag_operator to 2022-01-01 00:00:00+00:00, run_after=2022-01-01 00:00:00+00:00
[2024-12-04T07:30:06.130+0000] {logging_mixin.py:188} INFO - [2024-12-04T07:30:06.130+0000] {dag.py:3954} INFO - Setting next_dagrun for example_subdag_operator.section-1 to None, run_after=None
[2024-12-04T07:30:06.133+0000] {logging_mixin.py:188} INFO - [2024-12-04T07:30:06.133+0000] {dag.py:3954} INFO - Setting next_dagrun for example_subdag_operator.section-2 to None, run_after=None
[2024-12-04T07:30:06.141+0000] {logging_mixin.py:188} INFO - [2024-12-04T07:30:06.140+0000] {dag.py:3096} INFO - Sync 2 DAGs
[2024-12-04T07:30:06.144+0000] {logging_mixin.py:188} INFO - [2024-12-04T07:30:06.144+0000] {dag.py:3954} INFO - Setting next_dagrun for example_subdag_operator.section-1 to None, run_after=None
[2024-12-04T07:30:06.145+0000] {logging_mixin.py:188} INFO - [2024-12-04T07:30:06.145+0000] {dag.py:3954} INFO - Setting next_dagrun for example_subdag_operator.section-2 to None, run_after=None
[2024-12-04T07:30:06.153+0000] {processor.py:183} INFO - Processing /home/airflow/.local/lib/python3.12/site-packages/airflow/example_dags/example_subdag_operator.py took 0.110 seconds
[2024-12-04T07:30:36.195+0000] {processor.py:161} INFO - Started process (PID=254) to work on /home/airflow/.local/lib/python3.12/site-packages/airflow/example_dags/example_subdag_operator.py
[2024-12-04T07:30:36.196+0000] {processor.py:830} INFO - Processing file /home/airflow/.local/lib/python3.12/site-packages/airflow/example_dags/example_subdag_operator.py for tasks to queue
[2024-12-04T07:30:36.198+0000] {logging_mixin.py:188} INFO - [2024-12-04T07:30:36.198+0000] {dagbag.py:545} INFO - Filling up the DagBag from /home/airflow/.local/lib/python3.12/site-packages/airflow/example_dags/example_subdag_operator.py
[2024-12-04T07:30:36.225+0000] {processor.py:840} INFO - DAG(s) 'example_subdag_operator.section-1', 'example_subdag_operator.section-2', 'example_subdag_operator' retrieved from /home/airflow/.local/lib/python3.12/site-packages/airflow/example_dags/example_subdag_operator.py
[2024-12-04T07:30:36.240+0000] {logging_mixin.py:188} INFO - [2024-12-04T07:30:36.239+0000] {dag.py:3096} INFO - Sync 3 DAGs
[2024-12-04T07:30:36.252+0000] {logging_mixin.py:188} INFO - [2024-12-04T07:30:36.252+0000] {dag.py:3954} INFO - Setting next_dagrun for example_subdag_operator to 2022-01-01 00:00:00+00:00, run_after=2022-01-01 00:00:00+00:00
[2024-12-04T07:30:36.255+0000] {logging_mixin.py:188} INFO - [2024-12-04T07:30:36.255+0000] {dag.py:3954} INFO - Setting next_dagrun for example_subdag_operator.section-1 to None, run_after=None
[2024-12-04T07:30:36.256+0000] {logging_mixin.py:188} INFO - [2024-12-04T07:30:36.256+0000] {dag.py:3954} INFO - Setting next_dagrun for example_subdag_operator.section-2 to None, run_after=None
[2024-12-04T07:30:36.261+0000] {logging_mixin.py:188} INFO - [2024-12-04T07:30:36.261+0000] {dag.py:3096} INFO - Sync 2 DAGs
[2024-12-04T07:30:36.265+0000] {logging_mixin.py:188} INFO - [2024-12-04T07:30:36.264+0000] {dag.py:3954} INFO - Setting next_dagrun for example_subdag_operator.section-1 to None, run_after=None
[2024-12-04T07:30:36.265+0000] {logging_mixin.py:188} INFO - [2024-12-04T07:30:36.265+0000] {dag.py:3954} INFO - Setting next_dagrun for example_subdag_operator.section-2 to None, run_after=None
[2024-12-04T07:30:36.269+0000] {processor.py:183} INFO - Processing /home/airflow/.local/lib/python3.12/site-packages/airflow/example_dags/example_subdag_operator.py took 0.077 seconds
[2024-12-04T07:31:06.320+0000] {processor.py:161} INFO - Started process (PID=312) to work on /home/airflow/.local/lib/python3.12/site-packages/airflow/example_dags/example_subdag_operator.py
[2024-12-04T07:31:06.321+0000] {processor.py:830} INFO - Processing file /home/airflow/.local/lib/python3.12/site-packages/airflow/example_dags/example_subdag_operator.py for tasks to queue
[2024-12-04T07:31:06.322+0000] {logging_mixin.py:188} INFO - [2024-12-04T07:31:06.321+0000] {dagbag.py:545} INFO - Filling up the DagBag from /home/airflow/.local/lib/python3.12/site-packages/airflow/example_dags/example_subdag_operator.py
[2024-12-04T07:31:06.333+0000] {processor.py:840} INFO - DAG(s) 'example_subdag_operator.section-1', 'example_subdag_operator.section-2', 'example_subdag_operator' retrieved from /home/airflow/.local/lib/python3.12/site-packages/airflow/example_dags/example_subdag_operator.py
[2024-12-04T07:31:06.340+0000] {logging_mixin.py:188} INFO - [2024-12-04T07:31:06.339+0000] {dag.py:3096} INFO - Sync 3 DAGs
[2024-12-04T07:31:06.349+0000] {logging_mixin.py:188} INFO - [2024-12-04T07:31:06.349+0000] {dag.py:3954} INFO - Setting next_dagrun for example_subdag_operator to 2022-01-01 00:00:00+00:00, run_after=2022-01-01 00:00:00+00:00
[2024-12-04T07:31:06.352+0000] {logging_mixin.py:188} INFO - [2024-12-04T07:31:06.351+0000] {dag.py:3954} INFO - Setting next_dagrun for example_subdag_operator.section-1 to None, run_after=None
[2024-12-04T07:31:06.352+0000] {logging_mixin.py:188} INFO - [2024-12-04T07:31:06.352+0000] {dag.py:3954} INFO - Setting next_dagrun for example_subdag_operator.section-2 to None, run_after=None
[2024-12-04T07:31:06.357+0000] {logging_mixin.py:188} INFO - [2024-12-04T07:31:06.357+0000] {dag.py:3096} INFO - Sync 2 DAGs
[2024-12-04T07:31:06.359+0000] {logging_mixin.py:188} INFO - [2024-12-04T07:31:06.359+0000] {dag.py:3954} INFO - Setting next_dagrun for example_subdag_operator.section-1 to None, run_after=None
[2024-12-04T07:31:06.359+0000] {logging_mixin.py:188} INFO - [2024-12-04T07:31:06.359+0000] {dag.py:3954} INFO - Setting next_dagrun for example_subdag_operator.section-2 to None, run_after=None
[2024-12-04T07:31:06.365+0000] {processor.py:183} INFO - Processing /home/airflow/.local/lib/python3.12/site-packages/airflow/example_dags/example_subdag_operator.py took 0.047 seconds
[2024-12-04T07:31:37.166+0000] {processor.py:161} INFO - Started process (PID=370) to work on /home/airflow/.local/lib/python3.12/site-packages/airflow/example_dags/example_subdag_operator.py
[2024-12-04T07:31:37.168+0000] {processor.py:830} INFO - Processing file /home/airflow/.local/lib/python3.12/site-packages/airflow/example_dags/example_subdag_operator.py for tasks to queue
[2024-12-04T07:31:37.170+0000] {logging_mixin.py:188} INFO - [2024-12-04T07:31:37.169+0000] {dagbag.py:545} INFO - Filling up the DagBag from /home/airflow/.local/lib/python3.12/site-packages/airflow/example_dags/example_subdag_operator.py
[2024-12-04T07:31:37.182+0000] {processor.py:840} INFO - DAG(s) 'example_subdag_operator.section-1', 'example_subdag_operator.section-2', 'example_subdag_operator' retrieved from /home/airflow/.local/lib/python3.12/site-packages/airflow/example_dags/example_subdag_operator.py
[2024-12-04T07:31:37.191+0000] {logging_mixin.py:188} INFO - [2024-12-04T07:31:37.191+0000] {dag.py:3096} INFO - Sync 3 DAGs
[2024-12-04T07:31:37.201+0000] {logging_mixin.py:188} INFO - [2024-12-04T07:31:37.201+0000] {dag.py:3954} INFO - Setting next_dagrun for example_subdag_operator to 2022-01-01 00:00:00+00:00, run_after=2022-01-01 00:00:00+00:00
[2024-12-04T07:31:37.203+0000] {logging_mixin.py:188} INFO - [2024-12-04T07:31:37.203+0000] {dag.py:3954} INFO - Setting next_dagrun for example_subdag_operator.section-1 to None, run_after=None
[2024-12-04T07:31:37.203+0000] {logging_mixin.py:188} INFO - [2024-12-04T07:31:37.203+0000] {dag.py:3954} INFO - Setting next_dagrun for example_subdag_operator.section-2 to None, run_after=None
[2024-12-04T07:31:37.206+0000] {logging_mixin.py:188} INFO - [2024-12-04T07:31:37.206+0000] {dag.py:3096} INFO - Sync 2 DAGs
[2024-12-04T07:31:37.209+0000] {logging_mixin.py:188} INFO - [2024-12-04T07:31:37.208+0000] {dag.py:3954} INFO - Setting next_dagrun for example_subdag_operator.section-1 to None, run_after=None
[2024-12-04T07:31:37.209+0000] {logging_mixin.py:188} INFO - [2024-12-04T07:31:37.209+0000] {dag.py:3954} INFO - Setting next_dagrun for example_subdag_operator.section-2 to None, run_after=None
[2024-12-04T07:31:37.213+0000] {processor.py:183} INFO - Processing /home/airflow/.local/lib/python3.12/site-packages/airflow/example_dags/example_subdag_operator.py took 0.050 seconds
[2024-12-04T07:32:07.740+0000] {processor.py:161} INFO - Started process (PID=428) to work on /home/airflow/.local/lib/python3.12/site-packages/airflow/example_dags/example_subdag_operator.py
[2024-12-04T07:32:07.741+0000] {processor.py:830} INFO - Processing file /home/airflow/.local/lib/python3.12/site-packages/airflow/example_dags/example_subdag_operator.py for tasks to queue
[2024-12-04T07:32:07.742+0000] {logging_mixin.py:188} INFO - [2024-12-04T07:32:07.742+0000] {dagbag.py:545} INFO - Filling up the DagBag from /home/airflow/.local/lib/python3.12/site-packages/airflow/example_dags/example_subdag_operator.py
[2024-12-04T07:32:07.755+0000] {processor.py:840} INFO - DAG(s) 'example_subdag_operator.section-1', 'example_subdag_operator.section-2', 'example_subdag_operator' retrieved from /home/airflow/.local/lib/python3.12/site-packages/airflow/example_dags/example_subdag_operator.py
[2024-12-04T07:32:07.762+0000] {logging_mixin.py:188} INFO - [2024-12-04T07:32:07.761+0000] {dag.py:3096} INFO - Sync 3 DAGs
[2024-12-04T07:32:07.773+0000] {logging_mixin.py:188} INFO - [2024-12-04T07:32:07.773+0000] {dag.py:3954} INFO - Setting next_dagrun for example_subdag_operator to 2022-01-01 00:00:00+00:00, run_after=2022-01-01 00:00:00+00:00
[2024-12-04T07:32:07.775+0000] {logging_mixin.py:188} INFO - [2024-12-04T07:32:07.775+0000] {dag.py:3954} INFO - Setting next_dagrun for example_subdag_operator.section-1 to None, run_after=None
[2024-12-04T07:32:07.775+0000] {logging_mixin.py:188} INFO - [2024-12-04T07:32:07.775+0000] {dag.py:3954} INFO - Setting next_dagrun for example_subdag_operator.section-2 to None, run_after=None
[2024-12-04T07:32:07.778+0000] {logging_mixin.py:188} INFO - [2024-12-04T07:32:07.778+0000] {dag.py:3096} INFO - Sync 2 DAGs
[2024-12-04T07:32:07.780+0000] {logging_mixin.py:188} INFO - [2024-12-04T07:32:07.780+0000] {dag.py:3954} INFO - Setting next_dagrun for example_subdag_operator.section-1 to None, run_after=None
[2024-12-04T07:32:07.780+0000] {logging_mixin.py:188} INFO - [2024-12-04T07:32:07.780+0000] {dag.py:3954} INFO - Setting next_dagrun for example_subdag_operator.section-2 to None, run_after=None
[2024-12-04T07:32:07.784+0000] {processor.py:183} INFO - Processing /home/airflow/.local/lib/python3.12/site-packages/airflow/example_dags/example_subdag_operator.py took 0.047 seconds
[2024-12-04T07:32:38.685+0000] {processor.py:161} INFO - Started process (PID=486) to work on /home/airflow/.local/lib/python3.12/site-packages/airflow/example_dags/example_subdag_operator.py
[2024-12-04T07:32:38.686+0000] {processor.py:830} INFO - Processing file /home/airflow/.local/lib/python3.12/site-packages/airflow/example_dags/example_subdag_operator.py for tasks to queue
[2024-12-04T07:32:38.687+0000] {logging_mixin.py:188} INFO - [2024-12-04T07:32:38.687+0000] {dagbag.py:545} INFO - Filling up the DagBag from /home/airflow/.local/lib/python3.12/site-packages/airflow/example_dags/example_subdag_operator.py
[2024-12-04T07:32:38.701+0000] {processor.py:840} INFO - DAG(s) 'example_subdag_operator.section-1', 'example_subdag_operator.section-2', 'example_subdag_operator' retrieved from /home/airflow/.local/lib/python3.12/site-packages/airflow/example_dags/example_subdag_operator.py
[2024-12-04T07:32:38.714+0000] {logging_mixin.py:188} INFO - [2024-12-04T07:32:38.714+0000] {dag.py:3096} INFO - Sync 3 DAGs
[2024-12-04T07:32:38.725+0000] {logging_mixin.py:188} INFO - [2024-12-04T07:32:38.725+0000] {dag.py:3954} INFO - Setting next_dagrun for example_subdag_operator to 2022-01-01 00:00:00+00:00, run_after=2022-01-01 00:00:00+00:00
[2024-12-04T07:32:38.728+0000] {logging_mixin.py:188} INFO - [2024-12-04T07:32:38.728+0000] {dag.py:3954} INFO - Setting next_dagrun for example_subdag_operator.section-1 to None, run_after=None
[2024-12-04T07:32:38.728+0000] {logging_mixin.py:188} INFO - [2024-12-04T07:32:38.728+0000] {dag.py:3954} INFO - Setting next_dagrun for example_subdag_operator.section-2 to None, run_after=None
[2024-12-04T07:32:38.733+0000] {logging_mixin.py:188} INFO - [2024-12-04T07:32:38.733+0000] {dag.py:3096} INFO - Sync 2 DAGs
[2024-12-04T07:32:38.735+0000] {logging_mixin.py:188} INFO - [2024-12-04T07:32:38.735+0000] {dag.py:3954} INFO - Setting next_dagrun for example_subdag_operator.section-1 to None, run_after=None
[2024-12-04T07:32:38.735+0000] {logging_mixin.py:188} INFO - [2024-12-04T07:32:38.735+0000] {dag.py:3954} INFO - Setting next_dagrun for example_subdag_operator.section-2 to None, run_after=None
[2024-12-04T07:32:38.740+0000] {processor.py:183} INFO - Processing /home/airflow/.local/lib/python3.12/site-packages/airflow/example_dags/example_subdag_operator.py took 0.058 seconds
