[2024-12-04T07:29:08.529+0000] {processor.py:161} INFO - Started process (PID=94) to work on /home/airflow/.local/lib/python3.12/site-packages/airflow/example_dags/example_task_group_decorator.py
[2024-12-04T07:29:08.535+0000] {processor.py:830} INFO - Processing file /home/airflow/.local/lib/python3.12/site-packages/airflow/example_dags/example_task_group_decorator.py for tasks to queue
[2024-12-04T07:29:08.545+0000] {logging_mixin.py:188} INFO - [2024-12-04T07:29:08.545+0000] {dagbag.py:545} INFO - Filling up the DagBag from /home/airflow/.local/lib/python3.12/site-packages/airflow/example_dags/example_task_group_decorator.py
[2024-12-04T07:29:08.576+0000] {processor.py:840} INFO - DAG(s) 'example_task_group_decorator' retrieved from /home/airflow/.local/lib/python3.12/site-packages/airflow/example_dags/example_task_group_decorator.py
[2024-12-04T07:29:08.954+0000] {logging_mixin.py:188} INFO - [2024-12-04T07:29:08.944+0000] {dag.py:3096} INFO - Sync 1 DAGs
[2024-12-04T07:29:09.060+0000] {logging_mixin.py:188} INFO - [2024-12-04T07:29:09.059+0000] {dag.py:3954} INFO - Setting next_dagrun for example_task_group_decorator to 2024-12-03 00:00:00+00:00, run_after=2024-12-04 00:00:00+00:00
[2024-12-04T07:29:09.117+0000] {processor.py:183} INFO - Processing /home/airflow/.local/lib/python3.12/site-packages/airflow/example_dags/example_task_group_decorator.py took 0.602 seconds
[2024-12-04T07:29:39.864+0000] {processor.py:161} INFO - Started process (PID=152) to work on /home/airflow/.local/lib/python3.12/site-packages/airflow/example_dags/example_task_group_decorator.py
[2024-12-04T07:29:39.869+0000] {processor.py:830} INFO - Processing file /home/airflow/.local/lib/python3.12/site-packages/airflow/example_dags/example_task_group_decorator.py for tasks to queue
[2024-12-04T07:29:39.873+0000] {logging_mixin.py:188} INFO - [2024-12-04T07:29:39.873+0000] {dagbag.py:545} INFO - Filling up the DagBag from /home/airflow/.local/lib/python3.12/site-packages/airflow/example_dags/example_task_group_decorator.py
[2024-12-04T07:29:39.904+0000] {processor.py:840} INFO - DAG(s) 'example_task_group_decorator' retrieved from /home/airflow/.local/lib/python3.12/site-packages/airflow/example_dags/example_task_group_decorator.py
[2024-12-04T07:29:39.949+0000] {logging_mixin.py:188} INFO - [2024-12-04T07:29:39.949+0000] {dag.py:3096} INFO - Sync 1 DAGs
[2024-12-04T07:29:40.005+0000] {logging_mixin.py:188} INFO - [2024-12-04T07:29:40.005+0000] {dag.py:3954} INFO - Setting next_dagrun for example_task_group_decorator to 2024-12-03 00:00:00+00:00, run_after=2024-12-04 00:00:00+00:00
[2024-12-04T07:29:40.038+0000] {processor.py:183} INFO - Processing /home/airflow/.local/lib/python3.12/site-packages/airflow/example_dags/example_task_group_decorator.py took 0.204 seconds
[2024-12-04T07:30:10.873+0000] {processor.py:161} INFO - Started process (PID=210) to work on /home/airflow/.local/lib/python3.12/site-packages/airflow/example_dags/example_task_group_decorator.py
[2024-12-04T07:30:10.873+0000] {processor.py:830} INFO - Processing file /home/airflow/.local/lib/python3.12/site-packages/airflow/example_dags/example_task_group_decorator.py for tasks to queue
[2024-12-04T07:30:10.876+0000] {logging_mixin.py:188} INFO - [2024-12-04T07:30:10.875+0000] {dagbag.py:545} INFO - Filling up the DagBag from /home/airflow/.local/lib/python3.12/site-packages/airflow/example_dags/example_task_group_decorator.py
[2024-12-04T07:30:10.887+0000] {processor.py:840} INFO - DAG(s) 'example_task_group_decorator' retrieved from /home/airflow/.local/lib/python3.12/site-packages/airflow/example_dags/example_task_group_decorator.py
[2024-12-04T07:30:10.933+0000] {logging_mixin.py:188} INFO - [2024-12-04T07:30:10.932+0000] {dag.py:3096} INFO - Sync 1 DAGs
[2024-12-04T07:30:10.956+0000] {logging_mixin.py:188} INFO - [2024-12-04T07:30:10.956+0000] {dag.py:3954} INFO - Setting next_dagrun for example_task_group_decorator to 2024-12-03 00:00:00+00:00, run_after=2024-12-04 00:00:00+00:00
[2024-12-04T07:30:10.977+0000] {processor.py:183} INFO - Processing /home/airflow/.local/lib/python3.12/site-packages/airflow/example_dags/example_task_group_decorator.py took 0.109 seconds
[2024-12-04T07:30:41.151+0000] {processor.py:161} INFO - Started process (PID=268) to work on /home/airflow/.local/lib/python3.12/site-packages/airflow/example_dags/example_task_group_decorator.py
[2024-12-04T07:30:41.152+0000] {processor.py:830} INFO - Processing file /home/airflow/.local/lib/python3.12/site-packages/airflow/example_dags/example_task_group_decorator.py for tasks to queue
[2024-12-04T07:30:41.156+0000] {logging_mixin.py:188} INFO - [2024-12-04T07:30:41.155+0000] {dagbag.py:545} INFO - Filling up the DagBag from /home/airflow/.local/lib/python3.12/site-packages/airflow/example_dags/example_task_group_decorator.py
[2024-12-04T07:30:41.171+0000] {processor.py:840} INFO - DAG(s) 'example_task_group_decorator' retrieved from /home/airflow/.local/lib/python3.12/site-packages/airflow/example_dags/example_task_group_decorator.py
[2024-12-04T07:30:41.196+0000] {logging_mixin.py:188} INFO - [2024-12-04T07:30:41.196+0000] {dag.py:3096} INFO - Sync 1 DAGs
[2024-12-04T07:30:41.218+0000] {logging_mixin.py:188} INFO - [2024-12-04T07:30:41.217+0000] {dag.py:3954} INFO - Setting next_dagrun for example_task_group_decorator to 2024-12-03 00:00:00+00:00, run_after=2024-12-04 00:00:00+00:00
[2024-12-04T07:30:41.232+0000] {processor.py:183} INFO - Processing /home/airflow/.local/lib/python3.12/site-packages/airflow/example_dags/example_task_group_decorator.py took 0.093 seconds
[2024-12-04T07:31:12.133+0000] {processor.py:161} INFO - Started process (PID=326) to work on /home/airflow/.local/lib/python3.12/site-packages/airflow/example_dags/example_task_group_decorator.py
[2024-12-04T07:31:12.134+0000] {processor.py:830} INFO - Processing file /home/airflow/.local/lib/python3.12/site-packages/airflow/example_dags/example_task_group_decorator.py for tasks to queue
[2024-12-04T07:31:12.137+0000] {logging_mixin.py:188} INFO - [2024-12-04T07:31:12.136+0000] {dagbag.py:545} INFO - Filling up the DagBag from /home/airflow/.local/lib/python3.12/site-packages/airflow/example_dags/example_task_group_decorator.py
[2024-12-04T07:31:12.153+0000] {processor.py:840} INFO - DAG(s) 'example_task_group_decorator' retrieved from /home/airflow/.local/lib/python3.12/site-packages/airflow/example_dags/example_task_group_decorator.py
[2024-12-04T07:31:12.173+0000] {logging_mixin.py:188} INFO - [2024-12-04T07:31:12.173+0000] {dag.py:3096} INFO - Sync 1 DAGs
[2024-12-04T07:31:12.193+0000] {logging_mixin.py:188} INFO - [2024-12-04T07:31:12.193+0000] {dag.py:3954} INFO - Setting next_dagrun for example_task_group_decorator to 2024-12-03 00:00:00+00:00, run_after=2024-12-04 00:00:00+00:00
[2024-12-04T07:31:12.207+0000] {processor.py:183} INFO - Processing /home/airflow/.local/lib/python3.12/site-packages/airflow/example_dags/example_task_group_decorator.py took 0.080 seconds
[2024-12-04T07:31:42.933+0000] {processor.py:161} INFO - Started process (PID=384) to work on /home/airflow/.local/lib/python3.12/site-packages/airflow/example_dags/example_task_group_decorator.py
[2024-12-04T07:31:42.934+0000] {processor.py:830} INFO - Processing file /home/airflow/.local/lib/python3.12/site-packages/airflow/example_dags/example_task_group_decorator.py for tasks to queue
[2024-12-04T07:31:42.936+0000] {logging_mixin.py:188} INFO - [2024-12-04T07:31:42.935+0000] {dagbag.py:545} INFO - Filling up the DagBag from /home/airflow/.local/lib/python3.12/site-packages/airflow/example_dags/example_task_group_decorator.py
[2024-12-04T07:31:42.943+0000] {processor.py:840} INFO - DAG(s) 'example_task_group_decorator' retrieved from /home/airflow/.local/lib/python3.12/site-packages/airflow/example_dags/example_task_group_decorator.py
[2024-12-04T07:31:42.965+0000] {logging_mixin.py:188} INFO - [2024-12-04T07:31:42.965+0000] {dag.py:3096} INFO - Sync 1 DAGs
[2024-12-04T07:31:42.978+0000] {logging_mixin.py:188} INFO - [2024-12-04T07:31:42.978+0000] {dag.py:3954} INFO - Setting next_dagrun for example_task_group_decorator to 2024-12-03 00:00:00+00:00, run_after=2024-12-04 00:00:00+00:00
[2024-12-04T07:31:42.991+0000] {processor.py:183} INFO - Processing /home/airflow/.local/lib/python3.12/site-packages/airflow/example_dags/example_task_group_decorator.py took 0.061 seconds
[2024-12-04T07:32:13.454+0000] {processor.py:161} INFO - Started process (PID=442) to work on /home/airflow/.local/lib/python3.12/site-packages/airflow/example_dags/example_task_group_decorator.py
[2024-12-04T07:32:13.457+0000] {processor.py:830} INFO - Processing file /home/airflow/.local/lib/python3.12/site-packages/airflow/example_dags/example_task_group_decorator.py for tasks to queue
[2024-12-04T07:32:13.460+0000] {logging_mixin.py:188} INFO - [2024-12-04T07:32:13.459+0000] {dagbag.py:545} INFO - Filling up the DagBag from /home/airflow/.local/lib/python3.12/site-packages/airflow/example_dags/example_task_group_decorator.py
[2024-12-04T07:32:13.477+0000] {processor.py:840} INFO - DAG(s) 'example_task_group_decorator' retrieved from /home/airflow/.local/lib/python3.12/site-packages/airflow/example_dags/example_task_group_decorator.py
[2024-12-04T07:32:13.520+0000] {logging_mixin.py:188} INFO - [2024-12-04T07:32:13.519+0000] {dag.py:3096} INFO - Sync 1 DAGs
[2024-12-04T07:32:13.534+0000] {logging_mixin.py:188} INFO - [2024-12-04T07:32:13.534+0000] {dag.py:3954} INFO - Setting next_dagrun for example_task_group_decorator to 2024-12-03 00:00:00+00:00, run_after=2024-12-04 00:00:00+00:00
[2024-12-04T07:32:13.546+0000] {processor.py:183} INFO - Processing /home/airflow/.local/lib/python3.12/site-packages/airflow/example_dags/example_task_group_decorator.py took 0.100 seconds
