[2024-12-04T07:29:06.073+0000] {processor.py:161} INFO - Started process (PID=83) to work on /home/airflow/.local/lib/python3.12/site-packages/airflow/example_dags/example_dynamic_task_mapping.py
[2024-12-04T07:29:06.087+0000] {processor.py:830} INFO - Processing file /home/airflow/.local/lib/python3.12/site-packages/airflow/example_dags/example_dynamic_task_mapping.py for tasks to queue
[2024-12-04T07:29:06.134+0000] {logging_mixin.py:188} INFO - [2024-12-04T07:29:06.122+0000] {dagbag.py:545} INFO - Filling up the DagBag from /home/airflow/.local/lib/python3.12/site-packages/airflow/example_dags/example_dynamic_task_mapping.py
[2024-12-04T07:29:06.205+0000] {processor.py:840} INFO - DAG(s) 'example_dynamic_task_mapping' retrieved from /home/airflow/.local/lib/python3.12/site-packages/airflow/example_dags/example_dynamic_task_mapping.py
[2024-12-04T07:29:06.352+0000] {logging_mixin.py:188} INFO - [2024-12-04T07:29:06.351+0000] {dag.py:3096} INFO - Sync 1 DAGs
[2024-12-04T07:29:06.455+0000] {logging_mixin.py:188} INFO - [2024-12-04T07:29:06.455+0000] {dag.py:3954} INFO - Setting next_dagrun for example_dynamic_task_mapping to 2022-03-04 00:00:00+00:00, run_after=2022-03-05 00:00:00+00:00
[2024-12-04T07:29:06.526+0000] {processor.py:183} INFO - Processing /home/airflow/.local/lib/python3.12/site-packages/airflow/example_dags/example_dynamic_task_mapping.py took 0.631 seconds
[2024-12-04T07:29:36.925+0000] {processor.py:161} INFO - Started process (PID=141) to work on /home/airflow/.local/lib/python3.12/site-packages/airflow/example_dags/example_dynamic_task_mapping.py
[2024-12-04T07:29:36.926+0000] {processor.py:830} INFO - Processing file /home/airflow/.local/lib/python3.12/site-packages/airflow/example_dags/example_dynamic_task_mapping.py for tasks to queue
[2024-12-04T07:29:36.928+0000] {logging_mixin.py:188} INFO - [2024-12-04T07:29:36.928+0000] {dagbag.py:545} INFO - Filling up the DagBag from /home/airflow/.local/lib/python3.12/site-packages/airflow/example_dags/example_dynamic_task_mapping.py
[2024-12-04T07:29:36.932+0000] {processor.py:840} INFO - DAG(s) 'example_dynamic_task_mapping' retrieved from /home/airflow/.local/lib/python3.12/site-packages/airflow/example_dags/example_dynamic_task_mapping.py
[2024-12-04T07:29:37.012+0000] {logging_mixin.py:188} INFO - [2024-12-04T07:29:37.012+0000] {dag.py:3096} INFO - Sync 1 DAGs
[2024-12-04T07:29:37.024+0000] {logging_mixin.py:188} INFO - [2024-12-04T07:29:37.024+0000] {dag.py:3954} INFO - Setting next_dagrun for example_dynamic_task_mapping to 2022-03-04 00:00:00+00:00, run_after=2022-03-05 00:00:00+00:00
[2024-12-04T07:29:37.035+0000] {processor.py:183} INFO - Processing /home/airflow/.local/lib/python3.12/site-packages/airflow/example_dags/example_dynamic_task_mapping.py took 0.113 seconds
[2024-12-04T07:30:07.297+0000] {processor.py:161} INFO - Started process (PID=199) to work on /home/airflow/.local/lib/python3.12/site-packages/airflow/example_dags/example_dynamic_task_mapping.py
[2024-12-04T07:30:07.298+0000] {processor.py:830} INFO - Processing file /home/airflow/.local/lib/python3.12/site-packages/airflow/example_dags/example_dynamic_task_mapping.py for tasks to queue
[2024-12-04T07:30:07.300+0000] {logging_mixin.py:188} INFO - [2024-12-04T07:30:07.299+0000] {dagbag.py:545} INFO - Filling up the DagBag from /home/airflow/.local/lib/python3.12/site-packages/airflow/example_dags/example_dynamic_task_mapping.py
[2024-12-04T07:30:07.307+0000] {processor.py:840} INFO - DAG(s) 'example_dynamic_task_mapping' retrieved from /home/airflow/.local/lib/python3.12/site-packages/airflow/example_dags/example_dynamic_task_mapping.py
[2024-12-04T07:30:07.322+0000] {logging_mixin.py:188} INFO - [2024-12-04T07:30:07.322+0000] {dag.py:3096} INFO - Sync 1 DAGs
[2024-12-04T07:30:07.335+0000] {logging_mixin.py:188} INFO - [2024-12-04T07:30:07.335+0000] {dag.py:3954} INFO - Setting next_dagrun for example_dynamic_task_mapping to 2022-03-04 00:00:00+00:00, run_after=2022-03-05 00:00:00+00:00
[2024-12-04T07:30:07.344+0000] {processor.py:183} INFO - Processing /home/airflow/.local/lib/python3.12/site-packages/airflow/example_dags/example_dynamic_task_mapping.py took 0.052 seconds
[2024-12-04T07:30:37.439+0000] {processor.py:161} INFO - Started process (PID=257) to work on /home/airflow/.local/lib/python3.12/site-packages/airflow/example_dags/example_dynamic_task_mapping.py
[2024-12-04T07:30:37.439+0000] {processor.py:830} INFO - Processing file /home/airflow/.local/lib/python3.12/site-packages/airflow/example_dags/example_dynamic_task_mapping.py for tasks to queue
[2024-12-04T07:30:37.441+0000] {logging_mixin.py:188} INFO - [2024-12-04T07:30:37.441+0000] {dagbag.py:545} INFO - Filling up the DagBag from /home/airflow/.local/lib/python3.12/site-packages/airflow/example_dags/example_dynamic_task_mapping.py
[2024-12-04T07:30:37.445+0000] {processor.py:840} INFO - DAG(s) 'example_dynamic_task_mapping' retrieved from /home/airflow/.local/lib/python3.12/site-packages/airflow/example_dags/example_dynamic_task_mapping.py
[2024-12-04T07:30:37.456+0000] {logging_mixin.py:188} INFO - [2024-12-04T07:30:37.456+0000] {dag.py:3096} INFO - Sync 1 DAGs
[2024-12-04T07:30:37.467+0000] {logging_mixin.py:188} INFO - [2024-12-04T07:30:37.467+0000] {dag.py:3954} INFO - Setting next_dagrun for example_dynamic_task_mapping to 2022-03-04 00:00:00+00:00, run_after=2022-03-05 00:00:00+00:00
[2024-12-04T07:30:37.476+0000] {processor.py:183} INFO - Processing /home/airflow/.local/lib/python3.12/site-packages/airflow/example_dags/example_dynamic_task_mapping.py took 0.042 seconds
[2024-12-04T07:31:08.567+0000] {processor.py:161} INFO - Started process (PID=315) to work on /home/airflow/.local/lib/python3.12/site-packages/airflow/example_dags/example_dynamic_task_mapping.py
[2024-12-04T07:31:08.568+0000] {processor.py:830} INFO - Processing file /home/airflow/.local/lib/python3.12/site-packages/airflow/example_dags/example_dynamic_task_mapping.py for tasks to queue
[2024-12-04T07:31:08.569+0000] {logging_mixin.py:188} INFO - [2024-12-04T07:31:08.569+0000] {dagbag.py:545} INFO - Filling up the DagBag from /home/airflow/.local/lib/python3.12/site-packages/airflow/example_dags/example_dynamic_task_mapping.py
[2024-12-04T07:31:08.573+0000] {processor.py:840} INFO - DAG(s) 'example_dynamic_task_mapping' retrieved from /home/airflow/.local/lib/python3.12/site-packages/airflow/example_dags/example_dynamic_task_mapping.py
[2024-12-04T07:31:08.588+0000] {logging_mixin.py:188} INFO - [2024-12-04T07:31:08.588+0000] {dag.py:3096} INFO - Sync 1 DAGs
[2024-12-04T07:31:08.602+0000] {logging_mixin.py:188} INFO - [2024-12-04T07:31:08.602+0000] {dag.py:3954} INFO - Setting next_dagrun for example_dynamic_task_mapping to 2022-03-04 00:00:00+00:00, run_after=2022-03-05 00:00:00+00:00
[2024-12-04T07:31:08.618+0000] {processor.py:183} INFO - Processing /home/airflow/.local/lib/python3.12/site-packages/airflow/example_dags/example_dynamic_task_mapping.py took 0.055 seconds
[2024-12-04T07:31:39.445+0000] {processor.py:161} INFO - Started process (PID=373) to work on /home/airflow/.local/lib/python3.12/site-packages/airflow/example_dags/example_dynamic_task_mapping.py
[2024-12-04T07:31:39.446+0000] {processor.py:830} INFO - Processing file /home/airflow/.local/lib/python3.12/site-packages/airflow/example_dags/example_dynamic_task_mapping.py for tasks to queue
[2024-12-04T07:31:39.448+0000] {logging_mixin.py:188} INFO - [2024-12-04T07:31:39.448+0000] {dagbag.py:545} INFO - Filling up the DagBag from /home/airflow/.local/lib/python3.12/site-packages/airflow/example_dags/example_dynamic_task_mapping.py
[2024-12-04T07:31:39.452+0000] {processor.py:840} INFO - DAG(s) 'example_dynamic_task_mapping' retrieved from /home/airflow/.local/lib/python3.12/site-packages/airflow/example_dags/example_dynamic_task_mapping.py
[2024-12-04T07:31:39.465+0000] {logging_mixin.py:188} INFO - [2024-12-04T07:31:39.464+0000] {dag.py:3096} INFO - Sync 1 DAGs
[2024-12-04T07:31:39.477+0000] {logging_mixin.py:188} INFO - [2024-12-04T07:31:39.477+0000] {dag.py:3954} INFO - Setting next_dagrun for example_dynamic_task_mapping to 2022-03-04 00:00:00+00:00, run_after=2022-03-05 00:00:00+00:00
[2024-12-04T07:31:39.493+0000] {processor.py:183} INFO - Processing /home/airflow/.local/lib/python3.12/site-packages/airflow/example_dags/example_dynamic_task_mapping.py took 0.053 seconds
[2024-12-04T07:32:10.029+0000] {processor.py:161} INFO - Started process (PID=431) to work on /home/airflow/.local/lib/python3.12/site-packages/airflow/example_dags/example_dynamic_task_mapping.py
[2024-12-04T07:32:10.032+0000] {processor.py:830} INFO - Processing file /home/airflow/.local/lib/python3.12/site-packages/airflow/example_dags/example_dynamic_task_mapping.py for tasks to queue
[2024-12-04T07:32:10.033+0000] {logging_mixin.py:188} INFO - [2024-12-04T07:32:10.033+0000] {dagbag.py:545} INFO - Filling up the DagBag from /home/airflow/.local/lib/python3.12/site-packages/airflow/example_dags/example_dynamic_task_mapping.py
[2024-12-04T07:32:10.037+0000] {processor.py:840} INFO - DAG(s) 'example_dynamic_task_mapping' retrieved from /home/airflow/.local/lib/python3.12/site-packages/airflow/example_dags/example_dynamic_task_mapping.py
[2024-12-04T07:32:10.056+0000] {logging_mixin.py:188} INFO - [2024-12-04T07:32:10.056+0000] {dag.py:3096} INFO - Sync 1 DAGs
[2024-12-04T07:32:10.069+0000] {logging_mixin.py:188} INFO - [2024-12-04T07:32:10.068+0000] {dag.py:3954} INFO - Setting next_dagrun for example_dynamic_task_mapping to 2022-03-04 00:00:00+00:00, run_after=2022-03-05 00:00:00+00:00
[2024-12-04T07:32:10.079+0000] {processor.py:183} INFO - Processing /home/airflow/.local/lib/python3.12/site-packages/airflow/example_dags/example_dynamic_task_mapping.py took 0.054 seconds
[2024-12-04T07:32:40.943+0000] {processor.py:161} INFO - Started process (PID=489) to work on /home/airflow/.local/lib/python3.12/site-packages/airflow/example_dags/example_dynamic_task_mapping.py
[2024-12-04T07:32:40.944+0000] {processor.py:830} INFO - Processing file /home/airflow/.local/lib/python3.12/site-packages/airflow/example_dags/example_dynamic_task_mapping.py for tasks to queue
[2024-12-04T07:32:40.945+0000] {logging_mixin.py:188} INFO - [2024-12-04T07:32:40.945+0000] {dagbag.py:545} INFO - Filling up the DagBag from /home/airflow/.local/lib/python3.12/site-packages/airflow/example_dags/example_dynamic_task_mapping.py
[2024-12-04T07:32:40.950+0000] {processor.py:840} INFO - DAG(s) 'example_dynamic_task_mapping' retrieved from /home/airflow/.local/lib/python3.12/site-packages/airflow/example_dags/example_dynamic_task_mapping.py
[2024-12-04T07:32:40.961+0000] {logging_mixin.py:188} INFO - [2024-12-04T07:32:40.960+0000] {dag.py:3096} INFO - Sync 1 DAGs
[2024-12-04T07:32:40.971+0000] {logging_mixin.py:188} INFO - [2024-12-04T07:32:40.971+0000] {dag.py:3954} INFO - Setting next_dagrun for example_dynamic_task_mapping to 2022-03-04 00:00:00+00:00, run_after=2022-03-05 00:00:00+00:00
[2024-12-04T07:32:40.979+0000] {processor.py:183} INFO - Processing /home/airflow/.local/lib/python3.12/site-packages/airflow/example_dags/example_dynamic_task_mapping.py took 0.038 seconds
