[2024-12-04T07:29:04.416+0000] {processor.py:161} INFO - Started process (PID=76) to work on /home/airflow/.local/lib/python3.12/site-packages/airflow/example_dags/example_python_decorator.py
[2024-12-04T07:29:04.419+0000] {processor.py:830} INFO - Processing file /home/airflow/.local/lib/python3.12/site-packages/airflow/example_dags/example_python_decorator.py for tasks to queue
[2024-12-04T07:29:04.421+0000] {logging_mixin.py:188} INFO - [2024-12-04T07:29:04.421+0000] {dagbag.py:545} INFO - Filling up the DagBag from /home/airflow/.local/lib/python3.12/site-packages/airflow/example_dags/example_python_decorator.py
[2024-12-04T07:29:04.449+0000] {processor.py:840} INFO - DAG(s) 'example_python_decorator' retrieved from /home/airflow/.local/lib/python3.12/site-packages/airflow/example_dags/example_python_decorator.py
[2024-12-04T07:29:04.485+0000] {logging_mixin.py:188} INFO - [2024-12-04T07:29:04.482+0000] {dag.py:3096} INFO - Sync 1 DAGs
[2024-12-04T07:29:04.541+0000] {logging_mixin.py:188} INFO - [2024-12-04T07:29:04.540+0000] {dag.py:3954} INFO - Setting next_dagrun for example_python_decorator to None, run_after=None
[2024-12-04T07:29:04.603+0000] {processor.py:183} INFO - Processing /home/airflow/.local/lib/python3.12/site-packages/airflow/example_dags/example_python_decorator.py took 0.219 seconds
[2024-12-04T07:29:35.271+0000] {processor.py:161} INFO - Started process (PID=134) to work on /home/airflow/.local/lib/python3.12/site-packages/airflow/example_dags/example_python_decorator.py
[2024-12-04T07:29:35.272+0000] {processor.py:830} INFO - Processing file /home/airflow/.local/lib/python3.12/site-packages/airflow/example_dags/example_python_decorator.py for tasks to queue
[2024-12-04T07:29:35.273+0000] {logging_mixin.py:188} INFO - [2024-12-04T07:29:35.273+0000] {dagbag.py:545} INFO - Filling up the DagBag from /home/airflow/.local/lib/python3.12/site-packages/airflow/example_dags/example_python_decorator.py
[2024-12-04T07:29:35.280+0000] {processor.py:840} INFO - DAG(s) 'example_python_decorator' retrieved from /home/airflow/.local/lib/python3.12/site-packages/airflow/example_dags/example_python_decorator.py
[2024-12-04T07:29:35.342+0000] {logging_mixin.py:188} INFO - [2024-12-04T07:29:35.342+0000] {dag.py:3096} INFO - Sync 1 DAGs
[2024-12-04T07:29:35.355+0000] {logging_mixin.py:188} INFO - [2024-12-04T07:29:35.355+0000] {dag.py:3954} INFO - Setting next_dagrun for example_python_decorator to None, run_after=None
[2024-12-04T07:29:35.370+0000] {processor.py:183} INFO - Processing /home/airflow/.local/lib/python3.12/site-packages/airflow/example_dags/example_python_decorator.py took 0.101 seconds
[2024-12-04T07:30:05.837+0000] {processor.py:161} INFO - Started process (PID=192) to work on /home/airflow/.local/lib/python3.12/site-packages/airflow/example_dags/example_python_decorator.py
[2024-12-04T07:30:05.839+0000] {processor.py:830} INFO - Processing file /home/airflow/.local/lib/python3.12/site-packages/airflow/example_dags/example_python_decorator.py for tasks to queue
[2024-12-04T07:30:05.842+0000] {logging_mixin.py:188} INFO - [2024-12-04T07:30:05.842+0000] {dagbag.py:545} INFO - Filling up the DagBag from /home/airflow/.local/lib/python3.12/site-packages/airflow/example_dags/example_python_decorator.py
[2024-12-04T07:30:05.853+0000] {processor.py:840} INFO - DAG(s) 'example_python_decorator' retrieved from /home/airflow/.local/lib/python3.12/site-packages/airflow/example_dags/example_python_decorator.py
[2024-12-04T07:30:05.875+0000] {logging_mixin.py:188} INFO - [2024-12-04T07:30:05.875+0000] {dag.py:3096} INFO - Sync 1 DAGs
[2024-12-04T07:30:05.883+0000] {logging_mixin.py:188} INFO - [2024-12-04T07:30:05.882+0000] {dag.py:3954} INFO - Setting next_dagrun for example_python_decorator to None, run_after=None
[2024-12-04T07:30:05.908+0000] {processor.py:183} INFO - Processing /home/airflow/.local/lib/python3.12/site-packages/airflow/example_dags/example_python_decorator.py took 0.077 seconds
[2024-12-04T07:30:36.018+0000] {processor.py:161} INFO - Started process (PID=250) to work on /home/airflow/.local/lib/python3.12/site-packages/airflow/example_dags/example_python_decorator.py
[2024-12-04T07:30:36.020+0000] {processor.py:830} INFO - Processing file /home/airflow/.local/lib/python3.12/site-packages/airflow/example_dags/example_python_decorator.py for tasks to queue
[2024-12-04T07:30:36.022+0000] {logging_mixin.py:188} INFO - [2024-12-04T07:30:36.021+0000] {dagbag.py:545} INFO - Filling up the DagBag from /home/airflow/.local/lib/python3.12/site-packages/airflow/example_dags/example_python_decorator.py
[2024-12-04T07:30:36.029+0000] {processor.py:840} INFO - DAG(s) 'example_python_decorator' retrieved from /home/airflow/.local/lib/python3.12/site-packages/airflow/example_dags/example_python_decorator.py
[2024-12-04T07:30:36.050+0000] {logging_mixin.py:188} INFO - [2024-12-04T07:30:36.049+0000] {dag.py:3096} INFO - Sync 1 DAGs
[2024-12-04T07:30:36.062+0000] {logging_mixin.py:188} INFO - [2024-12-04T07:30:36.062+0000] {dag.py:3954} INFO - Setting next_dagrun for example_python_decorator to None, run_after=None
[2024-12-04T07:30:36.079+0000] {processor.py:183} INFO - Processing /home/airflow/.local/lib/python3.12/site-packages/airflow/example_dags/example_python_decorator.py took 0.065 seconds
[2024-12-04T07:31:06.097+0000] {processor.py:161} INFO - Started process (PID=307) to work on /home/airflow/.local/lib/python3.12/site-packages/airflow/example_dags/example_python_decorator.py
[2024-12-04T07:31:06.100+0000] {processor.py:830} INFO - Processing file /home/airflow/.local/lib/python3.12/site-packages/airflow/example_dags/example_python_decorator.py for tasks to queue
[2024-12-04T07:31:06.101+0000] {logging_mixin.py:188} INFO - [2024-12-04T07:31:06.101+0000] {dagbag.py:545} INFO - Filling up the DagBag from /home/airflow/.local/lib/python3.12/site-packages/airflow/example_dags/example_python_decorator.py
[2024-12-04T07:31:06.108+0000] {processor.py:840} INFO - DAG(s) 'example_python_decorator' retrieved from /home/airflow/.local/lib/python3.12/site-packages/airflow/example_dags/example_python_decorator.py
[2024-12-04T07:31:06.120+0000] {logging_mixin.py:188} INFO - [2024-12-04T07:31:06.120+0000] {dag.py:3096} INFO - Sync 1 DAGs
[2024-12-04T07:31:06.131+0000] {logging_mixin.py:188} INFO - [2024-12-04T07:31:06.131+0000] {dag.py:3954} INFO - Setting next_dagrun for example_python_decorator to None, run_after=None
[2024-12-04T07:31:06.148+0000] {processor.py:183} INFO - Processing /home/airflow/.local/lib/python3.12/site-packages/airflow/example_dags/example_python_decorator.py took 0.054 seconds
[2024-12-04T07:31:37.043+0000] {processor.py:161} INFO - Started process (PID=366) to work on /home/airflow/.local/lib/python3.12/site-packages/airflow/example_dags/example_python_decorator.py
[2024-12-04T07:31:37.046+0000] {processor.py:830} INFO - Processing file /home/airflow/.local/lib/python3.12/site-packages/airflow/example_dags/example_python_decorator.py for tasks to queue
[2024-12-04T07:31:37.047+0000] {logging_mixin.py:188} INFO - [2024-12-04T07:31:37.047+0000] {dagbag.py:545} INFO - Filling up the DagBag from /home/airflow/.local/lib/python3.12/site-packages/airflow/example_dags/example_python_decorator.py
[2024-12-04T07:31:37.053+0000] {processor.py:840} INFO - DAG(s) 'example_python_decorator' retrieved from /home/airflow/.local/lib/python3.12/site-packages/airflow/example_dags/example_python_decorator.py
[2024-12-04T07:31:37.070+0000] {logging_mixin.py:188} INFO - [2024-12-04T07:31:37.070+0000] {dag.py:3096} INFO - Sync 1 DAGs
[2024-12-04T07:31:37.076+0000] {logging_mixin.py:188} INFO - [2024-12-04T07:31:37.076+0000] {dag.py:3954} INFO - Setting next_dagrun for example_python_decorator to None, run_after=None
[2024-12-04T07:31:37.086+0000] {processor.py:183} INFO - Processing /home/airflow/.local/lib/python3.12/site-packages/airflow/example_dags/example_python_decorator.py took 0.046 seconds
[2024-12-04T07:32:07.604+0000] {processor.py:161} INFO - Started process (PID=424) to work on /home/airflow/.local/lib/python3.12/site-packages/airflow/example_dags/example_python_decorator.py
[2024-12-04T07:32:07.605+0000] {processor.py:830} INFO - Processing file /home/airflow/.local/lib/python3.12/site-packages/airflow/example_dags/example_python_decorator.py for tasks to queue
[2024-12-04T07:32:07.606+0000] {logging_mixin.py:188} INFO - [2024-12-04T07:32:07.606+0000] {dagbag.py:545} INFO - Filling up the DagBag from /home/airflow/.local/lib/python3.12/site-packages/airflow/example_dags/example_python_decorator.py
[2024-12-04T07:32:07.612+0000] {processor.py:840} INFO - DAG(s) 'example_python_decorator' retrieved from /home/airflow/.local/lib/python3.12/site-packages/airflow/example_dags/example_python_decorator.py
[2024-12-04T07:32:07.630+0000] {logging_mixin.py:188} INFO - [2024-12-04T07:32:07.630+0000] {dag.py:3096} INFO - Sync 1 DAGs
[2024-12-04T07:32:07.639+0000] {logging_mixin.py:188} INFO - [2024-12-04T07:32:07.638+0000] {dag.py:3954} INFO - Setting next_dagrun for example_python_decorator to None, run_after=None
[2024-12-04T07:32:07.654+0000] {processor.py:183} INFO - Processing /home/airflow/.local/lib/python3.12/site-packages/airflow/example_dags/example_python_decorator.py took 0.053 seconds
[2024-12-04T07:32:38.541+0000] {processor.py:161} INFO - Started process (PID=482) to work on /home/airflow/.local/lib/python3.12/site-packages/airflow/example_dags/example_python_decorator.py
[2024-12-04T07:32:38.542+0000] {processor.py:830} INFO - Processing file /home/airflow/.local/lib/python3.12/site-packages/airflow/example_dags/example_python_decorator.py for tasks to queue
[2024-12-04T07:32:38.543+0000] {logging_mixin.py:188} INFO - [2024-12-04T07:32:38.543+0000] {dagbag.py:545} INFO - Filling up the DagBag from /home/airflow/.local/lib/python3.12/site-packages/airflow/example_dags/example_python_decorator.py
[2024-12-04T07:32:38.550+0000] {processor.py:840} INFO - DAG(s) 'example_python_decorator' retrieved from /home/airflow/.local/lib/python3.12/site-packages/airflow/example_dags/example_python_decorator.py
[2024-12-04T07:32:38.565+0000] {logging_mixin.py:188} INFO - [2024-12-04T07:32:38.564+0000] {dag.py:3096} INFO - Sync 1 DAGs
[2024-12-04T07:32:38.574+0000] {logging_mixin.py:188} INFO - [2024-12-04T07:32:38.574+0000] {dag.py:3954} INFO - Setting next_dagrun for example_python_decorator to None, run_after=None
[2024-12-04T07:32:38.609+0000] {processor.py:183} INFO - Processing /home/airflow/.local/lib/python3.12/site-packages/airflow/example_dags/example_python_decorator.py took 0.071 seconds
