[2024-12-04T07:29:07.184+0000] {processor.py:161} INFO - Started process (PID=89) to work on /home/airflow/.local/lib/python3.12/site-packages/airflow/example_dags/example_nested_branch_dag.py
[2024-12-04T07:29:07.191+0000] {processor.py:830} INFO - Processing file /home/airflow/.local/lib/python3.12/site-packages/airflow/example_dags/example_nested_branch_dag.py for tasks to queue
[2024-12-04T07:29:07.201+0000] {logging_mixin.py:188} INFO - [2024-12-04T07:29:07.200+0000] {dagbag.py:545} INFO - Filling up the DagBag from /home/airflow/.local/lib/python3.12/site-packages/airflow/example_dags/example_nested_branch_dag.py
[2024-12-04T07:29:07.218+0000] {processor.py:840} INFO - DAG(s) 'example_nested_branch_dag' retrieved from /home/airflow/.local/lib/python3.12/site-packages/airflow/example_dags/example_nested_branch_dag.py
[2024-12-04T07:29:07.242+0000] {logging_mixin.py:188} INFO - [2024-12-04T07:29:07.241+0000] {dag.py:3096} INFO - Sync 1 DAGs
[2024-12-04T07:29:07.289+0000] {logging_mixin.py:188} INFO - [2024-12-04T07:29:07.289+0000] {dag.py:3954} INFO - Setting next_dagrun for example_nested_branch_dag to 2024-12-03 00:00:00+00:00, run_after=2024-12-04 00:00:00+00:00
[2024-12-04T07:29:07.320+0000] {processor.py:183} INFO - Processing /home/airflow/.local/lib/python3.12/site-packages/airflow/example_dags/example_nested_branch_dag.py took 0.172 seconds
[2024-12-04T07:29:37.412+0000] {processor.py:161} INFO - Started process (PID=147) to work on /home/airflow/.local/lib/python3.12/site-packages/airflow/example_dags/example_nested_branch_dag.py
[2024-12-04T07:29:37.413+0000] {processor.py:830} INFO - Processing file /home/airflow/.local/lib/python3.12/site-packages/airflow/example_dags/example_nested_branch_dag.py for tasks to queue
[2024-12-04T07:29:37.414+0000] {logging_mixin.py:188} INFO - [2024-12-04T07:29:37.413+0000] {dagbag.py:545} INFO - Filling up the DagBag from /home/airflow/.local/lib/python3.12/site-packages/airflow/example_dags/example_nested_branch_dag.py
[2024-12-04T07:29:37.419+0000] {processor.py:840} INFO - DAG(s) 'example_nested_branch_dag' retrieved from /home/airflow/.local/lib/python3.12/site-packages/airflow/example_dags/example_nested_branch_dag.py
[2024-12-04T07:29:37.464+0000] {logging_mixin.py:188} INFO - [2024-12-04T07:29:37.464+0000] {dag.py:3096} INFO - Sync 1 DAGs
[2024-12-04T07:29:37.473+0000] {logging_mixin.py:188} INFO - [2024-12-04T07:29:37.473+0000] {dag.py:3954} INFO - Setting next_dagrun for example_nested_branch_dag to 2024-12-03 00:00:00+00:00, run_after=2024-12-04 00:00:00+00:00
[2024-12-04T07:29:37.481+0000] {processor.py:183} INFO - Processing /home/airflow/.local/lib/python3.12/site-packages/airflow/example_dags/example_nested_branch_dag.py took 0.072 seconds
[2024-12-04T07:30:07.552+0000] {processor.py:161} INFO - Started process (PID=205) to work on /home/airflow/.local/lib/python3.12/site-packages/airflow/example_dags/example_nested_branch_dag.py
[2024-12-04T07:30:07.555+0000] {processor.py:830} INFO - Processing file /home/airflow/.local/lib/python3.12/site-packages/airflow/example_dags/example_nested_branch_dag.py for tasks to queue
[2024-12-04T07:30:07.557+0000] {logging_mixin.py:188} INFO - [2024-12-04T07:30:07.557+0000] {dagbag.py:545} INFO - Filling up the DagBag from /home/airflow/.local/lib/python3.12/site-packages/airflow/example_dags/example_nested_branch_dag.py
[2024-12-04T07:30:07.571+0000] {processor.py:840} INFO - DAG(s) 'example_nested_branch_dag' retrieved from /home/airflow/.local/lib/python3.12/site-packages/airflow/example_dags/example_nested_branch_dag.py
[2024-12-04T07:30:07.589+0000] {logging_mixin.py:188} INFO - [2024-12-04T07:30:07.589+0000] {dag.py:3096} INFO - Sync 1 DAGs
[2024-12-04T07:30:07.607+0000] {logging_mixin.py:188} INFO - [2024-12-04T07:30:07.606+0000] {dag.py:3954} INFO - Setting next_dagrun for example_nested_branch_dag to 2024-12-03 00:00:00+00:00, run_after=2024-12-04 00:00:00+00:00
[2024-12-04T07:30:07.616+0000] {processor.py:183} INFO - Processing /home/airflow/.local/lib/python3.12/site-packages/airflow/example_dags/example_nested_branch_dag.py took 0.069 seconds
[2024-12-04T07:30:37.779+0000] {processor.py:161} INFO - Started process (PID=263) to work on /home/airflow/.local/lib/python3.12/site-packages/airflow/example_dags/example_nested_branch_dag.py
[2024-12-04T07:30:37.780+0000] {processor.py:830} INFO - Processing file /home/airflow/.local/lib/python3.12/site-packages/airflow/example_dags/example_nested_branch_dag.py for tasks to queue
[2024-12-04T07:30:37.782+0000] {logging_mixin.py:188} INFO - [2024-12-04T07:30:37.781+0000] {dagbag.py:545} INFO - Filling up the DagBag from /home/airflow/.local/lib/python3.12/site-packages/airflow/example_dags/example_nested_branch_dag.py
[2024-12-04T07:30:37.789+0000] {processor.py:840} INFO - DAG(s) 'example_nested_branch_dag' retrieved from /home/airflow/.local/lib/python3.12/site-packages/airflow/example_dags/example_nested_branch_dag.py
[2024-12-04T07:30:37.811+0000] {logging_mixin.py:188} INFO - [2024-12-04T07:30:37.810+0000] {dag.py:3096} INFO - Sync 1 DAGs
[2024-12-04T07:30:37.823+0000] {logging_mixin.py:188} INFO - [2024-12-04T07:30:37.823+0000] {dag.py:3954} INFO - Setting next_dagrun for example_nested_branch_dag to 2024-12-03 00:00:00+00:00, run_after=2024-12-04 00:00:00+00:00
[2024-12-04T07:30:37.835+0000] {processor.py:183} INFO - Processing /home/airflow/.local/lib/python3.12/site-packages/airflow/example_dags/example_nested_branch_dag.py took 0.060 seconds
[2024-12-04T07:31:08.815+0000] {processor.py:161} INFO - Started process (PID=321) to work on /home/airflow/.local/lib/python3.12/site-packages/airflow/example_dags/example_nested_branch_dag.py
[2024-12-04T07:31:08.818+0000] {processor.py:830} INFO - Processing file /home/airflow/.local/lib/python3.12/site-packages/airflow/example_dags/example_nested_branch_dag.py for tasks to queue
[2024-12-04T07:31:08.821+0000] {logging_mixin.py:188} INFO - [2024-12-04T07:31:08.821+0000] {dagbag.py:545} INFO - Filling up the DagBag from /home/airflow/.local/lib/python3.12/site-packages/airflow/example_dags/example_nested_branch_dag.py
[2024-12-04T07:31:08.826+0000] {processor.py:840} INFO - DAG(s) 'example_nested_branch_dag' retrieved from /home/airflow/.local/lib/python3.12/site-packages/airflow/example_dags/example_nested_branch_dag.py
[2024-12-04T07:31:08.840+0000] {logging_mixin.py:188} INFO - [2024-12-04T07:31:08.840+0000] {dag.py:3096} INFO - Sync 1 DAGs
[2024-12-04T07:31:08.866+0000] {logging_mixin.py:188} INFO - [2024-12-04T07:31:08.866+0000] {dag.py:3954} INFO - Setting next_dagrun for example_nested_branch_dag to 2024-12-03 00:00:00+00:00, run_after=2024-12-04 00:00:00+00:00
[2024-12-04T07:31:08.882+0000] {processor.py:183} INFO - Processing /home/airflow/.local/lib/python3.12/site-packages/airflow/example_dags/example_nested_branch_dag.py took 0.070 seconds
[2024-12-04T07:31:39.669+0000] {processor.py:161} INFO - Started process (PID=379) to work on /home/airflow/.local/lib/python3.12/site-packages/airflow/example_dags/example_nested_branch_dag.py
[2024-12-04T07:31:39.669+0000] {processor.py:830} INFO - Processing file /home/airflow/.local/lib/python3.12/site-packages/airflow/example_dags/example_nested_branch_dag.py for tasks to queue
[2024-12-04T07:31:39.671+0000] {logging_mixin.py:188} INFO - [2024-12-04T07:31:39.670+0000] {dagbag.py:545} INFO - Filling up the DagBag from /home/airflow/.local/lib/python3.12/site-packages/airflow/example_dags/example_nested_branch_dag.py
[2024-12-04T07:31:39.676+0000] {processor.py:840} INFO - DAG(s) 'example_nested_branch_dag' retrieved from /home/airflow/.local/lib/python3.12/site-packages/airflow/example_dags/example_nested_branch_dag.py
[2024-12-04T07:31:39.691+0000] {logging_mixin.py:188} INFO - [2024-12-04T07:31:39.690+0000] {dag.py:3096} INFO - Sync 1 DAGs
[2024-12-04T07:31:39.707+0000] {logging_mixin.py:188} INFO - [2024-12-04T07:31:39.707+0000] {dag.py:3954} INFO - Setting next_dagrun for example_nested_branch_dag to 2024-12-03 00:00:00+00:00, run_after=2024-12-04 00:00:00+00:00
[2024-12-04T07:31:39.720+0000] {processor.py:183} INFO - Processing /home/airflow/.local/lib/python3.12/site-packages/airflow/example_dags/example_nested_branch_dag.py took 0.054 seconds
[2024-12-04T07:32:10.276+0000] {processor.py:161} INFO - Started process (PID=437) to work on /home/airflow/.local/lib/python3.12/site-packages/airflow/example_dags/example_nested_branch_dag.py
[2024-12-04T07:32:10.278+0000] {processor.py:830} INFO - Processing file /home/airflow/.local/lib/python3.12/site-packages/airflow/example_dags/example_nested_branch_dag.py for tasks to queue
[2024-12-04T07:32:10.280+0000] {logging_mixin.py:188} INFO - [2024-12-04T07:32:10.280+0000] {dagbag.py:545} INFO - Filling up the DagBag from /home/airflow/.local/lib/python3.12/site-packages/airflow/example_dags/example_nested_branch_dag.py
[2024-12-04T07:32:10.286+0000] {processor.py:840} INFO - DAG(s) 'example_nested_branch_dag' retrieved from /home/airflow/.local/lib/python3.12/site-packages/airflow/example_dags/example_nested_branch_dag.py
[2024-12-04T07:32:10.299+0000] {logging_mixin.py:188} INFO - [2024-12-04T07:32:10.299+0000] {dag.py:3096} INFO - Sync 1 DAGs
[2024-12-04T07:32:10.311+0000] {logging_mixin.py:188} INFO - [2024-12-04T07:32:10.310+0000] {dag.py:3954} INFO - Setting next_dagrun for example_nested_branch_dag to 2024-12-03 00:00:00+00:00, run_after=2024-12-04 00:00:00+00:00
[2024-12-04T07:32:10.323+0000] {processor.py:183} INFO - Processing /home/airflow/.local/lib/python3.12/site-packages/airflow/example_dags/example_nested_branch_dag.py took 0.050 seconds
[2024-12-04T07:32:41.176+0000] {processor.py:161} INFO - Started process (PID=495) to work on /home/airflow/.local/lib/python3.12/site-packages/airflow/example_dags/example_nested_branch_dag.py
[2024-12-04T07:32:41.177+0000] {processor.py:830} INFO - Processing file /home/airflow/.local/lib/python3.12/site-packages/airflow/example_dags/example_nested_branch_dag.py for tasks to queue
[2024-12-04T07:32:41.180+0000] {logging_mixin.py:188} INFO - [2024-12-04T07:32:41.179+0000] {dagbag.py:545} INFO - Filling up the DagBag from /home/airflow/.local/lib/python3.12/site-packages/airflow/example_dags/example_nested_branch_dag.py
[2024-12-04T07:32:41.186+0000] {processor.py:840} INFO - DAG(s) 'example_nested_branch_dag' retrieved from /home/airflow/.local/lib/python3.12/site-packages/airflow/example_dags/example_nested_branch_dag.py
[2024-12-04T07:32:41.199+0000] {logging_mixin.py:188} INFO - [2024-12-04T07:32:41.199+0000] {dag.py:3096} INFO - Sync 1 DAGs
[2024-12-04T07:32:41.211+0000] {logging_mixin.py:188} INFO - [2024-12-04T07:32:41.211+0000] {dag.py:3954} INFO - Setting next_dagrun for example_nested_branch_dag to 2024-12-03 00:00:00+00:00, run_after=2024-12-04 00:00:00+00:00
[2024-12-04T07:32:41.221+0000] {processor.py:183} INFO - Processing /home/airflow/.local/lib/python3.12/site-packages/airflow/example_dags/example_nested_branch_dag.py took 0.048 seconds
