[2024-12-04T07:29:04.350+0000] {processor.py:161} INFO - Started process (PID=75) to work on /home/airflow/.local/lib/python3.12/site-packages/airflow/example_dags/example_params_trigger_ui.py
[2024-12-04T07:29:04.350+0000] {processor.py:830} INFO - Processing file /home/airflow/.local/lib/python3.12/site-packages/airflow/example_dags/example_params_trigger_ui.py for tasks to queue
[2024-12-04T07:29:04.352+0000] {logging_mixin.py:188} INFO - [2024-12-04T07:29:04.352+0000] {dagbag.py:545} INFO - Filling up the DagBag from /home/airflow/.local/lib/python3.12/site-packages/airflow/example_dags/example_params_trigger_ui.py
[2024-12-04T07:29:04.396+0000] {processor.py:840} INFO - DAG(s) 'example_params_trigger_ui' retrieved from /home/airflow/.local/lib/python3.12/site-packages/airflow/example_dags/example_params_trigger_ui.py
[2024-12-04T07:29:04.424+0000] {logging_mixin.py:188} INFO - [2024-12-04T07:29:04.422+0000] {dag.py:3096} INFO - Sync 1 DAGs
[2024-12-04T07:29:04.478+0000] {logging_mixin.py:188} INFO - [2024-12-04T07:29:04.478+0000] {dag.py:3954} INFO - Setting next_dagrun for example_params_trigger_ui to None, run_after=None
[2024-12-04T07:29:04.554+0000] {processor.py:183} INFO - Processing /home/airflow/.local/lib/python3.12/site-packages/airflow/example_dags/example_params_trigger_ui.py took 0.210 seconds
[2024-12-04T07:29:35.109+0000] {processor.py:161} INFO - Started process (PID=133) to work on /home/airflow/.local/lib/python3.12/site-packages/airflow/example_dags/example_params_trigger_ui.py
[2024-12-04T07:29:35.112+0000] {processor.py:830} INFO - Processing file /home/airflow/.local/lib/python3.12/site-packages/airflow/example_dags/example_params_trigger_ui.py for tasks to queue
[2024-12-04T07:29:35.115+0000] {logging_mixin.py:188} INFO - [2024-12-04T07:29:35.114+0000] {dagbag.py:545} INFO - Filling up the DagBag from /home/airflow/.local/lib/python3.12/site-packages/airflow/example_dags/example_params_trigger_ui.py
[2024-12-04T07:29:35.131+0000] {processor.py:840} INFO - DAG(s) 'example_params_trigger_ui' retrieved from /home/airflow/.local/lib/python3.12/site-packages/airflow/example_dags/example_params_trigger_ui.py
[2024-12-04T07:29:35.275+0000] {logging_mixin.py:188} INFO - [2024-12-04T07:29:35.275+0000] {dag.py:3096} INFO - Sync 1 DAGs
[2024-12-04T07:29:35.283+0000] {logging_mixin.py:188} INFO - [2024-12-04T07:29:35.283+0000] {dag.py:3954} INFO - Setting next_dagrun for example_params_trigger_ui to None, run_after=None
[2024-12-04T07:29:35.297+0000] {processor.py:183} INFO - Processing /home/airflow/.local/lib/python3.12/site-packages/airflow/example_dags/example_params_trigger_ui.py took 0.195 seconds
[2024-12-04T07:30:05.819+0000] {processor.py:161} INFO - Started process (PID=191) to work on /home/airflow/.local/lib/python3.12/site-packages/airflow/example_dags/example_params_trigger_ui.py
[2024-12-04T07:30:05.821+0000] {processor.py:830} INFO - Processing file /home/airflow/.local/lib/python3.12/site-packages/airflow/example_dags/example_params_trigger_ui.py for tasks to queue
[2024-12-04T07:30:05.825+0000] {logging_mixin.py:188} INFO - [2024-12-04T07:30:05.824+0000] {dagbag.py:545} INFO - Filling up the DagBag from /home/airflow/.local/lib/python3.12/site-packages/airflow/example_dags/example_params_trigger_ui.py
[2024-12-04T07:30:05.840+0000] {processor.py:840} INFO - DAG(s) 'example_params_trigger_ui' retrieved from /home/airflow/.local/lib/python3.12/site-packages/airflow/example_dags/example_params_trigger_ui.py
[2024-12-04T07:30:05.872+0000] {logging_mixin.py:188} INFO - [2024-12-04T07:30:05.872+0000] {dag.py:3096} INFO - Sync 1 DAGs
[2024-12-04T07:30:05.882+0000] {logging_mixin.py:188} INFO - [2024-12-04T07:30:05.882+0000] {dag.py:3954} INFO - Setting next_dagrun for example_params_trigger_ui to None, run_after=None
[2024-12-04T07:30:05.907+0000] {processor.py:183} INFO - Processing /home/airflow/.local/lib/python3.12/site-packages/airflow/example_dags/example_params_trigger_ui.py took 0.095 seconds
[2024-12-04T07:30:36.009+0000] {processor.py:161} INFO - Started process (PID=249) to work on /home/airflow/.local/lib/python3.12/site-packages/airflow/example_dags/example_params_trigger_ui.py
[2024-12-04T07:30:36.010+0000] {processor.py:830} INFO - Processing file /home/airflow/.local/lib/python3.12/site-packages/airflow/example_dags/example_params_trigger_ui.py for tasks to queue
[2024-12-04T07:30:36.012+0000] {logging_mixin.py:188} INFO - [2024-12-04T07:30:36.012+0000] {dagbag.py:545} INFO - Filling up the DagBag from /home/airflow/.local/lib/python3.12/site-packages/airflow/example_dags/example_params_trigger_ui.py
[2024-12-04T07:30:36.023+0000] {processor.py:840} INFO - DAG(s) 'example_params_trigger_ui' retrieved from /home/airflow/.local/lib/python3.12/site-packages/airflow/example_dags/example_params_trigger_ui.py
[2024-12-04T07:30:36.061+0000] {logging_mixin.py:188} INFO - [2024-12-04T07:30:36.061+0000] {dag.py:3096} INFO - Sync 1 DAGs
[2024-12-04T07:30:36.068+0000] {logging_mixin.py:188} INFO - [2024-12-04T07:30:36.068+0000] {dag.py:3954} INFO - Setting next_dagrun for example_params_trigger_ui to None, run_after=None
[2024-12-04T07:30:36.086+0000] {processor.py:183} INFO - Processing /home/airflow/.local/lib/python3.12/site-packages/airflow/example_dags/example_params_trigger_ui.py took 0.093 seconds
[2024-12-04T07:31:06.114+0000] {processor.py:161} INFO - Started process (PID=308) to work on /home/airflow/.local/lib/python3.12/site-packages/airflow/example_dags/example_params_trigger_ui.py
[2024-12-04T07:31:06.118+0000] {processor.py:830} INFO - Processing file /home/airflow/.local/lib/python3.12/site-packages/airflow/example_dags/example_params_trigger_ui.py for tasks to queue
[2024-12-04T07:31:06.120+0000] {logging_mixin.py:188} INFO - [2024-12-04T07:31:06.120+0000] {dagbag.py:545} INFO - Filling up the DagBag from /home/airflow/.local/lib/python3.12/site-packages/airflow/example_dags/example_params_trigger_ui.py
[2024-12-04T07:31:06.126+0000] {processor.py:840} INFO - DAG(s) 'example_params_trigger_ui' retrieved from /home/airflow/.local/lib/python3.12/site-packages/airflow/example_dags/example_params_trigger_ui.py
[2024-12-04T07:31:06.151+0000] {logging_mixin.py:188} INFO - [2024-12-04T07:31:06.151+0000] {dag.py:3096} INFO - Sync 1 DAGs
[2024-12-04T07:31:06.157+0000] {logging_mixin.py:188} INFO - [2024-12-04T07:31:06.157+0000] {dag.py:3954} INFO - Setting next_dagrun for example_params_trigger_ui to None, run_after=None
[2024-12-04T07:31:06.165+0000] {processor.py:183} INFO - Processing /home/airflow/.local/lib/python3.12/site-packages/airflow/example_dags/example_params_trigger_ui.py took 0.054 seconds
[2024-12-04T07:31:37.006+0000] {processor.py:161} INFO - Started process (PID=365) to work on /home/airflow/.local/lib/python3.12/site-packages/airflow/example_dags/example_params_trigger_ui.py
[2024-12-04T07:31:37.009+0000] {processor.py:830} INFO - Processing file /home/airflow/.local/lib/python3.12/site-packages/airflow/example_dags/example_params_trigger_ui.py for tasks to queue
[2024-12-04T07:31:37.014+0000] {logging_mixin.py:188} INFO - [2024-12-04T07:31:37.014+0000] {dagbag.py:545} INFO - Filling up the DagBag from /home/airflow/.local/lib/python3.12/site-packages/airflow/example_dags/example_params_trigger_ui.py
[2024-12-04T07:31:37.021+0000] {processor.py:840} INFO - DAG(s) 'example_params_trigger_ui' retrieved from /home/airflow/.local/lib/python3.12/site-packages/airflow/example_dags/example_params_trigger_ui.py
[2024-12-04T07:31:37.043+0000] {logging_mixin.py:188} INFO - [2024-12-04T07:31:37.043+0000] {dag.py:3096} INFO - Sync 1 DAGs
[2024-12-04T07:31:37.049+0000] {logging_mixin.py:188} INFO - [2024-12-04T07:31:37.048+0000] {dag.py:3954} INFO - Setting next_dagrun for example_params_trigger_ui to None, run_after=None
[2024-12-04T07:31:37.066+0000] {processor.py:183} INFO - Processing /home/airflow/.local/lib/python3.12/site-packages/airflow/example_dags/example_params_trigger_ui.py took 0.063 seconds
[2024-12-04T07:32:07.552+0000] {processor.py:161} INFO - Started process (PID=423) to work on /home/airflow/.local/lib/python3.12/site-packages/airflow/example_dags/example_params_trigger_ui.py
[2024-12-04T07:32:07.552+0000] {processor.py:830} INFO - Processing file /home/airflow/.local/lib/python3.12/site-packages/airflow/example_dags/example_params_trigger_ui.py for tasks to queue
[2024-12-04T07:32:07.553+0000] {logging_mixin.py:188} INFO - [2024-12-04T07:32:07.553+0000] {dagbag.py:545} INFO - Filling up the DagBag from /home/airflow/.local/lib/python3.12/site-packages/airflow/example_dags/example_params_trigger_ui.py
[2024-12-04T07:32:07.559+0000] {processor.py:840} INFO - DAG(s) 'example_params_trigger_ui' retrieved from /home/airflow/.local/lib/python3.12/site-packages/airflow/example_dags/example_params_trigger_ui.py
[2024-12-04T07:32:07.578+0000] {logging_mixin.py:188} INFO - [2024-12-04T07:32:07.577+0000] {dag.py:3096} INFO - Sync 1 DAGs
[2024-12-04T07:32:07.583+0000] {logging_mixin.py:188} INFO - [2024-12-04T07:32:07.583+0000] {dag.py:3954} INFO - Setting next_dagrun for example_params_trigger_ui to None, run_after=None
[2024-12-04T07:32:07.591+0000] {processor.py:183} INFO - Processing /home/airflow/.local/lib/python3.12/site-packages/airflow/example_dags/example_params_trigger_ui.py took 0.042 seconds
[2024-12-04T07:32:38.490+0000] {processor.py:161} INFO - Started process (PID=481) to work on /home/airflow/.local/lib/python3.12/site-packages/airflow/example_dags/example_params_trigger_ui.py
[2024-12-04T07:32:38.491+0000] {processor.py:830} INFO - Processing file /home/airflow/.local/lib/python3.12/site-packages/airflow/example_dags/example_params_trigger_ui.py for tasks to queue
[2024-12-04T07:32:38.493+0000] {logging_mixin.py:188} INFO - [2024-12-04T07:32:38.493+0000] {dagbag.py:545} INFO - Filling up the DagBag from /home/airflow/.local/lib/python3.12/site-packages/airflow/example_dags/example_params_trigger_ui.py
[2024-12-04T07:32:38.501+0000] {processor.py:840} INFO - DAG(s) 'example_params_trigger_ui' retrieved from /home/airflow/.local/lib/python3.12/site-packages/airflow/example_dags/example_params_trigger_ui.py
[2024-12-04T07:32:38.531+0000] {logging_mixin.py:188} INFO - [2024-12-04T07:32:38.530+0000] {dag.py:3096} INFO - Sync 1 DAGs
[2024-12-04T07:32:38.539+0000] {logging_mixin.py:188} INFO - [2024-12-04T07:32:38.539+0000] {dag.py:3954} INFO - Setting next_dagrun for example_params_trigger_ui to None, run_after=None
[2024-12-04T07:32:38.549+0000] {processor.py:183} INFO - Processing /home/airflow/.local/lib/python3.12/site-packages/airflow/example_dags/example_params_trigger_ui.py took 0.062 seconds
