[2024-12-04T07:29:07.017+0000] {processor.py:161} INFO - Started process (PID=87) to work on /home/airflow/.local/lib/python3.12/site-packages/airflow/example_dags/example_latest_only.py
[2024-12-04T07:29:07.020+0000] {processor.py:830} INFO - Processing file /home/airflow/.local/lib/python3.12/site-packages/airflow/example_dags/example_latest_only.py for tasks to queue
[2024-12-04T07:29:07.027+0000] {logging_mixin.py:188} INFO - [2024-12-04T07:29:07.026+0000] {dagbag.py:545} INFO - Filling up the DagBag from /home/airflow/.local/lib/python3.12/site-packages/airflow/example_dags/example_latest_only.py
[2024-12-04T07:29:07.032+0000] {processor.py:840} INFO - DAG(s) 'latest_only' retrieved from /home/airflow/.local/lib/python3.12/site-packages/airflow/example_dags/example_latest_only.py
[2024-12-04T07:29:07.049+0000] {logging_mixin.py:188} INFO - [2024-12-04T07:29:07.048+0000] {dag.py:3096} INFO - Sync 1 DAGs
[2024-12-04T07:29:07.064+0000] {logging_mixin.py:188} INFO - [2024-12-04T07:29:07.064+0000] {dag.py:3954} INFO - Setting next_dagrun for latest_only to 2024-12-04 00:00:00+00:00, run_after=2024-12-04 04:00:00+00:00
[2024-12-04T07:29:07.080+0000] {processor.py:183} INFO - Processing /home/airflow/.local/lib/python3.12/site-packages/airflow/example_dags/example_latest_only.py took 0.085 seconds
[2024-12-04T07:29:37.176+0000] {processor.py:161} INFO - Started process (PID=145) to work on /home/airflow/.local/lib/python3.12/site-packages/airflow/example_dags/example_latest_only.py
[2024-12-04T07:29:37.176+0000] {processor.py:830} INFO - Processing file /home/airflow/.local/lib/python3.12/site-packages/airflow/example_dags/example_latest_only.py for tasks to queue
[2024-12-04T07:29:37.177+0000] {logging_mixin.py:188} INFO - [2024-12-04T07:29:37.177+0000] {dagbag.py:545} INFO - Filling up the DagBag from /home/airflow/.local/lib/python3.12/site-packages/airflow/example_dags/example_latest_only.py
[2024-12-04T07:29:37.181+0000] {processor.py:840} INFO - DAG(s) 'latest_only' retrieved from /home/airflow/.local/lib/python3.12/site-packages/airflow/example_dags/example_latest_only.py
[2024-12-04T07:29:37.240+0000] {logging_mixin.py:188} INFO - [2024-12-04T07:29:37.240+0000] {dag.py:3096} INFO - Sync 1 DAGs
[2024-12-04T07:29:37.252+0000] {logging_mixin.py:188} INFO - [2024-12-04T07:29:37.252+0000] {dag.py:3954} INFO - Setting next_dagrun for latest_only to 2024-12-04 00:00:00+00:00, run_after=2024-12-04 04:00:00+00:00
[2024-12-04T07:29:37.265+0000] {processor.py:183} INFO - Processing /home/airflow/.local/lib/python3.12/site-packages/airflow/example_dags/example_latest_only.py took 0.091 seconds
[2024-12-04T07:30:07.491+0000] {processor.py:161} INFO - Started process (PID=203) to work on /home/airflow/.local/lib/python3.12/site-packages/airflow/example_dags/example_latest_only.py
[2024-12-04T07:30:07.492+0000] {processor.py:830} INFO - Processing file /home/airflow/.local/lib/python3.12/site-packages/airflow/example_dags/example_latest_only.py for tasks to queue
[2024-12-04T07:30:07.492+0000] {logging_mixin.py:188} INFO - [2024-12-04T07:30:07.492+0000] {dagbag.py:545} INFO - Filling up the DagBag from /home/airflow/.local/lib/python3.12/site-packages/airflow/example_dags/example_latest_only.py
[2024-12-04T07:30:07.495+0000] {processor.py:840} INFO - DAG(s) 'latest_only' retrieved from /home/airflow/.local/lib/python3.12/site-packages/airflow/example_dags/example_latest_only.py
[2024-12-04T07:30:07.505+0000] {logging_mixin.py:188} INFO - [2024-12-04T07:30:07.505+0000] {dag.py:3096} INFO - Sync 1 DAGs
[2024-12-04T07:30:07.516+0000] {logging_mixin.py:188} INFO - [2024-12-04T07:30:07.516+0000] {dag.py:3954} INFO - Setting next_dagrun for latest_only to 2024-12-04 00:00:00+00:00, run_after=2024-12-04 04:00:00+00:00
[2024-12-04T07:30:07.525+0000] {processor.py:183} INFO - Processing /home/airflow/.local/lib/python3.12/site-packages/airflow/example_dags/example_latest_only.py took 0.037 seconds
[2024-12-04T07:30:37.659+0000] {processor.py:161} INFO - Started process (PID=261) to work on /home/airflow/.local/lib/python3.12/site-packages/airflow/example_dags/example_latest_only.py
[2024-12-04T07:30:37.660+0000] {processor.py:830} INFO - Processing file /home/airflow/.local/lib/python3.12/site-packages/airflow/example_dags/example_latest_only.py for tasks to queue
[2024-12-04T07:30:37.662+0000] {logging_mixin.py:188} INFO - [2024-12-04T07:30:37.662+0000] {dagbag.py:545} INFO - Filling up the DagBag from /home/airflow/.local/lib/python3.12/site-packages/airflow/example_dags/example_latest_only.py
[2024-12-04T07:30:37.668+0000] {processor.py:840} INFO - DAG(s) 'latest_only' retrieved from /home/airflow/.local/lib/python3.12/site-packages/airflow/example_dags/example_latest_only.py
[2024-12-04T07:30:37.693+0000] {logging_mixin.py:188} INFO - [2024-12-04T07:30:37.693+0000] {dag.py:3096} INFO - Sync 1 DAGs
[2024-12-04T07:30:37.740+0000] {logging_mixin.py:188} INFO - [2024-12-04T07:30:37.740+0000] {dag.py:3954} INFO - Setting next_dagrun for latest_only to 2024-12-04 00:00:00+00:00, run_after=2024-12-04 04:00:00+00:00
[2024-12-04T07:30:37.759+0000] {processor.py:183} INFO - Processing /home/airflow/.local/lib/python3.12/site-packages/airflow/example_dags/example_latest_only.py took 0.104 seconds
[2024-12-04T07:31:08.709+0000] {processor.py:161} INFO - Started process (PID=319) to work on /home/airflow/.local/lib/python3.12/site-packages/airflow/example_dags/example_latest_only.py
[2024-12-04T07:31:08.713+0000] {processor.py:830} INFO - Processing file /home/airflow/.local/lib/python3.12/site-packages/airflow/example_dags/example_latest_only.py for tasks to queue
[2024-12-04T07:31:08.715+0000] {logging_mixin.py:188} INFO - [2024-12-04T07:31:08.715+0000] {dagbag.py:545} INFO - Filling up the DagBag from /home/airflow/.local/lib/python3.12/site-packages/airflow/example_dags/example_latest_only.py
[2024-12-04T07:31:08.719+0000] {processor.py:840} INFO - DAG(s) 'latest_only' retrieved from /home/airflow/.local/lib/python3.12/site-packages/airflow/example_dags/example_latest_only.py
[2024-12-04T07:31:08.745+0000] {logging_mixin.py:188} INFO - [2024-12-04T07:31:08.745+0000] {dag.py:3096} INFO - Sync 1 DAGs
[2024-12-04T07:31:08.763+0000] {logging_mixin.py:188} INFO - [2024-12-04T07:31:08.763+0000] {dag.py:3954} INFO - Setting next_dagrun for latest_only to 2024-12-04 00:00:00+00:00, run_after=2024-12-04 04:00:00+00:00
[2024-12-04T07:31:08.781+0000] {processor.py:183} INFO - Processing /home/airflow/.local/lib/python3.12/site-packages/airflow/example_dags/example_latest_only.py took 0.078 seconds
[2024-12-04T07:31:39.593+0000] {processor.py:161} INFO - Started process (PID=377) to work on /home/airflow/.local/lib/python3.12/site-packages/airflow/example_dags/example_latest_only.py
[2024-12-04T07:31:39.594+0000] {processor.py:830} INFO - Processing file /home/airflow/.local/lib/python3.12/site-packages/airflow/example_dags/example_latest_only.py for tasks to queue
[2024-12-04T07:31:39.598+0000] {logging_mixin.py:188} INFO - [2024-12-04T07:31:39.597+0000] {dagbag.py:545} INFO - Filling up the DagBag from /home/airflow/.local/lib/python3.12/site-packages/airflow/example_dags/example_latest_only.py
[2024-12-04T07:31:39.601+0000] {processor.py:840} INFO - DAG(s) 'latest_only' retrieved from /home/airflow/.local/lib/python3.12/site-packages/airflow/example_dags/example_latest_only.py
[2024-12-04T07:31:39.612+0000] {logging_mixin.py:188} INFO - [2024-12-04T07:31:39.612+0000] {dag.py:3096} INFO - Sync 1 DAGs
[2024-12-04T07:31:39.626+0000] {logging_mixin.py:188} INFO - [2024-12-04T07:31:39.626+0000] {dag.py:3954} INFO - Setting next_dagrun for latest_only to 2024-12-04 00:00:00+00:00, run_after=2024-12-04 04:00:00+00:00
[2024-12-04T07:31:39.640+0000] {processor.py:183} INFO - Processing /home/airflow/.local/lib/python3.12/site-packages/airflow/example_dags/example_latest_only.py took 0.050 seconds
[2024-12-04T07:32:10.164+0000] {processor.py:161} INFO - Started process (PID=435) to work on /home/airflow/.local/lib/python3.12/site-packages/airflow/example_dags/example_latest_only.py
[2024-12-04T07:32:10.166+0000] {processor.py:830} INFO - Processing file /home/airflow/.local/lib/python3.12/site-packages/airflow/example_dags/example_latest_only.py for tasks to queue
[2024-12-04T07:32:10.167+0000] {logging_mixin.py:188} INFO - [2024-12-04T07:32:10.167+0000] {dagbag.py:545} INFO - Filling up the DagBag from /home/airflow/.local/lib/python3.12/site-packages/airflow/example_dags/example_latest_only.py
[2024-12-04T07:32:10.170+0000] {processor.py:840} INFO - DAG(s) 'latest_only' retrieved from /home/airflow/.local/lib/python3.12/site-packages/airflow/example_dags/example_latest_only.py
[2024-12-04T07:32:10.183+0000] {logging_mixin.py:188} INFO - [2024-12-04T07:32:10.183+0000] {dag.py:3096} INFO - Sync 1 DAGs
[2024-12-04T07:32:10.195+0000] {logging_mixin.py:188} INFO - [2024-12-04T07:32:10.195+0000] {dag.py:3954} INFO - Setting next_dagrun for latest_only to 2024-12-04 00:00:00+00:00, run_after=2024-12-04 04:00:00+00:00
[2024-12-04T07:32:10.208+0000] {processor.py:183} INFO - Processing /home/airflow/.local/lib/python3.12/site-packages/airflow/example_dags/example_latest_only.py took 0.047 seconds
[2024-12-04T07:32:41.081+0000] {processor.py:161} INFO - Started process (PID=493) to work on /home/airflow/.local/lib/python3.12/site-packages/airflow/example_dags/example_latest_only.py
[2024-12-04T07:32:41.083+0000] {processor.py:830} INFO - Processing file /home/airflow/.local/lib/python3.12/site-packages/airflow/example_dags/example_latest_only.py for tasks to queue
[2024-12-04T07:32:41.085+0000] {logging_mixin.py:188} INFO - [2024-12-04T07:32:41.085+0000] {dagbag.py:545} INFO - Filling up the DagBag from /home/airflow/.local/lib/python3.12/site-packages/airflow/example_dags/example_latest_only.py
[2024-12-04T07:32:41.089+0000] {processor.py:840} INFO - DAG(s) 'latest_only' retrieved from /home/airflow/.local/lib/python3.12/site-packages/airflow/example_dags/example_latest_only.py
[2024-12-04T07:32:41.104+0000] {logging_mixin.py:188} INFO - [2024-12-04T07:32:41.104+0000] {dag.py:3096} INFO - Sync 1 DAGs
[2024-12-04T07:32:41.118+0000] {logging_mixin.py:188} INFO - [2024-12-04T07:32:41.118+0000] {dag.py:3954} INFO - Setting next_dagrun for latest_only to 2024-12-04 00:00:00+00:00, run_after=2024-12-04 04:00:00+00:00
[2024-12-04T07:32:41.133+0000] {processor.py:183} INFO - Processing /home/airflow/.local/lib/python3.12/site-packages/airflow/example_dags/example_latest_only.py took 0.058 seconds
