[2024-12-04T07:29:05.388+0000] {processor.py:161} INFO - Started process (PID=81) to work on /home/airflow/.local/lib/python3.12/site-packages/airflow/example_dags/example_complex.py
[2024-12-04T07:29:05.392+0000] {processor.py:830} INFO - Processing file /home/airflow/.local/lib/python3.12/site-packages/airflow/example_dags/example_complex.py for tasks to queue
[2024-12-04T07:29:05.404+0000] {logging_mixin.py:188} INFO - [2024-12-04T07:29:05.402+0000] {dagbag.py:545} INFO - Filling up the DagBag from /home/airflow/.local/lib/python3.12/site-packages/airflow/example_dags/example_complex.py
[2024-12-04T07:29:05.428+0000] {processor.py:840} INFO - DAG(s) 'example_complex' retrieved from /home/airflow/.local/lib/python3.12/site-packages/airflow/example_dags/example_complex.py
[2024-12-04T07:29:05.487+0000] {logging_mixin.py:188} INFO - [2024-12-04T07:29:05.486+0000] {dag.py:3096} INFO - Sync 1 DAGs
[2024-12-04T07:29:05.573+0000] {logging_mixin.py:188} INFO - [2024-12-04T07:29:05.572+0000] {dag.py:3954} INFO - Setting next_dagrun for example_complex to None, run_after=None
[2024-12-04T07:29:05.641+0000] {processor.py:183} INFO - Processing /home/airflow/.local/lib/python3.12/site-packages/airflow/example_dags/example_complex.py took 0.294 seconds
[2024-12-04T07:29:36.665+0000] {processor.py:161} INFO - Started process (PID=139) to work on /home/airflow/.local/lib/python3.12/site-packages/airflow/example_dags/example_complex.py
[2024-12-04T07:29:36.672+0000] {processor.py:830} INFO - Processing file /home/airflow/.local/lib/python3.12/site-packages/airflow/example_dags/example_complex.py for tasks to queue
[2024-12-04T07:29:36.686+0000] {logging_mixin.py:188} INFO - [2024-12-04T07:29:36.685+0000] {dagbag.py:545} INFO - Filling up the DagBag from /home/airflow/.local/lib/python3.12/site-packages/airflow/example_dags/example_complex.py
[2024-12-04T07:29:36.702+0000] {processor.py:840} INFO - DAG(s) 'example_complex' retrieved from /home/airflow/.local/lib/python3.12/site-packages/airflow/example_dags/example_complex.py
[2024-12-04T07:29:36.850+0000] {logging_mixin.py:188} INFO - [2024-12-04T07:29:36.850+0000] {dag.py:3096} INFO - Sync 1 DAGs
[2024-12-04T07:29:36.861+0000] {logging_mixin.py:188} INFO - [2024-12-04T07:29:36.860+0000] {dag.py:3954} INFO - Setting next_dagrun for example_complex to None, run_after=None
[2024-12-04T07:29:36.879+0000] {processor.py:183} INFO - Processing /home/airflow/.local/lib/python3.12/site-packages/airflow/example_dags/example_complex.py took 0.239 seconds
[2024-12-04T07:30:07.190+0000] {processor.py:161} INFO - Started process (PID=197) to work on /home/airflow/.local/lib/python3.12/site-packages/airflow/example_dags/example_complex.py
[2024-12-04T07:30:07.193+0000] {processor.py:830} INFO - Processing file /home/airflow/.local/lib/python3.12/site-packages/airflow/example_dags/example_complex.py for tasks to queue
[2024-12-04T07:30:07.197+0000] {logging_mixin.py:188} INFO - [2024-12-04T07:30:07.196+0000] {dagbag.py:545} INFO - Filling up the DagBag from /home/airflow/.local/lib/python3.12/site-packages/airflow/example_dags/example_complex.py
[2024-12-04T07:30:07.214+0000] {processor.py:840} INFO - DAG(s) 'example_complex' retrieved from /home/airflow/.local/lib/python3.12/site-packages/airflow/example_dags/example_complex.py
[2024-12-04T07:30:07.243+0000] {logging_mixin.py:188} INFO - [2024-12-04T07:30:07.243+0000] {dag.py:3096} INFO - Sync 1 DAGs
[2024-12-04T07:30:07.253+0000] {logging_mixin.py:188} INFO - [2024-12-04T07:30:07.253+0000] {dag.py:3954} INFO - Setting next_dagrun for example_complex to None, run_after=None
[2024-12-04T07:30:07.269+0000] {processor.py:183} INFO - Processing /home/airflow/.local/lib/python3.12/site-packages/airflow/example_dags/example_complex.py took 0.091 seconds
[2024-12-04T07:30:37.329+0000] {processor.py:161} INFO - Started process (PID=255) to work on /home/airflow/.local/lib/python3.12/site-packages/airflow/example_dags/example_complex.py
[2024-12-04T07:30:37.331+0000] {processor.py:830} INFO - Processing file /home/airflow/.local/lib/python3.12/site-packages/airflow/example_dags/example_complex.py for tasks to queue
[2024-12-04T07:30:37.337+0000] {logging_mixin.py:188} INFO - [2024-12-04T07:30:37.336+0000] {dagbag.py:545} INFO - Filling up the DagBag from /home/airflow/.local/lib/python3.12/site-packages/airflow/example_dags/example_complex.py
[2024-12-04T07:30:37.348+0000] {processor.py:840} INFO - DAG(s) 'example_complex' retrieved from /home/airflow/.local/lib/python3.12/site-packages/airflow/example_dags/example_complex.py
[2024-12-04T07:30:37.378+0000] {logging_mixin.py:188} INFO - [2024-12-04T07:30:37.377+0000] {dag.py:3096} INFO - Sync 1 DAGs
[2024-12-04T07:30:37.389+0000] {logging_mixin.py:188} INFO - [2024-12-04T07:30:37.388+0000] {dag.py:3954} INFO - Setting next_dagrun for example_complex to None, run_after=None
[2024-12-04T07:30:37.411+0000] {processor.py:183} INFO - Processing /home/airflow/.local/lib/python3.12/site-packages/airflow/example_dags/example_complex.py took 0.093 seconds
[2024-12-04T07:31:08.434+0000] {processor.py:161} INFO - Started process (PID=313) to work on /home/airflow/.local/lib/python3.12/site-packages/airflow/example_dags/example_complex.py
[2024-12-04T07:31:08.435+0000] {processor.py:830} INFO - Processing file /home/airflow/.local/lib/python3.12/site-packages/airflow/example_dags/example_complex.py for tasks to queue
[2024-12-04T07:31:08.440+0000] {logging_mixin.py:188} INFO - [2024-12-04T07:31:08.439+0000] {dagbag.py:545} INFO - Filling up the DagBag from /home/airflow/.local/lib/python3.12/site-packages/airflow/example_dags/example_complex.py
[2024-12-04T07:31:08.457+0000] {processor.py:840} INFO - DAG(s) 'example_complex' retrieved from /home/airflow/.local/lib/python3.12/site-packages/airflow/example_dags/example_complex.py
[2024-12-04T07:31:08.507+0000] {logging_mixin.py:188} INFO - [2024-12-04T07:31:08.507+0000] {dag.py:3096} INFO - Sync 1 DAGs
[2024-12-04T07:31:08.529+0000] {logging_mixin.py:188} INFO - [2024-12-04T07:31:08.529+0000] {dag.py:3954} INFO - Setting next_dagrun for example_complex to None, run_after=None
[2024-12-04T07:31:08.550+0000] {processor.py:183} INFO - Processing /home/airflow/.local/lib/python3.12/site-packages/airflow/example_dags/example_complex.py took 0.125 seconds
[2024-12-04T07:31:39.336+0000] {processor.py:161} INFO - Started process (PID=371) to work on /home/airflow/.local/lib/python3.12/site-packages/airflow/example_dags/example_complex.py
[2024-12-04T07:31:39.337+0000] {processor.py:830} INFO - Processing file /home/airflow/.local/lib/python3.12/site-packages/airflow/example_dags/example_complex.py for tasks to queue
[2024-12-04T07:31:39.342+0000] {logging_mixin.py:188} INFO - [2024-12-04T07:31:39.341+0000] {dagbag.py:545} INFO - Filling up the DagBag from /home/airflow/.local/lib/python3.12/site-packages/airflow/example_dags/example_complex.py
[2024-12-04T07:31:39.352+0000] {processor.py:840} INFO - DAG(s) 'example_complex' retrieved from /home/airflow/.local/lib/python3.12/site-packages/airflow/example_dags/example_complex.py
[2024-12-04T07:31:39.395+0000] {logging_mixin.py:188} INFO - [2024-12-04T07:31:39.394+0000] {dag.py:3096} INFO - Sync 1 DAGs
[2024-12-04T07:31:39.404+0000] {logging_mixin.py:188} INFO - [2024-12-04T07:31:39.404+0000] {dag.py:3954} INFO - Setting next_dagrun for example_complex to None, run_after=None
[2024-12-04T07:31:39.418+0000] {processor.py:183} INFO - Processing /home/airflow/.local/lib/python3.12/site-packages/airflow/example_dags/example_complex.py took 0.094 seconds
[2024-12-04T07:32:09.916+0000] {processor.py:161} INFO - Started process (PID=429) to work on /home/airflow/.local/lib/python3.12/site-packages/airflow/example_dags/example_complex.py
[2024-12-04T07:32:09.921+0000] {processor.py:830} INFO - Processing file /home/airflow/.local/lib/python3.12/site-packages/airflow/example_dags/example_complex.py for tasks to queue
[2024-12-04T07:32:09.925+0000] {logging_mixin.py:188} INFO - [2024-12-04T07:32:09.924+0000] {dagbag.py:545} INFO - Filling up the DagBag from /home/airflow/.local/lib/python3.12/site-packages/airflow/example_dags/example_complex.py
[2024-12-04T07:32:09.948+0000] {processor.py:840} INFO - DAG(s) 'example_complex' retrieved from /home/airflow/.local/lib/python3.12/site-packages/airflow/example_dags/example_complex.py
[2024-12-04T07:32:09.985+0000] {logging_mixin.py:188} INFO - [2024-12-04T07:32:09.985+0000] {dag.py:3096} INFO - Sync 1 DAGs
[2024-12-04T07:32:09.996+0000] {logging_mixin.py:188} INFO - [2024-12-04T07:32:09.996+0000] {dag.py:3954} INFO - Setting next_dagrun for example_complex to None, run_after=None
[2024-12-04T07:32:10.011+0000] {processor.py:183} INFO - Processing /home/airflow/.local/lib/python3.12/site-packages/airflow/example_dags/example_complex.py took 0.110 seconds
[2024-12-04T07:32:40.843+0000] {processor.py:161} INFO - Started process (PID=487) to work on /home/airflow/.local/lib/python3.12/site-packages/airflow/example_dags/example_complex.py
[2024-12-04T07:32:40.846+0000] {processor.py:830} INFO - Processing file /home/airflow/.local/lib/python3.12/site-packages/airflow/example_dags/example_complex.py for tasks to queue
[2024-12-04T07:32:40.853+0000] {logging_mixin.py:188} INFO - [2024-12-04T07:32:40.852+0000] {dagbag.py:545} INFO - Filling up the DagBag from /home/airflow/.local/lib/python3.12/site-packages/airflow/example_dags/example_complex.py
[2024-12-04T07:32:40.871+0000] {processor.py:840} INFO - DAG(s) 'example_complex' retrieved from /home/airflow/.local/lib/python3.12/site-packages/airflow/example_dags/example_complex.py
[2024-12-04T07:32:40.905+0000] {logging_mixin.py:188} INFO - [2024-12-04T07:32:40.905+0000] {dag.py:3096} INFO - Sync 1 DAGs
[2024-12-04T07:32:40.915+0000] {logging_mixin.py:188} INFO - [2024-12-04T07:32:40.915+0000] {dag.py:3954} INFO - Setting next_dagrun for example_complex to None, run_after=None
[2024-12-04T07:32:40.929+0000] {processor.py:183} INFO - Processing /home/airflow/.local/lib/python3.12/site-packages/airflow/example_dags/example_complex.py took 0.098 seconds
