[2024-12-04T07:29:01.044+0000] {processor.py:161} INFO - Started process (PID=58) to work on /home/airflow/.local/lib/python3.12/site-packages/airflow/example_dags/example_xcomargs.py
[2024-12-04T07:29:01.054+0000] {processor.py:830} INFO - Processing file /home/airflow/.local/lib/python3.12/site-packages/airflow/example_dags/example_xcomargs.py for tasks to queue
[2024-12-04T07:29:01.087+0000] {logging_mixin.py:188} INFO - [2024-12-04T07:29:01.084+0000] {dagbag.py:545} INFO - Filling up the DagBag from /home/airflow/.local/lib/python3.12/site-packages/airflow/example_dags/example_xcomargs.py
[2024-12-04T07:29:01.161+0000] {processor.py:840} INFO - DAG(s) 'example_xcom_args_with_operators', 'example_xcom_args' retrieved from /home/airflow/.local/lib/python3.12/site-packages/airflow/example_dags/example_xcomargs.py
[2024-12-04T07:29:01.235+0000] {logging_mixin.py:188} INFO - [2024-12-04T07:29:01.234+0000] {dag.py:3096} INFO - Sync 2 DAGs
[2024-12-04T07:29:01.317+0000] {logging_mixin.py:188} INFO - [2024-12-04T07:29:01.316+0000] {dag.py:3954} INFO - Setting next_dagrun for example_xcom_args to None, run_after=None
[2024-12-04T07:29:01.324+0000] {logging_mixin.py:188} INFO - [2024-12-04T07:29:01.323+0000] {dag.py:3954} INFO - Setting next_dagrun for example_xcom_args_with_operators to None, run_after=None
[2024-12-04T07:29:01.368+0000] {processor.py:183} INFO - Processing /home/airflow/.local/lib/python3.12/site-packages/airflow/example_dags/example_xcomargs.py took 0.346 seconds
[2024-12-04T07:29:31.847+0000] {processor.py:161} INFO - Started process (PID=116) to work on /home/airflow/.local/lib/python3.12/site-packages/airflow/example_dags/example_xcomargs.py
[2024-12-04T07:29:31.848+0000] {processor.py:830} INFO - Processing file /home/airflow/.local/lib/python3.12/site-packages/airflow/example_dags/example_xcomargs.py for tasks to queue
[2024-12-04T07:29:31.849+0000] {logging_mixin.py:188} INFO - [2024-12-04T07:29:31.849+0000] {dagbag.py:545} INFO - Filling up the DagBag from /home/airflow/.local/lib/python3.12/site-packages/airflow/example_dags/example_xcomargs.py
[2024-12-04T07:29:31.855+0000] {processor.py:840} INFO - DAG(s) 'example_xcom_args_with_operators', 'example_xcom_args' retrieved from /home/airflow/.local/lib/python3.12/site-packages/airflow/example_dags/example_xcomargs.py
[2024-12-04T07:29:31.928+0000] {logging_mixin.py:188} INFO - [2024-12-04T07:29:31.928+0000] {dag.py:3096} INFO - Sync 2 DAGs
[2024-12-04T07:29:31.936+0000] {logging_mixin.py:188} INFO - [2024-12-04T07:29:31.936+0000] {dag.py:3954} INFO - Setting next_dagrun for example_xcom_args to None, run_after=None
[2024-12-04T07:29:31.939+0000] {logging_mixin.py:188} INFO - [2024-12-04T07:29:31.939+0000] {dag.py:3954} INFO - Setting next_dagrun for example_xcom_args_with_operators to None, run_after=None
[2024-12-04T07:29:31.954+0000] {processor.py:183} INFO - Processing /home/airflow/.local/lib/python3.12/site-packages/airflow/example_dags/example_xcomargs.py took 0.109 seconds
[2024-12-04T07:30:02.024+0000] {processor.py:161} INFO - Started process (PID=174) to work on /home/airflow/.local/lib/python3.12/site-packages/airflow/example_dags/example_xcomargs.py
[2024-12-04T07:30:02.027+0000] {processor.py:830} INFO - Processing file /home/airflow/.local/lib/python3.12/site-packages/airflow/example_dags/example_xcomargs.py for tasks to queue
[2024-12-04T07:30:02.030+0000] {logging_mixin.py:188} INFO - [2024-12-04T07:30:02.030+0000] {dagbag.py:545} INFO - Filling up the DagBag from /home/airflow/.local/lib/python3.12/site-packages/airflow/example_dags/example_xcomargs.py
[2024-12-04T07:30:02.037+0000] {processor.py:840} INFO - DAG(s) 'example_xcom_args', 'example_xcom_args_with_operators' retrieved from /home/airflow/.local/lib/python3.12/site-packages/airflow/example_dags/example_xcomargs.py
[2024-12-04T07:30:02.053+0000] {logging_mixin.py:188} INFO - [2024-12-04T07:30:02.053+0000] {dag.py:3096} INFO - Sync 2 DAGs
[2024-12-04T07:30:02.060+0000] {logging_mixin.py:188} INFO - [2024-12-04T07:30:02.060+0000] {dag.py:3954} INFO - Setting next_dagrun for example_xcom_args to None, run_after=None
[2024-12-04T07:30:02.063+0000] {logging_mixin.py:188} INFO - [2024-12-04T07:30:02.063+0000] {dag.py:3954} INFO - Setting next_dagrun for example_xcom_args_with_operators to None, run_after=None
[2024-12-04T07:30:02.074+0000] {processor.py:183} INFO - Processing /home/airflow/.local/lib/python3.12/site-packages/airflow/example_dags/example_xcomargs.py took 0.053 seconds
[2024-12-04T07:30:33.003+0000] {processor.py:161} INFO - Started process (PID=232) to work on /home/airflow/.local/lib/python3.12/site-packages/airflow/example_dags/example_xcomargs.py
[2024-12-04T07:30:33.004+0000] {processor.py:830} INFO - Processing file /home/airflow/.local/lib/python3.12/site-packages/airflow/example_dags/example_xcomargs.py for tasks to queue
[2024-12-04T07:30:33.005+0000] {logging_mixin.py:188} INFO - [2024-12-04T07:30:33.005+0000] {dagbag.py:545} INFO - Filling up the DagBag from /home/airflow/.local/lib/python3.12/site-packages/airflow/example_dags/example_xcomargs.py
[2024-12-04T07:30:33.010+0000] {processor.py:840} INFO - DAG(s) 'example_xcom_args_with_operators', 'example_xcom_args' retrieved from /home/airflow/.local/lib/python3.12/site-packages/airflow/example_dags/example_xcomargs.py
[2024-12-04T07:30:33.027+0000] {logging_mixin.py:188} INFO - [2024-12-04T07:30:33.027+0000] {dag.py:3096} INFO - Sync 2 DAGs
[2024-12-04T07:30:33.040+0000] {logging_mixin.py:188} INFO - [2024-12-04T07:30:33.040+0000] {dag.py:3954} INFO - Setting next_dagrun for example_xcom_args to None, run_after=None
[2024-12-04T07:30:33.043+0000] {logging_mixin.py:188} INFO - [2024-12-04T07:30:33.043+0000] {dag.py:3954} INFO - Setting next_dagrun for example_xcom_args_with_operators to None, run_after=None
[2024-12-04T07:30:33.052+0000] {processor.py:183} INFO - Processing /home/airflow/.local/lib/python3.12/site-packages/airflow/example_dags/example_xcomargs.py took 0.053 seconds
[2024-12-04T07:31:03.257+0000] {processor.py:161} INFO - Started process (PID=290) to work on /home/airflow/.local/lib/python3.12/site-packages/airflow/example_dags/example_xcomargs.py
[2024-12-04T07:31:03.264+0000] {processor.py:830} INFO - Processing file /home/airflow/.local/lib/python3.12/site-packages/airflow/example_dags/example_xcomargs.py for tasks to queue
[2024-12-04T07:31:03.266+0000] {logging_mixin.py:188} INFO - [2024-12-04T07:31:03.266+0000] {dagbag.py:545} INFO - Filling up the DagBag from /home/airflow/.local/lib/python3.12/site-packages/airflow/example_dags/example_xcomargs.py
[2024-12-04T07:31:03.275+0000] {processor.py:840} INFO - DAG(s) 'example_xcom_args', 'example_xcom_args_with_operators' retrieved from /home/airflow/.local/lib/python3.12/site-packages/airflow/example_dags/example_xcomargs.py
[2024-12-04T07:31:03.303+0000] {logging_mixin.py:188} INFO - [2024-12-04T07:31:03.303+0000] {dag.py:3096} INFO - Sync 2 DAGs
[2024-12-04T07:31:03.318+0000] {logging_mixin.py:188} INFO - [2024-12-04T07:31:03.318+0000] {dag.py:3954} INFO - Setting next_dagrun for example_xcom_args to None, run_after=None
[2024-12-04T07:31:03.325+0000] {logging_mixin.py:188} INFO - [2024-12-04T07:31:03.324+0000] {dag.py:3954} INFO - Setting next_dagrun for example_xcom_args_with_operators to None, run_after=None
[2024-12-04T07:31:03.342+0000] {processor.py:183} INFO - Processing /home/airflow/.local/lib/python3.12/site-packages/airflow/example_dags/example_xcomargs.py took 0.093 seconds
[2024-12-04T07:31:34.195+0000] {processor.py:161} INFO - Started process (PID=348) to work on /home/airflow/.local/lib/python3.12/site-packages/airflow/example_dags/example_xcomargs.py
[2024-12-04T07:31:34.196+0000] {processor.py:830} INFO - Processing file /home/airflow/.local/lib/python3.12/site-packages/airflow/example_dags/example_xcomargs.py for tasks to queue
[2024-12-04T07:31:34.197+0000] {logging_mixin.py:188} INFO - [2024-12-04T07:31:34.197+0000] {dagbag.py:545} INFO - Filling up the DagBag from /home/airflow/.local/lib/python3.12/site-packages/airflow/example_dags/example_xcomargs.py
[2024-12-04T07:31:34.202+0000] {processor.py:840} INFO - DAG(s) 'example_xcom_args_with_operators', 'example_xcom_args' retrieved from /home/airflow/.local/lib/python3.12/site-packages/airflow/example_dags/example_xcomargs.py
[2024-12-04T07:31:34.223+0000] {logging_mixin.py:188} INFO - [2024-12-04T07:31:34.223+0000] {dag.py:3096} INFO - Sync 2 DAGs
[2024-12-04T07:31:34.230+0000] {logging_mixin.py:188} INFO - [2024-12-04T07:31:34.230+0000] {dag.py:3954} INFO - Setting next_dagrun for example_xcom_args to None, run_after=None
[2024-12-04T07:31:34.233+0000] {logging_mixin.py:188} INFO - [2024-12-04T07:31:34.233+0000] {dag.py:3954} INFO - Setting next_dagrun for example_xcom_args_with_operators to None, run_after=None
[2024-12-04T07:31:34.247+0000] {processor.py:183} INFO - Processing /home/airflow/.local/lib/python3.12/site-packages/airflow/example_dags/example_xcomargs.py took 0.055 seconds
[2024-12-04T07:32:04.851+0000] {processor.py:161} INFO - Started process (PID=406) to work on /home/airflow/.local/lib/python3.12/site-packages/airflow/example_dags/example_xcomargs.py
[2024-12-04T07:32:04.856+0000] {processor.py:830} INFO - Processing file /home/airflow/.local/lib/python3.12/site-packages/airflow/example_dags/example_xcomargs.py for tasks to queue
[2024-12-04T07:32:04.859+0000] {logging_mixin.py:188} INFO - [2024-12-04T07:32:04.859+0000] {dagbag.py:545} INFO - Filling up the DagBag from /home/airflow/.local/lib/python3.12/site-packages/airflow/example_dags/example_xcomargs.py
[2024-12-04T07:32:04.864+0000] {processor.py:840} INFO - DAG(s) 'example_xcom_args', 'example_xcom_args_with_operators' retrieved from /home/airflow/.local/lib/python3.12/site-packages/airflow/example_dags/example_xcomargs.py
[2024-12-04T07:32:04.877+0000] {logging_mixin.py:188} INFO - [2024-12-04T07:32:04.877+0000] {dag.py:3096} INFO - Sync 2 DAGs
[2024-12-04T07:32:04.884+0000] {logging_mixin.py:188} INFO - [2024-12-04T07:32:04.884+0000] {dag.py:3954} INFO - Setting next_dagrun for example_xcom_args to None, run_after=None
[2024-12-04T07:32:04.886+0000] {logging_mixin.py:188} INFO - [2024-12-04T07:32:04.886+0000] {dag.py:3954} INFO - Setting next_dagrun for example_xcom_args_with_operators to None, run_after=None
[2024-12-04T07:32:04.894+0000] {processor.py:183} INFO - Processing /home/airflow/.local/lib/python3.12/site-packages/airflow/example_dags/example_xcomargs.py took 0.046 seconds
[2024-12-04T07:32:35.615+0000] {processor.py:161} INFO - Started process (PID=464) to work on /home/airflow/.local/lib/python3.12/site-packages/airflow/example_dags/example_xcomargs.py
[2024-12-04T07:32:35.616+0000] {processor.py:830} INFO - Processing file /home/airflow/.local/lib/python3.12/site-packages/airflow/example_dags/example_xcomargs.py for tasks to queue
[2024-12-04T07:32:35.617+0000] {logging_mixin.py:188} INFO - [2024-12-04T07:32:35.617+0000] {dagbag.py:545} INFO - Filling up the DagBag from /home/airflow/.local/lib/python3.12/site-packages/airflow/example_dags/example_xcomargs.py
[2024-12-04T07:32:35.621+0000] {processor.py:840} INFO - DAG(s) 'example_xcom_args_with_operators', 'example_xcom_args' retrieved from /home/airflow/.local/lib/python3.12/site-packages/airflow/example_dags/example_xcomargs.py
[2024-12-04T07:32:35.636+0000] {logging_mixin.py:188} INFO - [2024-12-04T07:32:35.636+0000] {dag.py:3096} INFO - Sync 2 DAGs
[2024-12-04T07:32:35.645+0000] {logging_mixin.py:188} INFO - [2024-12-04T07:32:35.644+0000] {dag.py:3954} INFO - Setting next_dagrun for example_xcom_args to None, run_after=None
[2024-12-04T07:32:35.647+0000] {logging_mixin.py:188} INFO - [2024-12-04T07:32:35.647+0000] {dag.py:3954} INFO - Setting next_dagrun for example_xcom_args_with_operators to None, run_after=None
[2024-12-04T07:32:35.657+0000] {processor.py:183} INFO - Processing /home/airflow/.local/lib/python3.12/site-packages/airflow/example_dags/example_xcomargs.py took 0.045 seconds
