[2024-12-04T07:29:00.297+0000] {processor.py:161} INFO - Started process (PID=57) to work on /home/airflow/.local/lib/python3.12/site-packages/airflow/example_dags/example_short_circuit_operator.py
[2024-12-04T07:29:00.307+0000] {processor.py:830} INFO - Processing file /home/airflow/.local/lib/python3.12/site-packages/airflow/example_dags/example_short_circuit_operator.py for tasks to queue
[2024-12-04T07:29:00.358+0000] {logging_mixin.py:188} INFO - [2024-12-04T07:29:00.358+0000] {dagbag.py:545} INFO - Filling up the DagBag from /home/airflow/.local/lib/python3.12/site-packages/airflow/example_dags/example_short_circuit_operator.py
[2024-12-04T07:29:00.403+0000] {processor.py:840} INFO - DAG(s) 'example_short_circuit_operator' retrieved from /home/airflow/.local/lib/python3.12/site-packages/airflow/example_dags/example_short_circuit_operator.py
[2024-12-04T07:29:00.510+0000] {logging_mixin.py:188} INFO - [2024-12-04T07:29:00.506+0000] {dag.py:3096} INFO - Sync 1 DAGs
[2024-12-04T07:29:00.683+0000] {logging_mixin.py:188} INFO - [2024-12-04T07:29:00.683+0000] {dag.py:3954} INFO - Setting next_dagrun for example_short_circuit_operator to 2024-12-03 00:00:00+00:00, run_after=2024-12-04 00:00:00+00:00
[2024-12-04T07:29:00.808+0000] {processor.py:183} INFO - Processing /home/airflow/.local/lib/python3.12/site-packages/airflow/example_dags/example_short_circuit_operator.py took 0.566 seconds
[2024-12-04T07:29:31.730+0000] {processor.py:161} INFO - Started process (PID=115) to work on /home/airflow/.local/lib/python3.12/site-packages/airflow/example_dags/example_short_circuit_operator.py
[2024-12-04T07:29:31.731+0000] {processor.py:830} INFO - Processing file /home/airflow/.local/lib/python3.12/site-packages/airflow/example_dags/example_short_circuit_operator.py for tasks to queue
[2024-12-04T07:29:31.732+0000] {logging_mixin.py:188} INFO - [2024-12-04T07:29:31.732+0000] {dagbag.py:545} INFO - Filling up the DagBag from /home/airflow/.local/lib/python3.12/site-packages/airflow/example_dags/example_short_circuit_operator.py
[2024-12-04T07:29:31.736+0000] {processor.py:840} INFO - DAG(s) 'example_short_circuit_operator' retrieved from /home/airflow/.local/lib/python3.12/site-packages/airflow/example_dags/example_short_circuit_operator.py
[2024-12-04T07:29:31.808+0000] {logging_mixin.py:188} INFO - [2024-12-04T07:29:31.808+0000] {dag.py:3096} INFO - Sync 1 DAGs
[2024-12-04T07:29:31.819+0000] {logging_mixin.py:188} INFO - [2024-12-04T07:29:31.819+0000] {dag.py:3954} INFO - Setting next_dagrun for example_short_circuit_operator to 2024-12-03 00:00:00+00:00, run_after=2024-12-04 00:00:00+00:00
[2024-12-04T07:29:31.828+0000] {processor.py:183} INFO - Processing /home/airflow/.local/lib/python3.12/site-packages/airflow/example_dags/example_short_circuit_operator.py took 0.101 seconds
[2024-12-04T07:30:01.886+0000] {processor.py:161} INFO - Started process (PID=173) to work on /home/airflow/.local/lib/python3.12/site-packages/airflow/example_dags/example_short_circuit_operator.py
[2024-12-04T07:30:01.886+0000] {processor.py:830} INFO - Processing file /home/airflow/.local/lib/python3.12/site-packages/airflow/example_dags/example_short_circuit_operator.py for tasks to queue
[2024-12-04T07:30:01.888+0000] {logging_mixin.py:188} INFO - [2024-12-04T07:30:01.887+0000] {dagbag.py:545} INFO - Filling up the DagBag from /home/airflow/.local/lib/python3.12/site-packages/airflow/example_dags/example_short_circuit_operator.py
[2024-12-04T07:30:01.892+0000] {processor.py:840} INFO - DAG(s) 'example_short_circuit_operator' retrieved from /home/airflow/.local/lib/python3.12/site-packages/airflow/example_dags/example_short_circuit_operator.py
[2024-12-04T07:30:01.905+0000] {logging_mixin.py:188} INFO - [2024-12-04T07:30:01.904+0000] {dag.py:3096} INFO - Sync 1 DAGs
[2024-12-04T07:30:01.921+0000] {logging_mixin.py:188} INFO - [2024-12-04T07:30:01.921+0000] {dag.py:3954} INFO - Setting next_dagrun for example_short_circuit_operator to 2024-12-03 00:00:00+00:00, run_after=2024-12-04 00:00:00+00:00
[2024-12-04T07:30:01.934+0000] {processor.py:183} INFO - Processing /home/airflow/.local/lib/python3.12/site-packages/airflow/example_dags/example_short_circuit_operator.py took 0.052 seconds
[2024-12-04T07:30:32.919+0000] {processor.py:161} INFO - Started process (PID=231) to work on /home/airflow/.local/lib/python3.12/site-packages/airflow/example_dags/example_short_circuit_operator.py
[2024-12-04T07:30:32.922+0000] {processor.py:830} INFO - Processing file /home/airflow/.local/lib/python3.12/site-packages/airflow/example_dags/example_short_circuit_operator.py for tasks to queue
[2024-12-04T07:30:32.924+0000] {logging_mixin.py:188} INFO - [2024-12-04T07:30:32.924+0000] {dagbag.py:545} INFO - Filling up the DagBag from /home/airflow/.local/lib/python3.12/site-packages/airflow/example_dags/example_short_circuit_operator.py
[2024-12-04T07:30:32.934+0000] {processor.py:840} INFO - DAG(s) 'example_short_circuit_operator' retrieved from /home/airflow/.local/lib/python3.12/site-packages/airflow/example_dags/example_short_circuit_operator.py
[2024-12-04T07:30:32.954+0000] {logging_mixin.py:188} INFO - [2024-12-04T07:30:32.953+0000] {dag.py:3096} INFO - Sync 1 DAGs
[2024-12-04T07:30:32.967+0000] {logging_mixin.py:188} INFO - [2024-12-04T07:30:32.967+0000] {dag.py:3954} INFO - Setting next_dagrun for example_short_circuit_operator to 2024-12-03 00:00:00+00:00, run_after=2024-12-04 00:00:00+00:00
[2024-12-04T07:30:32.981+0000] {processor.py:183} INFO - Processing /home/airflow/.local/lib/python3.12/site-packages/airflow/example_dags/example_short_circuit_operator.py took 0.069 seconds
[2024-12-04T07:31:03.138+0000] {processor.py:161} INFO - Started process (PID=289) to work on /home/airflow/.local/lib/python3.12/site-packages/airflow/example_dags/example_short_circuit_operator.py
[2024-12-04T07:31:03.140+0000] {processor.py:830} INFO - Processing file /home/airflow/.local/lib/python3.12/site-packages/airflow/example_dags/example_short_circuit_operator.py for tasks to queue
[2024-12-04T07:31:03.155+0000] {logging_mixin.py:188} INFO - [2024-12-04T07:31:03.155+0000] {dagbag.py:545} INFO - Filling up the DagBag from /home/airflow/.local/lib/python3.12/site-packages/airflow/example_dags/example_short_circuit_operator.py
[2024-12-04T07:31:03.166+0000] {processor.py:840} INFO - DAG(s) 'example_short_circuit_operator' retrieved from /home/airflow/.local/lib/python3.12/site-packages/airflow/example_dags/example_short_circuit_operator.py
[2024-12-04T07:31:03.195+0000] {logging_mixin.py:188} INFO - [2024-12-04T07:31:03.195+0000] {dag.py:3096} INFO - Sync 1 DAGs
[2024-12-04T07:31:03.219+0000] {logging_mixin.py:188} INFO - [2024-12-04T07:31:03.219+0000] {dag.py:3954} INFO - Setting next_dagrun for example_short_circuit_operator to 2024-12-03 00:00:00+00:00, run_after=2024-12-04 00:00:00+00:00
[2024-12-04T07:31:03.230+0000] {processor.py:183} INFO - Processing /home/airflow/.local/lib/python3.12/site-packages/airflow/example_dags/example_short_circuit_operator.py took 0.096 seconds
[2024-12-04T07:31:34.130+0000] {processor.py:161} INFO - Started process (PID=347) to work on /home/airflow/.local/lib/python3.12/site-packages/airflow/example_dags/example_short_circuit_operator.py
[2024-12-04T07:31:34.131+0000] {processor.py:830} INFO - Processing file /home/airflow/.local/lib/python3.12/site-packages/airflow/example_dags/example_short_circuit_operator.py for tasks to queue
[2024-12-04T07:31:34.132+0000] {logging_mixin.py:188} INFO - [2024-12-04T07:31:34.132+0000] {dagbag.py:545} INFO - Filling up the DagBag from /home/airflow/.local/lib/python3.12/site-packages/airflow/example_dags/example_short_circuit_operator.py
[2024-12-04T07:31:34.138+0000] {processor.py:840} INFO - DAG(s) 'example_short_circuit_operator' retrieved from /home/airflow/.local/lib/python3.12/site-packages/airflow/example_dags/example_short_circuit_operator.py
[2024-12-04T07:31:34.155+0000] {logging_mixin.py:188} INFO - [2024-12-04T07:31:34.155+0000] {dag.py:3096} INFO - Sync 1 DAGs
[2024-12-04T07:31:34.167+0000] {logging_mixin.py:188} INFO - [2024-12-04T07:31:34.167+0000] {dag.py:3954} INFO - Setting next_dagrun for example_short_circuit_operator to 2024-12-03 00:00:00+00:00, run_after=2024-12-04 00:00:00+00:00
[2024-12-04T07:31:34.179+0000] {processor.py:183} INFO - Processing /home/airflow/.local/lib/python3.12/site-packages/airflow/example_dags/example_short_circuit_operator.py took 0.059 seconds
[2024-12-04T07:32:04.797+0000] {processor.py:161} INFO - Started process (PID=405) to work on /home/airflow/.local/lib/python3.12/site-packages/airflow/example_dags/example_short_circuit_operator.py
[2024-12-04T07:32:04.799+0000] {processor.py:830} INFO - Processing file /home/airflow/.local/lib/python3.12/site-packages/airflow/example_dags/example_short_circuit_operator.py for tasks to queue
[2024-12-04T07:32:04.801+0000] {logging_mixin.py:188} INFO - [2024-12-04T07:32:04.801+0000] {dagbag.py:545} INFO - Filling up the DagBag from /home/airflow/.local/lib/python3.12/site-packages/airflow/example_dags/example_short_circuit_operator.py
[2024-12-04T07:32:04.804+0000] {processor.py:840} INFO - DAG(s) 'example_short_circuit_operator' retrieved from /home/airflow/.local/lib/python3.12/site-packages/airflow/example_dags/example_short_circuit_operator.py
[2024-12-04T07:32:04.816+0000] {logging_mixin.py:188} INFO - [2024-12-04T07:32:04.815+0000] {dag.py:3096} INFO - Sync 1 DAGs
[2024-12-04T07:32:04.826+0000] {logging_mixin.py:188} INFO - [2024-12-04T07:32:04.826+0000] {dag.py:3954} INFO - Setting next_dagrun for example_short_circuit_operator to 2024-12-03 00:00:00+00:00, run_after=2024-12-04 00:00:00+00:00
[2024-12-04T07:32:04.835+0000] {processor.py:183} INFO - Processing /home/airflow/.local/lib/python3.12/site-packages/airflow/example_dags/example_short_circuit_operator.py took 0.041 seconds
[2024-12-04T07:32:35.610+0000] {processor.py:161} INFO - Started process (PID=463) to work on /home/airflow/.local/lib/python3.12/site-packages/airflow/example_dags/example_short_circuit_operator.py
[2024-12-04T07:32:35.611+0000] {processor.py:830} INFO - Processing file /home/airflow/.local/lib/python3.12/site-packages/airflow/example_dags/example_short_circuit_operator.py for tasks to queue
[2024-12-04T07:32:35.612+0000] {logging_mixin.py:188} INFO - [2024-12-04T07:32:35.612+0000] {dagbag.py:545} INFO - Filling up the DagBag from /home/airflow/.local/lib/python3.12/site-packages/airflow/example_dags/example_short_circuit_operator.py
[2024-12-04T07:32:35.617+0000] {processor.py:840} INFO - DAG(s) 'example_short_circuit_operator' retrieved from /home/airflow/.local/lib/python3.12/site-packages/airflow/example_dags/example_short_circuit_operator.py
[2024-12-04T07:32:35.636+0000] {logging_mixin.py:188} INFO - [2024-12-04T07:32:35.636+0000] {dag.py:3096} INFO - Sync 1 DAGs
[2024-12-04T07:32:35.647+0000] {logging_mixin.py:188} INFO - [2024-12-04T07:32:35.647+0000] {dag.py:3954} INFO - Setting next_dagrun for example_short_circuit_operator to 2024-12-03 00:00:00+00:00, run_after=2024-12-04 00:00:00+00:00
[2024-12-04T07:32:35.657+0000] {processor.py:183} INFO - Processing /home/airflow/.local/lib/python3.12/site-packages/airflow/example_dags/example_short_circuit_operator.py took 0.051 seconds
