[2024-12-04T07:29:02.452+0000] {processor.py:161} INFO - Started process (PID=65) to work on /home/airflow/.local/lib/python3.12/site-packages/airflow/example_dags/example_python_operator.py
[2024-12-04T07:29:02.454+0000] {processor.py:830} INFO - Processing file /home/airflow/.local/lib/python3.12/site-packages/airflow/example_dags/example_python_operator.py for tasks to queue
[2024-12-04T07:29:02.458+0000] {logging_mixin.py:188} INFO - [2024-12-04T07:29:02.458+0000] {dagbag.py:545} INFO - Filling up the DagBag from /home/airflow/.local/lib/python3.12/site-packages/airflow/example_dags/example_python_operator.py
[2024-12-04T07:29:02.487+0000] {processor.py:840} INFO - DAG(s) 'example_python_operator' retrieved from /home/airflow/.local/lib/python3.12/site-packages/airflow/example_dags/example_python_operator.py
[2024-12-04T07:29:02.515+0000] {logging_mixin.py:188} INFO - [2024-12-04T07:29:02.514+0000] {dag.py:3096} INFO - Sync 1 DAGs
[2024-12-04T07:29:02.534+0000] {logging_mixin.py:188} INFO - [2024-12-04T07:29:02.534+0000] {dag.py:3954} INFO - Setting next_dagrun for example_python_operator to None, run_after=None
[2024-12-04T07:29:02.567+0000] {processor.py:183} INFO - Processing /home/airflow/.local/lib/python3.12/site-packages/airflow/example_dags/example_python_operator.py took 0.138 seconds
[2024-12-04T07:29:33.286+0000] {processor.py:161} INFO - Started process (PID=123) to work on /home/airflow/.local/lib/python3.12/site-packages/airflow/example_dags/example_python_operator.py
[2024-12-04T07:29:33.287+0000] {processor.py:830} INFO - Processing file /home/airflow/.local/lib/python3.12/site-packages/airflow/example_dags/example_python_operator.py for tasks to queue
[2024-12-04T07:29:33.288+0000] {logging_mixin.py:188} INFO - [2024-12-04T07:29:33.288+0000] {dagbag.py:545} INFO - Filling up the DagBag from /home/airflow/.local/lib/python3.12/site-packages/airflow/example_dags/example_python_operator.py
[2024-12-04T07:29:33.296+0000] {processor.py:840} INFO - DAG(s) 'example_python_operator' retrieved from /home/airflow/.local/lib/python3.12/site-packages/airflow/example_dags/example_python_operator.py
[2024-12-04T07:29:33.372+0000] {logging_mixin.py:188} INFO - [2024-12-04T07:29:33.371+0000] {dag.py:3096} INFO - Sync 1 DAGs
[2024-12-04T07:29:33.378+0000] {logging_mixin.py:188} INFO - [2024-12-04T07:29:33.378+0000] {dag.py:3954} INFO - Setting next_dagrun for example_python_operator to None, run_after=None
[2024-12-04T07:29:33.403+0000] {processor.py:183} INFO - Processing /home/airflow/.local/lib/python3.12/site-packages/airflow/example_dags/example_python_operator.py took 0.120 seconds
[2024-12-04T07:30:04.375+0000] {processor.py:161} INFO - Started process (PID=181) to work on /home/airflow/.local/lib/python3.12/site-packages/airflow/example_dags/example_python_operator.py
[2024-12-04T07:30:04.375+0000] {processor.py:830} INFO - Processing file /home/airflow/.local/lib/python3.12/site-packages/airflow/example_dags/example_python_operator.py for tasks to queue
[2024-12-04T07:30:04.376+0000] {logging_mixin.py:188} INFO - [2024-12-04T07:30:04.376+0000] {dagbag.py:545} INFO - Filling up the DagBag from /home/airflow/.local/lib/python3.12/site-packages/airflow/example_dags/example_python_operator.py
[2024-12-04T07:30:04.384+0000] {processor.py:840} INFO - DAG(s) 'example_python_operator' retrieved from /home/airflow/.local/lib/python3.12/site-packages/airflow/example_dags/example_python_operator.py
[2024-12-04T07:30:04.404+0000] {logging_mixin.py:188} INFO - [2024-12-04T07:30:04.404+0000] {dag.py:3096} INFO - Sync 1 DAGs
[2024-12-04T07:30:04.412+0000] {logging_mixin.py:188} INFO - [2024-12-04T07:30:04.412+0000] {dag.py:3954} INFO - Setting next_dagrun for example_python_operator to None, run_after=None
[2024-12-04T07:30:04.426+0000] {processor.py:183} INFO - Processing /home/airflow/.local/lib/python3.12/site-packages/airflow/example_dags/example_python_operator.py took 0.054 seconds
[2024-12-04T07:30:35.556+0000] {processor.py:161} INFO - Started process (PID=239) to work on /home/airflow/.local/lib/python3.12/site-packages/airflow/example_dags/example_python_operator.py
[2024-12-04T07:30:35.557+0000] {processor.py:830} INFO - Processing file /home/airflow/.local/lib/python3.12/site-packages/airflow/example_dags/example_python_operator.py for tasks to queue
[2024-12-04T07:30:35.559+0000] {logging_mixin.py:188} INFO - [2024-12-04T07:30:35.559+0000] {dagbag.py:545} INFO - Filling up the DagBag from /home/airflow/.local/lib/python3.12/site-packages/airflow/example_dags/example_python_operator.py
[2024-12-04T07:30:35.566+0000] {processor.py:840} INFO - DAG(s) 'example_python_operator' retrieved from /home/airflow/.local/lib/python3.12/site-packages/airflow/example_dags/example_python_operator.py
[2024-12-04T07:30:35.583+0000] {logging_mixin.py:188} INFO - [2024-12-04T07:30:35.583+0000] {dag.py:3096} INFO - Sync 1 DAGs
[2024-12-04T07:30:35.590+0000] {logging_mixin.py:188} INFO - [2024-12-04T07:30:35.589+0000] {dag.py:3954} INFO - Setting next_dagrun for example_python_operator to None, run_after=None
[2024-12-04T07:30:35.602+0000] {processor.py:183} INFO - Processing /home/airflow/.local/lib/python3.12/site-packages/airflow/example_dags/example_python_operator.py took 0.058 seconds
[2024-12-04T07:31:05.753+0000] {processor.py:161} INFO - Started process (PID=297) to work on /home/airflow/.local/lib/python3.12/site-packages/airflow/example_dags/example_python_operator.py
[2024-12-04T07:31:05.755+0000] {processor.py:830} INFO - Processing file /home/airflow/.local/lib/python3.12/site-packages/airflow/example_dags/example_python_operator.py for tasks to queue
[2024-12-04T07:31:05.756+0000] {logging_mixin.py:188} INFO - [2024-12-04T07:31:05.756+0000] {dagbag.py:545} INFO - Filling up the DagBag from /home/airflow/.local/lib/python3.12/site-packages/airflow/example_dags/example_python_operator.py
[2024-12-04T07:31:05.765+0000] {processor.py:840} INFO - DAG(s) 'example_python_operator' retrieved from /home/airflow/.local/lib/python3.12/site-packages/airflow/example_dags/example_python_operator.py
[2024-12-04T07:31:05.793+0000] {logging_mixin.py:188} INFO - [2024-12-04T07:31:05.793+0000] {dag.py:3096} INFO - Sync 1 DAGs
[2024-12-04T07:31:05.804+0000] {logging_mixin.py:188} INFO - [2024-12-04T07:31:05.804+0000] {dag.py:3954} INFO - Setting next_dagrun for example_python_operator to None, run_after=None
[2024-12-04T07:31:05.816+0000] {processor.py:183} INFO - Processing /home/airflow/.local/lib/python3.12/site-packages/airflow/example_dags/example_python_operator.py took 0.065 seconds
[2024-12-04T07:31:36.593+0000] {processor.py:161} INFO - Started process (PID=355) to work on /home/airflow/.local/lib/python3.12/site-packages/airflow/example_dags/example_python_operator.py
[2024-12-04T07:31:36.594+0000] {processor.py:830} INFO - Processing file /home/airflow/.local/lib/python3.12/site-packages/airflow/example_dags/example_python_operator.py for tasks to queue
[2024-12-04T07:31:36.595+0000] {logging_mixin.py:188} INFO - [2024-12-04T07:31:36.594+0000] {dagbag.py:545} INFO - Filling up the DagBag from /home/airflow/.local/lib/python3.12/site-packages/airflow/example_dags/example_python_operator.py
[2024-12-04T07:31:36.601+0000] {processor.py:840} INFO - DAG(s) 'example_python_operator' retrieved from /home/airflow/.local/lib/python3.12/site-packages/airflow/example_dags/example_python_operator.py
[2024-12-04T07:31:36.617+0000] {logging_mixin.py:188} INFO - [2024-12-04T07:31:36.617+0000] {dag.py:3096} INFO - Sync 1 DAGs
[2024-12-04T07:31:36.623+0000] {logging_mixin.py:188} INFO - [2024-12-04T07:31:36.623+0000] {dag.py:3954} INFO - Setting next_dagrun for example_python_operator to None, run_after=None
[2024-12-04T07:31:36.639+0000] {processor.py:183} INFO - Processing /home/airflow/.local/lib/python3.12/site-packages/airflow/example_dags/example_python_operator.py took 0.050 seconds
[2024-12-04T07:32:07.187+0000] {processor.py:161} INFO - Started process (PID=413) to work on /home/airflow/.local/lib/python3.12/site-packages/airflow/example_dags/example_python_operator.py
[2024-12-04T07:32:07.189+0000] {processor.py:830} INFO - Processing file /home/airflow/.local/lib/python3.12/site-packages/airflow/example_dags/example_python_operator.py for tasks to queue
[2024-12-04T07:32:07.192+0000] {logging_mixin.py:188} INFO - [2024-12-04T07:32:07.191+0000] {dagbag.py:545} INFO - Filling up the DagBag from /home/airflow/.local/lib/python3.12/site-packages/airflow/example_dags/example_python_operator.py
[2024-12-04T07:32:07.198+0000] {processor.py:840} INFO - DAG(s) 'example_python_operator' retrieved from /home/airflow/.local/lib/python3.12/site-packages/airflow/example_dags/example_python_operator.py
[2024-12-04T07:32:07.214+0000] {logging_mixin.py:188} INFO - [2024-12-04T07:32:07.213+0000] {dag.py:3096} INFO - Sync 1 DAGs
[2024-12-04T07:32:07.221+0000] {logging_mixin.py:188} INFO - [2024-12-04T07:32:07.221+0000] {dag.py:3954} INFO - Setting next_dagrun for example_python_operator to None, run_after=None
[2024-12-04T07:32:07.233+0000] {processor.py:183} INFO - Processing /home/airflow/.local/lib/python3.12/site-packages/airflow/example_dags/example_python_operator.py took 0.049 seconds
[2024-12-04T07:32:38.201+0000] {processor.py:161} INFO - Started process (PID=471) to work on /home/airflow/.local/lib/python3.12/site-packages/airflow/example_dags/example_python_operator.py
[2024-12-04T07:32:38.202+0000] {processor.py:830} INFO - Processing file /home/airflow/.local/lib/python3.12/site-packages/airflow/example_dags/example_python_operator.py for tasks to queue
[2024-12-04T07:32:38.204+0000] {logging_mixin.py:188} INFO - [2024-12-04T07:32:38.203+0000] {dagbag.py:545} INFO - Filling up the DagBag from /home/airflow/.local/lib/python3.12/site-packages/airflow/example_dags/example_python_operator.py
[2024-12-04T07:32:38.212+0000] {processor.py:840} INFO - DAG(s) 'example_python_operator' retrieved from /home/airflow/.local/lib/python3.12/site-packages/airflow/example_dags/example_python_operator.py
[2024-12-04T07:32:38.229+0000] {logging_mixin.py:188} INFO - [2024-12-04T07:32:38.229+0000] {dag.py:3096} INFO - Sync 1 DAGs
[2024-12-04T07:32:38.238+0000] {logging_mixin.py:188} INFO - [2024-12-04T07:32:38.237+0000] {dag.py:3954} INFO - Setting next_dagrun for example_python_operator to None, run_after=None
[2024-12-04T07:32:38.250+0000] {processor.py:183} INFO - Processing /home/airflow/.local/lib/python3.12/site-packages/airflow/example_dags/example_python_operator.py took 0.052 seconds
