[2024-12-04T07:29:07.343+0000] {processor.py:161} INFO - Started process (PID=90) to work on /home/airflow/.local/lib/python3.12/site-packages/airflow/example_dags/example_skip_dag.py
[2024-12-04T07:29:07.343+0000] {processor.py:830} INFO - Processing file /home/airflow/.local/lib/python3.12/site-packages/airflow/example_dags/example_skip_dag.py for tasks to queue
[2024-12-04T07:29:07.345+0000] {logging_mixin.py:188} INFO - [2024-12-04T07:29:07.345+0000] {dagbag.py:545} INFO - Filling up the DagBag from /home/airflow/.local/lib/python3.12/site-packages/airflow/example_dags/example_skip_dag.py
[2024-12-04T07:29:07.352+0000] {processor.py:840} INFO - DAG(s) 'example_skip_dag' retrieved from /home/airflow/.local/lib/python3.12/site-packages/airflow/example_dags/example_skip_dag.py
[2024-12-04T07:29:07.384+0000] {logging_mixin.py:188} INFO - [2024-12-04T07:29:07.383+0000] {dag.py:3096} INFO - Sync 1 DAGs
[2024-12-04T07:29:07.407+0000] {logging_mixin.py:188} INFO - [2024-12-04T07:29:07.407+0000] {dag.py:3954} INFO - Setting next_dagrun for example_skip_dag to 2024-12-03 00:00:00+00:00, run_after=2024-12-04 00:00:00+00:00
[2024-12-04T07:29:07.442+0000] {processor.py:183} INFO - Processing /home/airflow/.local/lib/python3.12/site-packages/airflow/example_dags/example_skip_dag.py took 0.104 seconds
[2024-12-04T07:29:37.493+0000] {processor.py:161} INFO - Started process (PID=148) to work on /home/airflow/.local/lib/python3.12/site-packages/airflow/example_dags/example_skip_dag.py
[2024-12-04T07:29:37.493+0000] {processor.py:830} INFO - Processing file /home/airflow/.local/lib/python3.12/site-packages/airflow/example_dags/example_skip_dag.py for tasks to queue
[2024-12-04T07:29:37.494+0000] {logging_mixin.py:188} INFO - [2024-12-04T07:29:37.494+0000] {dagbag.py:545} INFO - Filling up the DagBag from /home/airflow/.local/lib/python3.12/site-packages/airflow/example_dags/example_skip_dag.py
[2024-12-04T07:29:37.497+0000] {processor.py:840} INFO - DAG(s) 'example_skip_dag' retrieved from /home/airflow/.local/lib/python3.12/site-packages/airflow/example_dags/example_skip_dag.py
[2024-12-04T07:29:37.540+0000] {logging_mixin.py:188} INFO - [2024-12-04T07:29:37.540+0000] {dag.py:3096} INFO - Sync 1 DAGs
[2024-12-04T07:29:37.548+0000] {logging_mixin.py:188} INFO - [2024-12-04T07:29:37.548+0000] {dag.py:3954} INFO - Setting next_dagrun for example_skip_dag to 2024-12-03 00:00:00+00:00, run_after=2024-12-04 00:00:00+00:00
[2024-12-04T07:29:37.558+0000] {processor.py:183} INFO - Processing /home/airflow/.local/lib/python3.12/site-packages/airflow/example_dags/example_skip_dag.py took 0.067 seconds
[2024-12-04T07:30:07.611+0000] {processor.py:161} INFO - Started process (PID=206) to work on /home/airflow/.local/lib/python3.12/site-packages/airflow/example_dags/example_skip_dag.py
[2024-12-04T07:30:07.612+0000] {processor.py:830} INFO - Processing file /home/airflow/.local/lib/python3.12/site-packages/airflow/example_dags/example_skip_dag.py for tasks to queue
[2024-12-04T07:30:07.613+0000] {logging_mixin.py:188} INFO - [2024-12-04T07:30:07.613+0000] {dagbag.py:545} INFO - Filling up the DagBag from /home/airflow/.local/lib/python3.12/site-packages/airflow/example_dags/example_skip_dag.py
[2024-12-04T07:30:07.617+0000] {processor.py:840} INFO - DAG(s) 'example_skip_dag' retrieved from /home/airflow/.local/lib/python3.12/site-packages/airflow/example_dags/example_skip_dag.py
[2024-12-04T07:30:07.630+0000] {logging_mixin.py:188} INFO - [2024-12-04T07:30:07.630+0000] {dag.py:3096} INFO - Sync 1 DAGs
[2024-12-04T07:30:07.641+0000] {logging_mixin.py:188} INFO - [2024-12-04T07:30:07.641+0000] {dag.py:3954} INFO - Setting next_dagrun for example_skip_dag to 2024-12-03 00:00:00+00:00, run_after=2024-12-04 00:00:00+00:00
[2024-12-04T07:30:07.650+0000] {processor.py:183} INFO - Processing /home/airflow/.local/lib/python3.12/site-packages/airflow/example_dags/example_skip_dag.py took 0.042 seconds
[2024-12-04T07:30:37.844+0000] {processor.py:161} INFO - Started process (PID=264) to work on /home/airflow/.local/lib/python3.12/site-packages/airflow/example_dags/example_skip_dag.py
[2024-12-04T07:30:37.845+0000] {processor.py:830} INFO - Processing file /home/airflow/.local/lib/python3.12/site-packages/airflow/example_dags/example_skip_dag.py for tasks to queue
[2024-12-04T07:30:37.846+0000] {logging_mixin.py:188} INFO - [2024-12-04T07:30:37.845+0000] {dagbag.py:545} INFO - Filling up the DagBag from /home/airflow/.local/lib/python3.12/site-packages/airflow/example_dags/example_skip_dag.py
[2024-12-04T07:30:37.849+0000] {processor.py:840} INFO - DAG(s) 'example_skip_dag' retrieved from /home/airflow/.local/lib/python3.12/site-packages/airflow/example_dags/example_skip_dag.py
[2024-12-04T07:30:37.860+0000] {logging_mixin.py:188} INFO - [2024-12-04T07:30:37.860+0000] {dag.py:3096} INFO - Sync 1 DAGs
[2024-12-04T07:30:37.870+0000] {logging_mixin.py:188} INFO - [2024-12-04T07:30:37.870+0000] {dag.py:3954} INFO - Setting next_dagrun for example_skip_dag to 2024-12-03 00:00:00+00:00, run_after=2024-12-04 00:00:00+00:00
[2024-12-04T07:30:37.878+0000] {processor.py:183} INFO - Processing /home/airflow/.local/lib/python3.12/site-packages/airflow/example_dags/example_skip_dag.py took 0.037 seconds
[2024-12-04T07:31:08.878+0000] {processor.py:161} INFO - Started process (PID=322) to work on /home/airflow/.local/lib/python3.12/site-packages/airflow/example_dags/example_skip_dag.py
[2024-12-04T07:31:08.879+0000] {processor.py:830} INFO - Processing file /home/airflow/.local/lib/python3.12/site-packages/airflow/example_dags/example_skip_dag.py for tasks to queue
[2024-12-04T07:31:08.881+0000] {logging_mixin.py:188} INFO - [2024-12-04T07:31:08.881+0000] {dagbag.py:545} INFO - Filling up the DagBag from /home/airflow/.local/lib/python3.12/site-packages/airflow/example_dags/example_skip_dag.py
[2024-12-04T07:31:08.886+0000] {processor.py:840} INFO - DAG(s) 'example_skip_dag' retrieved from /home/airflow/.local/lib/python3.12/site-packages/airflow/example_dags/example_skip_dag.py
[2024-12-04T07:31:08.906+0000] {logging_mixin.py:188} INFO - [2024-12-04T07:31:08.905+0000] {dag.py:3096} INFO - Sync 1 DAGs
[2024-12-04T07:31:08.922+0000] {logging_mixin.py:188} INFO - [2024-12-04T07:31:08.922+0000] {dag.py:3954} INFO - Setting next_dagrun for example_skip_dag to 2024-12-03 00:00:00+00:00, run_after=2024-12-04 00:00:00+00:00
[2024-12-04T07:31:08.959+0000] {processor.py:183} INFO - Processing /home/airflow/.local/lib/python3.12/site-packages/airflow/example_dags/example_skip_dag.py took 0.084 seconds
[2024-12-04T07:31:39.730+0000] {processor.py:161} INFO - Started process (PID=380) to work on /home/airflow/.local/lib/python3.12/site-packages/airflow/example_dags/example_skip_dag.py
[2024-12-04T07:31:39.731+0000] {processor.py:830} INFO - Processing file /home/airflow/.local/lib/python3.12/site-packages/airflow/example_dags/example_skip_dag.py for tasks to queue
[2024-12-04T07:31:39.732+0000] {logging_mixin.py:188} INFO - [2024-12-04T07:31:39.732+0000] {dagbag.py:545} INFO - Filling up the DagBag from /home/airflow/.local/lib/python3.12/site-packages/airflow/example_dags/example_skip_dag.py
[2024-12-04T07:31:39.735+0000] {processor.py:840} INFO - DAG(s) 'example_skip_dag' retrieved from /home/airflow/.local/lib/python3.12/site-packages/airflow/example_dags/example_skip_dag.py
[2024-12-04T07:31:39.746+0000] {logging_mixin.py:188} INFO - [2024-12-04T07:31:39.746+0000] {dag.py:3096} INFO - Sync 1 DAGs
[2024-12-04T07:31:39.756+0000] {logging_mixin.py:188} INFO - [2024-12-04T07:31:39.756+0000] {dag.py:3954} INFO - Setting next_dagrun for example_skip_dag to 2024-12-03 00:00:00+00:00, run_after=2024-12-04 00:00:00+00:00
[2024-12-04T07:31:39.763+0000] {processor.py:183} INFO - Processing /home/airflow/.local/lib/python3.12/site-packages/airflow/example_dags/example_skip_dag.py took 0.036 seconds
[2024-12-04T07:32:10.282+0000] {processor.py:161} INFO - Started process (PID=438) to work on /home/airflow/.local/lib/python3.12/site-packages/airflow/example_dags/example_skip_dag.py
[2024-12-04T07:32:10.283+0000] {processor.py:830} INFO - Processing file /home/airflow/.local/lib/python3.12/site-packages/airflow/example_dags/example_skip_dag.py for tasks to queue
[2024-12-04T07:32:10.284+0000] {logging_mixin.py:188} INFO - [2024-12-04T07:32:10.284+0000] {dagbag.py:545} INFO - Filling up the DagBag from /home/airflow/.local/lib/python3.12/site-packages/airflow/example_dags/example_skip_dag.py
[2024-12-04T07:32:10.287+0000] {processor.py:840} INFO - DAG(s) 'example_skip_dag' retrieved from /home/airflow/.local/lib/python3.12/site-packages/airflow/example_dags/example_skip_dag.py
[2024-12-04T07:32:10.299+0000] {logging_mixin.py:188} INFO - [2024-12-04T07:32:10.299+0000] {dag.py:3096} INFO - Sync 1 DAGs
[2024-12-04T07:32:10.309+0000] {logging_mixin.py:188} INFO - [2024-12-04T07:32:10.309+0000] {dag.py:3954} INFO - Setting next_dagrun for example_skip_dag to 2024-12-03 00:00:00+00:00, run_after=2024-12-04 00:00:00+00:00
[2024-12-04T07:32:10.323+0000] {processor.py:183} INFO - Processing /home/airflow/.local/lib/python3.12/site-packages/airflow/example_dags/example_skip_dag.py took 0.044 seconds
[2024-12-04T07:32:41.220+0000] {processor.py:161} INFO - Started process (PID=496) to work on /home/airflow/.local/lib/python3.12/site-packages/airflow/example_dags/example_skip_dag.py
[2024-12-04T07:32:41.221+0000] {processor.py:830} INFO - Processing file /home/airflow/.local/lib/python3.12/site-packages/airflow/example_dags/example_skip_dag.py for tasks to queue
[2024-12-04T07:32:41.224+0000] {logging_mixin.py:188} INFO - [2024-12-04T07:32:41.223+0000] {dagbag.py:545} INFO - Filling up the DagBag from /home/airflow/.local/lib/python3.12/site-packages/airflow/example_dags/example_skip_dag.py
[2024-12-04T07:32:41.228+0000] {processor.py:840} INFO - DAG(s) 'example_skip_dag' retrieved from /home/airflow/.local/lib/python3.12/site-packages/airflow/example_dags/example_skip_dag.py
[2024-12-04T07:32:41.238+0000] {logging_mixin.py:188} INFO - [2024-12-04T07:32:41.237+0000] {dag.py:3096} INFO - Sync 1 DAGs
[2024-12-04T07:32:41.248+0000] {logging_mixin.py:188} INFO - [2024-12-04T07:32:41.248+0000] {dag.py:3954} INFO - Setting next_dagrun for example_skip_dag to 2024-12-03 00:00:00+00:00, run_after=2024-12-04 00:00:00+00:00
[2024-12-04T07:32:41.256+0000] {processor.py:183} INFO - Processing /home/airflow/.local/lib/python3.12/site-packages/airflow/example_dags/example_skip_dag.py took 0.039 seconds
