[2024-12-04T07:29:03.542+0000] {processor.py:161} INFO - Started process (PID=71) to work on /home/airflow/.local/lib/python3.12/site-packages/airflow/example_dags/example_branch_labels.py
[2024-12-04T07:29:03.546+0000] {processor.py:830} INFO - Processing file /home/airflow/.local/lib/python3.12/site-packages/airflow/example_dags/example_branch_labels.py for tasks to queue
[2024-12-04T07:29:03.552+0000] {logging_mixin.py:188} INFO - [2024-12-04T07:29:03.551+0000] {dagbag.py:545} INFO - Filling up the DagBag from /home/airflow/.local/lib/python3.12/site-packages/airflow/example_dags/example_branch_labels.py
[2024-12-04T07:29:03.615+0000] {processor.py:840} INFO - DAG(s) 'example_branch_labels' retrieved from /home/airflow/.local/lib/python3.12/site-packages/airflow/example_dags/example_branch_labels.py
[2024-12-04T07:29:03.759+0000] {logging_mixin.py:188} INFO - [2024-12-04T07:29:03.732+0000] {dag.py:3096} INFO - Sync 1 DAGs
[2024-12-04T07:29:03.856+0000] {logging_mixin.py:188} INFO - [2024-12-04T07:29:03.856+0000] {dag.py:3954} INFO - Setting next_dagrun for example_branch_labels to 2024-12-03 00:00:00+00:00, run_after=2024-12-04 00:00:00+00:00
[2024-12-04T07:29:03.926+0000] {processor.py:183} INFO - Processing /home/airflow/.local/lib/python3.12/site-packages/airflow/example_dags/example_branch_labels.py took 0.411 seconds
[2024-12-04T07:29:34.742+0000] {processor.py:161} INFO - Started process (PID=129) to work on /home/airflow/.local/lib/python3.12/site-packages/airflow/example_dags/example_branch_labels.py
[2024-12-04T07:29:34.745+0000] {processor.py:830} INFO - Processing file /home/airflow/.local/lib/python3.12/site-packages/airflow/example_dags/example_branch_labels.py for tasks to queue
[2024-12-04T07:29:34.750+0000] {logging_mixin.py:188} INFO - [2024-12-04T07:29:34.749+0000] {dagbag.py:545} INFO - Filling up the DagBag from /home/airflow/.local/lib/python3.12/site-packages/airflow/example_dags/example_branch_labels.py
[2024-12-04T07:29:34.770+0000] {processor.py:840} INFO - DAG(s) 'example_branch_labels' retrieved from /home/airflow/.local/lib/python3.12/site-packages/airflow/example_dags/example_branch_labels.py
[2024-12-04T07:29:34.935+0000] {logging_mixin.py:188} INFO - [2024-12-04T07:29:34.934+0000] {dag.py:3096} INFO - Sync 1 DAGs
[2024-12-04T07:29:34.957+0000] {logging_mixin.py:188} INFO - [2024-12-04T07:29:34.957+0000] {dag.py:3954} INFO - Setting next_dagrun for example_branch_labels to 2024-12-03 00:00:00+00:00, run_after=2024-12-04 00:00:00+00:00
[2024-12-04T07:29:34.989+0000] {processor.py:183} INFO - Processing /home/airflow/.local/lib/python3.12/site-packages/airflow/example_dags/example_branch_labels.py took 0.265 seconds
[2024-12-04T07:30:05.655+0000] {processor.py:161} INFO - Started process (PID=187) to work on /home/airflow/.local/lib/python3.12/site-packages/airflow/example_dags/example_branch_labels.py
[2024-12-04T07:30:05.659+0000] {processor.py:830} INFO - Processing file /home/airflow/.local/lib/python3.12/site-packages/airflow/example_dags/example_branch_labels.py for tasks to queue
[2024-12-04T07:30:05.661+0000] {logging_mixin.py:188} INFO - [2024-12-04T07:30:05.660+0000] {dagbag.py:545} INFO - Filling up the DagBag from /home/airflow/.local/lib/python3.12/site-packages/airflow/example_dags/example_branch_labels.py
[2024-12-04T07:30:05.666+0000] {processor.py:840} INFO - DAG(s) 'example_branch_labels' retrieved from /home/airflow/.local/lib/python3.12/site-packages/airflow/example_dags/example_branch_labels.py
[2024-12-04T07:30:05.683+0000] {logging_mixin.py:188} INFO - [2024-12-04T07:30:05.683+0000] {dag.py:3096} INFO - Sync 1 DAGs
[2024-12-04T07:30:05.703+0000] {logging_mixin.py:188} INFO - [2024-12-04T07:30:05.702+0000] {dag.py:3954} INFO - Setting next_dagrun for example_branch_labels to 2024-12-03 00:00:00+00:00, run_after=2024-12-04 00:00:00+00:00
[2024-12-04T07:30:05.729+0000] {processor.py:183} INFO - Processing /home/airflow/.local/lib/python3.12/site-packages/airflow/example_dags/example_branch_labels.py took 0.077 seconds
[2024-12-04T07:30:35.789+0000] {processor.py:161} INFO - Started process (PID=245) to work on /home/airflow/.local/lib/python3.12/site-packages/airflow/example_dags/example_branch_labels.py
[2024-12-04T07:30:35.789+0000] {processor.py:830} INFO - Processing file /home/airflow/.local/lib/python3.12/site-packages/airflow/example_dags/example_branch_labels.py for tasks to queue
[2024-12-04T07:30:35.791+0000] {logging_mixin.py:188} INFO - [2024-12-04T07:30:35.790+0000] {dagbag.py:545} INFO - Filling up the DagBag from /home/airflow/.local/lib/python3.12/site-packages/airflow/example_dags/example_branch_labels.py
[2024-12-04T07:30:35.795+0000] {processor.py:840} INFO - DAG(s) 'example_branch_labels' retrieved from /home/airflow/.local/lib/python3.12/site-packages/airflow/example_dags/example_branch_labels.py
[2024-12-04T07:30:35.805+0000] {logging_mixin.py:188} INFO - [2024-12-04T07:30:35.805+0000] {dag.py:3096} INFO - Sync 1 DAGs
[2024-12-04T07:30:35.814+0000] {logging_mixin.py:188} INFO - [2024-12-04T07:30:35.814+0000] {dag.py:3954} INFO - Setting next_dagrun for example_branch_labels to 2024-12-03 00:00:00+00:00, run_after=2024-12-04 00:00:00+00:00
[2024-12-04T07:30:35.821+0000] {processor.py:183} INFO - Processing /home/airflow/.local/lib/python3.12/site-packages/airflow/example_dags/example_branch_labels.py took 0.035 seconds
[2024-12-04T07:31:05.950+0000] {processor.py:161} INFO - Started process (PID=303) to work on /home/airflow/.local/lib/python3.12/site-packages/airflow/example_dags/example_branch_labels.py
[2024-12-04T07:31:05.954+0000] {processor.py:830} INFO - Processing file /home/airflow/.local/lib/python3.12/site-packages/airflow/example_dags/example_branch_labels.py for tasks to queue
[2024-12-04T07:31:05.956+0000] {logging_mixin.py:188} INFO - [2024-12-04T07:31:05.956+0000] {dagbag.py:545} INFO - Filling up the DagBag from /home/airflow/.local/lib/python3.12/site-packages/airflow/example_dags/example_branch_labels.py
[2024-12-04T07:31:05.962+0000] {processor.py:840} INFO - DAG(s) 'example_branch_labels' retrieved from /home/airflow/.local/lib/python3.12/site-packages/airflow/example_dags/example_branch_labels.py
[2024-12-04T07:31:05.984+0000] {logging_mixin.py:188} INFO - [2024-12-04T07:31:05.983+0000] {dag.py:3096} INFO - Sync 1 DAGs
[2024-12-04T07:31:05.997+0000] {logging_mixin.py:188} INFO - [2024-12-04T07:31:05.997+0000] {dag.py:3954} INFO - Setting next_dagrun for example_branch_labels to 2024-12-03 00:00:00+00:00, run_after=2024-12-04 00:00:00+00:00
[2024-12-04T07:31:06.009+0000] {processor.py:183} INFO - Processing /home/airflow/.local/lib/python3.12/site-packages/airflow/example_dags/example_branch_labels.py took 0.061 seconds
[2024-12-04T07:31:36.861+0000] {processor.py:161} INFO - Started process (PID=361) to work on /home/airflow/.local/lib/python3.12/site-packages/airflow/example_dags/example_branch_labels.py
[2024-12-04T07:31:36.863+0000] {processor.py:830} INFO - Processing file /home/airflow/.local/lib/python3.12/site-packages/airflow/example_dags/example_branch_labels.py for tasks to queue
[2024-12-04T07:31:36.865+0000] {logging_mixin.py:188} INFO - [2024-12-04T07:31:36.864+0000] {dagbag.py:545} INFO - Filling up the DagBag from /home/airflow/.local/lib/python3.12/site-packages/airflow/example_dags/example_branch_labels.py
[2024-12-04T07:31:36.870+0000] {processor.py:840} INFO - DAG(s) 'example_branch_labels' retrieved from /home/airflow/.local/lib/python3.12/site-packages/airflow/example_dags/example_branch_labels.py
[2024-12-04T07:31:36.888+0000] {logging_mixin.py:188} INFO - [2024-12-04T07:31:36.887+0000] {dag.py:3096} INFO - Sync 1 DAGs
[2024-12-04T07:31:36.901+0000] {logging_mixin.py:188} INFO - [2024-12-04T07:31:36.901+0000] {dag.py:3954} INFO - Setting next_dagrun for example_branch_labels to 2024-12-03 00:00:00+00:00, run_after=2024-12-04 00:00:00+00:00
[2024-12-04T07:31:36.915+0000] {processor.py:183} INFO - Processing /home/airflow/.local/lib/python3.12/site-packages/airflow/example_dags/example_branch_labels.py took 0.057 seconds
[2024-12-04T07:32:07.409+0000] {processor.py:161} INFO - Started process (PID=419) to work on /home/airflow/.local/lib/python3.12/site-packages/airflow/example_dags/example_branch_labels.py
[2024-12-04T07:32:07.410+0000] {processor.py:830} INFO - Processing file /home/airflow/.local/lib/python3.12/site-packages/airflow/example_dags/example_branch_labels.py for tasks to queue
[2024-12-04T07:32:07.411+0000] {logging_mixin.py:188} INFO - [2024-12-04T07:32:07.411+0000] {dagbag.py:545} INFO - Filling up the DagBag from /home/airflow/.local/lib/python3.12/site-packages/airflow/example_dags/example_branch_labels.py
[2024-12-04T07:32:07.415+0000] {processor.py:840} INFO - DAG(s) 'example_branch_labels' retrieved from /home/airflow/.local/lib/python3.12/site-packages/airflow/example_dags/example_branch_labels.py
[2024-12-04T07:32:07.425+0000] {logging_mixin.py:188} INFO - [2024-12-04T07:32:07.425+0000] {dag.py:3096} INFO - Sync 1 DAGs
[2024-12-04T07:32:07.435+0000] {logging_mixin.py:188} INFO - [2024-12-04T07:32:07.435+0000] {dag.py:3954} INFO - Setting next_dagrun for example_branch_labels to 2024-12-03 00:00:00+00:00, run_after=2024-12-04 00:00:00+00:00
[2024-12-04T07:32:07.442+0000] {processor.py:183} INFO - Processing /home/airflow/.local/lib/python3.12/site-packages/airflow/example_dags/example_branch_labels.py took 0.036 seconds
[2024-12-04T07:32:38.378+0000] {processor.py:161} INFO - Started process (PID=477) to work on /home/airflow/.local/lib/python3.12/site-packages/airflow/example_dags/example_branch_labels.py
[2024-12-04T07:32:38.379+0000] {processor.py:830} INFO - Processing file /home/airflow/.local/lib/python3.12/site-packages/airflow/example_dags/example_branch_labels.py for tasks to queue
[2024-12-04T07:32:38.380+0000] {logging_mixin.py:188} INFO - [2024-12-04T07:32:38.379+0000] {dagbag.py:545} INFO - Filling up the DagBag from /home/airflow/.local/lib/python3.12/site-packages/airflow/example_dags/example_branch_labels.py
[2024-12-04T07:32:38.384+0000] {processor.py:840} INFO - DAG(s) 'example_branch_labels' retrieved from /home/airflow/.local/lib/python3.12/site-packages/airflow/example_dags/example_branch_labels.py
[2024-12-04T07:32:38.398+0000] {logging_mixin.py:188} INFO - [2024-12-04T07:32:38.398+0000] {dag.py:3096} INFO - Sync 1 DAGs
[2024-12-04T07:32:38.408+0000] {logging_mixin.py:188} INFO - [2024-12-04T07:32:38.408+0000] {dag.py:3954} INFO - Setting next_dagrun for example_branch_labels to 2024-12-03 00:00:00+00:00, run_after=2024-12-04 00:00:00+00:00
[2024-12-04T07:32:38.418+0000] {processor.py:183} INFO - Processing /home/airflow/.local/lib/python3.12/site-packages/airflow/example_dags/example_branch_labels.py took 0.045 seconds
