[2024-12-04T07:29:02.171+0000] {processor.py:161} INFO - Started process (PID=63) to work on /home/airflow/.local/lib/python3.12/site-packages/airflow/example_dags/example_branch_python_dop_operator_3.py
[2024-12-04T07:29:02.174+0000] {processor.py:830} INFO - Processing file /home/airflow/.local/lib/python3.12/site-packages/airflow/example_dags/example_branch_python_dop_operator_3.py for tasks to queue
[2024-12-04T07:29:02.181+0000] {logging_mixin.py:188} INFO - [2024-12-04T07:29:02.179+0000] {dagbag.py:545} INFO - Filling up the DagBag from /home/airflow/.local/lib/python3.12/site-packages/airflow/example_dags/example_branch_python_dop_operator_3.py
[2024-12-04T07:29:02.210+0000] {processor.py:840} INFO - DAG(s) 'example_branch_dop_operator_v3' retrieved from /home/airflow/.local/lib/python3.12/site-packages/airflow/example_dags/example_branch_python_dop_operator_3.py
[2024-12-04T07:29:02.240+0000] {logging_mixin.py:188} INFO - [2024-12-04T07:29:02.238+0000] {dag.py:3096} INFO - Sync 1 DAGs
[2024-12-04T07:29:02.316+0000] {logging_mixin.py:188} INFO - [2024-12-04T07:29:02.316+0000] {dag.py:3954} INFO - Setting next_dagrun for example_branch_dop_operator_v3 to 2024-12-04 07:28:00+00:00, run_after=2024-12-04 07:29:00+00:00
[2024-12-04T07:29:02.379+0000] {processor.py:183} INFO - Processing /home/airflow/.local/lib/python3.12/site-packages/airflow/example_dags/example_branch_python_dop_operator_3.py took 0.222 seconds
[2024-12-04T07:29:33.190+0000] {processor.py:161} INFO - Started process (PID=121) to work on /home/airflow/.local/lib/python3.12/site-packages/airflow/example_dags/example_branch_python_dop_operator_3.py
[2024-12-04T07:29:33.191+0000] {processor.py:830} INFO - Processing file /home/airflow/.local/lib/python3.12/site-packages/airflow/example_dags/example_branch_python_dop_operator_3.py for tasks to queue
[2024-12-04T07:29:33.192+0000] {logging_mixin.py:188} INFO - [2024-12-04T07:29:33.191+0000] {dagbag.py:545} INFO - Filling up the DagBag from /home/airflow/.local/lib/python3.12/site-packages/airflow/example_dags/example_branch_python_dop_operator_3.py
[2024-12-04T07:29:33.197+0000] {processor.py:840} INFO - DAG(s) 'example_branch_dop_operator_v3' retrieved from /home/airflow/.local/lib/python3.12/site-packages/airflow/example_dags/example_branch_python_dop_operator_3.py
[2024-12-04T07:29:33.245+0000] {logging_mixin.py:188} INFO - [2024-12-04T07:29:33.244+0000] {dag.py:3096} INFO - Sync 1 DAGs
[2024-12-04T07:29:33.257+0000] {logging_mixin.py:188} INFO - [2024-12-04T07:29:33.257+0000] {dag.py:3954} INFO - Setting next_dagrun for example_branch_dop_operator_v3 to 2024-12-04 07:28:00+00:00, run_after=2024-12-04 07:29:00+00:00
[2024-12-04T07:29:33.267+0000] {processor.py:183} INFO - Processing /home/airflow/.local/lib/python3.12/site-packages/airflow/example_dags/example_branch_python_dop_operator_3.py took 0.080 seconds
[2024-12-04T07:30:04.301+0000] {processor.py:161} INFO - Started process (PID=179) to work on /home/airflow/.local/lib/python3.12/site-packages/airflow/example_dags/example_branch_python_dop_operator_3.py
[2024-12-04T07:30:04.303+0000] {processor.py:830} INFO - Processing file /home/airflow/.local/lib/python3.12/site-packages/airflow/example_dags/example_branch_python_dop_operator_3.py for tasks to queue
[2024-12-04T07:30:04.304+0000] {logging_mixin.py:188} INFO - [2024-12-04T07:30:04.304+0000] {dagbag.py:545} INFO - Filling up the DagBag from /home/airflow/.local/lib/python3.12/site-packages/airflow/example_dags/example_branch_python_dop_operator_3.py
[2024-12-04T07:30:04.316+0000] {processor.py:840} INFO - DAG(s) 'example_branch_dop_operator_v3' retrieved from /home/airflow/.local/lib/python3.12/site-packages/airflow/example_dags/example_branch_python_dop_operator_3.py
[2024-12-04T07:30:04.328+0000] {logging_mixin.py:188} INFO - [2024-12-04T07:30:04.327+0000] {dag.py:3096} INFO - Sync 1 DAGs
[2024-12-04T07:30:04.341+0000] {logging_mixin.py:188} INFO - [2024-12-04T07:30:04.340+0000] {dag.py:3954} INFO - Setting next_dagrun for example_branch_dop_operator_v3 to 2024-12-04 07:29:00+00:00, run_after=2024-12-04 07:30:00+00:00
[2024-12-04T07:30:04.349+0000] {processor.py:183} INFO - Processing /home/airflow/.local/lib/python3.12/site-packages/airflow/example_dags/example_branch_python_dop_operator_3.py took 0.055 seconds
[2024-12-04T07:30:35.461+0000] {processor.py:161} INFO - Started process (PID=237) to work on /home/airflow/.local/lib/python3.12/site-packages/airflow/example_dags/example_branch_python_dop_operator_3.py
[2024-12-04T07:30:35.463+0000] {processor.py:830} INFO - Processing file /home/airflow/.local/lib/python3.12/site-packages/airflow/example_dags/example_branch_python_dop_operator_3.py for tasks to queue
[2024-12-04T07:30:35.464+0000] {logging_mixin.py:188} INFO - [2024-12-04T07:30:35.464+0000] {dagbag.py:545} INFO - Filling up the DagBag from /home/airflow/.local/lib/python3.12/site-packages/airflow/example_dags/example_branch_python_dop_operator_3.py
[2024-12-04T07:30:35.472+0000] {processor.py:840} INFO - DAG(s) 'example_branch_dop_operator_v3' retrieved from /home/airflow/.local/lib/python3.12/site-packages/airflow/example_dags/example_branch_python_dop_operator_3.py
[2024-12-04T07:30:35.485+0000] {logging_mixin.py:188} INFO - [2024-12-04T07:30:35.485+0000] {dag.py:3096} INFO - Sync 1 DAGs
[2024-12-04T07:30:35.506+0000] {logging_mixin.py:188} INFO - [2024-12-04T07:30:35.506+0000] {dag.py:3954} INFO - Setting next_dagrun for example_branch_dop_operator_v3 to 2024-12-04 07:29:00+00:00, run_after=2024-12-04 07:30:00+00:00
[2024-12-04T07:30:35.524+0000] {processor.py:183} INFO - Processing /home/airflow/.local/lib/python3.12/site-packages/airflow/example_dags/example_branch_python_dop_operator_3.py took 0.069 seconds
[2024-12-04T07:31:05.693+0000] {processor.py:161} INFO - Started process (PID=295) to work on /home/airflow/.local/lib/python3.12/site-packages/airflow/example_dags/example_branch_python_dop_operator_3.py
[2024-12-04T07:31:05.694+0000] {processor.py:830} INFO - Processing file /home/airflow/.local/lib/python3.12/site-packages/airflow/example_dags/example_branch_python_dop_operator_3.py for tasks to queue
[2024-12-04T07:31:05.695+0000] {logging_mixin.py:188} INFO - [2024-12-04T07:31:05.695+0000] {dagbag.py:545} INFO - Filling up the DagBag from /home/airflow/.local/lib/python3.12/site-packages/airflow/example_dags/example_branch_python_dop_operator_3.py
[2024-12-04T07:31:05.701+0000] {processor.py:840} INFO - DAG(s) 'example_branch_dop_operator_v3' retrieved from /home/airflow/.local/lib/python3.12/site-packages/airflow/example_dags/example_branch_python_dop_operator_3.py
[2024-12-04T07:31:05.714+0000] {logging_mixin.py:188} INFO - [2024-12-04T07:31:05.714+0000] {dag.py:3096} INFO - Sync 1 DAGs
[2024-12-04T07:31:05.726+0000] {logging_mixin.py:188} INFO - [2024-12-04T07:31:05.726+0000] {dag.py:3954} INFO - Setting next_dagrun for example_branch_dop_operator_v3 to 2024-12-04 07:30:00+00:00, run_after=2024-12-04 07:31:00+00:00
[2024-12-04T07:31:05.735+0000] {processor.py:183} INFO - Processing /home/airflow/.local/lib/python3.12/site-packages/airflow/example_dags/example_branch_python_dop_operator_3.py took 0.046 seconds
[2024-12-04T07:31:36.530+0000] {processor.py:161} INFO - Started process (PID=353) to work on /home/airflow/.local/lib/python3.12/site-packages/airflow/example_dags/example_branch_python_dop_operator_3.py
[2024-12-04T07:31:36.531+0000] {processor.py:830} INFO - Processing file /home/airflow/.local/lib/python3.12/site-packages/airflow/example_dags/example_branch_python_dop_operator_3.py for tasks to queue
[2024-12-04T07:31:36.532+0000] {logging_mixin.py:188} INFO - [2024-12-04T07:31:36.531+0000] {dagbag.py:545} INFO - Filling up the DagBag from /home/airflow/.local/lib/python3.12/site-packages/airflow/example_dags/example_branch_python_dop_operator_3.py
[2024-12-04T07:31:36.538+0000] {processor.py:840} INFO - DAG(s) 'example_branch_dop_operator_v3' retrieved from /home/airflow/.local/lib/python3.12/site-packages/airflow/example_dags/example_branch_python_dop_operator_3.py
[2024-12-04T07:31:36.550+0000] {logging_mixin.py:188} INFO - [2024-12-04T07:31:36.549+0000] {dag.py:3096} INFO - Sync 1 DAGs
[2024-12-04T07:31:36.561+0000] {logging_mixin.py:188} INFO - [2024-12-04T07:31:36.561+0000] {dag.py:3954} INFO - Setting next_dagrun for example_branch_dop_operator_v3 to 2024-12-04 07:30:00+00:00, run_after=2024-12-04 07:31:00+00:00
[2024-12-04T07:31:36.569+0000] {processor.py:183} INFO - Processing /home/airflow/.local/lib/python3.12/site-packages/airflow/example_dags/example_branch_python_dop_operator_3.py took 0.042 seconds
[2024-12-04T07:32:07.136+0000] {processor.py:161} INFO - Started process (PID=411) to work on /home/airflow/.local/lib/python3.12/site-packages/airflow/example_dags/example_branch_python_dop_operator_3.py
[2024-12-04T07:32:07.138+0000] {processor.py:830} INFO - Processing file /home/airflow/.local/lib/python3.12/site-packages/airflow/example_dags/example_branch_python_dop_operator_3.py for tasks to queue
[2024-12-04T07:32:07.139+0000] {logging_mixin.py:188} INFO - [2024-12-04T07:32:07.139+0000] {dagbag.py:545} INFO - Filling up the DagBag from /home/airflow/.local/lib/python3.12/site-packages/airflow/example_dags/example_branch_python_dop_operator_3.py
[2024-12-04T07:32:07.143+0000] {processor.py:840} INFO - DAG(s) 'example_branch_dop_operator_v3' retrieved from /home/airflow/.local/lib/python3.12/site-packages/airflow/example_dags/example_branch_python_dop_operator_3.py
[2024-12-04T07:32:07.152+0000] {logging_mixin.py:188} INFO - [2024-12-04T07:32:07.152+0000] {dag.py:3096} INFO - Sync 1 DAGs
[2024-12-04T07:32:07.164+0000] {logging_mixin.py:188} INFO - [2024-12-04T07:32:07.163+0000] {dag.py:3954} INFO - Setting next_dagrun for example_branch_dop_operator_v3 to 2024-12-04 07:31:00+00:00, run_after=2024-12-04 07:32:00+00:00
[2024-12-04T07:32:07.171+0000] {processor.py:183} INFO - Processing /home/airflow/.local/lib/python3.12/site-packages/airflow/example_dags/example_branch_python_dop_operator_3.py took 0.037 seconds
[2024-12-04T07:32:38.074+0000] {processor.py:161} INFO - Started process (PID=469) to work on /home/airflow/.local/lib/python3.12/site-packages/airflow/example_dags/example_branch_python_dop_operator_3.py
[2024-12-04T07:32:38.077+0000] {processor.py:830} INFO - Processing file /home/airflow/.local/lib/python3.12/site-packages/airflow/example_dags/example_branch_python_dop_operator_3.py for tasks to queue
[2024-12-04T07:32:38.079+0000] {logging_mixin.py:188} INFO - [2024-12-04T07:32:38.079+0000] {dagbag.py:545} INFO - Filling up the DagBag from /home/airflow/.local/lib/python3.12/site-packages/airflow/example_dags/example_branch_python_dop_operator_3.py
[2024-12-04T07:32:38.088+0000] {processor.py:840} INFO - DAG(s) 'example_branch_dop_operator_v3' retrieved from /home/airflow/.local/lib/python3.12/site-packages/airflow/example_dags/example_branch_python_dop_operator_3.py
[2024-12-04T07:32:38.109+0000] {logging_mixin.py:188} INFO - [2024-12-04T07:32:38.108+0000] {dag.py:3096} INFO - Sync 1 DAGs
[2024-12-04T07:32:38.161+0000] {logging_mixin.py:188} INFO - [2024-12-04T07:32:38.160+0000] {dag.py:3954} INFO - Setting next_dagrun for example_branch_dop_operator_v3 to 2024-12-04 07:31:00+00:00, run_after=2024-12-04 07:32:00+00:00
[2024-12-04T07:32:38.175+0000] {processor.py:183} INFO - Processing /home/airflow/.local/lib/python3.12/site-packages/airflow/example_dags/example_branch_python_dop_operator_3.py took 0.108 seconds
