[2024-12-04T07:29:03.921+0000] {processor.py:161} INFO - Started process (PID=73) to work on /home/airflow/.local/lib/python3.12/site-packages/airflow/example_dags/example_setup_teardown.py
[2024-12-04T07:29:03.925+0000] {processor.py:830} INFO - Processing file /home/airflow/.local/lib/python3.12/site-packages/airflow/example_dags/example_setup_teardown.py for tasks to queue
[2024-12-04T07:29:03.935+0000] {logging_mixin.py:188} INFO - [2024-12-04T07:29:03.934+0000] {dagbag.py:545} INFO - Filling up the DagBag from /home/airflow/.local/lib/python3.12/site-packages/airflow/example_dags/example_setup_teardown.py
[2024-12-04T07:29:03.988+0000] {processor.py:840} INFO - DAG(s) 'example_setup_teardown' retrieved from /home/airflow/.local/lib/python3.12/site-packages/airflow/example_dags/example_setup_teardown.py
[2024-12-04T07:29:04.030+0000] {logging_mixin.py:188} INFO - [2024-12-04T07:29:04.029+0000] {dag.py:3096} INFO - Sync 1 DAGs
[2024-12-04T07:29:04.088+0000] {logging_mixin.py:188} INFO - [2024-12-04T07:29:04.088+0000] {dag.py:3954} INFO - Setting next_dagrun for example_setup_teardown to 2024-12-03 00:00:00+00:00, run_after=2024-12-04 00:00:00+00:00
[2024-12-04T07:29:04.154+0000] {processor.py:183} INFO - Processing /home/airflow/.local/lib/python3.12/site-packages/airflow/example_dags/example_setup_teardown.py took 0.244 seconds
[2024-12-04T07:29:35.007+0000] {processor.py:161} INFO - Started process (PID=131) to work on /home/airflow/.local/lib/python3.12/site-packages/airflow/example_dags/example_setup_teardown.py
[2024-12-04T07:29:35.008+0000] {processor.py:830} INFO - Processing file /home/airflow/.local/lib/python3.12/site-packages/airflow/example_dags/example_setup_teardown.py for tasks to queue
[2024-12-04T07:29:35.010+0000] {logging_mixin.py:188} INFO - [2024-12-04T07:29:35.009+0000] {dagbag.py:545} INFO - Filling up the DagBag from /home/airflow/.local/lib/python3.12/site-packages/airflow/example_dags/example_setup_teardown.py
[2024-12-04T07:29:35.014+0000] {processor.py:840} INFO - DAG(s) 'example_setup_teardown' retrieved from /home/airflow/.local/lib/python3.12/site-packages/airflow/example_dags/example_setup_teardown.py
[2024-12-04T07:29:35.062+0000] {logging_mixin.py:188} INFO - [2024-12-04T07:29:35.061+0000] {dag.py:3096} INFO - Sync 1 DAGs
[2024-12-04T07:29:35.070+0000] {logging_mixin.py:188} INFO - [2024-12-04T07:29:35.070+0000] {dag.py:3954} INFO - Setting next_dagrun for example_setup_teardown to 2024-12-03 00:00:00+00:00, run_after=2024-12-04 00:00:00+00:00
[2024-12-04T07:29:35.080+0000] {processor.py:183} INFO - Processing /home/airflow/.local/lib/python3.12/site-packages/airflow/example_dags/example_setup_teardown.py took 0.077 seconds
[2024-12-04T07:30:05.740+0000] {processor.py:161} INFO - Started process (PID=189) to work on /home/airflow/.local/lib/python3.12/site-packages/airflow/example_dags/example_setup_teardown.py
[2024-12-04T07:30:05.740+0000] {processor.py:830} INFO - Processing file /home/airflow/.local/lib/python3.12/site-packages/airflow/example_dags/example_setup_teardown.py for tasks to queue
[2024-12-04T07:30:05.742+0000] {logging_mixin.py:188} INFO - [2024-12-04T07:30:05.741+0000] {dagbag.py:545} INFO - Filling up the DagBag from /home/airflow/.local/lib/python3.12/site-packages/airflow/example_dags/example_setup_teardown.py
[2024-12-04T07:30:05.746+0000] {processor.py:840} INFO - DAG(s) 'example_setup_teardown' retrieved from /home/airflow/.local/lib/python3.12/site-packages/airflow/example_dags/example_setup_teardown.py
[2024-12-04T07:30:05.764+0000] {logging_mixin.py:188} INFO - [2024-12-04T07:30:05.763+0000] {dag.py:3096} INFO - Sync 1 DAGs
[2024-12-04T07:30:05.778+0000] {logging_mixin.py:188} INFO - [2024-12-04T07:30:05.778+0000] {dag.py:3954} INFO - Setting next_dagrun for example_setup_teardown to 2024-12-03 00:00:00+00:00, run_after=2024-12-04 00:00:00+00:00
[2024-12-04T07:30:05.792+0000] {processor.py:183} INFO - Processing /home/airflow/.local/lib/python3.12/site-packages/airflow/example_dags/example_setup_teardown.py took 0.057 seconds
[2024-12-04T07:30:35.876+0000] {processor.py:161} INFO - Started process (PID=247) to work on /home/airflow/.local/lib/python3.12/site-packages/airflow/example_dags/example_setup_teardown.py
[2024-12-04T07:30:35.876+0000] {processor.py:830} INFO - Processing file /home/airflow/.local/lib/python3.12/site-packages/airflow/example_dags/example_setup_teardown.py for tasks to queue
[2024-12-04T07:30:35.878+0000] {logging_mixin.py:188} INFO - [2024-12-04T07:30:35.877+0000] {dagbag.py:545} INFO - Filling up the DagBag from /home/airflow/.local/lib/python3.12/site-packages/airflow/example_dags/example_setup_teardown.py
[2024-12-04T07:30:35.881+0000] {processor.py:840} INFO - DAG(s) 'example_setup_teardown' retrieved from /home/airflow/.local/lib/python3.12/site-packages/airflow/example_dags/example_setup_teardown.py
[2024-12-04T07:30:35.897+0000] {logging_mixin.py:188} INFO - [2024-12-04T07:30:35.896+0000] {dag.py:3096} INFO - Sync 1 DAGs
[2024-12-04T07:30:35.910+0000] {logging_mixin.py:188} INFO - [2024-12-04T07:30:35.910+0000] {dag.py:3954} INFO - Setting next_dagrun for example_setup_teardown to 2024-12-03 00:00:00+00:00, run_after=2024-12-04 00:00:00+00:00
[2024-12-04T07:30:35.924+0000] {processor.py:183} INFO - Processing /home/airflow/.local/lib/python3.12/site-packages/airflow/example_dags/example_setup_teardown.py took 0.051 seconds
[2024-12-04T07:31:06.028+0000] {processor.py:161} INFO - Started process (PID=305) to work on /home/airflow/.local/lib/python3.12/site-packages/airflow/example_dags/example_setup_teardown.py
[2024-12-04T07:31:06.030+0000] {processor.py:830} INFO - Processing file /home/airflow/.local/lib/python3.12/site-packages/airflow/example_dags/example_setup_teardown.py for tasks to queue
[2024-12-04T07:31:06.031+0000] {logging_mixin.py:188} INFO - [2024-12-04T07:31:06.031+0000] {dagbag.py:545} INFO - Filling up the DagBag from /home/airflow/.local/lib/python3.12/site-packages/airflow/example_dags/example_setup_teardown.py
[2024-12-04T07:31:06.035+0000] {processor.py:840} INFO - DAG(s) 'example_setup_teardown' retrieved from /home/airflow/.local/lib/python3.12/site-packages/airflow/example_dags/example_setup_teardown.py
[2024-12-04T07:31:06.047+0000] {logging_mixin.py:188} INFO - [2024-12-04T07:31:06.047+0000] {dag.py:3096} INFO - Sync 1 DAGs
[2024-12-04T07:31:06.063+0000] {logging_mixin.py:188} INFO - [2024-12-04T07:31:06.063+0000] {dag.py:3954} INFO - Setting next_dagrun for example_setup_teardown to 2024-12-03 00:00:00+00:00, run_after=2024-12-04 00:00:00+00:00
[2024-12-04T07:31:06.081+0000] {processor.py:183} INFO - Processing /home/airflow/.local/lib/python3.12/site-packages/airflow/example_dags/example_setup_teardown.py took 0.057 seconds
[2024-12-04T07:31:36.945+0000] {processor.py:161} INFO - Started process (PID=363) to work on /home/airflow/.local/lib/python3.12/site-packages/airflow/example_dags/example_setup_teardown.py
[2024-12-04T07:31:36.947+0000] {processor.py:830} INFO - Processing file /home/airflow/.local/lib/python3.12/site-packages/airflow/example_dags/example_setup_teardown.py for tasks to queue
[2024-12-04T07:31:36.948+0000] {logging_mixin.py:188} INFO - [2024-12-04T07:31:36.948+0000] {dagbag.py:545} INFO - Filling up the DagBag from /home/airflow/.local/lib/python3.12/site-packages/airflow/example_dags/example_setup_teardown.py
[2024-12-04T07:31:36.954+0000] {processor.py:840} INFO - DAG(s) 'example_setup_teardown' retrieved from /home/airflow/.local/lib/python3.12/site-packages/airflow/example_dags/example_setup_teardown.py
[2024-12-04T07:31:36.969+0000] {logging_mixin.py:188} INFO - [2024-12-04T07:31:36.969+0000] {dag.py:3096} INFO - Sync 1 DAGs
[2024-12-04T07:31:36.981+0000] {logging_mixin.py:188} INFO - [2024-12-04T07:31:36.981+0000] {dag.py:3954} INFO - Setting next_dagrun for example_setup_teardown to 2024-12-03 00:00:00+00:00, run_after=2024-12-04 00:00:00+00:00
[2024-12-04T07:31:36.990+0000] {processor.py:183} INFO - Processing /home/airflow/.local/lib/python3.12/site-packages/airflow/example_dags/example_setup_teardown.py took 0.049 seconds
[2024-12-04T07:32:07.493+0000] {processor.py:161} INFO - Started process (PID=421) to work on /home/airflow/.local/lib/python3.12/site-packages/airflow/example_dags/example_setup_teardown.py
[2024-12-04T07:32:07.494+0000] {processor.py:830} INFO - Processing file /home/airflow/.local/lib/python3.12/site-packages/airflow/example_dags/example_setup_teardown.py for tasks to queue
[2024-12-04T07:32:07.495+0000] {logging_mixin.py:188} INFO - [2024-12-04T07:32:07.494+0000] {dagbag.py:545} INFO - Filling up the DagBag from /home/airflow/.local/lib/python3.12/site-packages/airflow/example_dags/example_setup_teardown.py
[2024-12-04T07:32:07.498+0000] {processor.py:840} INFO - DAG(s) 'example_setup_teardown' retrieved from /home/airflow/.local/lib/python3.12/site-packages/airflow/example_dags/example_setup_teardown.py
[2024-12-04T07:32:07.512+0000] {logging_mixin.py:188} INFO - [2024-12-04T07:32:07.512+0000] {dag.py:3096} INFO - Sync 1 DAGs
[2024-12-04T07:32:07.522+0000] {logging_mixin.py:188} INFO - [2024-12-04T07:32:07.522+0000] {dag.py:3954} INFO - Setting next_dagrun for example_setup_teardown to 2024-12-03 00:00:00+00:00, run_after=2024-12-04 00:00:00+00:00
[2024-12-04T07:32:07.539+0000] {processor.py:183} INFO - Processing /home/airflow/.local/lib/python3.12/site-packages/airflow/example_dags/example_setup_teardown.py took 0.048 seconds
[2024-12-04T07:32:38.432+0000] {processor.py:161} INFO - Started process (PID=479) to work on /home/airflow/.local/lib/python3.12/site-packages/airflow/example_dags/example_setup_teardown.py
[2024-12-04T07:32:38.433+0000] {processor.py:830} INFO - Processing file /home/airflow/.local/lib/python3.12/site-packages/airflow/example_dags/example_setup_teardown.py for tasks to queue
[2024-12-04T07:32:38.434+0000] {logging_mixin.py:188} INFO - [2024-12-04T07:32:38.434+0000] {dagbag.py:545} INFO - Filling up the DagBag from /home/airflow/.local/lib/python3.12/site-packages/airflow/example_dags/example_setup_teardown.py
[2024-12-04T07:32:38.438+0000] {processor.py:840} INFO - DAG(s) 'example_setup_teardown' retrieved from /home/airflow/.local/lib/python3.12/site-packages/airflow/example_dags/example_setup_teardown.py
[2024-12-04T07:32:38.452+0000] {logging_mixin.py:188} INFO - [2024-12-04T07:32:38.452+0000] {dag.py:3096} INFO - Sync 1 DAGs
[2024-12-04T07:32:38.462+0000] {logging_mixin.py:188} INFO - [2024-12-04T07:32:38.462+0000] {dag.py:3954} INFO - Setting next_dagrun for example_setup_teardown to 2024-12-03 00:00:00+00:00, run_after=2024-12-04 00:00:00+00:00
[2024-12-04T07:32:38.475+0000] {processor.py:183} INFO - Processing /home/airflow/.local/lib/python3.12/site-packages/airflow/example_dags/example_setup_teardown.py took 0.045 seconds
