[2024-12-04T07:29:03.307+0000] {processor.py:161} INFO - Started process (PID=70) to work on /home/airflow/.local/lib/python3.12/site-packages/airflow/example_dags/example_latest_only_with_trigger.py
[2024-12-04T07:29:03.309+0000] {processor.py:830} INFO - Processing file /home/airflow/.local/lib/python3.12/site-packages/airflow/example_dags/example_latest_only_with_trigger.py for tasks to queue
[2024-12-04T07:29:03.313+0000] {logging_mixin.py:188} INFO - [2024-12-04T07:29:03.312+0000] {dagbag.py:545} INFO - Filling up the DagBag from /home/airflow/.local/lib/python3.12/site-packages/airflow/example_dags/example_latest_only_with_trigger.py
[2024-12-04T07:29:03.321+0000] {processor.py:840} INFO - DAG(s) 'latest_only_with_trigger' retrieved from /home/airflow/.local/lib/python3.12/site-packages/airflow/example_dags/example_latest_only_with_trigger.py
[2024-12-04T07:29:03.343+0000] {logging_mixin.py:188} INFO - [2024-12-04T07:29:03.342+0000] {dag.py:3096} INFO - Sync 1 DAGs
[2024-12-04T07:29:03.387+0000] {logging_mixin.py:188} INFO - [2024-12-04T07:29:03.387+0000] {dag.py:3954} INFO - Setting next_dagrun for latest_only_with_trigger to 2024-12-04 00:00:00+00:00, run_after=2024-12-04 04:00:00+00:00
[2024-12-04T07:29:03.447+0000] {processor.py:183} INFO - Processing /home/airflow/.local/lib/python3.12/site-packages/airflow/example_dags/example_latest_only_with_trigger.py took 0.147 seconds
[2024-12-04T07:29:33.678+0000] {processor.py:161} INFO - Started process (PID=128) to work on /home/airflow/.local/lib/python3.12/site-packages/airflow/example_dags/example_latest_only_with_trigger.py
[2024-12-04T07:29:33.678+0000] {processor.py:830} INFO - Processing file /home/airflow/.local/lib/python3.12/site-packages/airflow/example_dags/example_latest_only_with_trigger.py for tasks to queue
[2024-12-04T07:29:33.679+0000] {logging_mixin.py:188} INFO - [2024-12-04T07:29:33.679+0000] {dagbag.py:545} INFO - Filling up the DagBag from /home/airflow/.local/lib/python3.12/site-packages/airflow/example_dags/example_latest_only_with_trigger.py
[2024-12-04T07:29:33.682+0000] {processor.py:840} INFO - DAG(s) 'latest_only_with_trigger' retrieved from /home/airflow/.local/lib/python3.12/site-packages/airflow/example_dags/example_latest_only_with_trigger.py
[2024-12-04T07:29:33.748+0000] {logging_mixin.py:188} INFO - [2024-12-04T07:29:33.748+0000] {dag.py:3096} INFO - Sync 1 DAGs
[2024-12-04T07:29:33.757+0000] {logging_mixin.py:188} INFO - [2024-12-04T07:29:33.757+0000] {dag.py:3954} INFO - Setting next_dagrun for latest_only_with_trigger to 2024-12-04 00:00:00+00:00, run_after=2024-12-04 04:00:00+00:00
[2024-12-04T07:29:33.765+0000] {processor.py:183} INFO - Processing /home/airflow/.local/lib/python3.12/site-packages/airflow/example_dags/example_latest_only_with_trigger.py took 0.090 seconds
[2024-12-04T07:30:04.553+0000] {processor.py:161} INFO - Started process (PID=186) to work on /home/airflow/.local/lib/python3.12/site-packages/airflow/example_dags/example_latest_only_with_trigger.py
[2024-12-04T07:30:04.555+0000] {processor.py:830} INFO - Processing file /home/airflow/.local/lib/python3.12/site-packages/airflow/example_dags/example_latest_only_with_trigger.py for tasks to queue
[2024-12-04T07:30:04.556+0000] {logging_mixin.py:188} INFO - [2024-12-04T07:30:04.556+0000] {dagbag.py:545} INFO - Filling up the DagBag from /home/airflow/.local/lib/python3.12/site-packages/airflow/example_dags/example_latest_only_with_trigger.py
[2024-12-04T07:30:04.559+0000] {processor.py:840} INFO - DAG(s) 'latest_only_with_trigger' retrieved from /home/airflow/.local/lib/python3.12/site-packages/airflow/example_dags/example_latest_only_with_trigger.py
[2024-12-04T07:30:04.570+0000] {logging_mixin.py:188} INFO - [2024-12-04T07:30:04.570+0000] {dag.py:3096} INFO - Sync 1 DAGs
[2024-12-04T07:30:04.580+0000] {logging_mixin.py:188} INFO - [2024-12-04T07:30:04.579+0000] {dag.py:3954} INFO - Setting next_dagrun for latest_only_with_trigger to 2024-12-04 00:00:00+00:00, run_after=2024-12-04 04:00:00+00:00
[2024-12-04T07:30:04.587+0000] {processor.py:183} INFO - Processing /home/airflow/.local/lib/python3.12/site-packages/airflow/example_dags/example_latest_only_with_trigger.py took 0.037 seconds
[2024-12-04T07:30:35.729+0000] {processor.py:161} INFO - Started process (PID=244) to work on /home/airflow/.local/lib/python3.12/site-packages/airflow/example_dags/example_latest_only_with_trigger.py
[2024-12-04T07:30:35.731+0000] {processor.py:830} INFO - Processing file /home/airflow/.local/lib/python3.12/site-packages/airflow/example_dags/example_latest_only_with_trigger.py for tasks to queue
[2024-12-04T07:30:35.733+0000] {logging_mixin.py:188} INFO - [2024-12-04T07:30:35.732+0000] {dagbag.py:545} INFO - Filling up the DagBag from /home/airflow/.local/lib/python3.12/site-packages/airflow/example_dags/example_latest_only_with_trigger.py
[2024-12-04T07:30:35.737+0000] {processor.py:840} INFO - DAG(s) 'latest_only_with_trigger' retrieved from /home/airflow/.local/lib/python3.12/site-packages/airflow/example_dags/example_latest_only_with_trigger.py
[2024-12-04T07:30:35.753+0000] {logging_mixin.py:188} INFO - [2024-12-04T07:30:35.752+0000] {dag.py:3096} INFO - Sync 1 DAGs
[2024-12-04T07:30:35.766+0000] {logging_mixin.py:188} INFO - [2024-12-04T07:30:35.766+0000] {dag.py:3954} INFO - Setting next_dagrun for latest_only_with_trigger to 2024-12-04 00:00:00+00:00, run_after=2024-12-04 04:00:00+00:00
[2024-12-04T07:30:35.776+0000] {processor.py:183} INFO - Processing /home/airflow/.local/lib/python3.12/site-packages/airflow/example_dags/example_latest_only_with_trigger.py took 0.050 seconds
[2024-12-04T07:31:05.938+0000] {processor.py:161} INFO - Started process (PID=302) to work on /home/airflow/.local/lib/python3.12/site-packages/airflow/example_dags/example_latest_only_with_trigger.py
[2024-12-04T07:31:05.940+0000] {processor.py:830} INFO - Processing file /home/airflow/.local/lib/python3.12/site-packages/airflow/example_dags/example_latest_only_with_trigger.py for tasks to queue
[2024-12-04T07:31:05.941+0000] {logging_mixin.py:188} INFO - [2024-12-04T07:31:05.940+0000] {dagbag.py:545} INFO - Filling up the DagBag from /home/airflow/.local/lib/python3.12/site-packages/airflow/example_dags/example_latest_only_with_trigger.py
[2024-12-04T07:31:05.944+0000] {processor.py:840} INFO - DAG(s) 'latest_only_with_trigger' retrieved from /home/airflow/.local/lib/python3.12/site-packages/airflow/example_dags/example_latest_only_with_trigger.py
[2024-12-04T07:31:05.955+0000] {logging_mixin.py:188} INFO - [2024-12-04T07:31:05.954+0000] {dag.py:3096} INFO - Sync 1 DAGs
[2024-12-04T07:31:05.965+0000] {logging_mixin.py:188} INFO - [2024-12-04T07:31:05.964+0000] {dag.py:3954} INFO - Setting next_dagrun for latest_only_with_trigger to 2024-12-04 00:00:00+00:00, run_after=2024-12-04 04:00:00+00:00
[2024-12-04T07:31:05.980+0000] {processor.py:183} INFO - Processing /home/airflow/.local/lib/python3.12/site-packages/airflow/example_dags/example_latest_only_with_trigger.py took 0.045 seconds
[2024-12-04T07:31:36.824+0000] {processor.py:161} INFO - Started process (PID=360) to work on /home/airflow/.local/lib/python3.12/site-packages/airflow/example_dags/example_latest_only_with_trigger.py
[2024-12-04T07:31:36.827+0000] {processor.py:830} INFO - Processing file /home/airflow/.local/lib/python3.12/site-packages/airflow/example_dags/example_latest_only_with_trigger.py for tasks to queue
[2024-12-04T07:31:36.829+0000] {logging_mixin.py:188} INFO - [2024-12-04T07:31:36.828+0000] {dagbag.py:545} INFO - Filling up the DagBag from /home/airflow/.local/lib/python3.12/site-packages/airflow/example_dags/example_latest_only_with_trigger.py
[2024-12-04T07:31:36.840+0000] {processor.py:840} INFO - DAG(s) 'latest_only_with_trigger' retrieved from /home/airflow/.local/lib/python3.12/site-packages/airflow/example_dags/example_latest_only_with_trigger.py
[2024-12-04T07:31:36.859+0000] {logging_mixin.py:188} INFO - [2024-12-04T07:31:36.859+0000] {dag.py:3096} INFO - Sync 1 DAGs
[2024-12-04T07:31:36.873+0000] {logging_mixin.py:188} INFO - [2024-12-04T07:31:36.873+0000] {dag.py:3954} INFO - Setting next_dagrun for latest_only_with_trigger to 2024-12-04 00:00:00+00:00, run_after=2024-12-04 04:00:00+00:00
[2024-12-04T07:31:36.888+0000] {processor.py:183} INFO - Processing /home/airflow/.local/lib/python3.12/site-packages/airflow/example_dags/example_latest_only_with_trigger.py took 0.068 seconds
[2024-12-04T07:32:07.358+0000] {processor.py:161} INFO - Started process (PID=418) to work on /home/airflow/.local/lib/python3.12/site-packages/airflow/example_dags/example_latest_only_with_trigger.py
[2024-12-04T07:32:07.359+0000] {processor.py:830} INFO - Processing file /home/airflow/.local/lib/python3.12/site-packages/airflow/example_dags/example_latest_only_with_trigger.py for tasks to queue
[2024-12-04T07:32:07.361+0000] {logging_mixin.py:188} INFO - [2024-12-04T07:32:07.360+0000] {dagbag.py:545} INFO - Filling up the DagBag from /home/airflow/.local/lib/python3.12/site-packages/airflow/example_dags/example_latest_only_with_trigger.py
[2024-12-04T07:32:07.364+0000] {processor.py:840} INFO - DAG(s) 'latest_only_with_trigger' retrieved from /home/airflow/.local/lib/python3.12/site-packages/airflow/example_dags/example_latest_only_with_trigger.py
[2024-12-04T07:32:07.379+0000] {logging_mixin.py:188} INFO - [2024-12-04T07:32:07.378+0000] {dag.py:3096} INFO - Sync 1 DAGs
[2024-12-04T07:32:07.391+0000] {logging_mixin.py:188} INFO - [2024-12-04T07:32:07.391+0000] {dag.py:3954} INFO - Setting next_dagrun for latest_only_with_trigger to 2024-12-04 00:00:00+00:00, run_after=2024-12-04 04:00:00+00:00
[2024-12-04T07:32:07.401+0000] {processor.py:183} INFO - Processing /home/airflow/.local/lib/python3.12/site-packages/airflow/example_dags/example_latest_only_with_trigger.py took 0.046 seconds
[2024-12-04T07:32:38.368+0000] {processor.py:161} INFO - Started process (PID=476) to work on /home/airflow/.local/lib/python3.12/site-packages/airflow/example_dags/example_latest_only_with_trigger.py
[2024-12-04T07:32:38.368+0000] {processor.py:830} INFO - Processing file /home/airflow/.local/lib/python3.12/site-packages/airflow/example_dags/example_latest_only_with_trigger.py for tasks to queue
[2024-12-04T07:32:38.369+0000] {logging_mixin.py:188} INFO - [2024-12-04T07:32:38.369+0000] {dagbag.py:545} INFO - Filling up the DagBag from /home/airflow/.local/lib/python3.12/site-packages/airflow/example_dags/example_latest_only_with_trigger.py
[2024-12-04T07:32:38.372+0000] {processor.py:840} INFO - DAG(s) 'latest_only_with_trigger' retrieved from /home/airflow/.local/lib/python3.12/site-packages/airflow/example_dags/example_latest_only_with_trigger.py
[2024-12-04T07:32:38.385+0000] {logging_mixin.py:188} INFO - [2024-12-04T07:32:38.384+0000] {dag.py:3096} INFO - Sync 1 DAGs
[2024-12-04T07:32:38.400+0000] {logging_mixin.py:188} INFO - [2024-12-04T07:32:38.400+0000] {dag.py:3954} INFO - Setting next_dagrun for latest_only_with_trigger to 2024-12-04 00:00:00+00:00, run_after=2024-12-04 04:00:00+00:00
[2024-12-04T07:32:38.412+0000] {processor.py:183} INFO - Processing /home/airflow/.local/lib/python3.12/site-packages/airflow/example_dags/example_latest_only_with_trigger.py took 0.047 seconds
