[2024-12-04T07:29:09.239+0000] {processor.py:161} INFO - Started process (PID=96) to work on /home/airflow/.local/lib/python3.12/site-packages/airflow/example_dags/example_bash_operator.py
[2024-12-04T07:29:09.243+0000] {processor.py:830} INFO - Processing file /home/airflow/.local/lib/python3.12/site-packages/airflow/example_dags/example_bash_operator.py for tasks to queue
[2024-12-04T07:29:09.248+0000] {logging_mixin.py:188} INFO - [2024-12-04T07:29:09.246+0000] {dagbag.py:545} INFO - Filling up the DagBag from /home/airflow/.local/lib/python3.12/site-packages/airflow/example_dags/example_bash_operator.py
[2024-12-04T07:29:09.272+0000] {processor.py:840} INFO - DAG(s) 'example_bash_operator' retrieved from /home/airflow/.local/lib/python3.12/site-packages/airflow/example_dags/example_bash_operator.py
[2024-12-04T07:29:09.686+0000] {logging_mixin.py:188} INFO - [2024-12-04T07:29:09.685+0000] {dag.py:3096} INFO - Sync 1 DAGs
[2024-12-04T07:29:09.784+0000] {logging_mixin.py:188} INFO - [2024-12-04T07:29:09.783+0000] {dag.py:3954} INFO - Setting next_dagrun for example_bash_operator to 2024-12-03 00:00:00+00:00, run_after=2024-12-04 00:00:00+00:00
[2024-12-04T07:29:09.837+0000] {processor.py:183} INFO - Processing /home/airflow/.local/lib/python3.12/site-packages/airflow/example_dags/example_bash_operator.py took 0.625 seconds
[2024-12-04T07:29:40.053+0000] {processor.py:161} INFO - Started process (PID=154) to work on /home/airflow/.local/lib/python3.12/site-packages/airflow/example_dags/example_bash_operator.py
[2024-12-04T07:29:40.053+0000] {processor.py:830} INFO - Processing file /home/airflow/.local/lib/python3.12/site-packages/airflow/example_dags/example_bash_operator.py for tasks to queue
[2024-12-04T07:29:40.054+0000] {logging_mixin.py:188} INFO - [2024-12-04T07:29:40.054+0000] {dagbag.py:545} INFO - Filling up the DagBag from /home/airflow/.local/lib/python3.12/site-packages/airflow/example_dags/example_bash_operator.py
[2024-12-04T07:29:40.062+0000] {processor.py:840} INFO - DAG(s) 'example_bash_operator' retrieved from /home/airflow/.local/lib/python3.12/site-packages/airflow/example_dags/example_bash_operator.py
[2024-12-04T07:29:40.080+0000] {logging_mixin.py:188} INFO - [2024-12-04T07:29:40.080+0000] {dag.py:3096} INFO - Sync 1 DAGs
[2024-12-04T07:29:40.098+0000] {logging_mixin.py:188} INFO - [2024-12-04T07:29:40.098+0000] {dag.py:3954} INFO - Setting next_dagrun for example_bash_operator to 2024-12-03 00:00:00+00:00, run_after=2024-12-04 00:00:00+00:00
[2024-12-04T07:29:40.113+0000] {processor.py:183} INFO - Processing /home/airflow/.local/lib/python3.12/site-packages/airflow/example_dags/example_bash_operator.py took 0.065 seconds
[2024-12-04T07:30:10.999+0000] {processor.py:161} INFO - Started process (PID=212) to work on /home/airflow/.local/lib/python3.12/site-packages/airflow/example_dags/example_bash_operator.py
[2024-12-04T07:30:10.999+0000] {processor.py:830} INFO - Processing file /home/airflow/.local/lib/python3.12/site-packages/airflow/example_dags/example_bash_operator.py for tasks to queue
[2024-12-04T07:30:11.001+0000] {logging_mixin.py:188} INFO - [2024-12-04T07:30:11.001+0000] {dagbag.py:545} INFO - Filling up the DagBag from /home/airflow/.local/lib/python3.12/site-packages/airflow/example_dags/example_bash_operator.py
[2024-12-04T07:30:11.008+0000] {processor.py:840} INFO - DAG(s) 'example_bash_operator' retrieved from /home/airflow/.local/lib/python3.12/site-packages/airflow/example_dags/example_bash_operator.py
[2024-12-04T07:30:11.026+0000] {logging_mixin.py:188} INFO - [2024-12-04T07:30:11.025+0000] {dag.py:3096} INFO - Sync 1 DAGs
[2024-12-04T07:30:11.042+0000] {logging_mixin.py:188} INFO - [2024-12-04T07:30:11.042+0000] {dag.py:3954} INFO - Setting next_dagrun for example_bash_operator to 2024-12-03 00:00:00+00:00, run_after=2024-12-04 00:00:00+00:00
[2024-12-04T07:30:11.052+0000] {processor.py:183} INFO - Processing /home/airflow/.local/lib/python3.12/site-packages/airflow/example_dags/example_bash_operator.py took 0.056 seconds
[2024-12-04T07:30:41.251+0000] {processor.py:161} INFO - Started process (PID=270) to work on /home/airflow/.local/lib/python3.12/site-packages/airflow/example_dags/example_bash_operator.py
[2024-12-04T07:30:41.252+0000] {processor.py:830} INFO - Processing file /home/airflow/.local/lib/python3.12/site-packages/airflow/example_dags/example_bash_operator.py for tasks to queue
[2024-12-04T07:30:41.253+0000] {logging_mixin.py:188} INFO - [2024-12-04T07:30:41.253+0000] {dagbag.py:545} INFO - Filling up the DagBag from /home/airflow/.local/lib/python3.12/site-packages/airflow/example_dags/example_bash_operator.py
[2024-12-04T07:30:41.260+0000] {processor.py:840} INFO - DAG(s) 'example_bash_operator' retrieved from /home/airflow/.local/lib/python3.12/site-packages/airflow/example_dags/example_bash_operator.py
[2024-12-04T07:30:41.280+0000] {logging_mixin.py:188} INFO - [2024-12-04T07:30:41.280+0000] {dag.py:3096} INFO - Sync 1 DAGs
[2024-12-04T07:30:41.292+0000] {logging_mixin.py:188} INFO - [2024-12-04T07:30:41.292+0000] {dag.py:3954} INFO - Setting next_dagrun for example_bash_operator to 2024-12-03 00:00:00+00:00, run_after=2024-12-04 00:00:00+00:00
[2024-12-04T07:30:41.299+0000] {processor.py:183} INFO - Processing /home/airflow/.local/lib/python3.12/site-packages/airflow/example_dags/example_bash_operator.py took 0.052 seconds
[2024-12-04T07:31:12.224+0000] {processor.py:161} INFO - Started process (PID=328) to work on /home/airflow/.local/lib/python3.12/site-packages/airflow/example_dags/example_bash_operator.py
[2024-12-04T07:31:12.225+0000] {processor.py:830} INFO - Processing file /home/airflow/.local/lib/python3.12/site-packages/airflow/example_dags/example_bash_operator.py for tasks to queue
[2024-12-04T07:31:12.227+0000] {logging_mixin.py:188} INFO - [2024-12-04T07:31:12.227+0000] {dagbag.py:545} INFO - Filling up the DagBag from /home/airflow/.local/lib/python3.12/site-packages/airflow/example_dags/example_bash_operator.py
[2024-12-04T07:31:12.234+0000] {processor.py:840} INFO - DAG(s) 'example_bash_operator' retrieved from /home/airflow/.local/lib/python3.12/site-packages/airflow/example_dags/example_bash_operator.py
[2024-12-04T07:31:12.249+0000] {logging_mixin.py:188} INFO - [2024-12-04T07:31:12.249+0000] {dag.py:3096} INFO - Sync 1 DAGs
[2024-12-04T07:31:12.262+0000] {logging_mixin.py:188} INFO - [2024-12-04T07:31:12.261+0000] {dag.py:3954} INFO - Setting next_dagrun for example_bash_operator to 2024-12-03 00:00:00+00:00, run_after=2024-12-04 00:00:00+00:00
[2024-12-04T07:31:12.271+0000] {processor.py:183} INFO - Processing /home/airflow/.local/lib/python3.12/site-packages/airflow/example_dags/example_bash_operator.py took 0.050 seconds
[2024-12-04T07:31:43.006+0000] {processor.py:161} INFO - Started process (PID=386) to work on /home/airflow/.local/lib/python3.12/site-packages/airflow/example_dags/example_bash_operator.py
[2024-12-04T07:31:43.009+0000] {processor.py:830} INFO - Processing file /home/airflow/.local/lib/python3.12/site-packages/airflow/example_dags/example_bash_operator.py for tasks to queue
[2024-12-04T07:31:43.011+0000] {logging_mixin.py:188} INFO - [2024-12-04T07:31:43.011+0000] {dagbag.py:545} INFO - Filling up the DagBag from /home/airflow/.local/lib/python3.12/site-packages/airflow/example_dags/example_bash_operator.py
[2024-12-04T07:31:43.018+0000] {processor.py:840} INFO - DAG(s) 'example_bash_operator' retrieved from /home/airflow/.local/lib/python3.12/site-packages/airflow/example_dags/example_bash_operator.py
[2024-12-04T07:31:43.033+0000] {logging_mixin.py:188} INFO - [2024-12-04T07:31:43.033+0000] {dag.py:3096} INFO - Sync 1 DAGs
[2024-12-04T07:31:43.044+0000] {logging_mixin.py:188} INFO - [2024-12-04T07:31:43.044+0000] {dag.py:3954} INFO - Setting next_dagrun for example_bash_operator to 2024-12-03 00:00:00+00:00, run_after=2024-12-04 00:00:00+00:00
[2024-12-04T07:31:43.051+0000] {processor.py:183} INFO - Processing /home/airflow/.local/lib/python3.12/site-packages/airflow/example_dags/example_bash_operator.py took 0.048 seconds
[2024-12-04T07:32:13.559+0000] {processor.py:161} INFO - Started process (PID=444) to work on /home/airflow/.local/lib/python3.12/site-packages/airflow/example_dags/example_bash_operator.py
[2024-12-04T07:32:13.560+0000] {processor.py:830} INFO - Processing file /home/airflow/.local/lib/python3.12/site-packages/airflow/example_dags/example_bash_operator.py for tasks to queue
[2024-12-04T07:32:13.560+0000] {logging_mixin.py:188} INFO - [2024-12-04T07:32:13.560+0000] {dagbag.py:545} INFO - Filling up the DagBag from /home/airflow/.local/lib/python3.12/site-packages/airflow/example_dags/example_bash_operator.py
[2024-12-04T07:32:13.567+0000] {processor.py:840} INFO - DAG(s) 'example_bash_operator' retrieved from /home/airflow/.local/lib/python3.12/site-packages/airflow/example_dags/example_bash_operator.py
[2024-12-04T07:32:13.580+0000] {logging_mixin.py:188} INFO - [2024-12-04T07:32:13.579+0000] {dag.py:3096} INFO - Sync 1 DAGs
[2024-12-04T07:32:13.590+0000] {logging_mixin.py:188} INFO - [2024-12-04T07:32:13.590+0000] {dag.py:3954} INFO - Setting next_dagrun for example_bash_operator to 2024-12-03 00:00:00+00:00, run_after=2024-12-04 00:00:00+00:00
[2024-12-04T07:32:13.598+0000] {processor.py:183} INFO - Processing /home/airflow/.local/lib/python3.12/site-packages/airflow/example_dags/example_bash_operator.py took 0.041 seconds
