[2024-12-04T07:29:06.805+0000] {processor.py:161} INFO - Started process (PID=86) to work on /home/airflow/.local/lib/python3.12/site-packages/airflow/example_dags/example_datasets.py
[2024-12-04T07:29:06.806+0000] {processor.py:830} INFO - Processing file /home/airflow/.local/lib/python3.12/site-packages/airflow/example_dags/example_datasets.py for tasks to queue
[2024-12-04T07:29:06.809+0000] {logging_mixin.py:188} INFO - [2024-12-04T07:29:06.809+0000] {dagbag.py:545} INFO - Filling up the DagBag from /home/airflow/.local/lib/python3.12/site-packages/airflow/example_dags/example_datasets.py
[2024-12-04T07:29:06.868+0000] {processor.py:840} INFO - DAG(s) 'dataset_consumes_1', 'dataset_produces_2', 'dataset_produces_1', 'dataset_consumes_1_and_2', 'conditional_dataset_and_time_based_timetable', 'consume_1_or_both_2_and_3_with_dataset_expressions', 'consume_1_and_2_with_dataset_expressions', 'dataset_consumes_1_never_scheduled', 'dataset_consumes_unknown_never_scheduled', 'consume_1_or_2_with_dataset_expressions' retrieved from /home/airflow/.local/lib/python3.12/site-packages/airflow/example_dags/example_datasets.py
[2024-12-04T07:29:06.889+0000] {logging_mixin.py:188} INFO - [2024-12-04T07:29:06.889+0000] {dag.py:3096} INFO - Sync 10 DAGs
[2024-12-04T07:29:06.913+0000] {logging_mixin.py:188} INFO - [2024-12-04T07:29:06.912+0000] {dag.py:3954} INFO - Setting next_dagrun for conditional_dataset_and_time_based_timetable to 2024-12-04 01:00:00+00:00, run_after=2024-12-04 01:00:00+00:00
[2024-12-04T07:29:06.921+0000] {logging_mixin.py:188} INFO - [2024-12-04T07:29:06.921+0000] {dag.py:3954} INFO - Setting next_dagrun for consume_1_and_2_with_dataset_expressions to None, run_after=None
[2024-12-04T07:29:06.922+0000] {logging_mixin.py:188} INFO - [2024-12-04T07:29:06.922+0000] {dag.py:3954} INFO - Setting next_dagrun for consume_1_or_2_with_dataset_expressions to None, run_after=None
[2024-12-04T07:29:06.923+0000] {logging_mixin.py:188} INFO - [2024-12-04T07:29:06.923+0000] {dag.py:3954} INFO - Setting next_dagrun for consume_1_or_both_2_and_3_with_dataset_expressions to None, run_after=None
[2024-12-04T07:29:06.924+0000] {logging_mixin.py:188} INFO - [2024-12-04T07:29:06.924+0000] {dag.py:3954} INFO - Setting next_dagrun for dataset_consumes_1 to None, run_after=None
[2024-12-04T07:29:06.925+0000] {logging_mixin.py:188} INFO - [2024-12-04T07:29:06.925+0000] {dag.py:3954} INFO - Setting next_dagrun for dataset_consumes_1_and_2 to None, run_after=None
[2024-12-04T07:29:06.929+0000] {logging_mixin.py:188} INFO - [2024-12-04T07:29:06.929+0000] {dag.py:3954} INFO - Setting next_dagrun for dataset_consumes_1_never_scheduled to None, run_after=None
[2024-12-04T07:29:06.929+0000] {logging_mixin.py:188} INFO - [2024-12-04T07:29:06.929+0000] {dag.py:3954} INFO - Setting next_dagrun for dataset_consumes_unknown_never_scheduled to None, run_after=None
[2024-12-04T07:29:06.931+0000] {logging_mixin.py:188} INFO - [2024-12-04T07:29:06.931+0000] {dag.py:3954} INFO - Setting next_dagrun for dataset_produces_1 to 2024-12-03 00:00:00+00:00, run_after=2024-12-04 00:00:00+00:00
[2024-12-04T07:29:06.933+0000] {logging_mixin.py:188} INFO - [2024-12-04T07:29:06.933+0000] {dag.py:3954} INFO - Setting next_dagrun for dataset_produces_2 to None, run_after=None
[2024-12-04T07:29:07.005+0000] {processor.py:183} INFO - Processing /home/airflow/.local/lib/python3.12/site-packages/airflow/example_dags/example_datasets.py took 0.205 seconds
[2024-12-04T07:29:37.161+0000] {processor.py:161} INFO - Started process (PID=144) to work on /home/airflow/.local/lib/python3.12/site-packages/airflow/example_dags/example_datasets.py
[2024-12-04T07:29:37.164+0000] {processor.py:830} INFO - Processing file /home/airflow/.local/lib/python3.12/site-packages/airflow/example_dags/example_datasets.py for tasks to queue
[2024-12-04T07:29:37.165+0000] {logging_mixin.py:188} INFO - [2024-12-04T07:29:37.165+0000] {dagbag.py:545} INFO - Filling up the DagBag from /home/airflow/.local/lib/python3.12/site-packages/airflow/example_dags/example_datasets.py
[2024-12-04T07:29:37.176+0000] {processor.py:840} INFO - DAG(s) 'dataset_consumes_unknown_never_scheduled', 'consume_1_or_both_2_and_3_with_dataset_expressions', 'dataset_consumes_1', 'consume_1_and_2_with_dataset_expressions', 'dataset_consumes_1_never_scheduled', 'dataset_produces_1', 'conditional_dataset_and_time_based_timetable', 'consume_1_or_2_with_dataset_expressions', 'dataset_produces_2', 'dataset_consumes_1_and_2' retrieved from /home/airflow/.local/lib/python3.12/site-packages/airflow/example_dags/example_datasets.py
[2024-12-04T07:29:37.287+0000] {logging_mixin.py:188} INFO - [2024-12-04T07:29:37.287+0000] {dag.py:3096} INFO - Sync 10 DAGs
[2024-12-04T07:29:37.297+0000] {logging_mixin.py:188} INFO - [2024-12-04T07:29:37.296+0000] {dag.py:3954} INFO - Setting next_dagrun for conditional_dataset_and_time_based_timetable to 2024-12-04 01:00:00+00:00, run_after=2024-12-04 01:00:00+00:00
[2024-12-04T07:29:37.298+0000] {logging_mixin.py:188} INFO - [2024-12-04T07:29:37.298+0000] {dag.py:3954} INFO - Setting next_dagrun for consume_1_and_2_with_dataset_expressions to None, run_after=None
[2024-12-04T07:29:37.298+0000] {logging_mixin.py:188} INFO - [2024-12-04T07:29:37.298+0000] {dag.py:3954} INFO - Setting next_dagrun for consume_1_or_2_with_dataset_expressions to None, run_after=None
[2024-12-04T07:29:37.299+0000] {logging_mixin.py:188} INFO - [2024-12-04T07:29:37.299+0000] {dag.py:3954} INFO - Setting next_dagrun for consume_1_or_both_2_and_3_with_dataset_expressions to None, run_after=None
[2024-12-04T07:29:37.299+0000] {logging_mixin.py:188} INFO - [2024-12-04T07:29:37.299+0000] {dag.py:3954} INFO - Setting next_dagrun for dataset_consumes_1 to None, run_after=None
[2024-12-04T07:29:37.300+0000] {logging_mixin.py:188} INFO - [2024-12-04T07:29:37.300+0000] {dag.py:3954} INFO - Setting next_dagrun for dataset_consumes_1_and_2 to None, run_after=None
[2024-12-04T07:29:37.300+0000] {logging_mixin.py:188} INFO - [2024-12-04T07:29:37.300+0000] {dag.py:3954} INFO - Setting next_dagrun for dataset_consumes_1_never_scheduled to None, run_after=None
[2024-12-04T07:29:37.301+0000] {logging_mixin.py:188} INFO - [2024-12-04T07:29:37.301+0000] {dag.py:3954} INFO - Setting next_dagrun for dataset_consumes_unknown_never_scheduled to None, run_after=None
[2024-12-04T07:29:37.302+0000] {logging_mixin.py:188} INFO - [2024-12-04T07:29:37.302+0000] {dag.py:3954} INFO - Setting next_dagrun for dataset_produces_1 to 2024-12-03 00:00:00+00:00, run_after=2024-12-04 00:00:00+00:00
[2024-12-04T07:29:37.302+0000] {logging_mixin.py:188} INFO - [2024-12-04T07:29:37.302+0000] {dag.py:3954} INFO - Setting next_dagrun for dataset_produces_2 to None, run_after=None
[2024-12-04T07:29:37.317+0000] {processor.py:183} INFO - Processing /home/airflow/.local/lib/python3.12/site-packages/airflow/example_dags/example_datasets.py took 0.159 seconds
[2024-12-04T07:30:07.421+0000] {processor.py:161} INFO - Started process (PID=202) to work on /home/airflow/.local/lib/python3.12/site-packages/airflow/example_dags/example_datasets.py
[2024-12-04T07:30:07.423+0000] {processor.py:830} INFO - Processing file /home/airflow/.local/lib/python3.12/site-packages/airflow/example_dags/example_datasets.py for tasks to queue
[2024-12-04T07:30:07.425+0000] {logging_mixin.py:188} INFO - [2024-12-04T07:30:07.425+0000] {dagbag.py:545} INFO - Filling up the DagBag from /home/airflow/.local/lib/python3.12/site-packages/airflow/example_dags/example_datasets.py
[2024-12-04T07:30:07.440+0000] {processor.py:840} INFO - DAG(s) 'consume_1_and_2_with_dataset_expressions', 'dataset_consumes_unknown_never_scheduled', 'dataset_produces_2', 'dataset_consumes_1', 'dataset_consumes_1_and_2', 'consume_1_or_both_2_and_3_with_dataset_expressions', 'consume_1_or_2_with_dataset_expressions', 'dataset_consumes_1_never_scheduled', 'conditional_dataset_and_time_based_timetable', 'dataset_produces_1' retrieved from /home/airflow/.local/lib/python3.12/site-packages/airflow/example_dags/example_datasets.py
[2024-12-04T07:30:07.464+0000] {logging_mixin.py:188} INFO - [2024-12-04T07:30:07.464+0000] {dag.py:3096} INFO - Sync 10 DAGs
[2024-12-04T07:30:07.483+0000] {logging_mixin.py:188} INFO - [2024-12-04T07:30:07.483+0000] {dag.py:3954} INFO - Setting next_dagrun for conditional_dataset_and_time_based_timetable to 2024-12-04 01:00:00+00:00, run_after=2024-12-04 01:00:00+00:00
[2024-12-04T07:30:07.485+0000] {logging_mixin.py:188} INFO - [2024-12-04T07:30:07.485+0000] {dag.py:3954} INFO - Setting next_dagrun for consume_1_and_2_with_dataset_expressions to None, run_after=None
[2024-12-04T07:30:07.486+0000] {logging_mixin.py:188} INFO - [2024-12-04T07:30:07.486+0000] {dag.py:3954} INFO - Setting next_dagrun for consume_1_or_2_with_dataset_expressions to None, run_after=None
[2024-12-04T07:30:07.487+0000] {logging_mixin.py:188} INFO - [2024-12-04T07:30:07.487+0000] {dag.py:3954} INFO - Setting next_dagrun for consume_1_or_both_2_and_3_with_dataset_expressions to None, run_after=None
[2024-12-04T07:30:07.487+0000] {logging_mixin.py:188} INFO - [2024-12-04T07:30:07.487+0000] {dag.py:3954} INFO - Setting next_dagrun for dataset_consumes_1 to None, run_after=None
[2024-12-04T07:30:07.488+0000] {logging_mixin.py:188} INFO - [2024-12-04T07:30:07.488+0000] {dag.py:3954} INFO - Setting next_dagrun for dataset_consumes_1_and_2 to None, run_after=None
[2024-12-04T07:30:07.488+0000] {logging_mixin.py:188} INFO - [2024-12-04T07:30:07.488+0000] {dag.py:3954} INFO - Setting next_dagrun for dataset_consumes_1_never_scheduled to None, run_after=None
[2024-12-04T07:30:07.489+0000] {logging_mixin.py:188} INFO - [2024-12-04T07:30:07.489+0000] {dag.py:3954} INFO - Setting next_dagrun for dataset_consumes_unknown_never_scheduled to None, run_after=None
[2024-12-04T07:30:07.490+0000] {logging_mixin.py:188} INFO - [2024-12-04T07:30:07.490+0000] {dag.py:3954} INFO - Setting next_dagrun for dataset_produces_1 to 2024-12-03 00:00:00+00:00, run_after=2024-12-04 00:00:00+00:00
[2024-12-04T07:30:07.490+0000] {logging_mixin.py:188} INFO - [2024-12-04T07:30:07.490+0000] {dag.py:3954} INFO - Setting next_dagrun for dataset_produces_2 to None, run_after=None
[2024-12-04T07:30:07.505+0000] {processor.py:183} INFO - Processing /home/airflow/.local/lib/python3.12/site-packages/airflow/example_dags/example_datasets.py took 0.087 seconds
[2024-12-04T07:30:37.564+0000] {processor.py:161} INFO - Started process (PID=260) to work on /home/airflow/.local/lib/python3.12/site-packages/airflow/example_dags/example_datasets.py
[2024-12-04T07:30:37.567+0000] {processor.py:830} INFO - Processing file /home/airflow/.local/lib/python3.12/site-packages/airflow/example_dags/example_datasets.py for tasks to queue
[2024-12-04T07:30:37.570+0000] {logging_mixin.py:188} INFO - [2024-12-04T07:30:37.569+0000] {dagbag.py:545} INFO - Filling up the DagBag from /home/airflow/.local/lib/python3.12/site-packages/airflow/example_dags/example_datasets.py
[2024-12-04T07:30:37.588+0000] {processor.py:840} INFO - DAG(s) 'dataset_consumes_1', 'dataset_consumes_unknown_never_scheduled', 'conditional_dataset_and_time_based_timetable', 'consume_1_or_2_with_dataset_expressions', 'dataset_consumes_1_never_scheduled', 'dataset_produces_2', 'consume_1_or_both_2_and_3_with_dataset_expressions', 'dataset_produces_1', 'dataset_consumes_1_and_2', 'consume_1_and_2_with_dataset_expressions' retrieved from /home/airflow/.local/lib/python3.12/site-packages/airflow/example_dags/example_datasets.py
[2024-12-04T07:30:37.633+0000] {logging_mixin.py:188} INFO - [2024-12-04T07:30:37.633+0000] {dag.py:3096} INFO - Sync 10 DAGs
[2024-12-04T07:30:37.652+0000] {logging_mixin.py:188} INFO - [2024-12-04T07:30:37.652+0000] {dag.py:3954} INFO - Setting next_dagrun for conditional_dataset_and_time_based_timetable to 2024-12-04 01:00:00+00:00, run_after=2024-12-04 01:00:00+00:00
[2024-12-04T07:30:37.654+0000] {logging_mixin.py:188} INFO - [2024-12-04T07:30:37.654+0000] {dag.py:3954} INFO - Setting next_dagrun for consume_1_and_2_with_dataset_expressions to None, run_after=None
[2024-12-04T07:30:37.655+0000] {logging_mixin.py:188} INFO - [2024-12-04T07:30:37.655+0000] {dag.py:3954} INFO - Setting next_dagrun for consume_1_or_2_with_dataset_expressions to None, run_after=None
[2024-12-04T07:30:37.656+0000] {logging_mixin.py:188} INFO - [2024-12-04T07:30:37.655+0000] {dag.py:3954} INFO - Setting next_dagrun for consume_1_or_both_2_and_3_with_dataset_expressions to None, run_after=None
[2024-12-04T07:30:37.656+0000] {logging_mixin.py:188} INFO - [2024-12-04T07:30:37.656+0000] {dag.py:3954} INFO - Setting next_dagrun for dataset_consumes_1 to None, run_after=None
[2024-12-04T07:30:37.657+0000] {logging_mixin.py:188} INFO - [2024-12-04T07:30:37.657+0000] {dag.py:3954} INFO - Setting next_dagrun for dataset_consumes_1_and_2 to None, run_after=None
[2024-12-04T07:30:37.657+0000] {logging_mixin.py:188} INFO - [2024-12-04T07:30:37.657+0000] {dag.py:3954} INFO - Setting next_dagrun for dataset_consumes_1_never_scheduled to None, run_after=None
[2024-12-04T07:30:37.658+0000] {logging_mixin.py:188} INFO - [2024-12-04T07:30:37.658+0000] {dag.py:3954} INFO - Setting next_dagrun for dataset_consumes_unknown_never_scheduled to None, run_after=None
[2024-12-04T07:30:37.659+0000] {logging_mixin.py:188} INFO - [2024-12-04T07:30:37.659+0000] {dag.py:3954} INFO - Setting next_dagrun for dataset_produces_1 to 2024-12-03 00:00:00+00:00, run_after=2024-12-04 00:00:00+00:00
[2024-12-04T07:30:37.660+0000] {logging_mixin.py:188} INFO - [2024-12-04T07:30:37.660+0000] {dag.py:3954} INFO - Setting next_dagrun for dataset_produces_2 to None, run_after=None
[2024-12-04T07:30:37.697+0000] {processor.py:183} INFO - Processing /home/airflow/.local/lib/python3.12/site-packages/airflow/example_dags/example_datasets.py took 0.137 seconds
[2024-12-04T07:31:08.667+0000] {processor.py:161} INFO - Started process (PID=318) to work on /home/airflow/.local/lib/python3.12/site-packages/airflow/example_dags/example_datasets.py
[2024-12-04T07:31:08.668+0000] {processor.py:830} INFO - Processing file /home/airflow/.local/lib/python3.12/site-packages/airflow/example_dags/example_datasets.py for tasks to queue
[2024-12-04T07:31:08.669+0000] {logging_mixin.py:188} INFO - [2024-12-04T07:31:08.669+0000] {dagbag.py:545} INFO - Filling up the DagBag from /home/airflow/.local/lib/python3.12/site-packages/airflow/example_dags/example_datasets.py
[2024-12-04T07:31:08.679+0000] {processor.py:840} INFO - DAG(s) 'dataset_produces_2', 'dataset_consumes_unknown_never_scheduled', 'dataset_consumes_1', 'conditional_dataset_and_time_based_timetable', 'consume_1_and_2_with_dataset_expressions', 'dataset_consumes_1_never_scheduled', 'consume_1_or_2_with_dataset_expressions', 'consume_1_or_both_2_and_3_with_dataset_expressions', 'dataset_produces_1', 'dataset_consumes_1_and_2' retrieved from /home/airflow/.local/lib/python3.12/site-packages/airflow/example_dags/example_datasets.py
[2024-12-04T07:31:08.718+0000] {logging_mixin.py:188} INFO - [2024-12-04T07:31:08.718+0000] {dag.py:3096} INFO - Sync 10 DAGs
[2024-12-04T07:31:08.748+0000] {logging_mixin.py:188} INFO - [2024-12-04T07:31:08.747+0000] {dag.py:3954} INFO - Setting next_dagrun for conditional_dataset_and_time_based_timetable to 2024-12-04 01:00:00+00:00, run_after=2024-12-04 01:00:00+00:00
[2024-12-04T07:31:08.752+0000] {logging_mixin.py:188} INFO - [2024-12-04T07:31:08.752+0000] {dag.py:3954} INFO - Setting next_dagrun for consume_1_and_2_with_dataset_expressions to None, run_after=None
[2024-12-04T07:31:08.756+0000] {logging_mixin.py:188} INFO - [2024-12-04T07:31:08.756+0000] {dag.py:3954} INFO - Setting next_dagrun for consume_1_or_2_with_dataset_expressions to None, run_after=None
[2024-12-04T07:31:08.760+0000] {logging_mixin.py:188} INFO - [2024-12-04T07:31:08.760+0000] {dag.py:3954} INFO - Setting next_dagrun for consume_1_or_both_2_and_3_with_dataset_expressions to None, run_after=None
[2024-12-04T07:31:08.763+0000] {logging_mixin.py:188} INFO - [2024-12-04T07:31:08.763+0000] {dag.py:3954} INFO - Setting next_dagrun for dataset_consumes_1 to None, run_after=None
[2024-12-04T07:31:08.767+0000] {logging_mixin.py:188} INFO - [2024-12-04T07:31:08.767+0000] {dag.py:3954} INFO - Setting next_dagrun for dataset_consumes_1_and_2 to None, run_after=None
[2024-12-04T07:31:08.768+0000] {logging_mixin.py:188} INFO - [2024-12-04T07:31:08.768+0000] {dag.py:3954} INFO - Setting next_dagrun for dataset_consumes_1_never_scheduled to None, run_after=None
[2024-12-04T07:31:08.771+0000] {logging_mixin.py:188} INFO - [2024-12-04T07:31:08.771+0000] {dag.py:3954} INFO - Setting next_dagrun for dataset_consumes_unknown_never_scheduled to None, run_after=None
[2024-12-04T07:31:08.774+0000] {logging_mixin.py:188} INFO - [2024-12-04T07:31:08.774+0000] {dag.py:3954} INFO - Setting next_dagrun for dataset_produces_1 to 2024-12-03 00:00:00+00:00, run_after=2024-12-04 00:00:00+00:00
[2024-12-04T07:31:08.775+0000] {logging_mixin.py:188} INFO - [2024-12-04T07:31:08.775+0000] {dag.py:3954} INFO - Setting next_dagrun for dataset_produces_2 to None, run_after=None
[2024-12-04T07:31:08.798+0000] {processor.py:183} INFO - Processing /home/airflow/.local/lib/python3.12/site-packages/airflow/example_dags/example_datasets.py took 0.136 seconds
[2024-12-04T07:31:39.556+0000] {processor.py:161} INFO - Started process (PID=376) to work on /home/airflow/.local/lib/python3.12/site-packages/airflow/example_dags/example_datasets.py
[2024-12-04T07:31:39.558+0000] {processor.py:830} INFO - Processing file /home/airflow/.local/lib/python3.12/site-packages/airflow/example_dags/example_datasets.py for tasks to queue
[2024-12-04T07:31:39.559+0000] {logging_mixin.py:188} INFO - [2024-12-04T07:31:39.559+0000] {dagbag.py:545} INFO - Filling up the DagBag from /home/airflow/.local/lib/python3.12/site-packages/airflow/example_dags/example_datasets.py
[2024-12-04T07:31:39.575+0000] {processor.py:840} INFO - DAG(s) 'dataset_consumes_1_and_2', 'conditional_dataset_and_time_based_timetable', 'consume_1_or_both_2_and_3_with_dataset_expressions', 'dataset_consumes_1_never_scheduled', 'dataset_produces_1', 'dataset_consumes_unknown_never_scheduled', 'dataset_produces_2', 'consume_1_and_2_with_dataset_expressions', 'dataset_consumes_1', 'consume_1_or_2_with_dataset_expressions' retrieved from /home/airflow/.local/lib/python3.12/site-packages/airflow/example_dags/example_datasets.py
[2024-12-04T07:31:39.609+0000] {logging_mixin.py:188} INFO - [2024-12-04T07:31:39.608+0000] {dag.py:3096} INFO - Sync 10 DAGs
[2024-12-04T07:31:39.624+0000] {logging_mixin.py:188} INFO - [2024-12-04T07:31:39.624+0000] {dag.py:3954} INFO - Setting next_dagrun for conditional_dataset_and_time_based_timetable to 2024-12-04 01:00:00+00:00, run_after=2024-12-04 01:00:00+00:00
[2024-12-04T07:31:39.627+0000] {logging_mixin.py:188} INFO - [2024-12-04T07:31:39.626+0000] {dag.py:3954} INFO - Setting next_dagrun for consume_1_and_2_with_dataset_expressions to None, run_after=None
[2024-12-04T07:31:39.628+0000] {logging_mixin.py:188} INFO - [2024-12-04T07:31:39.628+0000] {dag.py:3954} INFO - Setting next_dagrun for consume_1_or_2_with_dataset_expressions to None, run_after=None
[2024-12-04T07:31:39.629+0000] {logging_mixin.py:188} INFO - [2024-12-04T07:31:39.629+0000] {dag.py:3954} INFO - Setting next_dagrun for consume_1_or_both_2_and_3_with_dataset_expressions to None, run_after=None
[2024-12-04T07:31:39.629+0000] {logging_mixin.py:188} INFO - [2024-12-04T07:31:39.629+0000] {dag.py:3954} INFO - Setting next_dagrun for dataset_consumes_1 to None, run_after=None
[2024-12-04T07:31:39.631+0000] {logging_mixin.py:188} INFO - [2024-12-04T07:31:39.631+0000] {dag.py:3954} INFO - Setting next_dagrun for dataset_consumes_1_and_2 to None, run_after=None
[2024-12-04T07:31:39.632+0000] {logging_mixin.py:188} INFO - [2024-12-04T07:31:39.632+0000] {dag.py:3954} INFO - Setting next_dagrun for dataset_consumes_1_never_scheduled to None, run_after=None
[2024-12-04T07:31:39.633+0000] {logging_mixin.py:188} INFO - [2024-12-04T07:31:39.633+0000] {dag.py:3954} INFO - Setting next_dagrun for dataset_consumes_unknown_never_scheduled to None, run_after=None
[2024-12-04T07:31:39.634+0000] {logging_mixin.py:188} INFO - [2024-12-04T07:31:39.634+0000] {dag.py:3954} INFO - Setting next_dagrun for dataset_produces_1 to 2024-12-03 00:00:00+00:00, run_after=2024-12-04 00:00:00+00:00
[2024-12-04T07:31:39.635+0000] {logging_mixin.py:188} INFO - [2024-12-04T07:31:39.635+0000] {dag.py:3954} INFO - Setting next_dagrun for dataset_produces_2 to None, run_after=None
[2024-12-04T07:31:39.655+0000] {processor.py:183} INFO - Processing /home/airflow/.local/lib/python3.12/site-packages/airflow/example_dags/example_datasets.py took 0.102 seconds
[2024-12-04T07:32:10.119+0000] {processor.py:161} INFO - Started process (PID=434) to work on /home/airflow/.local/lib/python3.12/site-packages/airflow/example_dags/example_datasets.py
[2024-12-04T07:32:10.122+0000] {processor.py:830} INFO - Processing file /home/airflow/.local/lib/python3.12/site-packages/airflow/example_dags/example_datasets.py for tasks to queue
[2024-12-04T07:32:10.123+0000] {logging_mixin.py:188} INFO - [2024-12-04T07:32:10.122+0000] {dagbag.py:545} INFO - Filling up the DagBag from /home/airflow/.local/lib/python3.12/site-packages/airflow/example_dags/example_datasets.py
[2024-12-04T07:32:10.130+0000] {processor.py:840} INFO - DAG(s) 'consume_1_or_2_with_dataset_expressions', 'consume_1_and_2_with_dataset_expressions', 'dataset_consumes_1_and_2', 'dataset_produces_2', 'conditional_dataset_and_time_based_timetable', 'dataset_consumes_unknown_never_scheduled', 'dataset_produces_1', 'consume_1_or_both_2_and_3_with_dataset_expressions', 'dataset_consumes_1', 'dataset_consumes_1_never_scheduled' retrieved from /home/airflow/.local/lib/python3.12/site-packages/airflow/example_dags/example_datasets.py
[2024-12-04T07:32:10.162+0000] {logging_mixin.py:188} INFO - [2024-12-04T07:32:10.162+0000] {dag.py:3096} INFO - Sync 10 DAGs
[2024-12-04T07:32:10.175+0000] {logging_mixin.py:188} INFO - [2024-12-04T07:32:10.174+0000] {dag.py:3954} INFO - Setting next_dagrun for conditional_dataset_and_time_based_timetable to 2024-12-04 01:00:00+00:00, run_after=2024-12-04 01:00:00+00:00
[2024-12-04T07:32:10.176+0000] {logging_mixin.py:188} INFO - [2024-12-04T07:32:10.176+0000] {dag.py:3954} INFO - Setting next_dagrun for consume_1_and_2_with_dataset_expressions to None, run_after=None
[2024-12-04T07:32:10.177+0000] {logging_mixin.py:188} INFO - [2024-12-04T07:32:10.177+0000] {dag.py:3954} INFO - Setting next_dagrun for consume_1_or_2_with_dataset_expressions to None, run_after=None
[2024-12-04T07:32:10.178+0000] {logging_mixin.py:188} INFO - [2024-12-04T07:32:10.178+0000] {dag.py:3954} INFO - Setting next_dagrun for consume_1_or_both_2_and_3_with_dataset_expressions to None, run_after=None
[2024-12-04T07:32:10.179+0000] {logging_mixin.py:188} INFO - [2024-12-04T07:32:10.179+0000] {dag.py:3954} INFO - Setting next_dagrun for dataset_consumes_1 to None, run_after=None
[2024-12-04T07:32:10.184+0000] {logging_mixin.py:188} INFO - [2024-12-04T07:32:10.183+0000] {dag.py:3954} INFO - Setting next_dagrun for dataset_consumes_1_and_2 to None, run_after=None
[2024-12-04T07:32:10.185+0000] {logging_mixin.py:188} INFO - [2024-12-04T07:32:10.185+0000] {dag.py:3954} INFO - Setting next_dagrun for dataset_consumes_1_never_scheduled to None, run_after=None
[2024-12-04T07:32:10.187+0000] {logging_mixin.py:188} INFO - [2024-12-04T07:32:10.187+0000] {dag.py:3954} INFO - Setting next_dagrun for dataset_consumes_unknown_never_scheduled to None, run_after=None
[2024-12-04T07:32:10.189+0000] {logging_mixin.py:188} INFO - [2024-12-04T07:32:10.189+0000] {dag.py:3954} INFO - Setting next_dagrun for dataset_produces_1 to 2024-12-03 00:00:00+00:00, run_after=2024-12-04 00:00:00+00:00
[2024-12-04T07:32:10.189+0000] {logging_mixin.py:188} INFO - [2024-12-04T07:32:10.189+0000] {dag.py:3954} INFO - Setting next_dagrun for dataset_produces_2 to None, run_after=None
[2024-12-04T07:32:10.212+0000] {processor.py:183} INFO - Processing /home/airflow/.local/lib/python3.12/site-packages/airflow/example_dags/example_datasets.py took 0.097 seconds
[2024-12-04T07:32:41.068+0000] {processor.py:161} INFO - Started process (PID=492) to work on /home/airflow/.local/lib/python3.12/site-packages/airflow/example_dags/example_datasets.py
[2024-12-04T07:32:41.068+0000] {processor.py:830} INFO - Processing file /home/airflow/.local/lib/python3.12/site-packages/airflow/example_dags/example_datasets.py for tasks to queue
[2024-12-04T07:32:41.070+0000] {logging_mixin.py:188} INFO - [2024-12-04T07:32:41.070+0000] {dagbag.py:545} INFO - Filling up the DagBag from /home/airflow/.local/lib/python3.12/site-packages/airflow/example_dags/example_datasets.py
[2024-12-04T07:32:41.082+0000] {processor.py:840} INFO - DAG(s) 'dataset_produces_2', 'consume_1_or_2_with_dataset_expressions', 'dataset_consumes_1', 'dataset_produces_1', 'dataset_consumes_1_and_2', 'consume_1_or_both_2_and_3_with_dataset_expressions', 'dataset_consumes_1_never_scheduled', 'consume_1_and_2_with_dataset_expressions', 'conditional_dataset_and_time_based_timetable', 'dataset_consumes_unknown_never_scheduled' retrieved from /home/airflow/.local/lib/python3.12/site-packages/airflow/example_dags/example_datasets.py
[2024-12-04T07:32:41.114+0000] {logging_mixin.py:188} INFO - [2024-12-04T07:32:41.114+0000] {dag.py:3096} INFO - Sync 10 DAGs
[2024-12-04T07:32:41.132+0000] {logging_mixin.py:188} INFO - [2024-12-04T07:32:41.131+0000] {dag.py:3954} INFO - Setting next_dagrun for conditional_dataset_and_time_based_timetable to 2024-12-04 01:00:00+00:00, run_after=2024-12-04 01:00:00+00:00
[2024-12-04T07:32:41.134+0000] {logging_mixin.py:188} INFO - [2024-12-04T07:32:41.133+0000] {dag.py:3954} INFO - Setting next_dagrun for consume_1_and_2_with_dataset_expressions to None, run_after=None
[2024-12-04T07:32:41.136+0000] {logging_mixin.py:188} INFO - [2024-12-04T07:32:41.136+0000] {dag.py:3954} INFO - Setting next_dagrun for consume_1_or_2_with_dataset_expressions to None, run_after=None
[2024-12-04T07:32:41.137+0000] {logging_mixin.py:188} INFO - [2024-12-04T07:32:41.137+0000] {dag.py:3954} INFO - Setting next_dagrun for consume_1_or_both_2_and_3_with_dataset_expressions to None, run_after=None
[2024-12-04T07:32:41.137+0000] {logging_mixin.py:188} INFO - [2024-12-04T07:32:41.137+0000] {dag.py:3954} INFO - Setting next_dagrun for dataset_consumes_1 to None, run_after=None
[2024-12-04T07:32:41.138+0000] {logging_mixin.py:188} INFO - [2024-12-04T07:32:41.138+0000] {dag.py:3954} INFO - Setting next_dagrun for dataset_consumes_1_and_2 to None, run_after=None
[2024-12-04T07:32:41.139+0000] {logging_mixin.py:188} INFO - [2024-12-04T07:32:41.139+0000] {dag.py:3954} INFO - Setting next_dagrun for dataset_consumes_1_never_scheduled to None, run_after=None
[2024-12-04T07:32:41.140+0000] {logging_mixin.py:188} INFO - [2024-12-04T07:32:41.140+0000] {dag.py:3954} INFO - Setting next_dagrun for dataset_consumes_unknown_never_scheduled to None, run_after=None
[2024-12-04T07:32:41.141+0000] {logging_mixin.py:188} INFO - [2024-12-04T07:32:41.141+0000] {dag.py:3954} INFO - Setting next_dagrun for dataset_produces_1 to 2024-12-03 00:00:00+00:00, run_after=2024-12-04 00:00:00+00:00
[2024-12-04T07:32:41.141+0000] {logging_mixin.py:188} INFO - [2024-12-04T07:32:41.141+0000] {dag.py:3954} INFO - Setting next_dagrun for dataset_produces_2 to None, run_after=None
[2024-12-04T07:32:41.159+0000] {processor.py:183} INFO - Processing /home/airflow/.local/lib/python3.12/site-packages/airflow/example_dags/example_datasets.py took 0.095 seconds
