[2024-12-04T07:29:02.988+0000] {processor.py:161} INFO - Started process (PID=68) to work on /home/airflow/.local/lib/python3.12/site-packages/airflow/example_dags/example_branch_day_of_week_operator.py
[2024-12-04T07:29:02.991+0000] {processor.py:830} INFO - Processing file /home/airflow/.local/lib/python3.12/site-packages/airflow/example_dags/example_branch_day_of_week_operator.py for tasks to queue
[2024-12-04T07:29:02.998+0000] {logging_mixin.py:188} INFO - [2024-12-04T07:29:02.998+0000] {dagbag.py:545} INFO - Filling up the DagBag from /home/airflow/.local/lib/python3.12/site-packages/airflow/example_dags/example_branch_day_of_week_operator.py
[2024-12-04T07:29:03.034+0000] {processor.py:840} INFO - DAG(s) 'example_weekday_branch_operator' retrieved from /home/airflow/.local/lib/python3.12/site-packages/airflow/example_dags/example_branch_day_of_week_operator.py
[2024-12-04T07:29:03.079+0000] {logging_mixin.py:188} INFO - [2024-12-04T07:29:03.079+0000] {dag.py:3096} INFO - Sync 1 DAGs
[2024-12-04T07:29:03.186+0000] {logging_mixin.py:188} INFO - [2024-12-04T07:29:03.181+0000] {dag.py:3954} INFO - Setting next_dagrun for example_weekday_branch_operator to 2024-12-03 00:00:00+00:00, run_after=2024-12-04 00:00:00+00:00
[2024-12-04T07:29:03.249+0000] {processor.py:183} INFO - Processing /home/airflow/.local/lib/python3.12/site-packages/airflow/example_dags/example_branch_day_of_week_operator.py took 0.296 seconds
[2024-12-04T07:29:33.577+0000] {processor.py:161} INFO - Started process (PID=126) to work on /home/airflow/.local/lib/python3.12/site-packages/airflow/example_dags/example_branch_day_of_week_operator.py
[2024-12-04T07:29:33.578+0000] {processor.py:830} INFO - Processing file /home/airflow/.local/lib/python3.12/site-packages/airflow/example_dags/example_branch_day_of_week_operator.py for tasks to queue
[2024-12-04T07:29:33.579+0000] {logging_mixin.py:188} INFO - [2024-12-04T07:29:33.578+0000] {dagbag.py:545} INFO - Filling up the DagBag from /home/airflow/.local/lib/python3.12/site-packages/airflow/example_dags/example_branch_day_of_week_operator.py
[2024-12-04T07:29:33.583+0000] {processor.py:840} INFO - DAG(s) 'example_weekday_branch_operator' retrieved from /home/airflow/.local/lib/python3.12/site-packages/airflow/example_dags/example_branch_day_of_week_operator.py
[2024-12-04T07:29:33.640+0000] {logging_mixin.py:188} INFO - [2024-12-04T07:29:33.640+0000] {dag.py:3096} INFO - Sync 1 DAGs
[2024-12-04T07:29:33.650+0000] {logging_mixin.py:188} INFO - [2024-12-04T07:29:33.650+0000] {dag.py:3954} INFO - Setting next_dagrun for example_weekday_branch_operator to 2024-12-03 00:00:00+00:00, run_after=2024-12-04 00:00:00+00:00
[2024-12-04T07:29:33.662+0000] {processor.py:183} INFO - Processing /home/airflow/.local/lib/python3.12/site-packages/airflow/example_dags/example_branch_day_of_week_operator.py took 0.088 seconds
[2024-12-04T07:30:04.477+0000] {processor.py:161} INFO - Started process (PID=184) to work on /home/airflow/.local/lib/python3.12/site-packages/airflow/example_dags/example_branch_day_of_week_operator.py
[2024-12-04T07:30:04.478+0000] {processor.py:830} INFO - Processing file /home/airflow/.local/lib/python3.12/site-packages/airflow/example_dags/example_branch_day_of_week_operator.py for tasks to queue
[2024-12-04T07:30:04.479+0000] {logging_mixin.py:188} INFO - [2024-12-04T07:30:04.479+0000] {dagbag.py:545} INFO - Filling up the DagBag from /home/airflow/.local/lib/python3.12/site-packages/airflow/example_dags/example_branch_day_of_week_operator.py
[2024-12-04T07:30:04.484+0000] {processor.py:840} INFO - DAG(s) 'example_weekday_branch_operator' retrieved from /home/airflow/.local/lib/python3.12/site-packages/airflow/example_dags/example_branch_day_of_week_operator.py
[2024-12-04T07:30:04.503+0000] {logging_mixin.py:188} INFO - [2024-12-04T07:30:04.502+0000] {dag.py:3096} INFO - Sync 1 DAGs
[2024-12-04T07:30:04.519+0000] {logging_mixin.py:188} INFO - [2024-12-04T07:30:04.519+0000] {dag.py:3954} INFO - Setting next_dagrun for example_weekday_branch_operator to 2024-12-03 00:00:00+00:00, run_after=2024-12-04 00:00:00+00:00
[2024-12-04T07:30:04.534+0000] {processor.py:183} INFO - Processing /home/airflow/.local/lib/python3.12/site-packages/airflow/example_dags/example_branch_day_of_week_operator.py took 0.060 seconds
[2024-12-04T07:30:35.666+0000] {processor.py:161} INFO - Started process (PID=242) to work on /home/airflow/.local/lib/python3.12/site-packages/airflow/example_dags/example_branch_day_of_week_operator.py
[2024-12-04T07:30:35.666+0000] {processor.py:830} INFO - Processing file /home/airflow/.local/lib/python3.12/site-packages/airflow/example_dags/example_branch_day_of_week_operator.py for tasks to queue
[2024-12-04T07:30:35.667+0000] {logging_mixin.py:188} INFO - [2024-12-04T07:30:35.667+0000] {dagbag.py:545} INFO - Filling up the DagBag from /home/airflow/.local/lib/python3.12/site-packages/airflow/example_dags/example_branch_day_of_week_operator.py
[2024-12-04T07:30:35.671+0000] {processor.py:840} INFO - DAG(s) 'example_weekday_branch_operator' retrieved from /home/airflow/.local/lib/python3.12/site-packages/airflow/example_dags/example_branch_day_of_week_operator.py
[2024-12-04T07:30:35.685+0000] {logging_mixin.py:188} INFO - [2024-12-04T07:30:35.684+0000] {dag.py:3096} INFO - Sync 1 DAGs
[2024-12-04T07:30:35.694+0000] {logging_mixin.py:188} INFO - [2024-12-04T07:30:35.694+0000] {dag.py:3954} INFO - Setting next_dagrun for example_weekday_branch_operator to 2024-12-03 00:00:00+00:00, run_after=2024-12-04 00:00:00+00:00
[2024-12-04T07:30:35.709+0000] {processor.py:183} INFO - Processing /home/airflow/.local/lib/python3.12/site-packages/airflow/example_dags/example_branch_day_of_week_operator.py took 0.046 seconds
[2024-12-04T07:31:05.874+0000] {processor.py:161} INFO - Started process (PID=300) to work on /home/airflow/.local/lib/python3.12/site-packages/airflow/example_dags/example_branch_day_of_week_operator.py
[2024-12-04T07:31:05.876+0000] {processor.py:830} INFO - Processing file /home/airflow/.local/lib/python3.12/site-packages/airflow/example_dags/example_branch_day_of_week_operator.py for tasks to queue
[2024-12-04T07:31:05.878+0000] {logging_mixin.py:188} INFO - [2024-12-04T07:31:05.878+0000] {dagbag.py:545} INFO - Filling up the DagBag from /home/airflow/.local/lib/python3.12/site-packages/airflow/example_dags/example_branch_day_of_week_operator.py
[2024-12-04T07:31:05.884+0000] {processor.py:840} INFO - DAG(s) 'example_weekday_branch_operator' retrieved from /home/airflow/.local/lib/python3.12/site-packages/airflow/example_dags/example_branch_day_of_week_operator.py
[2024-12-04T07:31:05.896+0000] {logging_mixin.py:188} INFO - [2024-12-04T07:31:05.896+0000] {dag.py:3096} INFO - Sync 1 DAGs
[2024-12-04T07:31:05.910+0000] {logging_mixin.py:188} INFO - [2024-12-04T07:31:05.910+0000] {dag.py:3954} INFO - Setting next_dagrun for example_weekday_branch_operator to 2024-12-03 00:00:00+00:00, run_after=2024-12-04 00:00:00+00:00
[2024-12-04T07:31:05.921+0000] {processor.py:183} INFO - Processing /home/airflow/.local/lib/python3.12/site-packages/airflow/example_dags/example_branch_day_of_week_operator.py took 0.051 seconds
[2024-12-04T07:31:36.751+0000] {processor.py:161} INFO - Started process (PID=358) to work on /home/airflow/.local/lib/python3.12/site-packages/airflow/example_dags/example_branch_day_of_week_operator.py
[2024-12-04T07:31:36.752+0000] {processor.py:830} INFO - Processing file /home/airflow/.local/lib/python3.12/site-packages/airflow/example_dags/example_branch_day_of_week_operator.py for tasks to queue
[2024-12-04T07:31:36.753+0000] {logging_mixin.py:188} INFO - [2024-12-04T07:31:36.753+0000] {dagbag.py:545} INFO - Filling up the DagBag from /home/airflow/.local/lib/python3.12/site-packages/airflow/example_dags/example_branch_day_of_week_operator.py
[2024-12-04T07:31:36.757+0000] {processor.py:840} INFO - DAG(s) 'example_weekday_branch_operator' retrieved from /home/airflow/.local/lib/python3.12/site-packages/airflow/example_dags/example_branch_day_of_week_operator.py
[2024-12-04T07:31:36.774+0000] {logging_mixin.py:188} INFO - [2024-12-04T07:31:36.773+0000] {dag.py:3096} INFO - Sync 1 DAGs
[2024-12-04T07:31:36.790+0000] {logging_mixin.py:188} INFO - [2024-12-04T07:31:36.790+0000] {dag.py:3954} INFO - Setting next_dagrun for example_weekday_branch_operator to 2024-12-03 00:00:00+00:00, run_after=2024-12-04 00:00:00+00:00
[2024-12-04T07:31:36.805+0000] {processor.py:183} INFO - Processing /home/airflow/.local/lib/python3.12/site-packages/airflow/example_dags/example_branch_day_of_week_operator.py took 0.058 seconds
[2024-12-04T07:32:07.289+0000] {processor.py:161} INFO - Started process (PID=416) to work on /home/airflow/.local/lib/python3.12/site-packages/airflow/example_dags/example_branch_day_of_week_operator.py
[2024-12-04T07:32:07.289+0000] {processor.py:830} INFO - Processing file /home/airflow/.local/lib/python3.12/site-packages/airflow/example_dags/example_branch_day_of_week_operator.py for tasks to queue
[2024-12-04T07:32:07.292+0000] {logging_mixin.py:188} INFO - [2024-12-04T07:32:07.292+0000] {dagbag.py:545} INFO - Filling up the DagBag from /home/airflow/.local/lib/python3.12/site-packages/airflow/example_dags/example_branch_day_of_week_operator.py
[2024-12-04T07:32:07.295+0000] {processor.py:840} INFO - DAG(s) 'example_weekday_branch_operator' retrieved from /home/airflow/.local/lib/python3.12/site-packages/airflow/example_dags/example_branch_day_of_week_operator.py
[2024-12-04T07:32:07.315+0000] {logging_mixin.py:188} INFO - [2024-12-04T07:32:07.315+0000] {dag.py:3096} INFO - Sync 1 DAGs
[2024-12-04T07:32:07.328+0000] {logging_mixin.py:188} INFO - [2024-12-04T07:32:07.328+0000] {dag.py:3954} INFO - Setting next_dagrun for example_weekday_branch_operator to 2024-12-03 00:00:00+00:00, run_after=2024-12-04 00:00:00+00:00
[2024-12-04T07:32:07.340+0000] {processor.py:183} INFO - Processing /home/airflow/.local/lib/python3.12/site-packages/airflow/example_dags/example_branch_day_of_week_operator.py took 0.054 seconds
[2024-12-04T07:32:38.306+0000] {processor.py:161} INFO - Started process (PID=474) to work on /home/airflow/.local/lib/python3.12/site-packages/airflow/example_dags/example_branch_day_of_week_operator.py
[2024-12-04T07:32:38.307+0000] {processor.py:830} INFO - Processing file /home/airflow/.local/lib/python3.12/site-packages/airflow/example_dags/example_branch_day_of_week_operator.py for tasks to queue
[2024-12-04T07:32:38.309+0000] {logging_mixin.py:188} INFO - [2024-12-04T07:32:38.309+0000] {dagbag.py:545} INFO - Filling up the DagBag from /home/airflow/.local/lib/python3.12/site-packages/airflow/example_dags/example_branch_day_of_week_operator.py
[2024-12-04T07:32:38.313+0000] {processor.py:840} INFO - DAG(s) 'example_weekday_branch_operator' retrieved from /home/airflow/.local/lib/python3.12/site-packages/airflow/example_dags/example_branch_day_of_week_operator.py
[2024-12-04T07:32:38.325+0000] {logging_mixin.py:188} INFO - [2024-12-04T07:32:38.324+0000] {dag.py:3096} INFO - Sync 1 DAGs
[2024-12-04T07:32:38.336+0000] {logging_mixin.py:188} INFO - [2024-12-04T07:32:38.336+0000] {dag.py:3954} INFO - Setting next_dagrun for example_weekday_branch_operator to 2024-12-03 00:00:00+00:00, run_after=2024-12-04 00:00:00+00:00
[2024-12-04T07:32:38.348+0000] {processor.py:183} INFO - Processing /home/airflow/.local/lib/python3.12/site-packages/airflow/example_dags/example_branch_day_of_week_operator.py took 0.046 seconds
