[2024-12-04T07:28:59.983+0000] {processor.py:161} INFO - Started process (PID=56) to work on /home/airflow/.local/lib/python3.12/site-packages/airflow/example_dags/example_dag_decorator.py
[2024-12-04T07:28:59.986+0000] {processor.py:830} INFO - Processing file /home/airflow/.local/lib/python3.12/site-packages/airflow/example_dags/example_dag_decorator.py for tasks to queue
[2024-12-04T07:28:59.991+0000] {logging_mixin.py:188} INFO - [2024-12-04T07:28:59.991+0000] {dagbag.py:545} INFO - Filling up the DagBag from /home/airflow/.local/lib/python3.12/site-packages/airflow/example_dags/example_dag_decorator.py
[2024-12-04T07:29:00.621+0000] {processor.py:840} INFO - DAG(s) 'example_dag_decorator' retrieved from /home/airflow/.local/lib/python3.12/site-packages/airflow/example_dags/example_dag_decorator.py
[2024-12-04T07:29:00.750+0000] {logging_mixin.py:188} INFO - [2024-12-04T07:29:00.747+0000] {dag.py:3096} INFO - Sync 1 DAGs
[2024-12-04T07:29:00.830+0000] {logging_mixin.py:188} INFO - [2024-12-04T07:29:00.829+0000] {dag.py:3954} INFO - Setting next_dagrun for example_dag_decorator to None, run_after=None
[2024-12-04T07:29:00.935+0000] {processor.py:183} INFO - Processing /home/airflow/.local/lib/python3.12/site-packages/airflow/example_dags/example_dag_decorator.py took 0.957 seconds
[2024-12-04T07:29:31.481+0000] {processor.py:161} INFO - Started process (PID=114) to work on /home/airflow/.local/lib/python3.12/site-packages/airflow/example_dags/example_dag_decorator.py
[2024-12-04T07:29:31.481+0000] {processor.py:830} INFO - Processing file /home/airflow/.local/lib/python3.12/site-packages/airflow/example_dags/example_dag_decorator.py for tasks to queue
[2024-12-04T07:29:31.482+0000] {logging_mixin.py:188} INFO - [2024-12-04T07:29:31.482+0000] {dagbag.py:545} INFO - Filling up the DagBag from /home/airflow/.local/lib/python3.12/site-packages/airflow/example_dags/example_dag_decorator.py
[2024-12-04T07:29:31.630+0000] {processor.py:840} INFO - DAG(s) 'example_dag_decorator' retrieved from /home/airflow/.local/lib/python3.12/site-packages/airflow/example_dags/example_dag_decorator.py
[2024-12-04T07:29:31.690+0000] {logging_mixin.py:188} INFO - [2024-12-04T07:29:31.690+0000] {dag.py:3096} INFO - Sync 1 DAGs
[2024-12-04T07:29:31.695+0000] {logging_mixin.py:188} INFO - [2024-12-04T07:29:31.695+0000] {dag.py:3954} INFO - Setting next_dagrun for example_dag_decorator to None, run_after=None
[2024-12-04T07:29:31.714+0000] {processor.py:183} INFO - Processing /home/airflow/.local/lib/python3.12/site-packages/airflow/example_dags/example_dag_decorator.py took 0.237 seconds
[2024-12-04T07:30:01.851+0000] {processor.py:161} INFO - Started process (PID=172) to work on /home/airflow/.local/lib/python3.12/site-packages/airflow/example_dags/example_dag_decorator.py
[2024-12-04T07:30:01.852+0000] {processor.py:830} INFO - Processing file /home/airflow/.local/lib/python3.12/site-packages/airflow/example_dags/example_dag_decorator.py for tasks to queue
[2024-12-04T07:30:01.853+0000] {logging_mixin.py:188} INFO - [2024-12-04T07:30:01.853+0000] {dagbag.py:545} INFO - Filling up the DagBag from /home/airflow/.local/lib/python3.12/site-packages/airflow/example_dags/example_dag_decorator.py
[2024-12-04T07:30:01.931+0000] {processor.py:840} INFO - DAG(s) 'example_dag_decorator' retrieved from /home/airflow/.local/lib/python3.12/site-packages/airflow/example_dags/example_dag_decorator.py
[2024-12-04T07:30:01.997+0000] {logging_mixin.py:188} INFO - [2024-12-04T07:30:01.996+0000] {dag.py:3096} INFO - Sync 1 DAGs
[2024-12-04T07:30:02.001+0000] {logging_mixin.py:188} INFO - [2024-12-04T07:30:02.001+0000] {dag.py:3954} INFO - Setting next_dagrun for example_dag_decorator to None, run_after=None
[2024-12-04T07:30:02.009+0000] {processor.py:183} INFO - Processing /home/airflow/.local/lib/python3.12/site-packages/airflow/example_dags/example_dag_decorator.py took 0.161 seconds
[2024-12-04T07:30:32.862+0000] {processor.py:161} INFO - Started process (PID=230) to work on /home/airflow/.local/lib/python3.12/site-packages/airflow/example_dags/example_dag_decorator.py
[2024-12-04T07:30:32.862+0000] {processor.py:830} INFO - Processing file /home/airflow/.local/lib/python3.12/site-packages/airflow/example_dags/example_dag_decorator.py for tasks to queue
[2024-12-04T07:30:32.863+0000] {logging_mixin.py:188} INFO - [2024-12-04T07:30:32.863+0000] {dagbag.py:545} INFO - Filling up the DagBag from /home/airflow/.local/lib/python3.12/site-packages/airflow/example_dags/example_dag_decorator.py
[2024-12-04T07:30:32.970+0000] {processor.py:840} INFO - DAG(s) 'example_dag_decorator' retrieved from /home/airflow/.local/lib/python3.12/site-packages/airflow/example_dags/example_dag_decorator.py
[2024-12-04T07:30:33.065+0000] {logging_mixin.py:188} INFO - [2024-12-04T07:30:33.065+0000] {dag.py:3096} INFO - Sync 1 DAGs
[2024-12-04T07:30:33.071+0000] {logging_mixin.py:188} INFO - [2024-12-04T07:30:33.071+0000] {dag.py:3954} INFO - Setting next_dagrun for example_dag_decorator to None, run_after=None
[2024-12-04T07:30:33.090+0000] {processor.py:183} INFO - Processing /home/airflow/.local/lib/python3.12/site-packages/airflow/example_dags/example_dag_decorator.py took 0.231 seconds
[2024-12-04T07:31:03.126+0000] {processor.py:161} INFO - Started process (PID=288) to work on /home/airflow/.local/lib/python3.12/site-packages/airflow/example_dags/example_dag_decorator.py
[2024-12-04T07:31:03.127+0000] {processor.py:830} INFO - Processing file /home/airflow/.local/lib/python3.12/site-packages/airflow/example_dags/example_dag_decorator.py for tasks to queue
[2024-12-04T07:31:03.128+0000] {logging_mixin.py:188} INFO - [2024-12-04T07:31:03.128+0000] {dagbag.py:545} INFO - Filling up the DagBag from /home/airflow/.local/lib/python3.12/site-packages/airflow/example_dags/example_dag_decorator.py
[2024-12-04T07:31:03.241+0000] {processor.py:840} INFO - DAG(s) 'example_dag_decorator' retrieved from /home/airflow/.local/lib/python3.12/site-packages/airflow/example_dags/example_dag_decorator.py
[2024-12-04T07:31:03.359+0000] {logging_mixin.py:188} INFO - [2024-12-04T07:31:03.359+0000] {dag.py:3096} INFO - Sync 1 DAGs
[2024-12-04T07:31:03.366+0000] {logging_mixin.py:188} INFO - [2024-12-04T07:31:03.366+0000] {dag.py:3954} INFO - Setting next_dagrun for example_dag_decorator to None, run_after=None
[2024-12-04T07:31:03.386+0000] {processor.py:183} INFO - Processing /home/airflow/.local/lib/python3.12/site-packages/airflow/example_dags/example_dag_decorator.py took 0.264 seconds
[2024-12-04T07:31:34.055+0000] {processor.py:161} INFO - Started process (PID=346) to work on /home/airflow/.local/lib/python3.12/site-packages/airflow/example_dags/example_dag_decorator.py
[2024-12-04T07:31:34.056+0000] {processor.py:830} INFO - Processing file /home/airflow/.local/lib/python3.12/site-packages/airflow/example_dags/example_dag_decorator.py for tasks to queue
[2024-12-04T07:31:34.058+0000] {logging_mixin.py:188} INFO - [2024-12-04T07:31:34.058+0000] {dagbag.py:545} INFO - Filling up the DagBag from /home/airflow/.local/lib/python3.12/site-packages/airflow/example_dags/example_dag_decorator.py
[2024-12-04T07:31:34.156+0000] {processor.py:840} INFO - DAG(s) 'example_dag_decorator' retrieved from /home/airflow/.local/lib/python3.12/site-packages/airflow/example_dags/example_dag_decorator.py
[2024-12-04T07:31:34.235+0000] {logging_mixin.py:188} INFO - [2024-12-04T07:31:34.235+0000] {dag.py:3096} INFO - Sync 1 DAGs
[2024-12-04T07:31:34.241+0000] {logging_mixin.py:188} INFO - [2024-12-04T07:31:34.241+0000] {dag.py:3954} INFO - Setting next_dagrun for example_dag_decorator to None, run_after=None
[2024-12-04T07:31:34.255+0000] {processor.py:183} INFO - Processing /home/airflow/.local/lib/python3.12/site-packages/airflow/example_dags/example_dag_decorator.py took 0.203 seconds
[2024-12-04T07:32:04.787+0000] {processor.py:161} INFO - Started process (PID=404) to work on /home/airflow/.local/lib/python3.12/site-packages/airflow/example_dags/example_dag_decorator.py
[2024-12-04T07:32:04.788+0000] {processor.py:830} INFO - Processing file /home/airflow/.local/lib/python3.12/site-packages/airflow/example_dags/example_dag_decorator.py for tasks to queue
[2024-12-04T07:32:04.789+0000] {logging_mixin.py:188} INFO - [2024-12-04T07:32:04.789+0000] {dagbag.py:545} INFO - Filling up the DagBag from /home/airflow/.local/lib/python3.12/site-packages/airflow/example_dags/example_dag_decorator.py
[2024-12-04T07:32:04.845+0000] {processor.py:840} INFO - DAG(s) 'example_dag_decorator' retrieved from /home/airflow/.local/lib/python3.12/site-packages/airflow/example_dags/example_dag_decorator.py
[2024-12-04T07:32:04.914+0000] {logging_mixin.py:188} INFO - [2024-12-04T07:32:04.914+0000] {dag.py:3096} INFO - Sync 1 DAGs
[2024-12-04T07:32:04.919+0000] {logging_mixin.py:188} INFO - [2024-12-04T07:32:04.919+0000] {dag.py:3954} INFO - Setting next_dagrun for example_dag_decorator to None, run_after=None
[2024-12-04T07:32:04.942+0000] {processor.py:183} INFO - Processing /home/airflow/.local/lib/python3.12/site-packages/airflow/example_dags/example_dag_decorator.py took 0.157 seconds
[2024-12-04T07:32:35.449+0000] {processor.py:161} INFO - Started process (PID=462) to work on /home/airflow/.local/lib/python3.12/site-packages/airflow/example_dags/example_dag_decorator.py
[2024-12-04T07:32:35.450+0000] {processor.py:830} INFO - Processing file /home/airflow/.local/lib/python3.12/site-packages/airflow/example_dags/example_dag_decorator.py for tasks to queue
[2024-12-04T07:32:35.451+0000] {logging_mixin.py:188} INFO - [2024-12-04T07:32:35.451+0000] {dagbag.py:545} INFO - Filling up the DagBag from /home/airflow/.local/lib/python3.12/site-packages/airflow/example_dags/example_dag_decorator.py
[2024-12-04T07:32:35.514+0000] {processor.py:840} INFO - DAG(s) 'example_dag_decorator' retrieved from /home/airflow/.local/lib/python3.12/site-packages/airflow/example_dags/example_dag_decorator.py
[2024-12-04T07:32:35.580+0000] {logging_mixin.py:188} INFO - [2024-12-04T07:32:35.580+0000] {dag.py:3096} INFO - Sync 1 DAGs
[2024-12-04T07:32:35.585+0000] {logging_mixin.py:188} INFO - [2024-12-04T07:32:35.585+0000] {dag.py:3954} INFO - Setting next_dagrun for example_dag_decorator to None, run_after=None
[2024-12-04T07:32:35.593+0000] {processor.py:183} INFO - Processing /home/airflow/.local/lib/python3.12/site-packages/airflow/example_dags/example_dag_decorator.py took 0.146 seconds
