[2024-12-04T07:28:59.975+0000] {processor.py:161} INFO - Started process (PID=55) to work on /home/airflow/.local/lib/python3.12/site-packages/airflow/example_dags/tutorial.py
[2024-12-04T07:28:59.979+0000] {processor.py:830} INFO - Processing file /home/airflow/.local/lib/python3.12/site-packages/airflow/example_dags/tutorial.py for tasks to queue
[2024-12-04T07:28:59.982+0000] {logging_mixin.py:188} INFO - [2024-12-04T07:28:59.982+0000] {dagbag.py:545} INFO - Filling up the DagBag from /home/airflow/.local/lib/python3.12/site-packages/airflow/example_dags/tutorial.py
[2024-12-04T07:28:59.995+0000] {processor.py:840} INFO - DAG(s) 'tutorial' retrieved from /home/airflow/.local/lib/python3.12/site-packages/airflow/example_dags/tutorial.py
[2024-12-04T07:29:00.040+0000] {logging_mixin.py:188} INFO - [2024-12-04T07:29:00.039+0000] {dag.py:3096} INFO - Sync 1 DAGs
[2024-12-04T07:29:00.087+0000] {logging_mixin.py:188} INFO - [2024-12-04T07:29:00.087+0000] {dag.py:3954} INFO - Setting next_dagrun for tutorial to 2024-12-03 00:00:00+00:00, run_after=2024-12-04 00:00:00+00:00
[2024-12-04T07:29:00.123+0000] {processor.py:183} INFO - Processing /home/airflow/.local/lib/python3.12/site-packages/airflow/example_dags/tutorial.py took 0.174 seconds
[2024-12-04T07:29:31.292+0000] {processor.py:161} INFO - Started process (PID=113) to work on /home/airflow/.local/lib/python3.12/site-packages/airflow/example_dags/tutorial.py
[2024-12-04T07:29:31.293+0000] {processor.py:830} INFO - Processing file /home/airflow/.local/lib/python3.12/site-packages/airflow/example_dags/tutorial.py for tasks to queue
[2024-12-04T07:29:31.295+0000] {logging_mixin.py:188} INFO - [2024-12-04T07:29:31.295+0000] {dagbag.py:545} INFO - Filling up the DagBag from /home/airflow/.local/lib/python3.12/site-packages/airflow/example_dags/tutorial.py
[2024-12-04T07:29:31.304+0000] {processor.py:840} INFO - DAG(s) 'tutorial' retrieved from /home/airflow/.local/lib/python3.12/site-packages/airflow/example_dags/tutorial.py
[2024-12-04T07:29:31.403+0000] {logging_mixin.py:188} INFO - [2024-12-04T07:29:31.403+0000] {dag.py:3096} INFO - Sync 1 DAGs
[2024-12-04T07:29:31.429+0000] {logging_mixin.py:188} INFO - [2024-12-04T07:29:31.429+0000] {dag.py:3954} INFO - Setting next_dagrun for tutorial to 2024-12-03 00:00:00+00:00, run_after=2024-12-04 00:00:00+00:00
[2024-12-04T07:29:31.455+0000] {processor.py:183} INFO - Processing /home/airflow/.local/lib/python3.12/site-packages/airflow/example_dags/tutorial.py took 0.167 seconds
[2024-12-04T07:30:01.826+0000] {processor.py:161} INFO - Started process (PID=171) to work on /home/airflow/.local/lib/python3.12/site-packages/airflow/example_dags/tutorial.py
[2024-12-04T07:30:01.827+0000] {processor.py:830} INFO - Processing file /home/airflow/.local/lib/python3.12/site-packages/airflow/example_dags/tutorial.py for tasks to queue
[2024-12-04T07:30:01.828+0000] {logging_mixin.py:188} INFO - [2024-12-04T07:30:01.828+0000] {dagbag.py:545} INFO - Filling up the DagBag from /home/airflow/.local/lib/python3.12/site-packages/airflow/example_dags/tutorial.py
[2024-12-04T07:30:01.832+0000] {processor.py:840} INFO - DAG(s) 'tutorial' retrieved from /home/airflow/.local/lib/python3.12/site-packages/airflow/example_dags/tutorial.py
[2024-12-04T07:30:01.842+0000] {logging_mixin.py:188} INFO - [2024-12-04T07:30:01.842+0000] {dag.py:3096} INFO - Sync 1 DAGs
[2024-12-04T07:30:01.857+0000] {logging_mixin.py:188} INFO - [2024-12-04T07:30:01.857+0000] {dag.py:3954} INFO - Setting next_dagrun for tutorial to 2024-12-03 00:00:00+00:00, run_after=2024-12-04 00:00:00+00:00
[2024-12-04T07:30:01.870+0000] {processor.py:183} INFO - Processing /home/airflow/.local/lib/python3.12/site-packages/airflow/example_dags/tutorial.py took 0.047 seconds
[2024-12-04T07:30:32.836+0000] {processor.py:161} INFO - Started process (PID=229) to work on /home/airflow/.local/lib/python3.12/site-packages/airflow/example_dags/tutorial.py
[2024-12-04T07:30:32.837+0000] {processor.py:830} INFO - Processing file /home/airflow/.local/lib/python3.12/site-packages/airflow/example_dags/tutorial.py for tasks to queue
[2024-12-04T07:30:32.838+0000] {logging_mixin.py:188} INFO - [2024-12-04T07:30:32.838+0000] {dagbag.py:545} INFO - Filling up the DagBag from /home/airflow/.local/lib/python3.12/site-packages/airflow/example_dags/tutorial.py
[2024-12-04T07:30:32.841+0000] {processor.py:840} INFO - DAG(s) 'tutorial' retrieved from /home/airflow/.local/lib/python3.12/site-packages/airflow/example_dags/tutorial.py
[2024-12-04T07:30:32.854+0000] {logging_mixin.py:188} INFO - [2024-12-04T07:30:32.854+0000] {dag.py:3096} INFO - Sync 1 DAGs
[2024-12-04T07:30:32.868+0000] {logging_mixin.py:188} INFO - [2024-12-04T07:30:32.868+0000] {dag.py:3954} INFO - Setting next_dagrun for tutorial to 2024-12-03 00:00:00+00:00, run_after=2024-12-04 00:00:00+00:00
[2024-12-04T07:30:32.893+0000] {processor.py:183} INFO - Processing /home/airflow/.local/lib/python3.12/site-packages/airflow/example_dags/tutorial.py took 0.061 seconds
[2024-12-04T07:31:03.040+0000] {processor.py:161} INFO - Started process (PID=287) to work on /home/airflow/.local/lib/python3.12/site-packages/airflow/example_dags/tutorial.py
[2024-12-04T07:31:03.042+0000] {processor.py:830} INFO - Processing file /home/airflow/.local/lib/python3.12/site-packages/airflow/example_dags/tutorial.py for tasks to queue
[2024-12-04T07:31:03.043+0000] {logging_mixin.py:188} INFO - [2024-12-04T07:31:03.043+0000] {dagbag.py:545} INFO - Filling up the DagBag from /home/airflow/.local/lib/python3.12/site-packages/airflow/example_dags/tutorial.py
[2024-12-04T07:31:03.047+0000] {processor.py:840} INFO - DAG(s) 'tutorial' retrieved from /home/airflow/.local/lib/python3.12/site-packages/airflow/example_dags/tutorial.py
[2024-12-04T07:31:03.066+0000] {logging_mixin.py:188} INFO - [2024-12-04T07:31:03.065+0000] {dag.py:3096} INFO - Sync 1 DAGs
[2024-12-04T07:31:03.082+0000] {logging_mixin.py:188} INFO - [2024-12-04T07:31:03.082+0000] {dag.py:3954} INFO - Setting next_dagrun for tutorial to 2024-12-03 00:00:00+00:00, run_after=2024-12-04 00:00:00+00:00
[2024-12-04T07:31:03.106+0000] {processor.py:183} INFO - Processing /home/airflow/.local/lib/python3.12/site-packages/airflow/example_dags/tutorial.py took 0.070 seconds
[2024-12-04T07:31:34.045+0000] {processor.py:161} INFO - Started process (PID=345) to work on /home/airflow/.local/lib/python3.12/site-packages/airflow/example_dags/tutorial.py
[2024-12-04T07:31:34.046+0000] {processor.py:830} INFO - Processing file /home/airflow/.local/lib/python3.12/site-packages/airflow/example_dags/tutorial.py for tasks to queue
[2024-12-04T07:31:34.047+0000] {logging_mixin.py:188} INFO - [2024-12-04T07:31:34.047+0000] {dagbag.py:545} INFO - Filling up the DagBag from /home/airflow/.local/lib/python3.12/site-packages/airflow/example_dags/tutorial.py
[2024-12-04T07:31:34.050+0000] {processor.py:840} INFO - DAG(s) 'tutorial' retrieved from /home/airflow/.local/lib/python3.12/site-packages/airflow/example_dags/tutorial.py
[2024-12-04T07:31:34.065+0000] {logging_mixin.py:188} INFO - [2024-12-04T07:31:34.065+0000] {dag.py:3096} INFO - Sync 1 DAGs
[2024-12-04T07:31:34.086+0000] {logging_mixin.py:188} INFO - [2024-12-04T07:31:34.085+0000] {dag.py:3954} INFO - Setting next_dagrun for tutorial to 2024-12-03 00:00:00+00:00, run_after=2024-12-04 00:00:00+00:00
[2024-12-04T07:31:34.100+0000] {processor.py:183} INFO - Processing /home/airflow/.local/lib/python3.12/site-packages/airflow/example_dags/tutorial.py took 0.059 seconds
[2024-12-04T07:32:04.722+0000] {processor.py:161} INFO - Started process (PID=403) to work on /home/airflow/.local/lib/python3.12/site-packages/airflow/example_dags/tutorial.py
[2024-12-04T07:32:04.726+0000] {processor.py:830} INFO - Processing file /home/airflow/.local/lib/python3.12/site-packages/airflow/example_dags/tutorial.py for tasks to queue
[2024-12-04T07:32:04.727+0000] {logging_mixin.py:188} INFO - [2024-12-04T07:32:04.727+0000] {dagbag.py:545} INFO - Filling up the DagBag from /home/airflow/.local/lib/python3.12/site-packages/airflow/example_dags/tutorial.py
[2024-12-04T07:32:04.732+0000] {processor.py:840} INFO - DAG(s) 'tutorial' retrieved from /home/airflow/.local/lib/python3.12/site-packages/airflow/example_dags/tutorial.py
[2024-12-04T07:32:04.751+0000] {logging_mixin.py:188} INFO - [2024-12-04T07:32:04.751+0000] {dag.py:3096} INFO - Sync 1 DAGs
[2024-12-04T07:32:04.762+0000] {logging_mixin.py:188} INFO - [2024-12-04T07:32:04.762+0000] {dag.py:3954} INFO - Setting next_dagrun for tutorial to 2024-12-03 00:00:00+00:00, run_after=2024-12-04 00:00:00+00:00
[2024-12-04T07:32:04.774+0000] {processor.py:183} INFO - Processing /home/airflow/.local/lib/python3.12/site-packages/airflow/example_dags/tutorial.py took 0.055 seconds
[2024-12-04T07:32:35.392+0000] {processor.py:161} INFO - Started process (PID=461) to work on /home/airflow/.local/lib/python3.12/site-packages/airflow/example_dags/tutorial.py
[2024-12-04T07:32:35.394+0000] {processor.py:830} INFO - Processing file /home/airflow/.local/lib/python3.12/site-packages/airflow/example_dags/tutorial.py for tasks to queue
[2024-12-04T07:32:35.395+0000] {logging_mixin.py:188} INFO - [2024-12-04T07:32:35.395+0000] {dagbag.py:545} INFO - Filling up the DagBag from /home/airflow/.local/lib/python3.12/site-packages/airflow/example_dags/tutorial.py
[2024-12-04T07:32:35.398+0000] {processor.py:840} INFO - DAG(s) 'tutorial' retrieved from /home/airflow/.local/lib/python3.12/site-packages/airflow/example_dags/tutorial.py
[2024-12-04T07:32:35.411+0000] {logging_mixin.py:188} INFO - [2024-12-04T07:32:35.411+0000] {dag.py:3096} INFO - Sync 1 DAGs
[2024-12-04T07:32:35.423+0000] {logging_mixin.py:188} INFO - [2024-12-04T07:32:35.422+0000] {dag.py:3954} INFO - Setting next_dagrun for tutorial to 2024-12-03 00:00:00+00:00, run_after=2024-12-04 00:00:00+00:00
[2024-12-04T07:32:35.435+0000] {processor.py:183} INFO - Processing /home/airflow/.local/lib/python3.12/site-packages/airflow/example_dags/tutorial.py took 0.047 seconds
