[2024-12-04T07:18:46.738+0000] {processor.py:161} INFO - Started process (PID=63) to work on /opt/airflow/dags/getItemNewSpecial_dag.py
[2024-12-04T07:18:46.747+0000] {processor.py:830} INFO - Processing file /opt/airflow/dags/getItemNewSpecial_dag.py for tasks to queue
[2024-12-04T07:18:46.770+0000] {logging_mixin.py:188} INFO - [2024-12-04T07:18:46.770+0000] {dagbag.py:545} INFO - Filling up the DagBag from /opt/airflow/dags/getItemNewSpecial_dag.py
[2024-12-04T07:18:47.053+0000] {processor.py:840} INFO - DAG(s) 'getItemNewSpecial_dag' retrieved from /opt/airflow/dags/getItemNewSpecial_dag.py
[2024-12-04T07:28:58.837+0000] {processor.py:161} INFO - Started process (PID=50) to work on /opt/airflow/dags/getItemNewSpecial_dag.py
[2024-12-04T07:28:58.842+0000] {processor.py:830} INFO - Processing file /opt/airflow/dags/getItemNewSpecial_dag.py for tasks to queue
[2024-12-04T07:28:58.858+0000] {logging_mixin.py:188} INFO - [2024-12-04T07:28:58.855+0000] {dagbag.py:545} INFO - Filling up the DagBag from /opt/airflow/dags/getItemNewSpecial_dag.py
[2024-12-04T07:28:58.985+0000] {processor.py:840} INFO - DAG(s) 'getItemNewSpecial_dag' retrieved from /opt/airflow/dags/getItemNewSpecial_dag.py
[2024-12-04T07:28:59.381+0000] {logging_mixin.py:188} INFO - [2024-12-04T07:28:59.381+0000] {dag.py:3096} INFO - Sync 1 DAGs
[2024-12-04T07:28:59.425+0000] {logging_mixin.py:188} INFO - [2024-12-04T07:28:59.424+0000] {dag.py:3954} INFO - Setting next_dagrun for getItemNewSpecial_dag to 2024-12-03 00:00:00+00:00, run_after=2024-12-04 00:00:00+00:00
[2024-12-04T07:28:59.474+0000] {processor.py:183} INFO - Processing /opt/airflow/dags/getItemNewSpecial_dag.py took 0.661 seconds
[2024-12-04T07:29:30.307+0000] {processor.py:161} INFO - Started process (PID=108) to work on /opt/airflow/dags/getItemNewSpecial_dag.py
[2024-12-04T07:29:30.314+0000] {processor.py:830} INFO - Processing file /opt/airflow/dags/getItemNewSpecial_dag.py for tasks to queue
[2024-12-04T07:29:30.337+0000] {logging_mixin.py:188} INFO - [2024-12-04T07:29:30.334+0000] {dagbag.py:545} INFO - Filling up the DagBag from /opt/airflow/dags/getItemNewSpecial_dag.py
[2024-12-04T07:29:30.448+0000] {processor.py:840} INFO - DAG(s) 'getItemNewSpecial_dag' retrieved from /opt/airflow/dags/getItemNewSpecial_dag.py
[2024-12-04T07:29:30.613+0000] {logging_mixin.py:188} INFO - [2024-12-04T07:29:30.613+0000] {dag.py:3096} INFO - Sync 1 DAGs
[2024-12-04T07:29:30.742+0000] {logging_mixin.py:188} INFO - [2024-12-04T07:29:30.741+0000] {dag.py:3954} INFO - Setting next_dagrun for getItemNewSpecial_dag to 2024-12-03 00:00:00+00:00, run_after=2024-12-04 00:00:00+00:00
[2024-12-04T07:29:30.801+0000] {processor.py:183} INFO - Processing /opt/airflow/dags/getItemNewSpecial_dag.py took 0.574 seconds
[2024-12-04T07:30:01.608+0000] {processor.py:161} INFO - Started process (PID=166) to work on /opt/airflow/dags/getItemNewSpecial_dag.py
[2024-12-04T07:30:01.611+0000] {processor.py:830} INFO - Processing file /opt/airflow/dags/getItemNewSpecial_dag.py for tasks to queue
[2024-12-04T07:30:01.613+0000] {logging_mixin.py:188} INFO - [2024-12-04T07:30:01.612+0000] {dagbag.py:545} INFO - Filling up the DagBag from /opt/airflow/dags/getItemNewSpecial_dag.py
[2024-12-04T07:30:01.628+0000] {processor.py:840} INFO - DAG(s) 'getItemNewSpecial_dag' retrieved from /opt/airflow/dags/getItemNewSpecial_dag.py
[2024-12-04T07:30:01.651+0000] {logging_mixin.py:188} INFO - [2024-12-04T07:30:01.650+0000] {dag.py:3096} INFO - Sync 1 DAGs
[2024-12-04T07:30:01.667+0000] {logging_mixin.py:188} INFO - [2024-12-04T07:30:01.667+0000] {dag.py:3954} INFO - Setting next_dagrun for getItemNewSpecial_dag to 2024-12-03 00:00:00+00:00, run_after=2024-12-04 00:00:00+00:00
[2024-12-04T07:30:01.682+0000] {processor.py:183} INFO - Processing /opt/airflow/dags/getItemNewSpecial_dag.py took 0.081 seconds
[2024-12-04T07:30:32.559+0000] {processor.py:161} INFO - Started process (PID=224) to work on /opt/airflow/dags/getItemNewSpecial_dag.py
[2024-12-04T07:30:32.560+0000] {processor.py:830} INFO - Processing file /opt/airflow/dags/getItemNewSpecial_dag.py for tasks to queue
[2024-12-04T07:30:32.568+0000] {logging_mixin.py:188} INFO - [2024-12-04T07:30:32.567+0000] {dagbag.py:545} INFO - Filling up the DagBag from /opt/airflow/dags/getItemNewSpecial_dag.py
[2024-12-04T07:30:32.589+0000] {processor.py:840} INFO - DAG(s) 'getItemNewSpecial_dag' retrieved from /opt/airflow/dags/getItemNewSpecial_dag.py
[2024-12-04T07:30:32.620+0000] {logging_mixin.py:188} INFO - [2024-12-04T07:30:32.620+0000] {dag.py:3096} INFO - Sync 1 DAGs
[2024-12-04T07:30:32.640+0000] {logging_mixin.py:188} INFO - [2024-12-04T07:30:32.640+0000] {dag.py:3954} INFO - Setting next_dagrun for getItemNewSpecial_dag to 2024-12-03 00:00:00+00:00, run_after=2024-12-04 00:00:00+00:00
[2024-12-04T07:30:32.656+0000] {processor.py:183} INFO - Processing /opt/airflow/dags/getItemNewSpecial_dag.py took 0.125 seconds
[2024-12-04T07:31:02.818+0000] {processor.py:161} INFO - Started process (PID=282) to work on /opt/airflow/dags/getItemNewSpecial_dag.py
[2024-12-04T07:31:02.820+0000] {processor.py:830} INFO - Processing file /opt/airflow/dags/getItemNewSpecial_dag.py for tasks to queue
[2024-12-04T07:31:02.825+0000] {logging_mixin.py:188} INFO - [2024-12-04T07:31:02.825+0000] {dagbag.py:545} INFO - Filling up the DagBag from /opt/airflow/dags/getItemNewSpecial_dag.py
[2024-12-04T07:31:02.853+0000] {processor.py:840} INFO - DAG(s) 'getItemNewSpecial_dag' retrieved from /opt/airflow/dags/getItemNewSpecial_dag.py
[2024-12-04T07:31:02.881+0000] {logging_mixin.py:188} INFO - [2024-12-04T07:31:02.880+0000] {dag.py:3096} INFO - Sync 1 DAGs
[2024-12-04T07:31:02.896+0000] {logging_mixin.py:188} INFO - [2024-12-04T07:31:02.896+0000] {dag.py:3954} INFO - Setting next_dagrun for getItemNewSpecial_dag to 2024-12-03 00:00:00+00:00, run_after=2024-12-04 00:00:00+00:00
[2024-12-04T07:31:02.916+0000] {processor.py:183} INFO - Processing /opt/airflow/dags/getItemNewSpecial_dag.py took 0.124 seconds
[2024-12-04T07:31:33.768+0000] {processor.py:161} INFO - Started process (PID=340) to work on /opt/airflow/dags/getItemNewSpecial_dag.py
[2024-12-04T07:31:33.770+0000] {processor.py:830} INFO - Processing file /opt/airflow/dags/getItemNewSpecial_dag.py for tasks to queue
[2024-12-04T07:31:33.776+0000] {logging_mixin.py:188} INFO - [2024-12-04T07:31:33.775+0000] {dagbag.py:545} INFO - Filling up the DagBag from /opt/airflow/dags/getItemNewSpecial_dag.py
[2024-12-04T07:31:33.790+0000] {processor.py:840} INFO - DAG(s) 'getItemNewSpecial_dag' retrieved from /opt/airflow/dags/getItemNewSpecial_dag.py
[2024-12-04T07:31:33.828+0000] {logging_mixin.py:188} INFO - [2024-12-04T07:31:33.828+0000] {dag.py:3096} INFO - Sync 1 DAGs
[2024-12-04T07:31:33.844+0000] {logging_mixin.py:188} INFO - [2024-12-04T07:31:33.844+0000] {dag.py:3954} INFO - Setting next_dagrun for getItemNewSpecial_dag to 2024-12-03 00:00:00+00:00, run_after=2024-12-04 00:00:00+00:00
[2024-12-04T07:31:33.857+0000] {processor.py:183} INFO - Processing /opt/airflow/dags/getItemNewSpecial_dag.py took 0.111 seconds
[2024-12-04T07:32:04.540+0000] {processor.py:161} INFO - Started process (PID=398) to work on /opt/airflow/dags/getItemNewSpecial_dag.py
[2024-12-04T07:32:04.542+0000] {processor.py:830} INFO - Processing file /opt/airflow/dags/getItemNewSpecial_dag.py for tasks to queue
[2024-12-04T07:32:04.555+0000] {logging_mixin.py:188} INFO - [2024-12-04T07:32:04.550+0000] {dagbag.py:545} INFO - Filling up the DagBag from /opt/airflow/dags/getItemNewSpecial_dag.py
[2024-12-04T07:32:04.578+0000] {processor.py:840} INFO - DAG(s) 'getItemNewSpecial_dag' retrieved from /opt/airflow/dags/getItemNewSpecial_dag.py
[2024-12-04T07:32:04.600+0000] {logging_mixin.py:188} INFO - [2024-12-04T07:32:04.600+0000] {dag.py:3096} INFO - Sync 1 DAGs
[2024-12-04T07:32:04.619+0000] {logging_mixin.py:188} INFO - [2024-12-04T07:32:04.618+0000] {dag.py:3954} INFO - Setting next_dagrun for getItemNewSpecial_dag to 2024-12-03 00:00:00+00:00, run_after=2024-12-04 00:00:00+00:00
[2024-12-04T07:32:04.632+0000] {processor.py:183} INFO - Processing /opt/airflow/dags/getItemNewSpecial_dag.py took 0.105 seconds
[2024-12-04T07:32:35.178+0000] {processor.py:161} INFO - Started process (PID=456) to work on /opt/airflow/dags/getItemNewSpecial_dag.py
[2024-12-04T07:32:35.180+0000] {processor.py:830} INFO - Processing file /opt/airflow/dags/getItemNewSpecial_dag.py for tasks to queue
[2024-12-04T07:32:35.185+0000] {logging_mixin.py:188} INFO - [2024-12-04T07:32:35.184+0000] {dagbag.py:545} INFO - Filling up the DagBag from /opt/airflow/dags/getItemNewSpecial_dag.py
[2024-12-04T07:32:35.218+0000] {processor.py:840} INFO - DAG(s) 'getItemNewSpecial_dag' retrieved from /opt/airflow/dags/getItemNewSpecial_dag.py
[2024-12-04T07:32:35.254+0000] {logging_mixin.py:188} INFO - [2024-12-04T07:32:35.253+0000] {dag.py:3096} INFO - Sync 1 DAGs
[2024-12-04T07:32:35.277+0000] {logging_mixin.py:188} INFO - [2024-12-04T07:32:35.277+0000] {dag.py:3954} INFO - Setting next_dagrun for getItemNewSpecial_dag to 2024-12-03 00:00:00+00:00, run_after=2024-12-04 00:00:00+00:00
[2024-12-04T07:32:35.294+0000] {processor.py:183} INFO - Processing /opt/airflow/dags/getItemNewSpecial_dag.py took 0.163 seconds
